2015-10-19 07:19:29,774 INFO  [io.skysail.server.app.ApplicationList        ] - (+) Adding application 'root'
2015-10-19 07:19:29,792 INFO  [i.s.s.f.r.ConfigAdminFeatureStateRepository  ] - activating ConfigAdminFeatureStateRepository with config {USE_CREDENTIALS_CACHE_FEATURE=true, service.pid=io.skysail.server.features.repositories.ConfigAdminFeatureStateRepository, de.twenty11.skysail.server.core.restlet.SecurityFeatures.ALLOW_ORIGIN_FEATURE=true, component.name=io.skysail.server.features.repositories.ConfigAdminFeatureStateRepository, felix.fileinstall.filename=file:/Users/carsten/git/skysail-framework/skysail.server.db.it/config/io.skysail.server.features.repositories.ConfigAdminFeatureStateRepository.cfg, component.id=9}
2015-10-19 07:19:29,794 INFO  [io.skysail.server.services.ServerLoad        ] - activating ServerLoad task
2015-10-19 07:19:29,804 INFO  [io.skysail.server.services.ServerTime        ] - activating ServerTime task
2015-10-19 07:19:29,846 INFO  [io.skysail.server.app.ApplicationList        ] - (+) Adding application 'webapp'
2015-10-19 07:19:29,868 INFO  [io.skysail.server.db.DbConfigurations        ] - activating DbConfigurations with config DbConfig(name=skysailgraph, driver=, url=remote:localhost/skysaillargetest, username=admin)
2015-10-19 07:19:31,241 INFO  [i.s.s.d.versions.impl.VersionsRepository     ] - activating VersionsRepository
2015-10-19 07:19:31,292 INFO  [io.skysail.server.http.HttpServer            ] - Activating io.skysail.server.http.HttpServer
2015-10-19 07:19:31,303 INFO  [d.t.skysail.server.SkysailComponent          ] - Creating Restlet Component: de.twenty11.skysail.server.SkysailComponent
2015-10-19 07:19:31,306 INFO  [io.skysail.server.http.HttpServer            ] - configuration was provided
2015-10-19 07:19:31,306 INFO  [io.skysail.server.http.HttpServer            ] - 
2015-10-19 07:19:31,306 INFO  [io.skysail.server.http.HttpServer            ] - ====================================
2015-10-19 07:19:31,306 INFO  [io.skysail.server.http.HttpServer            ] - Starting skysail server on port 2015
2015-10-19 07:19:31,306 INFO  [io.skysail.server.http.HttpServer            ] - ====================================
2015-10-19 07:19:31,307 INFO  [io.skysail.server.http.HttpServer            ] - 
2015-10-19 07:19:31,338 INFO  [org.restlet                                  ] - Starting the internal [HTTP/1.1] server on port 2015
2015-10-19 07:19:31,344 INFO  [io.skysail.server.app.ApplicationList        ] - (+) Adding application 'plugins'
2015-10-19 07:19:31,357 INFO  [io.skysail.server.app.ApplicationList        ] - (+) Adding application 'static'
2015-10-19 07:19:31,389 INFO  [i.s.s.um.security.shiro.ShiroServices        ] - creating new SkysailAuthorizingRealm...
2015-10-19 07:19:31,399 INFO  [i.s.s.um.security.shiro.ShiroServices        ] - Setting new SkysailWebSecurityManager as Shiros SecurityManager
2015-10-19 07:19:31,433 INFO  [i.s.s.u.s.s.s.m.SkysailWebSessionManager     ] - creating new SkysailWebSessionManager
2015-10-19 07:19:31,475 INFO  [io.skysail.server.app.ApplicationList        ] - (+) Adding application 'usermanagement'
2015-10-19 07:19:31,557 INFO  [io.skysail.server.app.ApplicationList        ] - (+) Adding application 'ClipApp'
2015-10-19 07:19:31,609 INFO  [io.skysail.server.app.ApplicationList        ] - (+) Adding application 'TodoApplication'
2015-10-19 07:19:31,690 INFO  [i.s.c.testsupport.TestsupportTestBase        ] - 
2015-10-19 07:19:31,691 INFO  [i.s.c.testsupport.TestsupportTestBase        ] - --------------------------------------------
2015-10-19 07:19:31,691 INFO  [i.s.c.testsupport.TestsupportTestBase        ] -  > TEST: running test 'html_variant_creates_a_new_clip'
2015-10-19 07:19:31,691 INFO  [i.s.c.testsupport.TestsupportTestBase        ] - --------------------------------------------
2015-10-19 07:19:31,692 INFO  [i.s.c.testsupport.TestsupportTestBase        ] - 
2015-10-19 07:19:31,800 INFO  [i.s.s.r.r.PostEntityServerResource           ] - Request entry point: PostClipResource @Post('json')
2015-10-19 07:19:31,802 INFO  [i.s.s.r.r.PostEntityServerResource           ] - Request entry point: PostClipResource @Post('x-www-form-urlencoded:html|json|xml')
2015-10-19 07:19:31,804 INFO  [i.s.s.r.r.PostEntityServerResource           ] - calling post(Form), media types '[]'
2015-10-19 07:19:32,262 INFO  [io.skysail.server.db.impl.Persister          ] - setting created=Mon Oct 19 07:19:32 CEST 2015 [class java.util.Date]
2015-10-19 07:19:32,265 INFO  [io.skysail.server.db.impl.Persister          ] - setting title=1445231971799 [class java.lang.String]
2015-10-19 07:19:32,311 INFO  [i.s.c.testsupport.TestsupportTestBase        ] - 
2015-10-19 07:19:32,313 INFO  [i.s.c.testsupport.TestsupportTestBase        ] - --------------------------------------------
2015-10-19 07:19:32,317 INFO  [i.s.c.testsupport.TestsupportTestBase        ] -  > TEST: running test 'json_variant_retrieves_a_clip_by_id'
2015-10-19 07:19:32,318 INFO  [i.s.c.testsupport.TestsupportTestBase        ] - --------------------------------------------
2015-10-19 07:19:32,319 INFO  [i.s.c.testsupport.TestsupportTestBase        ] - 
2015-10-19 07:19:32,321 INFO  [i.s.s.r.r.PostEntityServerResource           ] - Request entry point: PostClipResource @Post('x-www-form-urlencoded:html|json|xml')
2015-10-19 07:19:32,323 INFO  [i.s.s.r.r.PostEntityServerResource           ] - calling post(Form), media types '[]'
2015-10-19 07:19:32,349 INFO  [io.skysail.server.db.impl.Persister          ] - setting created=Mon Oct 19 07:19:32 CEST 2015 [class java.util.Date]
2015-10-19 07:19:32,351 INFO  [io.skysail.server.db.impl.Persister          ] - setting title=1445231972321 [class java.lang.String]
2015-10-19 07:19:32,366 INFO  [i.s.c.testsupport.TestsupportTestBase        ] - 
2015-10-19 07:19:32,367 INFO  [i.s.c.testsupport.TestsupportTestBase        ] - --------------------------------------------
2015-10-19 07:19:32,367 INFO  [i.s.c.testsupport.TestsupportTestBase        ] -  > TEST: running test 'html_variant_clip_can_be_deleted_again'
2015-10-19 07:19:32,367 INFO  [i.s.c.testsupport.TestsupportTestBase        ] - --------------------------------------------
2015-10-19 07:19:32,367 INFO  [i.s.c.testsupport.TestsupportTestBase        ] - 
2015-10-19 07:19:32,368 INFO  [i.s.s.r.r.PostEntityServerResource           ] - Request entry point: PostClipResource @Post('json')
2015-10-19 07:19:32,369 INFO  [i.s.s.r.r.PostEntityServerResource           ] - Request entry point: PostClipResource @Post('x-www-form-urlencoded:html|json|xml')
2015-10-19 07:19:32,369 INFO  [i.s.s.r.r.PostEntityServerResource           ] - calling post(Form), media types '[]'
2015-10-19 07:19:32,379 INFO  [io.skysail.server.db.impl.Persister          ] - setting created=Mon Oct 19 07:19:32 CEST 2015 [class java.util.Date]
2015-10-19 07:19:32,380 INFO  [io.skysail.server.db.impl.Persister          ] - setting title=1445231972368 [class java.lang.String]
2015-10-19 07:19:32,383 INFO  [i.s.s.r.resources.EntityServerResource       ] - Request entry point: ClipResource @Delete('x-www-form-urlencoded:html|html|json')
2015-10-19 07:19:32,438 INFO  [i.s.c.testsupport.TestsupportTestBase        ] - 
2015-10-19 07:19:32,438 INFO  [i.s.c.testsupport.TestsupportTestBase        ] - --------------------------------------------
2015-10-19 07:19:32,439 INFO  [i.s.c.testsupport.TestsupportTestBase        ] -  > TEST: running test 'json_variant_creates_a_new_clip'
2015-10-19 07:19:32,439 INFO  [i.s.c.testsupport.TestsupportTestBase        ] - --------------------------------------------
2015-10-19 07:19:32,439 INFO  [i.s.c.testsupport.TestsupportTestBase        ] - 
2015-10-19 07:19:32,440 INFO  [i.s.s.r.r.PostEntityServerResource           ] - Request entry point: PostClipResource @Post('x-www-form-urlencoded:html|json|xml')
2015-10-19 07:19:32,440 INFO  [i.s.s.r.r.PostEntityServerResource           ] - calling post(Form), media types '[]'
2015-10-19 07:19:32,449 INFO  [io.skysail.server.db.impl.Persister          ] - setting created=Mon Oct 19 07:19:32 CEST 2015 [class java.util.Date]
2015-10-19 07:19:32,451 INFO  [io.skysail.server.db.impl.Persister          ] - setting title=1445231972440 [class java.lang.String]
2015-10-19 07:19:32,455 INFO  [i.s.c.testsupport.TestsupportTestBase        ] - 
2015-10-19 07:19:32,455 INFO  [i.s.c.testsupport.TestsupportTestBase        ] - --------------------------------------------
2015-10-19 07:19:32,456 INFO  [i.s.c.testsupport.TestsupportTestBase        ] -  > TEST: running test 'json_variant_retrieves_the_list_of_clips'
2015-10-19 07:19:32,456 INFO  [i.s.c.testsupport.TestsupportTestBase        ] - --------------------------------------------
2015-10-19 07:19:32,456 INFO  [i.s.c.testsupport.TestsupportTestBase        ] - 
2015-10-19 07:19:32,457 INFO  [i.s.s.r.r.PostEntityServerResource           ] - Request entry point: PostClipResource @Post('json')
2015-10-19 07:19:32,457 INFO  [i.s.s.r.r.PostEntityServerResource           ] - Request entry point: PostClipResource @Post('x-www-form-urlencoded:html|json|xml')
2015-10-19 07:19:32,457 INFO  [i.s.s.r.r.PostEntityServerResource           ] - calling post(Form), media types '[]'
2015-10-19 07:19:32,468 INFO  [io.skysail.server.db.impl.Persister          ] - setting created=Mon Oct 19 07:19:32 CEST 2015 [class java.util.Date]
2015-10-19 07:19:32,469 INFO  [io.skysail.server.db.impl.Persister          ] - setting title=1445231972457 [class java.lang.String]
2015-10-19 07:19:32,471 INFO  [i.s.s.r.r.PostEntityServerResource           ] - Request entry point: PostClipResource @Post('json')
2015-10-19 07:19:32,472 INFO  [i.s.s.r.r.PostEntityServerResource           ] - Request entry point: PostClipResource @Post('x-www-form-urlencoded:html|json|xml')
2015-10-19 07:19:32,472 INFO  [i.s.s.r.r.PostEntityServerResource           ] - calling post(Form), media types '[]'
2015-10-19 07:19:32,480 INFO  [io.skysail.server.db.impl.Persister          ] - setting created=Mon Oct 19 07:19:32 CEST 2015 [class java.util.Date]
2015-10-19 07:19:32,481 INFO  [io.skysail.server.db.impl.Persister          ] - setting title=1445231972457 [class java.lang.String]
2015-10-19 07:19:32,484 INFO  [i.s.s.r.resources.ListServerResource         ] - Request entry point: ClipsResource @Get('html|json|yaml|xml') with variant [application/json]
2015-10-19 07:19:32,509 INFO  [i.s.c.testsupport.TestsupportTestBase        ] - 
2015-10-19 07:19:32,509 INFO  [i.s.c.testsupport.TestsupportTestBase        ] - --------------------------------------------
2015-10-19 07:19:32,510 INFO  [i.s.c.testsupport.TestsupportTestBase        ] -  > TEST: running test 'html_variant_retrieves_a_clip_by_id'
2015-10-19 07:19:32,510 INFO  [i.s.c.testsupport.TestsupportTestBase        ] - --------------------------------------------
2015-10-19 07:19:32,510 INFO  [i.s.c.testsupport.TestsupportTestBase        ] - 
2015-10-19 07:19:32,511 INFO  [i.s.s.r.r.PostEntityServerResource           ] - Request entry point: PostClipResource @Post('json')
2015-10-19 07:19:32,511 INFO  [i.s.s.r.r.PostEntityServerResource           ] - Request entry point: PostClipResource @Post('x-www-form-urlencoded:html|json|xml')
2015-10-19 07:19:32,511 INFO  [i.s.s.r.r.PostEntityServerResource           ] - calling post(Form), media types '[]'
2015-10-19 07:19:32,518 INFO  [io.skysail.server.db.impl.Persister          ] - setting created=Mon Oct 19 07:19:32 CEST 2015 [class java.util.Date]
2015-10-19 07:19:32,519 INFO  [io.skysail.server.db.impl.Persister          ] - setting title=1445231972510 [class java.lang.String]
2015-10-19 07:19:32,523 INFO  [i.s.c.testsupport.TestsupportTestBase        ] - 
2015-10-19 07:19:32,524 INFO  [i.s.c.testsupport.TestsupportTestBase        ] - --------------------------------------------
2015-10-19 07:19:32,524 INFO  [i.s.c.testsupport.TestsupportTestBase        ] -  > TEST: running test 'html_variant_retrieves_the_list_of_clips'
2015-10-19 07:19:32,525 INFO  [i.s.c.testsupport.TestsupportTestBase        ] - --------------------------------------------
2015-10-19 07:19:32,525 INFO  [i.s.c.testsupport.TestsupportTestBase        ] - 
2015-10-19 07:19:32,526 INFO  [i.s.s.r.r.PostEntityServerResource           ] - Request entry point: PostClipResource @Post('json')
2015-10-19 07:19:32,526 INFO  [i.s.s.r.r.PostEntityServerResource           ] - Request entry point: PostClipResource @Post('x-www-form-urlencoded:html|json|xml')
2015-10-19 07:19:32,527 INFO  [i.s.s.r.r.PostEntityServerResource           ] - calling post(Form), media types '[]'
2015-10-19 07:19:32,533 INFO  [io.skysail.server.db.impl.Persister          ] - setting created=Mon Oct 19 07:19:32 CEST 2015 [class java.util.Date]
2015-10-19 07:19:32,534 INFO  [io.skysail.server.db.impl.Persister          ] - setting title=1445231972526 [class java.lang.String]
2015-10-19 07:19:32,536 INFO  [i.s.s.r.r.PostEntityServerResource           ] - Request entry point: PostClipResource @Post('json')
2015-10-19 07:19:32,537 INFO  [i.s.s.r.r.PostEntityServerResource           ] - Request entry point: PostClipResource @Post('x-www-form-urlencoded:html|json|xml')
2015-10-19 07:19:32,537 INFO  [i.s.s.r.r.PostEntityServerResource           ] - calling post(Form), media types '[]'
2015-10-19 07:19:32,542 INFO  [io.skysail.server.db.impl.Persister          ] - setting created=Mon Oct 19 07:19:32 CEST 2015 [class java.util.Date]
2015-10-19 07:19:32,543 INFO  [io.skysail.server.db.impl.Persister          ] - setting title=1445231972526 [class java.lang.String]
2015-10-19 07:19:32,544 INFO  [i.s.s.r.resources.ListServerResource         ] - Request entry point: ClipsResource @Get('html|json|yaml|xml') with variant [text/html]
2015-10-19 07:19:32,554 INFO  [i.s.c.testsupport.TestsupportTestBase        ] - 
2015-10-19 07:19:32,555 INFO  [i.s.c.testsupport.TestsupportTestBase        ] - --------------------------------------------
2015-10-19 07:19:32,555 INFO  [i.s.c.testsupport.TestsupportTestBase        ] -  > TEST: running test 'html_variant_clip_can_be_updated'
2015-10-19 07:19:32,555 INFO  [i.s.c.testsupport.TestsupportTestBase        ] - --------------------------------------------
2015-10-19 07:19:32,555 INFO  [i.s.c.testsupport.TestsupportTestBase        ] - 
2015-10-19 07:19:32,555 INFO  [i.s.s.r.r.PostEntityServerResource           ] - Request entry point: PostClipResource @Post('json')
2015-10-19 07:19:32,556 INFO  [i.s.s.r.r.PostEntityServerResource           ] - Request entry point: PostClipResource @Post('x-www-form-urlencoded:html|json|xml')
2015-10-19 07:19:32,556 INFO  [i.s.s.r.r.PostEntityServerResource           ] - calling post(Form), media types '[]'
2015-10-19 07:19:32,561 INFO  [io.skysail.server.db.impl.Persister          ] - setting created=Mon Oct 19 07:19:32 CEST 2015 [class java.util.Date]
2015-10-19 07:19:32,562 INFO  [io.skysail.server.db.impl.Persister          ] - setting title=1445231972555 [class java.lang.String]
2015-10-19 07:19:32,564 INFO  [i.s.s.r.r.PutEntityServerResource            ] - Request entry point: PutClipResource @Put('json')
2015-10-19 07:19:32,574 INFO  [io.skysail.server.db.impl.Updater            ] - setting created=Mon Oct 19 07:19:32 CEST 2015 [class java.util.Date]
2015-10-19 07:19:32,575 INFO  [io.skysail.server.db.impl.Updater            ] - setting modified=Mon Oct 19 07:19:32 CEST 2015 [class java.util.Date]
2015-10-19 07:19:32,575 INFO  [io.skysail.server.db.impl.Updater            ] - setting title=changed [class java.lang.String]
2015-10-19 07:19:32,580 INFO  [i.s.c.testsupport.TestsupportTestBase        ] - 
2015-10-19 07:19:32,580 INFO  [i.s.c.testsupport.TestsupportTestBase        ] - --------------------------------------------
2015-10-19 07:19:32,580 INFO  [i.s.c.testsupport.TestsupportTestBase        ] -  > TEST: running test 'json_variant_clip_can_be_deleted_again'
2015-10-19 07:19:32,580 INFO  [i.s.c.testsupport.TestsupportTestBase        ] - --------------------------------------------
2015-10-19 07:19:32,581 INFO  [i.s.c.testsupport.TestsupportTestBase        ] - 
2015-10-19 07:19:32,581 INFO  [i.s.s.r.r.PostEntityServerResource           ] - Request entry point: PostClipResource @Post('json')
2015-10-19 07:19:32,581 INFO  [i.s.s.r.r.PostEntityServerResource           ] - Request entry point: PostClipResource @Post('x-www-form-urlencoded:html|json|xml')
2015-10-19 07:19:32,581 INFO  [i.s.s.r.r.PostEntityServerResource           ] - calling post(Form), media types '[]'
2015-10-19 07:19:32,586 INFO  [io.skysail.server.db.impl.Persister          ] - setting created=Mon Oct 19 07:19:32 CEST 2015 [class java.util.Date]
2015-10-19 07:19:32,587 INFO  [io.skysail.server.db.impl.Persister          ] - setting title=1445231972581 [class java.lang.String]
2015-10-19 07:19:32,588 INFO  [i.s.s.r.resources.EntityServerResource       ] - Request entry point: ClipResource @Delete('x-www-form-urlencoded:html|html|json')
2015-10-19 07:19:32,595 INFO  [i.s.c.testsupport.TestsupportTestBase        ] - 
2015-10-19 07:19:32,595 INFO  [i.s.c.testsupport.TestsupportTestBase        ] - --------------------------------------------
2015-10-19 07:19:32,595 INFO  [i.s.c.testsupport.TestsupportTestBase        ] -  > TEST: running test 'json_variant_clip_can_be_updated'
2015-10-19 07:19:32,596 INFO  [i.s.c.testsupport.TestsupportTestBase        ] - --------------------------------------------
2015-10-19 07:19:32,596 INFO  [i.s.c.testsupport.TestsupportTestBase        ] - 
2015-10-19 07:19:32,596 INFO  [i.s.s.r.r.PostEntityServerResource           ] - Request entry point: PostClipResource @Post('json')
2015-10-19 07:19:32,596 INFO  [i.s.s.r.r.PostEntityServerResource           ] - Request entry point: PostClipResource @Post('x-www-form-urlencoded:html|json|xml')
2015-10-19 07:19:32,596 INFO  [i.s.s.r.r.PostEntityServerResource           ] - calling post(Form), media types '[]'
2015-10-19 07:19:32,602 INFO  [io.skysail.server.db.impl.Persister          ] - setting created=Mon Oct 19 07:19:32 CEST 2015 [class java.util.Date]
2015-10-19 07:19:32,602 INFO  [io.skysail.server.db.impl.Persister          ] - setting title=1445231972596 [class java.lang.String]
2015-10-19 07:19:32,604 INFO  [i.s.s.r.r.PutEntityServerResource            ] - Request entry point: PutClipResource @Put('json')
2015-10-19 07:19:32,614 INFO  [io.skysail.server.db.impl.Updater            ] - setting created=Mon Oct 19 07:19:32 CEST 2015 [class java.util.Date]
2015-10-19 07:19:32,615 INFO  [io.skysail.server.db.impl.Updater            ] - setting modified=Mon Oct 19 07:19:32 CEST 2015 [class java.util.Date]
2015-10-19 07:19:32,615 INFO  [io.skysail.server.db.impl.Updater            ] - setting title=changed [class java.lang.String]
2015-10-19 07:19:32,619 INFO  [i.s.c.testsupport.TestsupportTestBase        ] - 
2015-10-19 07:19:32,620 INFO  [i.s.c.testsupport.TestsupportTestBase        ] - --------------------------------------------
2015-10-19 07:19:32,620 INFO  [i.s.c.testsupport.TestsupportTestBase        ] -  > TEST: running test 'html_variant_todo_can_be_deleted_again'
2015-10-19 07:19:32,620 INFO  [i.s.c.testsupport.TestsupportTestBase        ] - --------------------------------------------
2015-10-19 07:19:32,621 INFO  [i.s.c.testsupport.TestsupportTestBase        ] - 
2015-10-19 07:19:32,745 INFO  [i.s.s.r.r.PostEntityServerResource           ] - Request entry point: PostTodoResource @Post('json')
2015-10-19 07:19:32,745 INFO  [i.s.s.r.r.PostEntityServerResource           ] - Request entry point: PostTodoResource @Post('x-www-form-urlencoded:html|json|xml')
2015-10-19 07:19:32,746 INFO  [i.s.s.r.r.PostEntityServerResource           ] - calling post(Form), media types '[]'
2015-10-19 07:19:32,761 INFO  [io.skysail.server.db.impl.Persister          ] - setting comment=Comment #1 [class java.lang.String]
2015-10-19 07:19:32,767 INFO  [io.skysail.server.db.impl.Persister          ] - setting created=Mon Oct 19 07:19:32 CEST 2015 [class java.util.Date]
2015-10-19 07:19:32,767 INFO  [io.skysail.server.db.impl.Persister          ] - setting title=1445231972622 [class java.lang.String]
2015-10-19 07:19:32,782 INFO  [i.s.s.r.resources.EntityServerResource       ] - Request entry point: TodoResource @Delete('x-www-form-urlencoded:html|html|json')
2015-10-19 07:19:32,790 INFO  [i.s.c.testsupport.TestsupportTestBase        ] - 
2015-10-19 07:19:32,790 INFO  [i.s.c.testsupport.TestsupportTestBase        ] - --------------------------------------------
2015-10-19 07:19:32,790 INFO  [i.s.c.testsupport.TestsupportTestBase        ] -  > TEST: running test 'html_variant_todo_can_be_updated'
2015-10-19 07:19:32,790 INFO  [i.s.c.testsupport.TestsupportTestBase        ] - --------------------------------------------
2015-10-19 07:19:32,790 INFO  [i.s.c.testsupport.TestsupportTestBase        ] - 
2015-10-19 07:19:32,791 INFO  [i.s.s.r.r.PostEntityServerResource           ] - Request entry point: PostTodoResource @Post('json')
2015-10-19 07:19:32,792 INFO  [i.s.s.r.r.PostEntityServerResource           ] - Request entry point: PostTodoResource @Post('x-www-form-urlencoded:html|json|xml')
2015-10-19 07:19:32,792 INFO  [i.s.s.r.r.PostEntityServerResource           ] - calling post(Form), media types '[]'
2015-10-19 07:19:32,797 INFO  [io.skysail.server.db.impl.Persister          ] - setting comment=Comment #4 [class java.lang.String]
2015-10-19 07:19:32,798 INFO  [io.skysail.server.db.impl.Persister          ] - setting created=Mon Oct 19 07:19:32 CEST 2015 [class java.util.Date]
2015-10-19 07:19:32,798 INFO  [io.skysail.server.db.impl.Persister          ] - setting title=1445231972791 [class java.lang.String]
2015-10-19 07:19:32,807 INFO  [i.s.s.r.r.PutEntityServerResource            ] - Request entry point: PutTodoResource @Put('json')
2015-10-19 07:19:32,835 INFO  [io.skysail.server.db.impl.Updater            ] - setting comment=a changed comment, too [class java.lang.String]
2015-10-19 07:19:32,836 INFO  [io.skysail.server.db.impl.Updater            ] - setting created=Mon Oct 19 07:19:32 CEST 2015 [class java.util.Date]
2015-10-19 07:19:32,836 INFO  [io.skysail.server.db.impl.Updater            ] - setting modified=Mon Oct 19 07:19:32 CEST 2015 [class java.util.Date]
2015-10-19 07:19:32,836 INFO  [io.skysail.server.db.impl.Updater            ] - setting title=changed [class java.lang.String]
2015-10-19 07:19:32,847 INFO  [i.s.c.testsupport.TestsupportTestBase        ] - 
2015-10-19 07:19:32,847 INFO  [i.s.c.testsupport.TestsupportTestBase        ] - --------------------------------------------
2015-10-19 07:19:32,847 INFO  [i.s.c.testsupport.TestsupportTestBase        ] -  > TEST: running test 'html_variant_creates_a_new_todo_with_comment'
2015-10-19 07:19:32,847 INFO  [i.s.c.testsupport.TestsupportTestBase        ] - --------------------------------------------
2015-10-19 07:19:32,848 INFO  [i.s.c.testsupport.TestsupportTestBase        ] - 
2015-10-19 07:19:32,848 INFO  [i.s.s.r.r.PostEntityServerResource           ] - Request entry point: PostTodoResource @Post('json')
2015-10-19 07:19:32,848 INFO  [i.s.s.r.r.PostEntityServerResource           ] - Request entry point: PostTodoResource @Post('x-www-form-urlencoded:html|json|xml')
2015-10-19 07:19:32,848 INFO  [i.s.s.r.r.PostEntityServerResource           ] - calling post(Form), media types '[]'
2015-10-19 07:19:32,854 INFO  [io.skysail.server.db.impl.Persister          ] - setting comment=Comment #10 [class java.lang.String]
2015-10-19 07:19:32,854 INFO  [io.skysail.server.db.impl.Persister          ] - setting created=Mon Oct 19 07:19:32 CEST 2015 [class java.util.Date]
2015-10-19 07:19:32,854 INFO  [io.skysail.server.db.impl.Persister          ] - setting title=1445231972848 [class java.lang.String]
2015-10-19 07:19:32,858 INFO  [i.s.c.testsupport.TestsupportTestBase        ] - 
2015-10-19 07:19:32,858 INFO  [i.s.c.testsupport.TestsupportTestBase        ] - --------------------------------------------
2015-10-19 07:19:32,858 INFO  [i.s.c.testsupport.TestsupportTestBase        ] -  > TEST: running test 'html_variant_creates_a_new_with_two_comments'
2015-10-19 07:19:32,858 INFO  [i.s.c.testsupport.TestsupportTestBase        ] - --------------------------------------------
2015-10-19 07:19:32,858 INFO  [i.s.c.testsupport.TestsupportTestBase        ] - 
2015-10-19 07:19:32,859 INFO  [i.s.s.r.r.PostEntityServerResource           ] - Request entry point: PostTodoResource @Post('json')
2015-10-19 07:19:32,859 INFO  [i.s.s.r.r.PostEntityServerResource           ] - Request entry point: PostTodoResource @Post('x-www-form-urlencoded:html|json|xml')
2015-10-19 07:19:32,859 INFO  [i.s.s.r.r.PostEntityServerResource           ] - calling post(Form), media types '[]'
2015-10-19 07:19:32,865 INFO  [io.skysail.server.db.impl.Persister          ] - setting comment=Comment #12 [class java.lang.String]
2015-10-19 07:19:32,866 INFO  [io.skysail.server.db.impl.Persister          ] - setting comment=Comment #13 [class java.lang.String]
2015-10-19 07:19:32,866 INFO  [io.skysail.server.db.impl.Persister          ] - setting created=Mon Oct 19 07:19:32 CEST 2015 [class java.util.Date]
2015-10-19 07:19:32,867 INFO  [io.skysail.server.db.impl.Persister          ] - setting title=1445231972859 [class java.lang.String]
2015-10-19 07:19:32,871 INFO  [i.s.c.testsupport.TestsupportTestBase        ] - 
2015-10-19 07:19:32,871 INFO  [i.s.c.testsupport.TestsupportTestBase        ] - --------------------------------------------
2015-10-19 07:19:32,871 INFO  [i.s.c.testsupport.TestsupportTestBase        ] -  > TEST: running test 'html_variant_retrieves_a_Todo_without_comment_by_id'
2015-10-19 07:19:32,871 INFO  [i.s.c.testsupport.TestsupportTestBase        ] - --------------------------------------------
2015-10-19 07:19:32,871 INFO  [i.s.c.testsupport.TestsupportTestBase        ] - 
2015-10-19 07:19:32,872 INFO  [i.s.s.r.r.PostEntityServerResource           ] - Request entry point: PostTodoResource @Post('json')
2015-10-19 07:19:32,872 INFO  [i.s.s.r.r.PostEntityServerResource           ] - Request entry point: PostTodoResource @Post('x-www-form-urlencoded:html|json|xml')
2015-10-19 07:19:32,872 INFO  [i.s.s.r.r.PostEntityServerResource           ] - calling post(Form), media types '[]'
2015-10-19 07:19:32,878 INFO  [io.skysail.server.db.impl.Persister          ] - setting created=Mon Oct 19 07:19:32 CEST 2015 [class java.util.Date]
2015-10-19 07:19:32,879 INFO  [io.skysail.server.db.impl.Persister          ] - setting title=1445231972872 [class java.lang.String]
2015-10-19 07:19:32,883 INFO  [i.s.c.testsupport.TestsupportTestBase        ] - 
2015-10-19 07:19:32,883 INFO  [i.s.c.testsupport.TestsupportTestBase        ] - --------------------------------------------
2015-10-19 07:19:32,883 INFO  [i.s.c.testsupport.TestsupportTestBase        ] -  > TEST: running test 'html_variant_retrieves_the_list_of_Todos'
2015-10-19 07:19:32,883 INFO  [i.s.c.testsupport.TestsupportTestBase        ] - --------------------------------------------
2015-10-19 07:19:32,883 INFO  [i.s.c.testsupport.TestsupportTestBase        ] - 
2015-10-19 07:19:32,884 INFO  [i.s.s.r.r.PostEntityServerResource           ] - Request entry point: PostTodoResource @Post('json')
2015-10-19 07:19:32,884 INFO  [i.s.s.r.r.PostEntityServerResource           ] - Request entry point: PostTodoResource @Post('x-www-form-urlencoded:html|json|xml')
2015-10-19 07:19:32,884 INFO  [i.s.s.r.r.PostEntityServerResource           ] - calling post(Form), media types '[]'
2015-10-19 07:19:32,890 INFO  [io.skysail.server.db.impl.Persister          ] - setting comment=Comment #15 [class java.lang.String]
2015-10-19 07:19:32,890 INFO  [io.skysail.server.db.impl.Persister          ] - setting created=Mon Oct 19 07:19:32 CEST 2015 [class java.util.Date]
2015-10-19 07:19:32,890 INFO  [io.skysail.server.db.impl.Persister          ] - setting title=1445231972884 [class java.lang.String]
2015-10-19 07:19:32,903 INFO  [i.s.s.r.r.PostEntityServerResource           ] - Request entry point: PostTodoResource @Post('json')
2015-10-19 07:19:32,903 INFO  [i.s.s.r.r.PostEntityServerResource           ] - Request entry point: PostTodoResource @Post('x-www-form-urlencoded:html|json|xml')
2015-10-19 07:19:32,903 INFO  [i.s.s.r.r.PostEntityServerResource           ] - calling post(Form), media types '[]'
2015-10-19 07:19:32,909 INFO  [io.skysail.server.db.impl.Persister          ] - setting comment=Comment #15 [class java.lang.String]
2015-10-19 07:19:32,910 INFO  [io.skysail.server.db.impl.Persister          ] - setting created=Mon Oct 19 07:19:32 CEST 2015 [class java.util.Date]
2015-10-19 07:19:32,911 INFO  [io.skysail.server.db.impl.Persister          ] - setting title=1445231972884 [class java.lang.String]
2015-10-19 07:19:32,913 INFO  [i.s.s.r.resources.ListServerResource         ] - Request entry point: TodosResource @Get('html|json|yaml|xml') with variant [text/html]
2015-10-19 07:19:32,981 INFO  [i.s.c.testsupport.TestsupportTestBase        ] - 
2015-10-19 07:19:32,981 INFO  [i.s.c.testsupport.TestsupportTestBase        ] - --------------------------------------------
2015-10-19 07:19:32,981 INFO  [i.s.c.testsupport.TestsupportTestBase        ] -  > TEST: running test 'html_variant_retrieves_a_Todo_with_two_comments_by_id'
2015-10-19 07:19:32,981 INFO  [i.s.c.testsupport.TestsupportTestBase        ] - --------------------------------------------
2015-10-19 07:19:32,981 INFO  [i.s.c.testsupport.TestsupportTestBase        ] - 
2015-10-19 07:19:32,982 INFO  [i.s.s.r.r.PostEntityServerResource           ] - Request entry point: PostTodoResource @Post('json')
2015-10-19 07:19:32,982 INFO  [i.s.s.r.r.PostEntityServerResource           ] - Request entry point: PostTodoResource @Post('x-www-form-urlencoded:html|json|xml')
2015-10-19 07:19:32,982 INFO  [i.s.s.r.r.PostEntityServerResource           ] - calling post(Form), media types '[]'
2015-10-19 07:19:32,989 INFO  [io.skysail.server.db.impl.Persister          ] - setting comment=Comment #24 [class java.lang.String]
2015-10-19 07:19:32,989 INFO  [io.skysail.server.db.impl.Persister          ] - setting comment=Comment #25 [class java.lang.String]
2015-10-19 07:19:32,990 INFO  [io.skysail.server.db.impl.Persister          ] - setting created=Mon Oct 19 07:19:32 CEST 2015 [class java.util.Date]
2015-10-19 07:19:32,990 INFO  [io.skysail.server.db.impl.Persister          ] - setting title=1445231972982 [class java.lang.String]
2015-10-19 07:19:33,008 INFO  [i.s.c.testsupport.TestsupportTestBase        ] - 
2015-10-19 07:19:33,009 INFO  [i.s.c.testsupport.TestsupportTestBase        ] - --------------------------------------------
2015-10-19 07:19:33,009 INFO  [i.s.c.testsupport.TestsupportTestBase        ] -  > TEST: running test 'html_variant_retrieves_a_Todo_by_id'
2015-10-19 07:19:33,009 INFO  [i.s.c.testsupport.TestsupportTestBase        ] - --------------------------------------------
2015-10-19 07:19:33,009 INFO  [i.s.c.testsupport.TestsupportTestBase        ] - 
2015-10-19 07:19:33,009 INFO  [i.s.s.r.r.PostEntityServerResource           ] - Request entry point: PostTodoResource @Post('json')
2015-10-19 07:19:33,010 INFO  [i.s.s.r.r.PostEntityServerResource           ] - Request entry point: PostTodoResource @Post('x-www-form-urlencoded:html|json|xml')
2015-10-19 07:19:33,010 INFO  [i.s.s.r.r.PostEntityServerResource           ] - calling post(Form), media types '[]'
2015-10-19 07:19:33,015 INFO  [io.skysail.server.db.impl.Persister          ] - setting comment=Comment #28 [class java.lang.String]
2015-10-19 07:19:33,016 INFO  [io.skysail.server.db.impl.Persister          ] - setting created=Mon Oct 19 07:19:33 CEST 2015 [class java.util.Date]
2015-10-19 07:19:33,016 INFO  [io.skysail.server.db.impl.Persister          ] - setting title=1445231973009 [class java.lang.String]
2015-10-19 07:19:33,027 INFO  [i.s.c.testsupport.TestsupportTestBase        ] - 
2015-10-19 07:19:33,028 INFO  [i.s.c.testsupport.TestsupportTestBase        ] - --------------------------------------------
2015-10-19 07:19:33,028 INFO  [i.s.c.testsupport.TestsupportTestBase        ] -  > TEST: running test 'html_variant_creates_a_new_todo_without_comment'
2015-10-19 07:19:33,029 INFO  [i.s.c.testsupport.TestsupportTestBase        ] - --------------------------------------------
2015-10-19 07:19:33,029 INFO  [i.s.c.testsupport.TestsupportTestBase        ] - 
2015-10-19 07:19:33,030 INFO  [i.s.s.r.r.PostEntityServerResource           ] - Request entry point: PostTodoResource @Post('json')
2015-10-19 07:19:33,032 INFO  [i.s.s.r.r.PostEntityServerResource           ] - Request entry point: PostTodoResource @Post('x-www-form-urlencoded:html|json|xml')
2015-10-19 07:19:33,034 INFO  [i.s.s.r.r.PostEntityServerResource           ] - calling post(Form), media types '[]'
2015-10-19 07:19:33,042 INFO  [io.skysail.server.db.impl.Persister          ] - setting created=Mon Oct 19 07:19:33 CEST 2015 [class java.util.Date]
2015-10-19 07:19:33,042 INFO  [io.skysail.server.db.impl.Persister          ] - setting title=1445231973030 [class java.lang.String]
