2015-10-17 13:09:33,616 ERROR [i.s.s.r.f.h.ExceptionCatchingFilterHelper    ] - null
java.lang.NullPointerException: null
	at org.restlet.data.Reference.getParentRef(Reference.java:1320) ~[org.restlet.jar:na]
	at io.skysail.server.restlet.resources.PutEntityServerResource.getLinks(PutEntityServerResource.java:232) [skysail.server.jar:na]
	at io.skysail.server.restlet.resources.SkysailServerResource.getAuthorizedLinks(SkysailServerResource.java:268) ~[skysail.server.jar:na]
	at io.skysail.server.restlet.filter.AddLinkheadersFilter.afterHandle(AddLinkheadersFilter.java:26) ~[skysail.server.jar:na]
	at io.skysail.server.restlet.filter.AbstractResourceFilter.handleMe(AbstractResourceFilter.java:106) [skysail.server.jar:na]
	at io.skysail.server.restlet.filter.AbstractResourceFilter.doHandle(AbstractResourceFilter.java:83) [skysail.server.jar:na]
	at io.skysail.server.restlet.filter.EntityWasAddedFilter.doHandle(EntityWasAddedFilter.java:29) ~[skysail.server.jar:na]
	at io.skysail.server.restlet.filter.AbstractResourceFilter.handleMe(AbstractResourceFilter.java:104) [skysail.server.jar:na]
	at io.skysail.server.restlet.filter.AbstractResourceFilter.doHandle(AbstractResourceFilter.java:83) [skysail.server.jar:na]
	at io.skysail.server.restlet.filter.UpdateEntityFilter.doHandle(UpdateEntityFilter.java:23) ~[skysail.server.jar:na]
	at io.skysail.server.restlet.filter.UpdateEntityFilter.doHandle(UpdateEntityFilter.java:1) ~[skysail.server.jar:na]
	at io.skysail.server.restlet.filter.AbstractResourceFilter.handleMe(AbstractResourceFilter.java:104) [skysail.server.jar:na]
	at io.skysail.server.restlet.filter.AbstractResourceFilter.doHandle(AbstractResourceFilter.java:83) [skysail.server.jar:na]
	at io.skysail.server.restlet.filter.OptionalEncryptionFilter.doHandle(OptionalEncryptionFilter.java:27) ~[skysail.server.jar:na]
	at io.skysail.server.restlet.filter.AbstractResourceFilter.handleMe(AbstractResourceFilter.java:104) [skysail.server.jar:na]
	at io.skysail.server.restlet.filter.AbstractResourceFilter.doHandle(AbstractResourceFilter.java:83) [skysail.server.jar:na]
	at io.skysail.server.restlet.filter.CheckBusinessViolationsFilter.doHandle(CheckBusinessViolationsFilter.java:58) ~[skysail.server.jar:na]
	at io.skysail.server.restlet.filter.AbstractResourceFilter.handleMe(AbstractResourceFilter.java:104) [skysail.server.jar:na]
	at io.skysail.server.restlet.filter.AbstractResourceFilter.doHandle(AbstractResourceFilter.java:83) [skysail.server.jar:na]
	at io.skysail.server.restlet.filter.FormDataExtractingFilter.doHandle(FormDataExtractingFilter.java:33) ~[skysail.server.jar:na]
	at io.skysail.server.restlet.filter.AbstractResourceFilter.handleMe(AbstractResourceFilter.java:104) [skysail.server.jar:na]
	at io.skysail.server.restlet.filter.AbstractResourceFilter.doHandle(AbstractResourceFilter.java:83) [skysail.server.jar:na]
	at io.skysail.server.restlet.filter.CheckInvalidInputFilter.doHandle(CheckInvalidInputFilter.java:45) ~[skysail.server.jar:na]
	at io.skysail.server.restlet.filter.AbstractResourceFilter.handleMe(AbstractResourceFilter.java:104) [skysail.server.jar:na]
	at io.skysail.server.restlet.filter.AbstractResourceFilter.doHandle(AbstractResourceFilter.java:83) [skysail.server.jar:na]
	at io.skysail.server.restlet.filter.AbstractResourceFilter.handleMe(AbstractResourceFilter.java:104) [skysail.server.jar:na]
	at io.skysail.server.restlet.filter.AbstractResourceFilter.doHandle(AbstractResourceFilter.java:83) [skysail.server.jar:na]
	at io.skysail.server.restlet.filter.ExceptionCatchingFilter.doHandle(ExceptionCatchingFilter.java:27) ~[skysail.server.jar:na]
	at io.skysail.server.restlet.filter.AbstractResourceFilter.handleMe(AbstractResourceFilter.java:104) [skysail.server.jar:na]
	at io.skysail.server.restlet.filter.AbstractResourceFilter.handle(AbstractResourceFilter.java:44) [skysail.server.jar:na]
	at io.skysail.server.restlet.resources.PutEntityServerResource.putEntity(PutEntityServerResource.java:149) [skysail.server.jar:na]
	at io.skysail.server.db.it.ClipDbTests.clip_can_be_updated(ClipDbTests.java:74) [skysail.server.db.it.jar:na]
	at sun.reflect.NativeMethodAccessorImpl.invoke0(Native Method) ~[na:1.8.0_20]
	at sun.reflect.NativeMethodAccessorImpl.invoke(NativeMethodAccessorImpl.java:62) ~[na:1.8.0_20]
	at sun.reflect.DelegatingMethodAccessorImpl.invoke(DelegatingMethodAccessorImpl.java:43) ~[na:1.8.0_20]
	at java.lang.reflect.Method.invoke(Method.java:483) ~[na:1.8.0_20]
	at org.junit.runners.model.FrameworkMethod$1.runReflectiveCall(FrameworkMethod.java:47) [biz.aQute.junit-latest.jar:na]
	at org.junit.internal.runners.model.ReflectiveCallable.run(ReflectiveCallable.java:12) [biz.aQute.junit-latest.jar:na]
	at org.junit.runners.model.FrameworkMethod.invokeExplosively(FrameworkMethod.java:44) [biz.aQute.junit-latest.jar:na]
	at org.junit.internal.runners.statements.InvokeMethod.evaluate(InvokeMethod.java:17) [biz.aQute.junit-latest.jar:na]
	at org.junit.internal.runners.statements.RunBefores.evaluate(RunBefores.java:26) [biz.aQute.junit-latest.jar:na]
	at org.junit.rules.ExpectedException$ExpectedExceptionStatement.evaluate(ExpectedException.java:168) [biz.aQute.junit-latest.jar:na]
	at org.junit.rules.TestWatcher$1.evaluate(TestWatcher.java:55) [biz.aQute.junit-latest.jar:na]
	at org.junit.rules.RunRules.evaluate(RunRules.java:20) [biz.aQute.junit-latest.jar:na]
	at org.junit.runners.ParentRunner.runLeaf(ParentRunner.java:271) [biz.aQute.junit-latest.jar:na]
	at org.junit.runners.BlockJUnit4ClassRunner.runChild(BlockJUnit4ClassRunner.java:70) [biz.aQute.junit-latest.jar:na]
	at org.junit.runners.BlockJUnit4ClassRunner.runChild(BlockJUnit4ClassRunner.java:50) [biz.aQute.junit-latest.jar:na]
	at org.junit.runners.ParentRunner$3.run(ParentRunner.java:238) [biz.aQute.junit-latest.jar:na]
	at org.junit.runners.ParentRunner$1.schedule(ParentRunner.java:63) [biz.aQute.junit-latest.jar:na]
	at org.junit.runners.ParentRunner.runChildren(ParentRunner.java:236) [biz.aQute.junit-latest.jar:na]
	at org.junit.runners.ParentRunner.access$000(ParentRunner.java:53) [biz.aQute.junit-latest.jar:na]
	at org.junit.runners.ParentRunner$2.evaluate(ParentRunner.java:229) [biz.aQute.junit-latest.jar:na]
	at org.junit.internal.runners.statements.RunBefores.evaluate(RunBefores.java:26) [biz.aQute.junit-latest.jar:na]
	at org.junit.runners.ParentRunner.run(ParentRunner.java:309) [biz.aQute.junit-latest.jar:na]
	at junit.framework.JUnit4TestAdapter.run(JUnit4TestAdapter.java:38) [biz.aQute.junit-latest.jar:na]
	at junit.framework.TestSuite.runTest(TestSuite.java:255) [biz.aQute.junit-latest.jar:na]
	at junit.framework.TestSuite.run(TestSuite.java:250) [biz.aQute.junit-latest.jar:na]
	at aQute.junit.Activator.test(Activator.java:303) [biz.aQute.junit-latest.jar:na]
	at aQute.junit.Activator.run(Activator.java:128) [biz.aQute.junit-latest.jar:na]
	at aQute.launcher.Launcher$5.call(Launcher.java:1175) [biz.aQute.launcher-latest.jar:na]
	at aQute.launcher.Launcher$5.call(Launcher.java:1173) [biz.aQute.launcher-latest.jar:na]
	at aQute.launcher.Launcher.run(Launcher.java:278) [biz.aQute.launcher-latest.jar:na]
	at aQute.launcher.Launcher.main(Launcher.java:87) [biz.aQute.launcher-latest.jar:na]
2015-10-17 13:09:33,860 ERROR [i.s.s.r.f.h.ExceptionCatchingFilterHelper    ] - null
java.lang.NullPointerException: null
	at org.restlet.data.Reference.getParentRef(Reference.java:1320) ~[org.restlet.jar:na]
	at io.skysail.server.restlet.resources.PutEntityServerResource.getLinks(PutEntityServerResource.java:232) [skysail.server.jar:na]
	at io.skysail.server.restlet.resources.SkysailServerResource.getAuthorizedLinks(SkysailServerResource.java:268) ~[skysail.server.jar:na]
	at io.skysail.server.restlet.filter.AddLinkheadersFilter.afterHandle(AddLinkheadersFilter.java:26) ~[skysail.server.jar:na]
	at io.skysail.server.restlet.filter.AbstractResourceFilter.handleMe(AbstractResourceFilter.java:106) [skysail.server.jar:na]
	at io.skysail.server.restlet.filter.AbstractResourceFilter.doHandle(AbstractResourceFilter.java:83) [skysail.server.jar:na]
	at io.skysail.server.restlet.filter.EntityWasAddedFilter.doHandle(EntityWasAddedFilter.java:29) ~[skysail.server.jar:na]
	at io.skysail.server.restlet.filter.AbstractResourceFilter.handleMe(AbstractResourceFilter.java:104) [skysail.server.jar:na]
	at io.skysail.server.restlet.filter.AbstractResourceFilter.doHandle(AbstractResourceFilter.java:83) [skysail.server.jar:na]
	at io.skysail.server.restlet.filter.UpdateEntityFilter.doHandle(UpdateEntityFilter.java:23) ~[skysail.server.jar:na]
	at io.skysail.server.restlet.filter.UpdateEntityFilter.doHandle(UpdateEntityFilter.java:1) ~[skysail.server.jar:na]
	at io.skysail.server.restlet.filter.AbstractResourceFilter.handleMe(AbstractResourceFilter.java:104) [skysail.server.jar:na]
	at io.skysail.server.restlet.filter.AbstractResourceFilter.doHandle(AbstractResourceFilter.java:83) [skysail.server.jar:na]
	at io.skysail.server.restlet.filter.OptionalEncryptionFilter.doHandle(OptionalEncryptionFilter.java:27) ~[skysail.server.jar:na]
	at io.skysail.server.restlet.filter.AbstractResourceFilter.handleMe(AbstractResourceFilter.java:104) [skysail.server.jar:na]
	at io.skysail.server.restlet.filter.AbstractResourceFilter.doHandle(AbstractResourceFilter.java:83) [skysail.server.jar:na]
	at io.skysail.server.restlet.filter.CheckBusinessViolationsFilter.doHandle(CheckBusinessViolationsFilter.java:58) ~[skysail.server.jar:na]
	at io.skysail.server.restlet.filter.AbstractResourceFilter.handleMe(AbstractResourceFilter.java:104) [skysail.server.jar:na]
	at io.skysail.server.restlet.filter.AbstractResourceFilter.doHandle(AbstractResourceFilter.java:83) [skysail.server.jar:na]
	at io.skysail.server.restlet.filter.FormDataExtractingFilter.doHandle(FormDataExtractingFilter.java:33) ~[skysail.server.jar:na]
	at io.skysail.server.restlet.filter.AbstractResourceFilter.handleMe(AbstractResourceFilter.java:104) [skysail.server.jar:na]
	at io.skysail.server.restlet.filter.AbstractResourceFilter.doHandle(AbstractResourceFilter.java:83) [skysail.server.jar:na]
	at io.skysail.server.restlet.filter.CheckInvalidInputFilter.doHandle(CheckInvalidInputFilter.java:45) ~[skysail.server.jar:na]
	at io.skysail.server.restlet.filter.AbstractResourceFilter.handleMe(AbstractResourceFilter.java:104) [skysail.server.jar:na]
	at io.skysail.server.restlet.filter.AbstractResourceFilter.doHandle(AbstractResourceFilter.java:83) [skysail.server.jar:na]
	at io.skysail.server.restlet.filter.AbstractResourceFilter.handleMe(AbstractResourceFilter.java:104) [skysail.server.jar:na]
	at io.skysail.server.restlet.filter.AbstractResourceFilter.doHandle(AbstractResourceFilter.java:83) [skysail.server.jar:na]
	at io.skysail.server.restlet.filter.ExceptionCatchingFilter.doHandle(ExceptionCatchingFilter.java:27) ~[skysail.server.jar:na]
	at io.skysail.server.restlet.filter.AbstractResourceFilter.handleMe(AbstractResourceFilter.java:104) [skysail.server.jar:na]
	at io.skysail.server.restlet.filter.AbstractResourceFilter.handle(AbstractResourceFilter.java:44) [skysail.server.jar:na]
	at io.skysail.server.restlet.resources.PutEntityServerResource.putEntity(PutEntityServerResource.java:149) [skysail.server.jar:na]
	at io.skysail.server.db.it.OneToManyDbTests.Todo_can_be_updated(OneToManyDbTests.java:74) [skysail.server.db.it.jar:na]
	at sun.reflect.NativeMethodAccessorImpl.invoke0(Native Method) ~[na:1.8.0_20]
	at sun.reflect.NativeMethodAccessorImpl.invoke(NativeMethodAccessorImpl.java:62) ~[na:1.8.0_20]
	at sun.reflect.DelegatingMethodAccessorImpl.invoke(DelegatingMethodAccessorImpl.java:43) ~[na:1.8.0_20]
	at java.lang.reflect.Method.invoke(Method.java:483) ~[na:1.8.0_20]
	at org.junit.runners.model.FrameworkMethod$1.runReflectiveCall(FrameworkMethod.java:47) [biz.aQute.junit-latest.jar:na]
	at org.junit.internal.runners.model.ReflectiveCallable.run(ReflectiveCallable.java:12) [biz.aQute.junit-latest.jar:na]
	at org.junit.runners.model.FrameworkMethod.invokeExplosively(FrameworkMethod.java:44) [biz.aQute.junit-latest.jar:na]
	at org.junit.internal.runners.statements.InvokeMethod.evaluate(InvokeMethod.java:17) [biz.aQute.junit-latest.jar:na]
	at org.junit.internal.runners.statements.RunBefores.evaluate(RunBefores.java:26) [biz.aQute.junit-latest.jar:na]
	at org.junit.rules.ExpectedException$ExpectedExceptionStatement.evaluate(ExpectedException.java:168) [biz.aQute.junit-latest.jar:na]
	at org.junit.rules.TestWatcher$1.evaluate(TestWatcher.java:55) [biz.aQute.junit-latest.jar:na]
	at org.junit.rules.RunRules.evaluate(RunRules.java:20) [biz.aQute.junit-latest.jar:na]
	at org.junit.runners.ParentRunner.runLeaf(ParentRunner.java:271) [biz.aQute.junit-latest.jar:na]
	at org.junit.runners.BlockJUnit4ClassRunner.runChild(BlockJUnit4ClassRunner.java:70) [biz.aQute.junit-latest.jar:na]
	at org.junit.runners.BlockJUnit4ClassRunner.runChild(BlockJUnit4ClassRunner.java:50) [biz.aQute.junit-latest.jar:na]
	at org.junit.runners.ParentRunner$3.run(ParentRunner.java:238) [biz.aQute.junit-latest.jar:na]
	at org.junit.runners.ParentRunner$1.schedule(ParentRunner.java:63) [biz.aQute.junit-latest.jar:na]
	at org.junit.runners.ParentRunner.runChildren(ParentRunner.java:236) [biz.aQute.junit-latest.jar:na]
	at org.junit.runners.ParentRunner.access$000(ParentRunner.java:53) [biz.aQute.junit-latest.jar:na]
	at org.junit.runners.ParentRunner$2.evaluate(ParentRunner.java:229) [biz.aQute.junit-latest.jar:na]
	at org.junit.internal.runners.statements.RunBefores.evaluate(RunBefores.java:26) [biz.aQute.junit-latest.jar:na]
	at org.junit.runners.ParentRunner.run(ParentRunner.java:309) [biz.aQute.junit-latest.jar:na]
	at junit.framework.JUnit4TestAdapter.run(JUnit4TestAdapter.java:38) [biz.aQute.junit-latest.jar:na]
	at junit.framework.TestSuite.runTest(TestSuite.java:255) [biz.aQute.junit-latest.jar:na]
	at junit.framework.TestSuite.run(TestSuite.java:250) [biz.aQute.junit-latest.jar:na]
	at aQute.junit.Activator.test(Activator.java:303) [biz.aQute.junit-latest.jar:na]
	at aQute.junit.Activator.run(Activator.java:128) [biz.aQute.junit-latest.jar:na]
	at aQute.launcher.Launcher$5.call(Launcher.java:1175) [biz.aQute.launcher-latest.jar:na]
	at aQute.launcher.Launcher$5.call(Launcher.java:1173) [biz.aQute.launcher-latest.jar:na]
	at aQute.launcher.Launcher.run(Launcher.java:278) [biz.aQute.launcher-latest.jar:na]
	at aQute.launcher.Launcher.main(Launcher.java:87) [biz.aQute.launcher-latest.jar:na]
