2015-02-02 13:21:21,976 INFO  de.twenty11.skysail.server.app.SkysailApplication - Instanciating new Skysail Application 'SkysailWebsiteApplication'
2015-02-02 13:21:21,979 INFO  de.twenty11.skysail.server.app.SkysailApplication - Activating Application de.twenty11.skysail.products.website.SkysailWebsiteApplication
2015-02-02 13:21:22,021 INFO  de.twenty11.skysail.server.app.ApplicationList - ======================================================
2015-02-02 13:21:22,022 INFO  de.twenty11.skysail.server.app.ApplicationList - Adding application 'website'
2015-02-02 13:21:22,022 INFO  de.twenty11.skysail.server.app.ApplicationList - ======================================================
2015-02-02 13:21:22,027 DEBUG de.twenty11.skysail.server.app.SkysailApplication - Validator service was set to 'DefaultValidationImpl' for application 'website'
2015-02-02 13:21:22,028 DEBUG de.twenty11.skysail.server.app.SkysailApplication - Authorization service was set to null for application 'website'
2015-02-02 13:21:22,029 DEBUG de.twenty11.skysail.server.app.SkysailApplication - Favorites service was set to null for application 'website'
2015-02-02 13:21:22,029 DEBUG de.twenty11.skysail.server.app.SkysailApplication - Translation service was set to null for application 'website'
2015-02-02 13:21:22,030 DEBUG de.twenty11.skysail.server.app.SkysailApplication - Metrics service was set to null for application 'website'
2015-02-02 13:21:22,030 DEBUG de.twenty11.skysail.server.app.SkysailApplication - Validator service was set to 'DefaultValidationImpl' for application 'website'
2015-02-02 13:21:22,031 DEBUG de.twenty11.skysail.server.app.SkysailApplication - Documentation service was set to null for application 'website'
2015-02-02 13:21:22,031 DEBUG de.twenty11.skysail.server.app.SkysailApplication - setting hookfilters to application 'website'
2015-02-02 13:21:22,119 INFO  d.t.skysail.server.core.restlet.SkysailConverterHelper - initializing new converter 'ServerSentEventsConverter' with typesMatch '{text/event-stream=1.0}'
2015-02-02 13:21:22,121 INFO  io.skysail.server.db.DbConfigurations - activating DbConfigurations with config DbConfig(name=skysail, driver=, url=memory:website, username=)
2015-02-02 13:21:22,127 INFO  de.twenty11.skysail.server.app.SkysailApplication - Instanciating new Skysail Application 'I18nApplication'
2015-02-02 13:21:22,128 DEBUG d.t.s.s.c.o.i.listener.SkysailServerBundleListener - could not send bundleStartedMessage for skysail.server.app.clipboard
2015-02-02 13:21:22,128 INFO  de.twenty11.skysail.server.app.SkysailApplication - Activating Application de.twenty11.skysail.server.app.i18n.I18nApplication
2015-02-02 13:21:22,129 INFO  de.twenty11.skysail.server.app.ApplicationList - ======================================================
2015-02-02 13:21:22,129 INFO  de.twenty11.skysail.server.app.ApplicationList - Adding application 'i18n'
2015-02-02 13:21:22,129 INFO  de.twenty11.skysail.server.app.ApplicationList - ======================================================
2015-02-02 13:21:22,129 DEBUG de.twenty11.skysail.server.app.SkysailApplication - Authorization service was set to null for application 'i18n'
2015-02-02 13:21:22,129 DEBUG de.twenty11.skysail.server.app.SkysailApplication - Favorites service was set to null for application 'i18n'
2015-02-02 13:21:22,129 DEBUG de.twenty11.skysail.server.app.SkysailApplication - Translation service was set to null for application 'i18n'
2015-02-02 13:21:22,129 DEBUG de.twenty11.skysail.server.app.SkysailApplication - Metrics service was set to null for application 'i18n'
2015-02-02 13:21:22,129 DEBUG de.twenty11.skysail.server.app.SkysailApplication - Validator service was set to 'DefaultValidationImpl' for application 'i18n'
2015-02-02 13:21:22,129 DEBUG de.twenty11.skysail.server.app.SkysailApplication - Documentation service was set to null for application 'i18n'
2015-02-02 13:21:22,129 DEBUG de.twenty11.skysail.server.app.SkysailApplication - setting hookfilters to application 'i18n'
2015-02-02 13:21:22,130 DEBUG d.t.s.s.c.o.i.listener.SkysailServerBundleListener - could not send bundleStartedMessage for skysail.server.app.i18n
2015-02-02 13:21:22,928 DEBUG de.twenty11.skysail.server.db.orientdb.OrientDbService - activating de.twenty11.skysail.server.db.orientdb.OrientDbService
2015-02-02 13:21:22,930 DEBUG d.t.s.s.c.o.i.listener.SkysailServerBundleListener - could not send bundleStartedMessage for skysail.server.db.orientdb
2015-02-02 13:21:22,934 DEBUG de.twenty11.skysail.server.app.SkysailApplication - Documentation service was set to 'SkysailDocumentationProvider' for application 'website'
2015-02-02 13:21:22,934 DEBUG de.twenty11.skysail.server.app.SkysailApplication - Documentation service was set to 'SkysailDocumentationProvider' for application 'i18n'
2015-02-02 13:21:22,934 DEBUG d.t.s.s.c.o.i.listener.SkysailServerBundleListener - could not send bundleStartedMessage for skysail.server.documentation
2015-02-02 13:21:22,941 INFO  d.t.skysail.server.ext.converter.st.NoopConverter - de.twenty11.skysail.server.ext.converter.st.NoopConverter activated
2015-02-02 13:21:22,943 INFO  de.twenty11.skysail.server.app.SkysailApplication - Instanciating new Skysail Application 'WebappApplication'
2015-02-02 13:21:22,944 INFO  de.twenty11.skysail.server.app.SkysailApplication - Activating Application de.twenty11.skysail.server.ext.converter.st.WebappApplication
2015-02-02 13:21:22,945 INFO  de.twenty11.skysail.server.app.ApplicationList - ======================================================
2015-02-02 13:21:22,945 INFO  de.twenty11.skysail.server.app.ApplicationList - Adding application 'webapp'
2015-02-02 13:21:22,945 INFO  de.twenty11.skysail.server.app.ApplicationList - ======================================================
2015-02-02 13:21:22,945 DEBUG de.twenty11.skysail.server.app.SkysailApplication - Authorization service was set to null for application 'webapp'
2015-02-02 13:21:22,945 DEBUG de.twenty11.skysail.server.app.SkysailApplication - Favorites service was set to null for application 'webapp'
2015-02-02 13:21:22,945 DEBUG de.twenty11.skysail.server.app.SkysailApplication - Translation service was set to null for application 'webapp'
2015-02-02 13:21:22,946 DEBUG de.twenty11.skysail.server.app.SkysailApplication - Metrics service was set to null for application 'webapp'
2015-02-02 13:21:22,946 DEBUG de.twenty11.skysail.server.app.SkysailApplication - Validator service was set to 'DefaultValidationImpl' for application 'webapp'
2015-02-02 13:21:22,946 DEBUG de.twenty11.skysail.server.app.SkysailApplication - Documentation service was set to 'SkysailDocumentationProvider' for application 'webapp'
2015-02-02 13:21:22,946 DEBUG de.twenty11.skysail.server.app.SkysailApplication - setting hookfilters to application 'webapp'
2015-02-02 13:21:22,946 DEBUG d.t.s.s.c.o.i.listener.SkysailServerBundleListener - could not send bundleStartedMessage for skysail.server.ext.converter.st
2015-02-02 13:21:22,950 DEBUG de.twenty11.skysail.server.app.SkysailApplication - Translation service was set to 'BundleResourceTranslationService' for application 'website'
2015-02-02 13:21:22,950 DEBUG de.twenty11.skysail.server.app.SkysailApplication - Translation service was set to 'BundleResourceTranslationService' for application 'i18n'
2015-02-02 13:21:22,950 DEBUG de.twenty11.skysail.server.app.SkysailApplication - Translation service was set to 'BundleResourceTranslationService' for application 'webapp'
2015-02-02 13:21:22,950 DEBUG d.t.s.s.c.o.i.listener.SkysailServerBundleListener - could not send bundleStartedMessage for skysail.server.ext.i18n
2015-02-02 13:21:22,959 INFO  de.twenty11.skysail.server.http.HttpServer - Activating de.twenty11.skysail.server.http.HttpServer
2015-02-02 13:21:22,968 INFO  de.twenty11.skysail.server.SkysailComponent - Creating Restlet Component: de.twenty11.skysail.server.SkysailComponent
2015-02-02 13:21:22,975 DEBUG d.t.s.s.c.o.i.listener.SkysailServerBundleListener - could not send bundleStartedMessage for skysail.server.http
2015-02-02 13:21:22,976 INFO  de.twenty11.skysail.server.http.HttpServer - 
2015-02-02 13:21:22,976 INFO  de.twenty11.skysail.server.http.HttpServer - ====================================
2015-02-02 13:21:22,976 INFO  de.twenty11.skysail.server.http.HttpServer - Starting skysail server on port 2017
2015-02-02 13:21:22,976 INFO  de.twenty11.skysail.server.http.HttpServer - ====================================
2015-02-02 13:21:22,976 INFO  de.twenty11.skysail.server.http.HttpServer - 
2015-02-02 13:21:22,981 INFO  org.restlet - Starting the internal [HTTP/1.1] server on port 2017
2015-02-02 13:21:22,986 INFO  de.twenty11.skysail.server.security.shiro.ShiroServices - creating new SkysailAuthorizingRealm...
2015-02-02 13:21:22,993 INFO  de.twenty11.skysail.server.security.shiro.ShiroServices - Setting new SkysailWebSecurityManager as Shiros SecurityManager
2015-02-02 13:21:23,005 INFO  de.twenty11.skysail.server.http.SwarmClient - checking 'peers' configuration to connect to swarm servers...
2015-02-02 13:21:23,011 INFO  d.t.s.s.s.shiro.session.mgt.SkysailWebSessionManager - creating new SkysailWebSessionManager
2015-02-02 13:21:23,012 DEBUG d.t.s.s.c.o.i.listener.SkysailServerBundleListener - could not send bundleStartedMessage for skysail.server.security.shiro
2015-02-02 13:21:23,017 INFO  de.twenty11.skysail.server.app.SkysailApplication - Instanciating new Skysail Application 'WebappApplication'
2015-02-02 13:21:23,018 INFO  de.twenty11.skysail.server.app.SkysailApplication - Activating Application de.twenty11.skysail.server.webapp.internal.WebappApplication
2015-02-02 13:21:23,018 INFO  de.twenty11.skysail.server.app.ApplicationList - ======================================================
2015-02-02 13:21:23,018 INFO  de.twenty11.skysail.server.app.ApplicationList - Adding application 'static'
2015-02-02 13:21:23,018 INFO  de.twenty11.skysail.server.app.ApplicationList - ======================================================
2015-02-02 13:21:23,018 DEBUG de.twenty11.skysail.server.app.SkysailApplication - Authorization service was set to null for application 'static'
2015-02-02 13:21:23,018 DEBUG de.twenty11.skysail.server.app.SkysailApplication - Favorites service was set to null for application 'static'
2015-02-02 13:21:23,018 DEBUG de.twenty11.skysail.server.app.SkysailApplication - Translation service was set to 'BundleResourceTranslationService' for application 'static'
2015-02-02 13:21:23,018 DEBUG de.twenty11.skysail.server.app.SkysailApplication - Metrics service was set to null for application 'static'
2015-02-02 13:21:23,018 DEBUG de.twenty11.skysail.server.app.SkysailApplication - Validator service was set to 'DefaultValidationImpl' for application 'static'
2015-02-02 13:21:23,019 DEBUG de.twenty11.skysail.server.app.SkysailApplication - Documentation service was set to 'SkysailDocumentationProvider' for application 'static'
2015-02-02 13:21:23,019 DEBUG de.twenty11.skysail.server.app.SkysailApplication - setting hookfilters to application 'static'
2015-02-02 13:21:23,019 DEBUG d.t.s.s.c.o.i.listener.SkysailServerBundleListener - could not send bundleStartedMessage for skysail.server.static
2015-02-02 13:21:23,150 INFO  de.twenty11.skysail.server.app.SkysailApplication - Instanciating new Skysail Application 'UserManagementApplication'
2015-02-02 13:21:23,150 INFO  d.t.s.server.um.internal.UserManagementApplication - instanciating new UserManagementApplication #1835713430
2015-02-02 13:21:23,150 INFO  d.t.s.server.um.internal.UserManagementApplication - setting ServiceListProvider to de.twenty11.skysail.server.app.ServiceList@2d83c5a5
2015-02-02 13:21:23,150 INFO  de.twenty11.skysail.server.app.SkysailApplication - Activating Application de.twenty11.skysail.server.um.internal.UserManagementApplication
2015-02-02 13:21:23,151 DEBUG de.twenty11.skysail.server.app.SkysailApplication - Authorization service was set to 'DefaultAuthorizationService' for application 'website'
2015-02-02 13:21:23,151 DEBUG de.twenty11.skysail.server.app.SkysailApplication - Authorization service was set to 'DefaultAuthorizationService' for application 'i18n'
2015-02-02 13:21:23,151 DEBUG de.twenty11.skysail.server.app.SkysailApplication - Authorization service was set to 'DefaultAuthorizationService' for application 'webapp'
2015-02-02 13:21:23,151 DEBUG de.twenty11.skysail.server.app.SkysailApplication - Authorization service was set to 'DefaultAuthorizationService' for application 'static'
2015-02-02 13:21:23,164 INFO  de.twenty11.skysail.server.app.ApplicationList - ======================================================
2015-02-02 13:21:23,164 INFO  de.twenty11.skysail.server.app.ApplicationList - Adding application 'usermanagement'
2015-02-02 13:21:23,164 INFO  de.twenty11.skysail.server.app.ApplicationList - ======================================================
2015-02-02 13:21:23,164 DEBUG de.twenty11.skysail.server.app.SkysailApplication - Authorization service was set to 'DefaultAuthorizationService' for application 'usermanagement'
2015-02-02 13:21:23,164 DEBUG de.twenty11.skysail.server.app.SkysailApplication - Favorites service was set to null for application 'usermanagement'
2015-02-02 13:21:23,164 DEBUG de.twenty11.skysail.server.app.SkysailApplication - Translation service was set to 'BundleResourceTranslationService' for application 'usermanagement'
2015-02-02 13:21:23,164 DEBUG de.twenty11.skysail.server.app.SkysailApplication - Metrics service was set to null for application 'usermanagement'
2015-02-02 13:21:23,164 DEBUG de.twenty11.skysail.server.app.SkysailApplication - Validator service was set to 'DefaultValidationImpl' for application 'usermanagement'
2015-02-02 13:21:23,164 DEBUG de.twenty11.skysail.server.app.SkysailApplication - Documentation service was set to 'SkysailDocumentationProvider' for application 'usermanagement'
2015-02-02 13:21:23,164 DEBUG de.twenty11.skysail.server.app.SkysailApplication - setting hookfilters to application 'usermanagement'
2015-02-02 13:21:23,166 INFO  de.twenty11.skysail.server.app.SkysailApplication - Instanciating new Skysail Application 'SkysailRootApplication'
2015-02-02 13:21:23,167 INFO  de.twenty11.skysail.server.app.ApplicationList - ======================================================
2015-02-02 13:21:23,167 INFO  de.twenty11.skysail.server.app.ApplicationList - Adding application 'root'
2015-02-02 13:21:23,167 INFO  de.twenty11.skysail.server.app.ApplicationList - ======================================================
2015-02-02 13:21:23,167 DEBUG de.twenty11.skysail.server.app.SkysailApplication - Authorization service was set to 'DefaultAuthorizationService' for application 'root'
2015-02-02 13:21:23,168 DEBUG de.twenty11.skysail.server.app.SkysailApplication - Favorites service was set to null for application 'root'
2015-02-02 13:21:23,168 DEBUG de.twenty11.skysail.server.app.SkysailApplication - Translation service was set to 'BundleResourceTranslationService' for application 'root'
2015-02-02 13:21:23,168 DEBUG de.twenty11.skysail.server.app.SkysailApplication - Metrics service was set to null for application 'root'
2015-02-02 13:21:23,168 DEBUG de.twenty11.skysail.server.app.SkysailApplication - Validator service was set to 'DefaultValidationImpl' for application 'root'
2015-02-02 13:21:23,168 DEBUG de.twenty11.skysail.server.app.SkysailApplication - Documentation service was set to 'SkysailDocumentationProvider' for application 'root'
2015-02-02 13:21:23,168 DEBUG de.twenty11.skysail.server.app.SkysailApplication - setting hookfilters to application 'root'
2015-02-02 13:21:23,171 INFO  de.twenty11.skysail.server.app.SkysailApplication - Instanciating new Skysail Application 'ClipboardApplication'
2015-02-02 13:21:23,172 INFO  de.twenty11.skysail.server.app.SkysailApplication - Activating Application de.twenty11.skysail.server.app.clipboard.ClipboardApplication
2015-02-02 13:21:23,172 INFO  de.twenty11.skysail.server.app.ApplicationList - ======================================================
2015-02-02 13:21:23,172 INFO  de.twenty11.skysail.server.app.ApplicationList - Adding application 'clipboard'
2015-02-02 13:21:23,172 INFO  de.twenty11.skysail.server.app.ApplicationList - ======================================================
2015-02-02 13:21:23,172 DEBUG de.twenty11.skysail.server.app.SkysailApplication - Authorization service was set to 'DefaultAuthorizationService' for application 'clipboard'
2015-02-02 13:21:23,172 DEBUG de.twenty11.skysail.server.app.SkysailApplication - Favorites service was set to null for application 'clipboard'
2015-02-02 13:21:23,173 DEBUG de.twenty11.skysail.server.app.SkysailApplication - Translation service was set to 'BundleResourceTranslationService' for application 'clipboard'
2015-02-02 13:21:23,173 DEBUG de.twenty11.skysail.server.app.SkysailApplication - Metrics service was set to null for application 'clipboard'
2015-02-02 13:21:23,173 DEBUG de.twenty11.skysail.server.app.SkysailApplication - Validator service was set to 'DefaultValidationImpl' for application 'clipboard'
2015-02-02 13:21:23,173 DEBUG de.twenty11.skysail.server.app.SkysailApplication - Documentation service was set to 'SkysailDocumentationProvider' for application 'clipboard'
2015-02-02 13:21:23,173 DEBUG de.twenty11.skysail.server.app.SkysailApplication - setting hookfilters to application 'clipboard'
2015-02-02 13:21:23,174 DEBUG d.t.s.s.c.o.i.listener.SkysailServerBundleListener - could not send bundleStartedMessage for skysail.server.um.internal
2015-02-02 13:21:23,174 DEBUG d.t.s.s.c.o.i.listener.SkysailServerBundleListener - could not send bundleStartedMessage for slf4j.api
2015-02-02 13:21:24,557 DEBUG org.restlet - Connection from "/0:0:0:0:0:0:0:1:63977" accepted. New count: 1
2015-02-02 13:21:24,560 DEBUG org.restlet - GET / HTTP/1.1
2015-02-02 13:21:24,560 DEBUG org.restlet - Reading message from /0:0:0:0:0:0:0:1:63977
2015-02-02 13:21:24,563 DEBUG org.restlet - Host: localhost:2017
2015-02-02 13:21:24,564 DEBUG org.restlet - Connection: keep-alive
2015-02-02 13:21:24,564 DEBUG org.restlet - Cache-Control: max-age=0
2015-02-02 13:21:24,564 DEBUG org.restlet - Accept: text/html,application/xhtml+xml,application/xml;q=0.9,image/webp,*/*;q=0.8
2015-02-02 13:21:24,564 DEBUG org.restlet - User-Agent: Mozilla/5.0 (Windows NT 6.1; WOW64) AppleWebKit/537.36 (KHTML, like Gecko) Chrome/40.0.2214.93 Safari/537.36
2015-02-02 13:21:24,564 DEBUG org.restlet - Accept-Encoding: gzip, deflate, sdch
2015-02-02 13:21:24,565 DEBUG org.restlet - Accept-Language: de-DE,de;q=0.8,en-US;q=0.6,en;q=0.4
2015-02-02 13:21:24,565 DEBUG org.restlet - Cookie: favorites=|||||; mainpage=; _ga=GA1.1.799266506.1421682008; template=debug; inspect=off; Credentials=xNeEIyuKkYt3ERCNkZGQpIgYUkXdY+cZ3Grd5q1E7bCOtW6fnmWqIbaChPIEV7eX
2015-02-02 13:21:24,565 DEBUG org.restlet - 
2015-02-02 13:21:24,565 DEBUG org.restlet - HttpInboundRequest::setHeaders, IPv4 hostDomain: localhost, hostPort: 2017
2015-02-02 13:21:24,573 INFO  de.twenty11.skysail.server.core.restlet.SkysailRouter - routing path '' -> Restlet 'Class'
2015-02-02 13:21:24,574 WARN  de.twenty11.skysail.server.core.restlet.SkysailRouter - please use a RouteBuilder to attach this resource: class de.twenty11.skysail.products.website.WebsiteRootResource
2015-02-02 13:21:24,576 INFO  de.twenty11.skysail.server.app.SkysailApplication - creating new Router in de.twenty11.skysail.server.app.i18n.I18nApplication
2015-02-02 13:21:24,576 INFO  de.twenty11.skysail.server.app.SkysailApplication - adding extensions to metadata service
2015-02-02 13:21:24,576 INFO  de.twenty11.skysail.server.app.SkysailApplication - adding protocols
2015-02-02 13:21:24,577 DEBUG de.twenty11.skysail.server.app.SkysailApplication - attaching application-specific routes
2015-02-02 13:21:24,577 INFO  de.twenty11.skysail.server.core.restlet.SkysailRouter - routing path '' -> 'de.twenty11.skysail.server.security.AuthenticatedAuthorizer@49374cb7'
2015-02-02 13:21:24,578 INFO  de.twenty11.skysail.server.core.restlet.SkysailRouter - routing path '/messages/' -> 'de.twenty11.skysail.server.security.AuthenticatedAuthorizer@1a033493'
2015-02-02 13:21:24,578 INFO  de.twenty11.skysail.server.core.restlet.SkysailRouter - routing path '/messages/{key}' -> 'de.twenty11.skysail.server.security.AuthenticatedAuthorizer@57bb9549'
2015-02-02 13:21:24,578 INFO  de.twenty11.skysail.server.core.restlet.SkysailRouter - routing path '/messages/{key}/' -> 'de.twenty11.skysail.server.security.AuthenticatedAuthorizer@2481c762'
2015-02-02 13:21:24,578 DEBUG de.twenty11.skysail.server.app.SkysailApplication - creating blocker...
2015-02-02 13:21:24,579 DEBUG de.twenty11.skysail.server.app.SkysailApplication - creating tracer...
2015-02-02 13:21:24,579 DEBUG de.twenty11.skysail.server.app.SkysailApplication - creating original request filter...
2015-02-02 13:21:24,579 DEBUG de.twenty11.skysail.server.app.SkysailApplication - determining authentication service...
2015-02-02 13:21:24,579 DEBUG de.twenty11.skysail.server.app.SkysailApplication - setting authenticationGuard from authentication service
2015-02-02 13:21:24,582 INFO  de.twenty11.skysail.server.app.SkysailApplication - creating new Router in de.twenty11.skysail.server.um.internal.UserManagementApplication
2015-02-02 13:21:24,582 INFO  de.twenty11.skysail.server.app.SkysailApplication - adding extensions to metadata service
2015-02-02 13:21:24,582 INFO  de.twenty11.skysail.server.app.SkysailApplication - adding protocols
2015-02-02 13:21:24,582 DEBUG de.twenty11.skysail.server.app.SkysailApplication - attaching application-specific routes
2015-02-02 13:21:24,582 INFO  d.t.s.server.um.internal.UserManagementApplication - attaching routes to UserManagementApplication #1835713430
2015-02-02 13:21:24,584 INFO  de.twenty11.skysail.server.core.restlet.SkysailRouter - routing path '' -> 'de.twenty11.skysail.server.security.AuthenticatedAuthorizer@3b4af1ee'
2015-02-02 13:21:24,584 INFO  de.twenty11.skysail.server.core.restlet.SkysailRouter - routing path '/' -> 'de.twenty11.skysail.server.security.AuthenticatedAuthorizer@33d7afbf'
2015-02-02 13:21:24,585 INFO  de.twenty11.skysail.server.core.restlet.SkysailRouter - routing path '/about' -> 'de.twenty11.skysail.server.security.AuthenticatedAuthorizer@62a1200c'
2015-02-02 13:21:24,585 INFO  de.twenty11.skysail.server.core.restlet.SkysailRouter - routing path '/api' -> 'de.twenty11.skysail.server.security.AuthenticatedAuthorizer@6dca0241'
2015-02-02 13:21:24,585 INFO  de.twenty11.skysail.server.core.restlet.SkysailRouter - routing path '/entities' -> 'de.twenty11.skysail.server.security.AuthenticatedAuthorizer@7ab5df27'
2015-02-02 13:21:24,585 INFO  de.twenty11.skysail.server.core.restlet.SkysailRouter - routing path '/entities/{name}' -> 'de.twenty11.skysail.server.security.AuthenticatedAuthorizer@6f96735e'
2015-02-02 13:21:24,586 INFO  de.twenty11.skysail.server.core.restlet.SkysailRouter - routing path '/roles' -> 'de.twenty11.skysail.server.security.AuthenticatedAuthorizer@6c1b8711'
2015-02-02 13:21:24,586 INFO  de.twenty11.skysail.server.core.restlet.SkysailRouter - routing path '/currentUser' -> Restlet 'Class'
2015-02-02 13:21:24,586 WARN  de.twenty11.skysail.server.core.restlet.SkysailRouter - please use a RouteBuilder to attach this resource: class de.twenty11.skysail.server.um.internal.users.CurrentUserResource
2015-02-02 13:21:24,586 INFO  de.twenty11.skysail.server.core.restlet.SkysailRouter - routing path '/users' -> 'de.twenty11.skysail.server.security.AuthenticatedAuthorizer@5618d029'
2015-02-02 13:21:24,586 INFO  de.twenty11.skysail.server.core.restlet.SkysailRouter - routing path '/users/' -> 'de.twenty11.skysail.server.security.AuthenticatedAuthorizer@1c578ff2'
2015-02-02 13:21:24,587 INFO  de.twenty11.skysail.server.core.restlet.SkysailRouter - routing path '/users/{username}' -> 'de.twenty11.skysail.server.security.AuthenticatedAuthorizer@5a22aefe'
2015-02-02 13:21:24,587 INFO  de.twenty11.skysail.server.core.restlet.SkysailRouter - routing path '/users/{id}/' -> 'de.twenty11.skysail.server.security.AuthenticatedAuthorizer@b6a61b6'
2015-02-02 13:21:24,587 INFO  de.twenty11.skysail.server.core.restlet.SkysailRouter - routing path '/users/{username}/groups' -> 'de.twenty11.skysail.server.security.AuthenticatedAuthorizer@b2a4c5d'
2015-02-02 13:21:24,588 INFO  de.twenty11.skysail.server.core.restlet.SkysailRouter - routing path '/users/{username}/password/' -> 'de.twenty11.skysail.server.security.AuthenticatedAuthorizer@308b6cb6'
2015-02-02 13:21:24,588 INFO  de.twenty11.skysail.server.core.restlet.SkysailRouter - routing path '/groups' -> 'de.twenty11.skysail.server.security.AuthenticatedAuthorizer@63682aff'
2015-02-02 13:21:24,588 INFO  de.twenty11.skysail.server.core.restlet.SkysailRouter - routing path '/groups/' -> 'de.twenty11.skysail.server.security.AuthenticatedAuthorizer@5f2d9dda'
2015-02-02 13:21:24,588 INFO  de.twenty11.skysail.server.core.restlet.SkysailRouter - routing path '/groups/{group}' -> 'de.twenty11.skysail.server.security.AuthenticatedAuthorizer@48a115c8'
2015-02-02 13:21:24,588 INFO  de.twenty11.skysail.server.core.restlet.SkysailRouter - routing path '/registrations' -> 'de.twenty11.skysail.server.security.AuthenticatedAuthorizer@19e333db'
2015-02-02 13:21:24,589 INFO  de.twenty11.skysail.server.core.restlet.SkysailRouter - routing path '/registrations/' -> Restlet 'Class'
2015-02-02 13:21:24,589 WARN  de.twenty11.skysail.server.core.restlet.SkysailRouter - please use a RouteBuilder to attach this resource: class de.twenty11.skysail.server.um.internal.registration.PostRegistrationResource
2015-02-02 13:21:24,589 INFO  de.twenty11.skysail.server.core.restlet.SkysailRouter - routing path '/registrationsAdmin/{id}' -> 'de.twenty11.skysail.server.security.AuthenticatedAuthorizer@34041ea3'
2015-02-02 13:21:24,589 INFO  de.twenty11.skysail.server.core.restlet.SkysailRouter - routing path '/registrationsAdmin/{id}/' -> 'de.twenty11.skysail.server.security.AuthenticatedAuthorizer@2530a27a'
2015-02-02 13:21:24,589 INFO  de.twenty11.skysail.server.core.restlet.SkysailRouter - routing path '/registrations/{registrationId}' -> Restlet 'ConfirmationRedirector'
2015-02-02 13:21:24,590 INFO  de.twenty11.skysail.server.core.restlet.SkysailRouter - routing path '/registrations/{registrationId}/confirmation/' -> Restlet 'Class'
2015-02-02 13:21:24,590 WARN  de.twenty11.skysail.server.core.restlet.SkysailRouter - please use a RouteBuilder to attach this resource: class de.twenty11.skysail.server.um.internal.registration.PostConfirmationResource
2015-02-02 13:21:24,590 DEBUG de.twenty11.skysail.server.app.SkysailApplication - creating blocker...
2015-02-02 13:21:24,590 DEBUG de.twenty11.skysail.server.app.SkysailApplication - creating tracer...
2015-02-02 13:21:24,590 DEBUG de.twenty11.skysail.server.app.SkysailApplication - creating original request filter...
2015-02-02 13:21:24,590 DEBUG de.twenty11.skysail.server.app.SkysailApplication - determining authentication service...
2015-02-02 13:21:24,590 DEBUG de.twenty11.skysail.server.app.SkysailApplication - setting authenticationGuard from authentication service
2015-02-02 13:21:24,590 INFO  de.twenty11.skysail.server.app.SkysailApplication - creating new Router in de.twenty11.skysail.server.app.SkysailRootApplication
2015-02-02 13:21:24,591 INFO  de.twenty11.skysail.server.app.SkysailApplication - adding extensions to metadata service
2015-02-02 13:21:24,591 INFO  de.twenty11.skysail.server.app.SkysailApplication - adding protocols
2015-02-02 13:21:24,591 DEBUG de.twenty11.skysail.server.app.SkysailApplication - attaching application-specific routes
2015-02-02 13:21:24,591 INFO  de.twenty11.skysail.server.core.restlet.SkysailRouter - routing path '/' -> Restlet 'Class'
2015-02-02 13:21:24,591 WARN  de.twenty11.skysail.server.core.restlet.SkysailRouter - please use a RouteBuilder to attach this resource: class de.twenty11.skysail.server.resources.DefaultResource
2015-02-02 13:21:24,591 INFO  de.twenty11.skysail.server.core.restlet.SkysailRouter - routing path '/_login' -> Restlet 'Class'
2015-02-02 13:21:24,591 WARN  de.twenty11.skysail.server.core.restlet.SkysailRouter - please use a RouteBuilder to attach this resource: class de.twenty11.skysail.server.resources.LoginResource
2015-02-02 13:21:24,591 INFO  de.twenty11.skysail.server.core.restlet.SkysailRouter - routing path '/_version' -> 'de.twenty11.skysail.server.security.AuthenticatedAuthorizer@440a8956'
2015-02-02 13:21:24,592 INFO  de.twenty11.skysail.server.core.restlet.SkysailRouter - routing path '/_name' -> 'de.twenty11.skysail.server.security.AuthenticatedAuthorizer@59812a75'
2015-02-02 13:21:24,592 INFO  de.twenty11.skysail.server.core.restlet.SkysailRouter - routing path '/_about' -> Restlet 'Class'
2015-02-02 13:21:24,592 WARN  de.twenty11.skysail.server.core.restlet.SkysailRouter - please use a RouteBuilder to attach this resource: class de.twenty11.skysail.server.resources.AboutResource
2015-02-02 13:21:24,592 INFO  de.twenty11.skysail.server.core.restlet.SkysailRouter - routing path '/_profile' -> 'de.twenty11.skysail.server.security.AuthenticatedAuthorizer@56a33477'
2015-02-02 13:21:24,592 INFO  de.twenty11.skysail.server.core.restlet.SkysailRouter - routing path '/_profile/password/' -> 'de.twenty11.skysail.server.security.AuthenticatedAuthorizer@559483db'
2015-02-02 13:21:24,592 INFO  de.twenty11.skysail.server.core.restlet.SkysailRouter - routing path '/_largetests' -> 'de.twenty11.skysail.server.security.AuthenticatedAuthorizer@13fedab0'
2015-02-02 13:21:24,593 INFO  de.twenty11.skysail.server.core.restlet.SkysailRouter - routing path '/_largetests/{id}' -> 'de.twenty11.skysail.server.security.AuthenticatedAuthorizer@4a77f8e5'
2015-02-02 13:21:24,593 INFO  de.twenty11.skysail.server.core.restlet.SkysailRouter - routing path '/_iframe' -> 'de.twenty11.skysail.server.security.AuthenticatedAuthorizer@5096026d'
2015-02-02 13:21:24,593 DEBUG de.twenty11.skysail.server.app.SkysailApplication - creating blocker...
2015-02-02 13:21:24,593 DEBUG de.twenty11.skysail.server.app.SkysailApplication - creating tracer...
2015-02-02 13:21:24,593 DEBUG de.twenty11.skysail.server.app.SkysailApplication - creating original request filter...
2015-02-02 13:21:24,593 DEBUG de.twenty11.skysail.server.app.SkysailApplication - determining authentication service...
2015-02-02 13:21:24,593 DEBUG de.twenty11.skysail.server.app.SkysailApplication - setting authenticationGuard from authentication service
2015-02-02 13:21:24,593 INFO  de.twenty11.skysail.server.app.SkysailApplication - creating new Router in de.twenty11.skysail.server.app.clipboard.ClipboardApplication
2015-02-02 13:21:24,593 INFO  de.twenty11.skysail.server.app.SkysailApplication - adding extensions to metadata service
2015-02-02 13:21:24,593 INFO  de.twenty11.skysail.server.app.SkysailApplication - adding protocols
2015-02-02 13:21:24,593 DEBUG de.twenty11.skysail.server.app.SkysailApplication - attaching application-specific routes
2015-02-02 13:21:24,594 INFO  de.twenty11.skysail.server.core.restlet.SkysailRouter - routing path '/docs/api' -> 'de.twenty11.skysail.server.security.AuthenticatedAuthorizer@7eaaa994'
2015-02-02 13:21:24,595 INFO  de.twenty11.skysail.server.core.restlet.SkysailRouter - routing path '/docs/entities/{name}' -> 'de.twenty11.skysail.server.security.AuthenticatedAuthorizer@4a626f51'
2015-02-02 13:21:24,595 INFO  de.twenty11.skysail.server.core.restlet.SkysailRouter - routing path '/docs/entities' -> 'de.twenty11.skysail.server.security.AuthenticatedAuthorizer@5220f1ec'
2015-02-02 13:21:24,595 INFO  de.twenty11.skysail.server.core.restlet.SkysailRouter - routing path '' -> 'de.twenty11.skysail.server.security.AuthenticatedAuthorizer@1fde4f08'
2015-02-02 13:21:24,595 INFO  de.twenty11.skysail.server.core.restlet.SkysailRouter - routing path '/' -> 'de.twenty11.skysail.server.security.AuthenticatedAuthorizer@49b63d78'
2015-02-02 13:21:24,595 INFO  de.twenty11.skysail.server.core.restlet.SkysailRouter - routing path '/clips' -> 'de.twenty11.skysail.server.security.AuthenticatedAuthorizer@4df10c1f'
2015-02-02 13:21:24,596 INFO  de.twenty11.skysail.server.core.restlet.SkysailRouter - routing path '/clips/' -> 'de.twenty11.skysail.server.security.AuthenticatedAuthorizer@1c72de0f'
2015-02-02 13:21:24,596 INFO  de.twenty11.skysail.server.core.restlet.SkysailRouter - routing path '/clips/{id}' -> 'de.twenty11.skysail.server.security.AuthenticatedAuthorizer@2f96de72'
2015-02-02 13:21:24,596 INFO  de.twenty11.skysail.server.core.restlet.SkysailRouter - routing path '/clips/{id}/' -> 'de.twenty11.skysail.server.security.AuthenticatedAuthorizer@5aebf670'
2015-02-02 13:21:24,596 INFO  de.twenty11.skysail.server.core.restlet.SkysailRouter - routing path '/about' -> 'de.twenty11.skysail.server.security.AuthenticatedAuthorizer@70bf7124'
2015-02-02 13:21:24,597 DEBUG de.twenty11.skysail.server.app.SkysailApplication - creating blocker...
2015-02-02 13:21:24,597 DEBUG de.twenty11.skysail.server.app.SkysailApplication - creating tracer...
2015-02-02 13:21:24,597 DEBUG de.twenty11.skysail.server.app.SkysailApplication - creating original request filter...
2015-02-02 13:21:24,597 DEBUG de.twenty11.skysail.server.app.SkysailApplication - determining authentication service...
2015-02-02 13:21:24,597 DEBUG de.twenty11.skysail.server.app.SkysailApplication - setting authenticationGuard from authentication service
2015-02-02 13:21:24,598 DEBUG LogService - Processing request to: "http://localhost:2017/"
2015-02-02 13:21:24,599 WARN  d.t.skysail.server.core.osgi.internal.EventHelper - eventAdmin is null, cannot fire Event
2015-02-02 13:21:24,708 DEBUG org.apache.shiro.web.mgt.CookieRememberMeManager - SubjectContext argument is not an HTTP-aware instance.  This is required to obtain a servlet request and response in order to retrieve the rememberMe cookie. Returning immediately and ignoring rememberMe operation.
2015-02-02 13:21:24,709 INFO  d.t.s.s.security.shiro.restlet.ShiroDelegatingVerifier - login event for user 'admin'
2015-02-02 13:21:24,715 DEBUG org.apache.shiro.realm.AuthenticatingRealm - Looked up AuthenticationInfo [de.twenty11.skysail.server.security.shiro.SkysailAuthenticationInfo@dd4c022] from doGetAuthenticationInfo
2015-02-02 13:21:25,029 DEBUG org.apache.shiro.authc.AbstractAuthenticator - Authentication successful for token [org.apache.shiro.authc.UsernamePasswordToken - admin, rememberMe=false].  Returned account [de.twenty11.skysail.server.security.shiro.SkysailAuthenticationInfo@dd4c022]
2015-02-02 13:21:25,030 DEBUG org.apache.shiro.subject.support.DefaultSubjectContext - No SecurityManager available in subject context map.  Falling back to SecurityUtils.getSecurityManager() lookup.
2015-02-02 13:21:25,030 DEBUG org.apache.shiro.subject.support.DefaultSubjectContext - No SecurityManager available in subject context map.  Falling back to SecurityUtils.getSecurityManager() lookup.
2015-02-02 13:21:25,030 DEBUG org.apache.shiro.mgt.AbstractRememberMeManager - AuthenticationToken did not indicate RememberMe is requested.  RememberMe functionality will not be executed for corresponding account.
2015-02-02 13:21:25,030 INFO  d.t.s.s.security.shiro.restlet.ShiroDelegatingVerifier - login event for user 'admin' successful
2015-02-02 13:21:25,033 DEBUG o.r.S.InternalRouter.SkysailRootApplication - Authentication succeeded. Valid credentials provided for identifier: admin.
2015-02-02 13:21:25,034 DEBUG o.r.S.InternalRouter.SkysailRootApplication - The authentication succeeded for the identifer "admin" using the HTTP_Cookie scheme.
2015-02-02 13:21:25,039 DEBUG o.r.S.InternalRouter.SkysailRootApplication - Selected route: "/" -> Finder for DefaultResource
2015-02-02 13:21:25,039 DEBUG o.r.S.InternalRouter.SkysailRootApplication - New base URI: "http://localhost:2017/". No remaining part to match
2015-02-02 13:21:25,040 DEBUG de.twenty11.skysail.server.resources.DefaultResource - instanciation of DefaultResource
2015-02-02 13:21:25,050 DEBUG o.r.S.InternalRouter.SkysailRootApplication - Score of annotation "AnnotationInfo [javaMethod: public java.util.List de.twenty11.skysail.server.core.restlet.ListServerResource.getEntities(), resourceInterface: class de.twenty11.skysail.server.resources.DefaultResource, restletMethod: GET, input: html|json|csv|treeform, output: html|json|csv|treeform, query: null]"= 0.5
2015-02-02 13:21:25,050 DEBUG o.r.S.InternalRouter.SkysailRootApplication - Total score of variant "[text/html]"= 0.16666667
2015-02-02 13:21:25,050 DEBUG o.r.S.InternalRouter.SkysailRootApplication - Score of annotation "AnnotationInfo [javaMethod: public java.util.List de.twenty11.skysail.server.core.restlet.ListServerResource.getEntities(), resourceInterface: class de.twenty11.skysail.server.resources.DefaultResource, restletMethod: GET, input: html|json|csv|treeform, output: html|json|csv|treeform, query: null]"= 0.5
2015-02-02 13:21:25,050 DEBUG o.r.S.InternalRouter.SkysailRootApplication - Total score of variant "[application/json]"= 0.042416666
2015-02-02 13:21:25,050 DEBUG o.r.S.InternalRouter.SkysailRootApplication - Score of annotation "AnnotationInfo [javaMethod: public java.util.List de.twenty11.skysail.server.core.restlet.ListServerResource.getEntities(), resourceInterface: class de.twenty11.skysail.server.resources.DefaultResource, restletMethod: GET, input: html|json|csv|treeform, output: html|json|csv|treeform, query: null]"= 0.5
2015-02-02 13:21:25,050 DEBUG o.r.S.InternalRouter.SkysailRootApplication - Total score of variant "[text/csv]"= 0.042416666
2015-02-02 13:21:25,050 DEBUG o.r.S.InternalRouter.SkysailRootApplication - Score of annotation "AnnotationInfo [javaMethod: public java.util.List de.twenty11.skysail.server.core.restlet.ListServerResource.getEntities(), resourceInterface: class de.twenty11.skysail.server.resources.DefaultResource, restletMethod: GET, input: html|json|csv|treeform, output: html|json|csv|treeform, query: null]"= 0.5
2015-02-02 13:21:25,050 DEBUG o.r.S.InternalRouter.SkysailRootApplication - Total score of variant "[treeform/*]"= 0.041791666
2015-02-02 13:21:25,051 INFO  d.t.skysail.server.core.restlet.ListServerResource - Request entry point: DefaultResource @Get('html|json|csv|treeform')
2015-02-02 13:21:25,051 INFO  d.t.skysail.server.core.restlet.ListServerResource - calling getEntities, media types '[text/html:1.0, application/xhtml+xml:1.0, application/xml:0.9, image/webp:1.0, */*:0.8]'
2015-02-02 13:21:25,055 DEBUG d.t.s.s.core.restlet.filter.ExceptionCatchingFilter - entering ExceptionCatchingFilter#doHandle
2015-02-02 13:21:25,055 INFO  d.t.s.server.core.restlet.filter.AbstractResourceFilter - next filter in chain: AddApiVersionHeader
2015-02-02 13:21:25,055 INFO  d.t.s.server.core.restlet.filter.AbstractResourceFilter - next filter in chain: GetRequestPreFilterHook
2015-02-02 13:21:25,055 INFO  d.t.s.server.core.restlet.filter.AbstractResourceFilter - next filter in chain: AddRequestIdToResourceFilter
2015-02-02 13:21:25,056 INFO  d.t.s.server.core.restlet.filter.AbstractResourceFilter - next filter in chain: DataExtractingFilter
2015-02-02 13:21:25,057 DEBUG d.t.s.server.core.restlet.filter.DataExtractingFilter - entering DataExtractingFilter#doHandle
2015-02-02 13:21:25,057 INFO  d.t.s.server.core.restlet.filter.AbstractResourceFilter - next filter in chain: AddLinkheadersFilter
2015-02-02 13:21:25,057 INFO  d.t.s.server.core.restlet.filter.AbstractResourceFilter - next filter in chain: CheckFavoritesFilter
2015-02-02 13:21:25,057 INFO  d.t.s.server.core.restlet.filter.AbstractResourceFilter - next filter in chain: SetExecutionTimeInResponseFilter
2015-02-02 13:21:25,057 INFO  d.t.s.server.core.restlet.filter.AbstractResourceFilter - next filter in chain: RedirectFilter
2015-02-02 13:21:25,066 INFO  d.t.s.server.ext.converter.st.StringTemplateConverter - converter 'StringTemplateConverter' matched '{text/html=0.95, treeform/*=1.0}' with threshold 0.95
2015-02-02 13:21:25,067 DEBUG o.r.S.InternalRouter.SkysailRootApplication - Converter selected for EmptyList: StringTemplateConverter
2015-02-02 13:21:25,069 INFO  de.twenty11.skysail.server.app.SourceWrapper - using converter 'ListSourceHtmlConverter' for EmptyList-Source: []
2015-02-02 13:21:25,069 INFO  d.t.s.server.ext.converter.st.StringTemplateConverter - reading templates from resource path '/templates/text/html'
2015-02-02 13:21:46,132 WARN  o.r.S.InternalRouter.SkysailRootApplication - Unable to convert object [] to this representation variant: [text/html]
java.lang.NullPointerException: null
	at org.stringtemplate.v4.STGroupDir.<init>(STGroupDir.java:94) ~[na:na]
	at de.twenty11.skysail.server.ext.converter.st.STGroupBundleDir.<init>(STGroupBundleDir.java:35) ~[na:na]
	at de.twenty11.skysail.server.ext.converter.st.StringTemplateConverter.importTemplate(StringTemplateConverter.java:307) ~[na:na]
	at de.twenty11.skysail.server.ext.converter.st.StringTemplateConverter.createStGroup(StringTemplateConverter.java:295) ~[na:na]
	at de.twenty11.skysail.server.ext.converter.st.StringTemplateConverter.toRepresentation(StringTemplateConverter.java:184) ~[na:na]
	at org.restlet.service.ConverterService.toRepresentation(ConverterService.java:266) ~[org.restlet-2.1.7.jar:na]
	at org.restlet.resource.Resource.toRepresentation(Resource.java:851) [org.restlet-2.1.7.jar:na]
	at org.restlet.resource.ServerResource.doHandle(ServerResource.java:521) [org.restlet-2.1.7.jar:na]
	at org.restlet.resource.ServerResource.get(ServerResource.java:707) [org.restlet-2.1.7.jar:na]
	at org.restlet.resource.ServerResource.doHandle(ServerResource.java:589) [org.restlet-2.1.7.jar:na]
	at org.restlet.resource.ServerResource.doNegotiatedHandle(ServerResource.java:649) [org.restlet-2.1.7.jar:na]
	at org.restlet.resource.ServerResource.doConditionalHandle(ServerResource.java:348) [org.restlet-2.1.7.jar:na]
	at org.restlet.resource.ServerResource.handle(ServerResource.java:952) [org.restlet-2.1.7.jar:na]
	at org.restlet.resource.Finder.handle(Finder.java:246) [org.restlet-2.1.7.jar:na]
	at org.restlet.routing.Filter.doHandle(Filter.java:159) [org.restlet-2.1.7.jar:na]
	at org.restlet.routing.Filter.handle(Filter.java:206) [org.restlet-2.1.7.jar:na]
	at org.restlet.routing.Router.doHandle(Router.java:431) [org.restlet-2.1.7.jar:na]
	at org.restlet.routing.Router.handle(Router.java:648) [org.restlet-2.1.7.jar:na]
	at org.restlet.routing.Filter.doHandle(Filter.java:159) [org.restlet-2.1.7.jar:na]
	at org.restlet.routing.Filter.handle(Filter.java:206) [org.restlet-2.1.7.jar:na]
	at org.restlet.routing.Filter.doHandle(Filter.java:159) [org.restlet-2.1.7.jar:na]
	at org.restlet.routing.Filter.handle(Filter.java:206) [org.restlet-2.1.7.jar:na]
	at org.restlet.routing.Filter.doHandle(Filter.java:159) [org.restlet-2.1.7.jar:na]
	at org.restlet.routing.Filter.handle(Filter.java:206) [org.restlet-2.1.7.jar:na]
	at org.restlet.routing.Filter.doHandle(Filter.java:159) [org.restlet-2.1.7.jar:na]
	at org.restlet.routing.Filter.handle(Filter.java:206) [org.restlet-2.1.7.jar:na]
	at org.restlet.routing.Filter.doHandle(Filter.java:159) [org.restlet-2.1.7.jar:na]
	at org.restlet.routing.Filter.handle(Filter.java:206) [org.restlet-2.1.7.jar:na]
	at org.restlet.routing.Filter.doHandle(Filter.java:159) [org.restlet-2.1.7.jar:na]
	at org.restlet.routing.Filter.handle(Filter.java:206) [org.restlet-2.1.7.jar:na]
	at org.restlet.routing.Filter.doHandle(Filter.java:159) [org.restlet-2.1.7.jar:na]
	at org.restlet.engine.application.StatusFilter.doHandle(StatusFilter.java:155) [org.restlet-2.1.7.jar:na]
	at org.restlet.routing.Filter.handle(Filter.java:206) [org.restlet-2.1.7.jar:na]
	at org.restlet.routing.Filter.doHandle(Filter.java:159) [org.restlet-2.1.7.jar:na]
	at org.restlet.routing.Filter.handle(Filter.java:206) [org.restlet-2.1.7.jar:na]
	at org.restlet.engine.CompositeHelper.handle(CompositeHelper.java:211) [org.restlet-2.1.7.jar:na]
	at org.restlet.engine.application.ApplicationHelper.handle(ApplicationHelper.java:84) [org.restlet-2.1.7.jar:na]
	at org.restlet.Application.handle(Application.java:381) [org.restlet-2.1.7.jar:na]
	at org.restlet.routing.Filter.doHandle(Filter.java:159) [org.restlet-2.1.7.jar:na]
	at org.restlet.routing.Filter.handle(Filter.java:206) [org.restlet-2.1.7.jar:na]
	at org.restlet.routing.Router.doHandle(Router.java:431) [org.restlet-2.1.7.jar:na]
	at org.restlet.routing.Router.handle(Router.java:648) [org.restlet-2.1.7.jar:na]
	at org.restlet.routing.Filter.doHandle(Filter.java:159) [org.restlet-2.1.7.jar:na]
	at org.restlet.routing.Filter.handle(Filter.java:206) [org.restlet-2.1.7.jar:na]
	at org.restlet.routing.Router.doHandle(Router.java:431) [org.restlet-2.1.7.jar:na]
	at org.restlet.routing.Router.handle(Router.java:648) [org.restlet-2.1.7.jar:na]
	at org.restlet.routing.Filter.doHandle(Filter.java:159) [org.restlet-2.1.7.jar:na]
	at org.restlet.engine.application.StatusFilter.doHandle(StatusFilter.java:155) [org.restlet-2.1.7.jar:na]
	at org.restlet.routing.Filter.handle(Filter.java:206) [org.restlet-2.1.7.jar:na]
	at org.restlet.routing.Filter.doHandle(Filter.java:159) [org.restlet-2.1.7.jar:na]
	at org.restlet.routing.Filter.handle(Filter.java:206) [org.restlet-2.1.7.jar:na]
	at org.restlet.engine.CompositeHelper.handle(CompositeHelper.java:211) [org.restlet-2.1.7.jar:na]
	at org.restlet.Component.handle(Component.java:392) [org.restlet-2.1.7.jar:na]
	at org.restlet.Server.handle(Server.java:516) [org.restlet-2.1.7.jar:na]
	at org.restlet.engine.connector.ServerConnectionHelper.handle(ServerConnectionHelper.java:257) [org.restlet-2.1.7.jar:na]
	at org.restlet.engine.connector.ServerConnectionHelper.doHandleInbound(ServerConnectionHelper.java:186) [org.restlet-2.1.7.jar:na]
	at org.restlet.engine.connector.BaseHelper$2.run(BaseHelper.java:593) [org.restlet-2.1.7.jar:na]
	at java.util.concurrent.ThreadPoolExecutor.runWorker(Unknown Source) [na:1.8.0]
	at java.util.concurrent.ThreadPoolExecutor$Worker.run(Unknown Source) [na:1.8.0]
	at java.lang.Thread.run(Unknown Source) [na:1.8.0]
2015-02-02 13:21:46,133 DEBUG o.r.S.InternalRouter.SkysailRootApplication - A response with a 200 (Ok) status should have an entity. Changing the status to 204 (No content).
2015-02-02 13:21:46,134 INFO  LogService - 2015-02-02	13:21:46	0:0:0:0:0:0:0:1	admin	-	2017	GET	/	-	204	0	0	21535	http://localhost:2017	Mozilla/5.0 (Windows NT 6.1; WOW64) AppleWebKit/537.36 (KHTML, like Gecko) Chrome/40.0.2214.93 Safari/537.36	-
2015-02-02 13:21:46,135 DEBUG org.restlet - Writing message to /0:0:0:0:0:0:0:1:63977
2015-02-02 13:21:46,137 DEBUG org.restlet - HTTP/1.1 204 No Content
2015-02-02 13:21:46,143 DEBUG org.restlet - Date: Mon, 02 Feb 2015 12:21:46 GMT
2015-02-02 13:21:46,143 DEBUG org.restlet - Accept-Ranges: bytes
2015-02-02 13:21:46,143 DEBUG org.restlet - Server: Restlet-Framework/2.1.7
2015-02-02 13:21:46,143 DEBUG org.restlet - Vary: Accept-Charset, Accept-Encoding, Accept-Language, Accept
2015-02-02 13:21:46,143 DEBUG org.restlet - Set-Cookie: Credentials=zSnEWOrxDMhKxqCOgGqmnIgYUkXdY+cZ3Grd5q1E7bCOtW6fnmWqIbaChPIEV7eX; Path=/; HttpOnly
2015-02-02 13:21:46,143 DEBUG org.restlet - X-Duration: 460
2015-02-02 13:21:46,143 DEBUG org.restlet - Link: </clipboard>; rel="item"; title="Clipboard"; verbs="GET",</i18n>; rel="item"; title="I18N"; verbs="GET",</usermanagement>; rel="item"; title="Usermanagement"; verbs="GET",</_logout?targetUri=/>; rel="create-form"; title="Logout"; verbs="GET",</usermanagement/registrations/>; rel="create-form"; title="Register new User"; verbs="GET"
2015-02-02 13:21:46,143 DEBUG org.restlet - X-Api-Version: 1
2015-02-02 13:21:46,143 DEBUG org.restlet - Content-Length: 0
2015-02-02 13:21:46,143 DEBUG org.restlet - 
2015-02-02 13:21:48,483 DEBUG org.restlet - GET / HTTP/1.1
2015-02-02 13:21:48,483 DEBUG org.restlet - Reading message from /0:0:0:0:0:0:0:1:63977
2015-02-02 13:21:48,483 DEBUG org.restlet - Host: localhost:2017
2015-02-02 13:21:48,483 DEBUG org.restlet - Connection: keep-alive
2015-02-02 13:21:48,483 DEBUG org.restlet - Cache-Control: max-age=0
2015-02-02 13:21:48,484 DEBUG org.restlet - Accept: text/html,application/xhtml+xml,application/xml;q=0.9,image/webp,*/*;q=0.8
2015-02-02 13:21:48,484 DEBUG org.restlet - User-Agent: Mozilla/5.0 (Windows NT 6.1; WOW64) AppleWebKit/537.36 (KHTML, like Gecko) Chrome/40.0.2214.93 Safari/537.36
2015-02-02 13:21:48,484 DEBUG org.restlet - Accept-Encoding: gzip, deflate, sdch
2015-02-02 13:21:48,484 DEBUG org.restlet - Accept-Language: de-DE,de;q=0.8,en-US;q=0.6,en;q=0.4
2015-02-02 13:21:48,484 DEBUG org.restlet - Cookie: favorites=|||||; mainpage=; _ga=GA1.1.799266506.1421682008; template=debug; inspect=off; Credentials=zSnEWOrxDMhKxqCOgGqmnIgYUkXdY+cZ3Grd5q1E7bCOtW6fnmWqIbaChPIEV7eX
2015-02-02 13:21:48,484 DEBUG org.restlet - 
2015-02-02 13:21:48,484 DEBUG org.restlet.SkysailComponent.LogFilter - HttpInboundRequest::setHeaders, IPv4 hostDomain: localhost, hostPort: 2017
2015-02-02 13:21:48,484 DEBUG LogService - Processing request to: "http://localhost:2017/"
2015-02-02 13:21:48,484 WARN  d.t.skysail.server.core.osgi.internal.EventHelper - eventAdmin is null, cannot fire Event
2015-02-02 13:21:48,485 DEBUG org.apache.shiro.web.mgt.CookieRememberMeManager - SubjectContext argument is not an HTTP-aware instance.  This is required to obtain a servlet request and response in order to retrieve the rememberMe cookie. Returning immediately and ignoring rememberMe operation.
2015-02-02 13:21:48,485 INFO  d.t.s.s.security.shiro.restlet.ShiroDelegatingVerifier - login event for user 'admin'
2015-02-02 13:21:48,485 DEBUG org.apache.shiro.realm.AuthenticatingRealm - Using cached authentication info [de.twenty11.skysail.server.security.shiro.SkysailAuthenticationInfo@dd4c022] to perform credentials matching.
2015-02-02 13:21:48,796 DEBUG org.apache.shiro.authc.AbstractAuthenticator - Authentication successful for token [org.apache.shiro.authc.UsernamePasswordToken - admin, rememberMe=false].  Returned account [de.twenty11.skysail.server.security.shiro.SkysailAuthenticationInfo@dd4c022]
2015-02-02 13:21:48,796 DEBUG org.apache.shiro.subject.support.DefaultSubjectContext - No SecurityManager available in subject context map.  Falling back to SecurityUtils.getSecurityManager() lookup.
2015-02-02 13:21:48,796 DEBUG org.apache.shiro.subject.support.DefaultSubjectContext - No SecurityManager available in subject context map.  Falling back to SecurityUtils.getSecurityManager() lookup.
2015-02-02 13:21:48,796 DEBUG org.apache.shiro.mgt.AbstractRememberMeManager - AuthenticationToken did not indicate RememberMe is requested.  RememberMe functionality will not be executed for corresponding account.
2015-02-02 13:21:48,796 INFO  d.t.s.s.security.shiro.restlet.ShiroDelegatingVerifier - login event for user 'admin' successful
2015-02-02 13:21:48,797 DEBUG o.r.S.InternalRouter.SkysailRootApplication - Authentication succeeded. Valid credentials provided for identifier: admin.
2015-02-02 13:21:48,797 DEBUG o.r.S.InternalRouter.SkysailRootApplication - The authentication succeeded for the identifer "admin" using the HTTP_Cookie scheme.
2015-02-02 13:21:48,799 DEBUG o.r.S.InternalRouter.SkysailRootApplication - Selected route: "/" -> Finder for DefaultResource
2015-02-02 13:21:48,799 DEBUG o.r.S.InternalRouter.SkysailRootApplication - New base URI: "http://localhost:2017/". No remaining part to match
2015-02-02 13:21:48,799 DEBUG de.twenty11.skysail.server.resources.DefaultResource - instanciation of DefaultResource
2015-02-02 13:21:48,799 DEBUG o.r.S.InternalRouter.SkysailRootApplication - Score of annotation "AnnotationInfo [javaMethod: public java.util.List de.twenty11.skysail.server.core.restlet.ListServerResource.getEntities(), resourceInterface: class de.twenty11.skysail.server.resources.DefaultResource, restletMethod: GET, input: html|json|csv|treeform, output: html|json|csv|treeform, query: null]"= 0.5
2015-02-02 13:21:48,799 DEBUG o.r.S.InternalRouter.SkysailRootApplication - Total score of variant "[text/html]"= 0.16666667
2015-02-02 13:21:48,799 DEBUG o.r.S.InternalRouter.SkysailRootApplication - Score of annotation "AnnotationInfo [javaMethod: public java.util.List de.twenty11.skysail.server.core.restlet.ListServerResource.getEntities(), resourceInterface: class de.twenty11.skysail.server.resources.DefaultResource, restletMethod: GET, input: html|json|csv|treeform, output: html|json|csv|treeform, query: null]"= 0.5
2015-02-02 13:21:48,799 DEBUG o.r.S.InternalRouter.SkysailRootApplication - Total score of variant "[application/json]"= 0.042416666
2015-02-02 13:21:48,799 DEBUG o.r.S.InternalRouter.SkysailRootApplication - Score of annotation "AnnotationInfo [javaMethod: public java.util.List de.twenty11.skysail.server.core.restlet.ListServerResource.getEntities(), resourceInterface: class de.twenty11.skysail.server.resources.DefaultResource, restletMethod: GET, input: html|json|csv|treeform, output: html|json|csv|treeform, query: null]"= 0.5
2015-02-02 13:21:48,800 DEBUG o.r.S.InternalRouter.SkysailRootApplication - Total score of variant "[text/csv]"= 0.042416666
2015-02-02 13:21:48,800 DEBUG o.r.S.InternalRouter.SkysailRootApplication - Score of annotation "AnnotationInfo [javaMethod: public java.util.List de.twenty11.skysail.server.core.restlet.ListServerResource.getEntities(), resourceInterface: class de.twenty11.skysail.server.resources.DefaultResource, restletMethod: GET, input: html|json|csv|treeform, output: html|json|csv|treeform, query: null]"= 0.5
2015-02-02 13:21:48,800 DEBUG o.r.S.InternalRouter.SkysailRootApplication - Total score of variant "[treeform/*]"= 0.041791666
2015-02-02 13:21:48,800 INFO  d.t.skysail.server.core.restlet.ListServerResource - Request entry point: DefaultResource @Get('html|json|csv|treeform')
2015-02-02 13:21:48,800 INFO  d.t.skysail.server.core.restlet.ListServerResource - calling getEntities, media types '[text/html:1.0, application/xhtml+xml:1.0, application/xml:0.9, image/webp:1.0, */*:0.8]'
2015-02-02 13:21:48,800 DEBUG d.t.s.s.core.restlet.filter.ExceptionCatchingFilter - entering ExceptionCatchingFilter#doHandle
2015-02-02 13:21:48,800 INFO  d.t.s.server.core.restlet.filter.AbstractResourceFilter - next filter in chain: AddApiVersionHeader
2015-02-02 13:21:48,800 INFO  d.t.s.server.core.restlet.filter.AbstractResourceFilter - next filter in chain: GetRequestPreFilterHook
2015-02-02 13:21:48,800 INFO  d.t.s.server.core.restlet.filter.AbstractResourceFilter - next filter in chain: AddRequestIdToResourceFilter
2015-02-02 13:21:48,800 INFO  d.t.s.server.core.restlet.filter.AbstractResourceFilter - next filter in chain: DataExtractingFilter
2015-02-02 13:21:48,800 DEBUG d.t.s.server.core.restlet.filter.DataExtractingFilter - entering DataExtractingFilter#doHandle
2015-02-02 13:21:48,800 INFO  d.t.s.server.core.restlet.filter.AbstractResourceFilter - next filter in chain: AddLinkheadersFilter
2015-02-02 13:21:48,800 INFO  d.t.s.server.core.restlet.filter.AbstractResourceFilter - next filter in chain: CheckFavoritesFilter
2015-02-02 13:21:48,800 INFO  d.t.s.server.core.restlet.filter.AbstractResourceFilter - next filter in chain: SetExecutionTimeInResponseFilter
2015-02-02 13:21:48,800 INFO  d.t.s.server.core.restlet.filter.AbstractResourceFilter - next filter in chain: RedirectFilter
2015-02-02 13:21:48,801 INFO  d.t.s.server.ext.converter.st.StringTemplateConverter - converter 'StringTemplateConverter' matched '{text/html=0.95, treeform/*=1.0}' with threshold 0.95
2015-02-02 13:21:48,801 DEBUG o.r.S.InternalRouter.SkysailRootApplication - Converter selected for EmptyList: StringTemplateConverter
2015-02-02 13:21:48,801 INFO  de.twenty11.skysail.server.app.SourceWrapper - using converter 'ListSourceHtmlConverter' for EmptyList-Source: []
2015-02-02 13:21:48,801 INFO  d.t.s.server.ext.converter.st.StringTemplateConverter - reading templates from resource path '/templates/text/html'
2015-02-02 13:21:59,491 WARN  o.r.S.InternalRouter.SkysailRootApplication - Unable to convert object [] to this representation variant: [text/html]
java.lang.NullPointerException: null
	at org.stringtemplate.v4.STGroupDir.<init>(STGroupDir.java:94) ~[na:na]
	at de.twenty11.skysail.server.ext.converter.st.STGroupBundleDir.<init>(STGroupBundleDir.java:35) ~[na:na]
	at de.twenty11.skysail.server.ext.converter.st.StringTemplateConverter.importTemplate(StringTemplateConverter.java:307) ~[na:na]
	at de.twenty11.skysail.server.ext.converter.st.StringTemplateConverter.createStGroup(StringTemplateConverter.java:295) ~[na:na]
	at de.twenty11.skysail.server.ext.converter.st.StringTemplateConverter.toRepresentation(StringTemplateConverter.java:184) ~[na:na]
	at org.restlet.service.ConverterService.toRepresentation(ConverterService.java:266) ~[org.restlet-2.1.7.jar:na]
	at org.restlet.resource.Resource.toRepresentation(Resource.java:851) [org.restlet-2.1.7.jar:na]
	at org.restlet.resource.ServerResource.doHandle(ServerResource.java:521) [org.restlet-2.1.7.jar:na]
	at org.restlet.resource.ServerResource.get(ServerResource.java:707) [org.restlet-2.1.7.jar:na]
	at org.restlet.resource.ServerResource.doHandle(ServerResource.java:589) [org.restlet-2.1.7.jar:na]
	at org.restlet.resource.ServerResource.doNegotiatedHandle(ServerResource.java:649) [org.restlet-2.1.7.jar:na]
	at org.restlet.resource.ServerResource.doConditionalHandle(ServerResource.java:348) [org.restlet-2.1.7.jar:na]
	at org.restlet.resource.ServerResource.handle(ServerResource.java:952) [org.restlet-2.1.7.jar:na]
	at org.restlet.resource.Finder.handle(Finder.java:246) [org.restlet-2.1.7.jar:na]
	at org.restlet.routing.Filter.doHandle(Filter.java:159) [org.restlet-2.1.7.jar:na]
	at org.restlet.routing.Filter.handle(Filter.java:206) [org.restlet-2.1.7.jar:na]
	at org.restlet.routing.Router.doHandle(Router.java:431) [org.restlet-2.1.7.jar:na]
	at org.restlet.routing.Router.handle(Router.java:648) [org.restlet-2.1.7.jar:na]
	at org.restlet.routing.Filter.doHandle(Filter.java:159) [org.restlet-2.1.7.jar:na]
	at org.restlet.routing.Filter.handle(Filter.java:206) [org.restlet-2.1.7.jar:na]
	at org.restlet.routing.Filter.doHandle(Filter.java:159) [org.restlet-2.1.7.jar:na]
	at org.restlet.routing.Filter.handle(Filter.java:206) [org.restlet-2.1.7.jar:na]
	at org.restlet.routing.Filter.doHandle(Filter.java:159) [org.restlet-2.1.7.jar:na]
	at org.restlet.routing.Filter.handle(Filter.java:206) [org.restlet-2.1.7.jar:na]
	at org.restlet.routing.Filter.doHandle(Filter.java:159) [org.restlet-2.1.7.jar:na]
	at org.restlet.routing.Filter.handle(Filter.java:206) [org.restlet-2.1.7.jar:na]
	at org.restlet.routing.Filter.doHandle(Filter.java:159) [org.restlet-2.1.7.jar:na]
	at org.restlet.routing.Filter.handle(Filter.java:206) [org.restlet-2.1.7.jar:na]
	at org.restlet.routing.Filter.doHandle(Filter.java:159) [org.restlet-2.1.7.jar:na]
	at org.restlet.routing.Filter.handle(Filter.java:206) [org.restlet-2.1.7.jar:na]
	at org.restlet.routing.Filter.doHandle(Filter.java:159) [org.restlet-2.1.7.jar:na]
	at org.restlet.engine.application.StatusFilter.doHandle(StatusFilter.java:155) [org.restlet-2.1.7.jar:na]
	at org.restlet.routing.Filter.handle(Filter.java:206) [org.restlet-2.1.7.jar:na]
	at org.restlet.routing.Filter.doHandle(Filter.java:159) [org.restlet-2.1.7.jar:na]
	at org.restlet.routing.Filter.handle(Filter.java:206) [org.restlet-2.1.7.jar:na]
	at org.restlet.engine.CompositeHelper.handle(CompositeHelper.java:211) [org.restlet-2.1.7.jar:na]
	at org.restlet.engine.application.ApplicationHelper.handle(ApplicationHelper.java:84) [org.restlet-2.1.7.jar:na]
	at org.restlet.Application.handle(Application.java:381) [org.restlet-2.1.7.jar:na]
	at org.restlet.routing.Filter.doHandle(Filter.java:159) [org.restlet-2.1.7.jar:na]
	at org.restlet.routing.Filter.handle(Filter.java:206) [org.restlet-2.1.7.jar:na]
	at org.restlet.routing.Router.doHandle(Router.java:431) [org.restlet-2.1.7.jar:na]
	at org.restlet.routing.Router.handle(Router.java:648) [org.restlet-2.1.7.jar:na]
	at org.restlet.routing.Filter.doHandle(Filter.java:159) [org.restlet-2.1.7.jar:na]
	at org.restlet.routing.Filter.handle(Filter.java:206) [org.restlet-2.1.7.jar:na]
	at org.restlet.routing.Router.doHandle(Router.java:431) [org.restlet-2.1.7.jar:na]
	at org.restlet.routing.Router.handle(Router.java:648) [org.restlet-2.1.7.jar:na]
	at org.restlet.routing.Filter.doHandle(Filter.java:159) [org.restlet-2.1.7.jar:na]
	at org.restlet.engine.application.StatusFilter.doHandle(StatusFilter.java:155) [org.restlet-2.1.7.jar:na]
	at org.restlet.routing.Filter.handle(Filter.java:206) [org.restlet-2.1.7.jar:na]
	at org.restlet.routing.Filter.doHandle(Filter.java:159) [org.restlet-2.1.7.jar:na]
	at org.restlet.routing.Filter.handle(Filter.java:206) [org.restlet-2.1.7.jar:na]
	at org.restlet.engine.CompositeHelper.handle(CompositeHelper.java:211) [org.restlet-2.1.7.jar:na]
	at org.restlet.Component.handle(Component.java:392) [org.restlet-2.1.7.jar:na]
	at org.restlet.Server.handle(Server.java:516) [org.restlet-2.1.7.jar:na]
	at org.restlet.engine.connector.ServerConnectionHelper.handle(ServerConnectionHelper.java:257) [org.restlet-2.1.7.jar:na]
	at org.restlet.engine.connector.ServerConnectionHelper.doHandleInbound(ServerConnectionHelper.java:186) [org.restlet-2.1.7.jar:na]
	at org.restlet.engine.connector.BaseHelper$2.run(BaseHelper.java:593) [org.restlet-2.1.7.jar:na]
	at java.util.concurrent.ThreadPoolExecutor.runWorker(Unknown Source) [na:1.8.0]
	at java.util.concurrent.ThreadPoolExecutor$Worker.run(Unknown Source) [na:1.8.0]
	at java.lang.Thread.run(Unknown Source) [na:1.8.0]
2015-02-02 13:21:59,493 DEBUG o.r.S.InternalRouter.SkysailRootApplication - A response with a 200 (Ok) status should have an entity. Changing the status to 204 (No content).
2015-02-02 13:21:59,494 INFO  LogService - 2015-02-02	13:21:59	0:0:0:0:0:0:0:1	admin	-	2017	GET	/	-	204	0	0	11009	http://localhost:2017	Mozilla/5.0 (Windows NT 6.1; WOW64) AppleWebKit/537.36 (KHTML, like Gecko) Chrome/40.0.2214.93 Safari/537.36	-
2015-02-02 13:21:59,494 DEBUG org.restlet - Writing message to /0:0:0:0:0:0:0:1:63977
2015-02-02 13:21:59,494 DEBUG org.restlet - HTTP/1.1 204 No Content
2015-02-02 13:21:59,495 DEBUG org.restlet - Date: Mon, 02 Feb 2015 12:21:59 GMT
2015-02-02 13:21:59,495 DEBUG org.restlet - Accept-Ranges: bytes
2015-02-02 13:21:59,495 DEBUG org.restlet - Server: Restlet-Framework/2.1.7
2015-02-02 13:21:59,495 DEBUG org.restlet - Vary: Accept-Charset, Accept-Encoding, Accept-Language, Accept
2015-02-02 13:21:59,496 DEBUG org.restlet - Set-Cookie: Credentials=C0SfPAtz1bx8s6RS/gP1jIgYUkXdY+cZ3Grd5q1E7bCOtW6fnmWqIbaChPIEV7eX; Path=/; HttpOnly
2015-02-02 13:21:59,496 DEBUG org.restlet - X-Duration: 316
2015-02-02 13:21:59,496 DEBUG org.restlet - Link: </clipboard>; rel="item"; title="Clipboard"; verbs="GET",</i18n>; rel="item"; title="I18N"; verbs="GET",</usermanagement>; rel="item"; title="Usermanagement"; verbs="GET",</_logout?targetUri=/>; rel="create-form"; title="Logout"; verbs="GET",</usermanagement/registrations/>; rel="create-form"; title="Register new User"; verbs="GET"
2015-02-02 13:21:59,496 DEBUG org.restlet - X-Api-Version: 1
2015-02-02 13:21:59,496 DEBUG org.restlet - Content-Length: 0
2015-02-02 13:21:59,496 DEBUG org.restlet - 
2015-02-02 13:22:59,499 DEBUG org.restlet - Closing server connection with "/0:0:0:0:0:0:0:1:63977" due to lack of activity during 60000 ms
2015-02-02 13:22:59,499 DEBUG org.restlet - Connection to /0:0:0:0:0:0:0:1:63977 is now closed
