INFO  de.twenty11.skysail.server.app.SkysailApplication - Instanciating new Skysail Application 'SkysailWebsiteApplication'
INFO  de.twenty11.skysail.server.app.SkysailApplication - Activating Application de.twenty11.skysail.products.website.SkysailWebsiteApplication
INFO  de.twenty11.skysail.server.app.ApplicationList - ======================================================
INFO  de.twenty11.skysail.server.app.ApplicationList - Adding application 'website'
INFO  de.twenty11.skysail.server.app.ApplicationList - ======================================================
INFO  d.t.skysail.server.core.restlet.SkysailConverterHelper - initializing new converter 'ServerSentEventsConverter' with typesMatch '{text/event-stream=1.0}'
INFO  io.skysail.server.db.DbConfigurations - activating DbConfigurations with config DbConfig(name=skysail, driver=, url=memory:website, username=)
INFO  de.twenty11.skysail.server.app.SkysailApplication - Instanciating new Skysail Application 'I18nApplication'
INFO  de.twenty11.skysail.server.app.SkysailApplication - Activating Application de.twenty11.skysail.server.app.i18n.I18nApplication
INFO  de.twenty11.skysail.server.app.ApplicationList - ======================================================
INFO  de.twenty11.skysail.server.app.ApplicationList - Adding application 'i18n'
INFO  de.twenty11.skysail.server.app.ApplicationList - ======================================================
INFO  d.t.skysail.server.ext.converter.st.NoopConverter - de.twenty11.skysail.server.ext.converter.st.NoopConverter activated
INFO  de.twenty11.skysail.server.app.SkysailApplication - Instanciating new Skysail Application 'WebappApplication'
INFO  de.twenty11.skysail.server.app.SkysailApplication - Activating Application de.twenty11.skysail.server.ext.converter.st.WebappApplication
INFO  de.twenty11.skysail.server.app.ApplicationList - ======================================================
INFO  de.twenty11.skysail.server.app.ApplicationList - Adding application 'webapp'
INFO  de.twenty11.skysail.server.app.ApplicationList - ======================================================
INFO  de.twenty11.skysail.server.http.HttpServer - Activating de.twenty11.skysail.server.http.HttpServer
INFO  de.twenty11.skysail.server.SkysailComponent - Creating Restlet Component: de.twenty11.skysail.server.SkysailComponent
INFO  de.twenty11.skysail.server.http.HttpServer - 
INFO  de.twenty11.skysail.server.http.HttpServer - ====================================
INFO  de.twenty11.skysail.server.http.HttpServer - Starting skysail server on port 2017
INFO  de.twenty11.skysail.server.http.HttpServer - ====================================
INFO  de.twenty11.skysail.server.http.HttpServer - 
INFO  org.restlet - Starting the internal [HTTP/1.1] server on port 2017
INFO  de.twenty11.skysail.server.security.shiro.ShiroServices - creating new SkysailAuthorizingRealm...
INFO  de.twenty11.skysail.server.security.shiro.ShiroServices - Setting new SkysailWebSecurityManager as Shiros SecurityManager
INFO  de.twenty11.skysail.server.http.SwarmClient - checking 'peers' configuration to connect to swarm servers...
INFO  d.t.s.s.s.shiro.session.mgt.SkysailWebSessionManager - creating new SkysailWebSessionManager
INFO  de.twenty11.skysail.server.app.SkysailApplication - Instanciating new Skysail Application 'WebappApplication'
INFO  de.twenty11.skysail.server.app.SkysailApplication - Activating Application de.twenty11.skysail.server.webapp.internal.WebappApplication
INFO  de.twenty11.skysail.server.app.ApplicationList - ======================================================
INFO  de.twenty11.skysail.server.app.ApplicationList - Adding application 'static'
INFO  de.twenty11.skysail.server.app.ApplicationList - ======================================================
INFO  de.twenty11.skysail.server.app.SkysailApplication - Instanciating new Skysail Application 'UserManagementApplication'
INFO  d.t.s.server.um.internal.UserManagementApplication - instanciating new UserManagementApplication #1835713430
INFO  d.t.s.server.um.internal.UserManagementApplication - setting ServiceListProvider to de.twenty11.skysail.server.app.ServiceList@2d83c5a5
INFO  de.twenty11.skysail.server.app.SkysailApplication - Activating Application de.twenty11.skysail.server.um.internal.UserManagementApplication
INFO  de.twenty11.skysail.server.app.ApplicationList - ======================================================
INFO  de.twenty11.skysail.server.app.ApplicationList - Adding application 'usermanagement'
INFO  de.twenty11.skysail.server.app.ApplicationList - ======================================================
INFO  de.twenty11.skysail.server.app.SkysailApplication - Instanciating new Skysail Application 'SkysailRootApplication'
INFO  de.twenty11.skysail.server.app.ApplicationList - ======================================================
INFO  de.twenty11.skysail.server.app.ApplicationList - Adding application 'root'
INFO  de.twenty11.skysail.server.app.ApplicationList - ======================================================
INFO  de.twenty11.skysail.server.app.SkysailApplication - Instanciating new Skysail Application 'ClipboardApplication'
INFO  de.twenty11.skysail.server.app.SkysailApplication - Activating Application de.twenty11.skysail.server.app.clipboard.ClipboardApplication
INFO  de.twenty11.skysail.server.app.ApplicationList - ======================================================
INFO  de.twenty11.skysail.server.app.ApplicationList - Adding application 'clipboard'
INFO  de.twenty11.skysail.server.app.ApplicationList - ======================================================
INFO  de.twenty11.skysail.server.core.restlet.SkysailRouter - routing path '' -> Restlet 'Class'
WARN  de.twenty11.skysail.server.core.restlet.SkysailRouter - please use a RouteBuilder to attach this resource: class de.twenty11.skysail.products.website.WebsiteRootResource
INFO  de.twenty11.skysail.server.app.SkysailApplication - creating new Router in de.twenty11.skysail.server.app.i18n.I18nApplication
INFO  de.twenty11.skysail.server.app.SkysailApplication - adding extensions to metadata service
INFO  de.twenty11.skysail.server.app.SkysailApplication - adding protocols
INFO  de.twenty11.skysail.server.core.restlet.SkysailRouter - routing path '' -> 'de.twenty11.skysail.server.security.AuthenticatedAuthorizer@49374cb7'
INFO  de.twenty11.skysail.server.core.restlet.SkysailRouter - routing path '/messages/' -> 'de.twenty11.skysail.server.security.AuthenticatedAuthorizer@1a033493'
INFO  de.twenty11.skysail.server.core.restlet.SkysailRouter - routing path '/messages/{key}' -> 'de.twenty11.skysail.server.security.AuthenticatedAuthorizer@57bb9549'
INFO  de.twenty11.skysail.server.core.restlet.SkysailRouter - routing path '/messages/{key}/' -> 'de.twenty11.skysail.server.security.AuthenticatedAuthorizer@2481c762'
INFO  de.twenty11.skysail.server.app.SkysailApplication - creating new Router in de.twenty11.skysail.server.um.internal.UserManagementApplication
INFO  de.twenty11.skysail.server.app.SkysailApplication - adding extensions to metadata service
INFO  de.twenty11.skysail.server.app.SkysailApplication - adding protocols
INFO  d.t.s.server.um.internal.UserManagementApplication - attaching routes to UserManagementApplication #1835713430
INFO  de.twenty11.skysail.server.core.restlet.SkysailRouter - routing path '' -> 'de.twenty11.skysail.server.security.AuthenticatedAuthorizer@3b4af1ee'
INFO  de.twenty11.skysail.server.core.restlet.SkysailRouter - routing path '/' -> 'de.twenty11.skysail.server.security.AuthenticatedAuthorizer@33d7afbf'
INFO  de.twenty11.skysail.server.core.restlet.SkysailRouter - routing path '/about' -> 'de.twenty11.skysail.server.security.AuthenticatedAuthorizer@62a1200c'
INFO  de.twenty11.skysail.server.core.restlet.SkysailRouter - routing path '/api' -> 'de.twenty11.skysail.server.security.AuthenticatedAuthorizer@6dca0241'
INFO  de.twenty11.skysail.server.core.restlet.SkysailRouter - routing path '/entities' -> 'de.twenty11.skysail.server.security.AuthenticatedAuthorizer@7ab5df27'
INFO  de.twenty11.skysail.server.core.restlet.SkysailRouter - routing path '/entities/{name}' -> 'de.twenty11.skysail.server.security.AuthenticatedAuthorizer@6f96735e'
INFO  de.twenty11.skysail.server.core.restlet.SkysailRouter - routing path '/roles' -> 'de.twenty11.skysail.server.security.AuthenticatedAuthorizer@6c1b8711'
INFO  de.twenty11.skysail.server.core.restlet.SkysailRouter - routing path '/currentUser' -> Restlet 'Class'
WARN  de.twenty11.skysail.server.core.restlet.SkysailRouter - please use a RouteBuilder to attach this resource: class de.twenty11.skysail.server.um.internal.users.CurrentUserResource
INFO  de.twenty11.skysail.server.core.restlet.SkysailRouter - routing path '/users' -> 'de.twenty11.skysail.server.security.AuthenticatedAuthorizer@5618d029'
INFO  de.twenty11.skysail.server.core.restlet.SkysailRouter - routing path '/users/' -> 'de.twenty11.skysail.server.security.AuthenticatedAuthorizer@1c578ff2'
INFO  de.twenty11.skysail.server.core.restlet.SkysailRouter - routing path '/users/{username}' -> 'de.twenty11.skysail.server.security.AuthenticatedAuthorizer@5a22aefe'
INFO  de.twenty11.skysail.server.core.restlet.SkysailRouter - routing path '/users/{id}/' -> 'de.twenty11.skysail.server.security.AuthenticatedAuthorizer@b6a61b6'
INFO  de.twenty11.skysail.server.core.restlet.SkysailRouter - routing path '/users/{username}/groups' -> 'de.twenty11.skysail.server.security.AuthenticatedAuthorizer@b2a4c5d'
INFO  de.twenty11.skysail.server.core.restlet.SkysailRouter - routing path '/users/{username}/password/' -> 'de.twenty11.skysail.server.security.AuthenticatedAuthorizer@308b6cb6'
INFO  de.twenty11.skysail.server.core.restlet.SkysailRouter - routing path '/groups' -> 'de.twenty11.skysail.server.security.AuthenticatedAuthorizer@63682aff'
INFO  de.twenty11.skysail.server.core.restlet.SkysailRouter - routing path '/groups/' -> 'de.twenty11.skysail.server.security.AuthenticatedAuthorizer@5f2d9dda'
INFO  de.twenty11.skysail.server.core.restlet.SkysailRouter - routing path '/groups/{group}' -> 'de.twenty11.skysail.server.security.AuthenticatedAuthorizer@48a115c8'
INFO  de.twenty11.skysail.server.core.restlet.SkysailRouter - routing path '/registrations' -> 'de.twenty11.skysail.server.security.AuthenticatedAuthorizer@19e333db'
INFO  de.twenty11.skysail.server.core.restlet.SkysailRouter - routing path '/registrations/' -> Restlet 'Class'
WARN  de.twenty11.skysail.server.core.restlet.SkysailRouter - please use a RouteBuilder to attach this resource: class de.twenty11.skysail.server.um.internal.registration.PostRegistrationResource
INFO  de.twenty11.skysail.server.core.restlet.SkysailRouter - routing path '/registrationsAdmin/{id}' -> 'de.twenty11.skysail.server.security.AuthenticatedAuthorizer@34041ea3'
INFO  de.twenty11.skysail.server.core.restlet.SkysailRouter - routing path '/registrationsAdmin/{id}/' -> 'de.twenty11.skysail.server.security.AuthenticatedAuthorizer@2530a27a'
INFO  de.twenty11.skysail.server.core.restlet.SkysailRouter - routing path '/registrations/{registrationId}' -> Restlet 'ConfirmationRedirector'
INFO  de.twenty11.skysail.server.core.restlet.SkysailRouter - routing path '/registrations/{registrationId}/confirmation/' -> Restlet 'Class'
WARN  de.twenty11.skysail.server.core.restlet.SkysailRouter - please use a RouteBuilder to attach this resource: class de.twenty11.skysail.server.um.internal.registration.PostConfirmationResource
INFO  de.twenty11.skysail.server.app.SkysailApplication - creating new Router in de.twenty11.skysail.server.app.SkysailRootApplication
INFO  de.twenty11.skysail.server.app.SkysailApplication - adding extensions to metadata service
INFO  de.twenty11.skysail.server.app.SkysailApplication - adding protocols
INFO  de.twenty11.skysail.server.core.restlet.SkysailRouter - routing path '/' -> Restlet 'Class'
WARN  de.twenty11.skysail.server.core.restlet.SkysailRouter - please use a RouteBuilder to attach this resource: class de.twenty11.skysail.server.resources.DefaultResource
INFO  de.twenty11.skysail.server.core.restlet.SkysailRouter - routing path '/_login' -> Restlet 'Class'
WARN  de.twenty11.skysail.server.core.restlet.SkysailRouter - please use a RouteBuilder to attach this resource: class de.twenty11.skysail.server.resources.LoginResource
INFO  de.twenty11.skysail.server.core.restlet.SkysailRouter - routing path '/_version' -> 'de.twenty11.skysail.server.security.AuthenticatedAuthorizer@440a8956'
INFO  de.twenty11.skysail.server.core.restlet.SkysailRouter - routing path '/_name' -> 'de.twenty11.skysail.server.security.AuthenticatedAuthorizer@59812a75'
INFO  de.twenty11.skysail.server.core.restlet.SkysailRouter - routing path '/_about' -> Restlet 'Class'
WARN  de.twenty11.skysail.server.core.restlet.SkysailRouter - please use a RouteBuilder to attach this resource: class de.twenty11.skysail.server.resources.AboutResource
INFO  de.twenty11.skysail.server.core.restlet.SkysailRouter - routing path '/_profile' -> 'de.twenty11.skysail.server.security.AuthenticatedAuthorizer@56a33477'
INFO  de.twenty11.skysail.server.core.restlet.SkysailRouter - routing path '/_profile/password/' -> 'de.twenty11.skysail.server.security.AuthenticatedAuthorizer@559483db'
INFO  de.twenty11.skysail.server.core.restlet.SkysailRouter - routing path '/_largetests' -> 'de.twenty11.skysail.server.security.AuthenticatedAuthorizer@13fedab0'
INFO  de.twenty11.skysail.server.core.restlet.SkysailRouter - routing path '/_largetests/{id}' -> 'de.twenty11.skysail.server.security.AuthenticatedAuthorizer@4a77f8e5'
INFO  de.twenty11.skysail.server.core.restlet.SkysailRouter - routing path '/_iframe' -> 'de.twenty11.skysail.server.security.AuthenticatedAuthorizer@5096026d'
INFO  de.twenty11.skysail.server.app.SkysailApplication - creating new Router in de.twenty11.skysail.server.app.clipboard.ClipboardApplication
INFO  de.twenty11.skysail.server.app.SkysailApplication - adding extensions to metadata service
INFO  de.twenty11.skysail.server.app.SkysailApplication - adding protocols
INFO  de.twenty11.skysail.server.core.restlet.SkysailRouter - routing path '/docs/api' -> 'de.twenty11.skysail.server.security.AuthenticatedAuthorizer@7eaaa994'
INFO  de.twenty11.skysail.server.core.restlet.SkysailRouter - routing path '/docs/entities/{name}' -> 'de.twenty11.skysail.server.security.AuthenticatedAuthorizer@4a626f51'
INFO  de.twenty11.skysail.server.core.restlet.SkysailRouter - routing path '/docs/entities' -> 'de.twenty11.skysail.server.security.AuthenticatedAuthorizer@5220f1ec'
INFO  de.twenty11.skysail.server.core.restlet.SkysailRouter - routing path '' -> 'de.twenty11.skysail.server.security.AuthenticatedAuthorizer@1fde4f08'
INFO  de.twenty11.skysail.server.core.restlet.SkysailRouter - routing path '/' -> 'de.twenty11.skysail.server.security.AuthenticatedAuthorizer@49b63d78'
INFO  de.twenty11.skysail.server.core.restlet.SkysailRouter - routing path '/clips' -> 'de.twenty11.skysail.server.security.AuthenticatedAuthorizer@4df10c1f'
INFO  de.twenty11.skysail.server.core.restlet.SkysailRouter - routing path '/clips/' -> 'de.twenty11.skysail.server.security.AuthenticatedAuthorizer@1c72de0f'
INFO  de.twenty11.skysail.server.core.restlet.SkysailRouter - routing path '/clips/{id}' -> 'de.twenty11.skysail.server.security.AuthenticatedAuthorizer@2f96de72'
INFO  de.twenty11.skysail.server.core.restlet.SkysailRouter - routing path '/clips/{id}/' -> 'de.twenty11.skysail.server.security.AuthenticatedAuthorizer@5aebf670'
INFO  de.twenty11.skysail.server.core.restlet.SkysailRouter - routing path '/about' -> 'de.twenty11.skysail.server.security.AuthenticatedAuthorizer@70bf7124'
WARN  d.t.skysail.server.core.osgi.internal.EventHelper - eventAdmin is null, cannot fire Event
INFO  d.t.s.s.security.shiro.restlet.ShiroDelegatingVerifier - login event for user 'admin'
INFO  d.t.s.s.security.shiro.restlet.ShiroDelegatingVerifier - login event for user 'admin' successful
INFO  d.t.skysail.server.core.restlet.ListServerResource - Request entry point: DefaultResource @Get('html|json|csv|treeform')
INFO  d.t.skysail.server.core.restlet.ListServerResource - calling getEntities, media types '[text/html:1.0, application/xhtml+xml:1.0, application/xml:0.9, image/webp:1.0, */*:0.8]'
INFO  d.t.s.server.core.restlet.filter.AbstractResourceFilter - next filter in chain: AddApiVersionHeader
INFO  d.t.s.server.core.restlet.filter.AbstractResourceFilter - next filter in chain: GetRequestPreFilterHook
INFO  d.t.s.server.core.restlet.filter.AbstractResourceFilter - next filter in chain: AddRequestIdToResourceFilter
INFO  d.t.s.server.core.restlet.filter.AbstractResourceFilter - next filter in chain: DataExtractingFilter
INFO  d.t.s.server.core.restlet.filter.AbstractResourceFilter - next filter in chain: AddLinkheadersFilter
INFO  d.t.s.server.core.restlet.filter.AbstractResourceFilter - next filter in chain: CheckFavoritesFilter
INFO  d.t.s.server.core.restlet.filter.AbstractResourceFilter - next filter in chain: SetExecutionTimeInResponseFilter
INFO  d.t.s.server.core.restlet.filter.AbstractResourceFilter - next filter in chain: RedirectFilter
INFO  d.t.s.server.ext.converter.st.StringTemplateConverter - converter 'StringTemplateConverter' matched '{text/html=0.95, treeform/*=1.0}' with threshold 0.95
INFO  de.twenty11.skysail.server.app.SourceWrapper - using converter 'ListSourceHtmlConverter' for EmptyList-Source: []
INFO  d.t.s.server.ext.converter.st.StringTemplateConverter - reading templates from resource path '/templates/text/html'
WARN  o.r.S.InternalRouter.SkysailRootApplication - Unable to convert object [] to this representation variant: [text/html]
java.lang.NullPointerException: null
	at org.stringtemplate.v4.STGroupDir.<init>(STGroupDir.java:94) ~[na:na]
	at de.twenty11.skysail.server.ext.converter.st.STGroupBundleDir.<init>(STGroupBundleDir.java:35) ~[na:na]
	at de.twenty11.skysail.server.ext.converter.st.StringTemplateConverter.importTemplate(StringTemplateConverter.java:307) ~[na:na]
	at de.twenty11.skysail.server.ext.converter.st.StringTemplateConverter.createStGroup(StringTemplateConverter.java:295) ~[na:na]
	at de.twenty11.skysail.server.ext.converter.st.StringTemplateConverter.toRepresentation(StringTemplateConverter.java:184) ~[na:na]
	at org.restlet.service.ConverterService.toRepresentation(ConverterService.java:266) ~[org.restlet-2.1.7.jar:na]
	at org.restlet.resource.Resource.toRepresentation(Resource.java:851) [org.restlet-2.1.7.jar:na]
	at org.restlet.resource.ServerResource.doHandle(ServerResource.java:521) [org.restlet-2.1.7.jar:na]
	at org.restlet.resource.ServerResource.get(ServerResource.java:707) [org.restlet-2.1.7.jar:na]
	at org.restlet.resource.ServerResource.doHandle(ServerResource.java:589) [org.restlet-2.1.7.jar:na]
	at org.restlet.resource.ServerResource.doNegotiatedHandle(ServerResource.java:649) [org.restlet-2.1.7.jar:na]
	at org.restlet.resource.ServerResource.doConditionalHandle(ServerResource.java:348) [org.restlet-2.1.7.jar:na]
	at org.restlet.resource.ServerResource.handle(ServerResource.java:952) [org.restlet-2.1.7.jar:na]
	at org.restlet.resource.Finder.handle(Finder.java:246) [org.restlet-2.1.7.jar:na]
	at org.restlet.routing.Filter.doHandle(Filter.java:159) [org.restlet-2.1.7.jar:na]
	at org.restlet.routing.Filter.handle(Filter.java:206) [org.restlet-2.1.7.jar:na]
	at org.restlet.routing.Router.doHandle(Router.java:431) [org.restlet-2.1.7.jar:na]
	at org.restlet.routing.Router.handle(Router.java:648) [org.restlet-2.1.7.jar:na]
	at org.restlet.routing.Filter.doHandle(Filter.java:159) [org.restlet-2.1.7.jar:na]
	at org.restlet.routing.Filter.handle(Filter.java:206) [org.restlet-2.1.7.jar:na]
	at org.restlet.routing.Filter.doHandle(Filter.java:159) [org.restlet-2.1.7.jar:na]
	at org.restlet.routing.Filter.handle(Filter.java:206) [org.restlet-2.1.7.jar:na]
	at org.restlet.routing.Filter.doHandle(Filter.java:159) [org.restlet-2.1.7.jar:na]
	at org.restlet.routing.Filter.handle(Filter.java:206) [org.restlet-2.1.7.jar:na]
	at org.restlet.routing.Filter.doHandle(Filter.java:159) [org.restlet-2.1.7.jar:na]
	at org.restlet.routing.Filter.handle(Filter.java:206) [org.restlet-2.1.7.jar:na]
	at org.restlet.routing.Filter.doHandle(Filter.java:159) [org.restlet-2.1.7.jar:na]
	at org.restlet.routing.Filter.handle(Filter.java:206) [org.restlet-2.1.7.jar:na]
	at org.restlet.routing.Filter.doHandle(Filter.java:159) [org.restlet-2.1.7.jar:na]
	at org.restlet.routing.Filter.handle(Filter.java:206) [org.restlet-2.1.7.jar:na]
	at org.restlet.routing.Filter.doHandle(Filter.java:159) [org.restlet-2.1.7.jar:na]
	at org.restlet.engine.application.StatusFilter.doHandle(StatusFilter.java:155) [org.restlet-2.1.7.jar:na]
	at org.restlet.routing.Filter.handle(Filter.java:206) [org.restlet-2.1.7.jar:na]
	at org.restlet.routing.Filter.doHandle(Filter.java:159) [org.restlet-2.1.7.jar:na]
	at org.restlet.routing.Filter.handle(Filter.java:206) [org.restlet-2.1.7.jar:na]
	at org.restlet.engine.CompositeHelper.handle(CompositeHelper.java:211) [org.restlet-2.1.7.jar:na]
	at org.restlet.engine.application.ApplicationHelper.handle(ApplicationHelper.java:84) [org.restlet-2.1.7.jar:na]
	at org.restlet.Application.handle(Application.java:381) [org.restlet-2.1.7.jar:na]
	at org.restlet.routing.Filter.doHandle(Filter.java:159) [org.restlet-2.1.7.jar:na]
	at org.restlet.routing.Filter.handle(Filter.java:206) [org.restlet-2.1.7.jar:na]
	at org.restlet.routing.Router.doHandle(Router.java:431) [org.restlet-2.1.7.jar:na]
	at org.restlet.routing.Router.handle(Router.java:648) [org.restlet-2.1.7.jar:na]
	at org.restlet.routing.Filter.doHandle(Filter.java:159) [org.restlet-2.1.7.jar:na]
	at org.restlet.routing.Filter.handle(Filter.java:206) [org.restlet-2.1.7.jar:na]
	at org.restlet.routing.Router.doHandle(Router.java:431) [org.restlet-2.1.7.jar:na]
	at org.restlet.routing.Router.handle(Router.java:648) [org.restlet-2.1.7.jar:na]
	at org.restlet.routing.Filter.doHandle(Filter.java:159) [org.restlet-2.1.7.jar:na]
	at org.restlet.engine.application.StatusFilter.doHandle(StatusFilter.java:155) [org.restlet-2.1.7.jar:na]
	at org.restlet.routing.Filter.handle(Filter.java:206) [org.restlet-2.1.7.jar:na]
	at org.restlet.routing.Filter.doHandle(Filter.java:159) [org.restlet-2.1.7.jar:na]
	at org.restlet.routing.Filter.handle(Filter.java:206) [org.restlet-2.1.7.jar:na]
	at org.restlet.engine.CompositeHelper.handle(CompositeHelper.java:211) [org.restlet-2.1.7.jar:na]
	at org.restlet.Component.handle(Component.java:392) [org.restlet-2.1.7.jar:na]
	at org.restlet.Server.handle(Server.java:516) [org.restlet-2.1.7.jar:na]
	at org.restlet.engine.connector.ServerConnectionHelper.handle(ServerConnectionHelper.java:257) [org.restlet-2.1.7.jar:na]
	at org.restlet.engine.connector.ServerConnectionHelper.doHandleInbound(ServerConnectionHelper.java:186) [org.restlet-2.1.7.jar:na]
	at org.restlet.engine.connector.BaseHelper$2.run(BaseHelper.java:593) [org.restlet-2.1.7.jar:na]
	at java.util.concurrent.ThreadPoolExecutor.runWorker(Unknown Source) [na:1.8.0]
	at java.util.concurrent.ThreadPoolExecutor$Worker.run(Unknown Source) [na:1.8.0]
	at java.lang.Thread.run(Unknown Source) [na:1.8.0]
INFO  LogService - 2015-02-02	13:21:46	0:0:0:0:0:0:0:1	admin	-	2017	GET	/	-	204	0	0	21535	http://localhost:2017	Mozilla/5.0 (Windows NT 6.1; WOW64) AppleWebKit/537.36 (KHTML, like Gecko) Chrome/40.0.2214.93 Safari/537.36	-
WARN  d.t.skysail.server.core.osgi.internal.EventHelper - eventAdmin is null, cannot fire Event
INFO  d.t.s.s.security.shiro.restlet.ShiroDelegatingVerifier - login event for user 'admin'
INFO  d.t.s.s.security.shiro.restlet.ShiroDelegatingVerifier - login event for user 'admin' successful
INFO  d.t.skysail.server.core.restlet.ListServerResource - Request entry point: DefaultResource @Get('html|json|csv|treeform')
INFO  d.t.skysail.server.core.restlet.ListServerResource - calling getEntities, media types '[text/html:1.0, application/xhtml+xml:1.0, application/xml:0.9, image/webp:1.0, */*:0.8]'
INFO  d.t.s.server.core.restlet.filter.AbstractResourceFilter - next filter in chain: AddApiVersionHeader
INFO  d.t.s.server.core.restlet.filter.AbstractResourceFilter - next filter in chain: GetRequestPreFilterHook
INFO  d.t.s.server.core.restlet.filter.AbstractResourceFilter - next filter in chain: AddRequestIdToResourceFilter
INFO  d.t.s.server.core.restlet.filter.AbstractResourceFilter - next filter in chain: DataExtractingFilter
INFO  d.t.s.server.core.restlet.filter.AbstractResourceFilter - next filter in chain: AddLinkheadersFilter
INFO  d.t.s.server.core.restlet.filter.AbstractResourceFilter - next filter in chain: CheckFavoritesFilter
INFO  d.t.s.server.core.restlet.filter.AbstractResourceFilter - next filter in chain: SetExecutionTimeInResponseFilter
INFO  d.t.s.server.core.restlet.filter.AbstractResourceFilter - next filter in chain: RedirectFilter
INFO  d.t.s.server.ext.converter.st.StringTemplateConverter - converter 'StringTemplateConverter' matched '{text/html=0.95, treeform/*=1.0}' with threshold 0.95
INFO  de.twenty11.skysail.server.app.SourceWrapper - using converter 'ListSourceHtmlConverter' for EmptyList-Source: []
INFO  d.t.s.server.ext.converter.st.StringTemplateConverter - reading templates from resource path '/templates/text/html'
WARN  o.r.S.InternalRouter.SkysailRootApplication - Unable to convert object [] to this representation variant: [text/html]
java.lang.NullPointerException: null
	at org.stringtemplate.v4.STGroupDir.<init>(STGroupDir.java:94) ~[na:na]
	at de.twenty11.skysail.server.ext.converter.st.STGroupBundleDir.<init>(STGroupBundleDir.java:35) ~[na:na]
	at de.twenty11.skysail.server.ext.converter.st.StringTemplateConverter.importTemplate(StringTemplateConverter.java:307) ~[na:na]
	at de.twenty11.skysail.server.ext.converter.st.StringTemplateConverter.createStGroup(StringTemplateConverter.java:295) ~[na:na]
	at de.twenty11.skysail.server.ext.converter.st.StringTemplateConverter.toRepresentation(StringTemplateConverter.java:184) ~[na:na]
	at org.restlet.service.ConverterService.toRepresentation(ConverterService.java:266) ~[org.restlet-2.1.7.jar:na]
	at org.restlet.resource.Resource.toRepresentation(Resource.java:851) [org.restlet-2.1.7.jar:na]
	at org.restlet.resource.ServerResource.doHandle(ServerResource.java:521) [org.restlet-2.1.7.jar:na]
	at org.restlet.resource.ServerResource.get(ServerResource.java:707) [org.restlet-2.1.7.jar:na]
	at org.restlet.resource.ServerResource.doHandle(ServerResource.java:589) [org.restlet-2.1.7.jar:na]
	at org.restlet.resource.ServerResource.doNegotiatedHandle(ServerResource.java:649) [org.restlet-2.1.7.jar:na]
	at org.restlet.resource.ServerResource.doConditionalHandle(ServerResource.java:348) [org.restlet-2.1.7.jar:na]
	at org.restlet.resource.ServerResource.handle(ServerResource.java:952) [org.restlet-2.1.7.jar:na]
	at org.restlet.resource.Finder.handle(Finder.java:246) [org.restlet-2.1.7.jar:na]
	at org.restlet.routing.Filter.doHandle(Filter.java:159) [org.restlet-2.1.7.jar:na]
	at org.restlet.routing.Filter.handle(Filter.java:206) [org.restlet-2.1.7.jar:na]
	at org.restlet.routing.Router.doHandle(Router.java:431) [org.restlet-2.1.7.jar:na]
	at org.restlet.routing.Router.handle(Router.java:648) [org.restlet-2.1.7.jar:na]
	at org.restlet.routing.Filter.doHandle(Filter.java:159) [org.restlet-2.1.7.jar:na]
	at org.restlet.routing.Filter.handle(Filter.java:206) [org.restlet-2.1.7.jar:na]
	at org.restlet.routing.Filter.doHandle(Filter.java:159) [org.restlet-2.1.7.jar:na]
	at org.restlet.routing.Filter.handle(Filter.java:206) [org.restlet-2.1.7.jar:na]
	at org.restlet.routing.Filter.doHandle(Filter.java:159) [org.restlet-2.1.7.jar:na]
	at org.restlet.routing.Filter.handle(Filter.java:206) [org.restlet-2.1.7.jar:na]
	at org.restlet.routing.Filter.doHandle(Filter.java:159) [org.restlet-2.1.7.jar:na]
	at org.restlet.routing.Filter.handle(Filter.java:206) [org.restlet-2.1.7.jar:na]
	at org.restlet.routing.Filter.doHandle(Filter.java:159) [org.restlet-2.1.7.jar:na]
	at org.restlet.routing.Filter.handle(Filter.java:206) [org.restlet-2.1.7.jar:na]
	at org.restlet.routing.Filter.doHandle(Filter.java:159) [org.restlet-2.1.7.jar:na]
	at org.restlet.routing.Filter.handle(Filter.java:206) [org.restlet-2.1.7.jar:na]
	at org.restlet.routing.Filter.doHandle(Filter.java:159) [org.restlet-2.1.7.jar:na]
	at org.restlet.engine.application.StatusFilter.doHandle(StatusFilter.java:155) [org.restlet-2.1.7.jar:na]
	at org.restlet.routing.Filter.handle(Filter.java:206) [org.restlet-2.1.7.jar:na]
	at org.restlet.routing.Filter.doHandle(Filter.java:159) [org.restlet-2.1.7.jar:na]
	at org.restlet.routing.Filter.handle(Filter.java:206) [org.restlet-2.1.7.jar:na]
	at org.restlet.engine.CompositeHelper.handle(CompositeHelper.java:211) [org.restlet-2.1.7.jar:na]
	at org.restlet.engine.application.ApplicationHelper.handle(ApplicationHelper.java:84) [org.restlet-2.1.7.jar:na]
	at org.restlet.Application.handle(Application.java:381) [org.restlet-2.1.7.jar:na]
	at org.restlet.routing.Filter.doHandle(Filter.java:159) [org.restlet-2.1.7.jar:na]
	at org.restlet.routing.Filter.handle(Filter.java:206) [org.restlet-2.1.7.jar:na]
	at org.restlet.routing.Router.doHandle(Router.java:431) [org.restlet-2.1.7.jar:na]
	at org.restlet.routing.Router.handle(Router.java:648) [org.restlet-2.1.7.jar:na]
	at org.restlet.routing.Filter.doHandle(Filter.java:159) [org.restlet-2.1.7.jar:na]
	at org.restlet.routing.Filter.handle(Filter.java:206) [org.restlet-2.1.7.jar:na]
	at org.restlet.routing.Router.doHandle(Router.java:431) [org.restlet-2.1.7.jar:na]
	at org.restlet.routing.Router.handle(Router.java:648) [org.restlet-2.1.7.jar:na]
	at org.restlet.routing.Filter.doHandle(Filter.java:159) [org.restlet-2.1.7.jar:na]
	at org.restlet.engine.application.StatusFilter.doHandle(StatusFilter.java:155) [org.restlet-2.1.7.jar:na]
	at org.restlet.routing.Filter.handle(Filter.java:206) [org.restlet-2.1.7.jar:na]
	at org.restlet.routing.Filter.doHandle(Filter.java:159) [org.restlet-2.1.7.jar:na]
	at org.restlet.routing.Filter.handle(Filter.java:206) [org.restlet-2.1.7.jar:na]
	at org.restlet.engine.CompositeHelper.handle(CompositeHelper.java:211) [org.restlet-2.1.7.jar:na]
	at org.restlet.Component.handle(Component.java:392) [org.restlet-2.1.7.jar:na]
	at org.restlet.Server.handle(Server.java:516) [org.restlet-2.1.7.jar:na]
	at org.restlet.engine.connector.ServerConnectionHelper.handle(ServerConnectionHelper.java:257) [org.restlet-2.1.7.jar:na]
	at org.restlet.engine.connector.ServerConnectionHelper.doHandleInbound(ServerConnectionHelper.java:186) [org.restlet-2.1.7.jar:na]
	at org.restlet.engine.connector.BaseHelper$2.run(BaseHelper.java:593) [org.restlet-2.1.7.jar:na]
	at java.util.concurrent.ThreadPoolExecutor.runWorker(Unknown Source) [na:1.8.0]
	at java.util.concurrent.ThreadPoolExecutor$Worker.run(Unknown Source) [na:1.8.0]
	at java.lang.Thread.run(Unknown Source) [na:1.8.0]
INFO  LogService - 2015-02-02	13:21:59	0:0:0:0:0:0:0:1	admin	-	2017	GET	/	-	204	0	0	11009	http://localhost:2017	Mozilla/5.0 (Windows NT 6.1; WOW64) AppleWebKit/537.36 (KHTML, like Gecko) Chrome/40.0.2214.93 Safari/537.36	-
