2016-03-22 17:52:35,048 DEBUG [io.skysail.server.app.SkysailApplication     ] - Instanciating new Skysail ApplicationModel 'SkysailRootApplication'
2016-03-22 17:52:35,108 DEBUG [i.s.server.app.SkysailRootApplication        ] - Currently installed bundles:
2016-03-22 17:52:35,108 DEBUG [i.s.server.app.SkysailRootApplication        ] - ----------------------------
2016-03-22 17:52:35,108 DEBUG [i.s.server.app.SkysailRootApplication        ] - 
2016-03-22 17:52:35,115 DEBUG [i.s.server.app.SkysailRootApplication        ] - org.apache.felix.framework [5.2.0] state 32
2016-03-22 17:52:35,115 DEBUG [i.s.server.app.SkysailRootApplication        ] - osgi.core [6.0.0.201403061837] state 32
2016-03-22 17:52:35,115 DEBUG [i.s.server.app.SkysailRootApplication        ] - org.osgi.util.function [1.0.0.201505202023] state 32
2016-03-22 17:52:35,115 DEBUG [i.s.server.app.SkysailRootApplication        ] - org.osgi.util.promise [1.0.0.201505202023] state 32
2016-03-22 17:52:35,115 DEBUG [i.s.server.app.SkysailRootApplication        ] - org.osgi.service.component [1.3.0.201505202024] state 32
2016-03-22 17:52:35,116 DEBUG [i.s.server.app.SkysailRootApplication        ] - me.moocar.logback-gelf [0.3.0] state 4
2016-03-22 17:52:35,116 DEBUG [i.s.server.app.SkysailRootApplication        ] - com.google.gson [2.4.0] state 32
2016-03-22 17:52:35,116 DEBUG [i.s.server.app.SkysailRootApplication        ] - biz.aQute.bnd.annotation [3.0.0.201509101327] state 32
2016-03-22 17:52:35,116 DEBUG [i.s.server.app.SkysailRootApplication        ] - biz.aQute.bndlib [3.0.0.201509101326] state 32
2016-03-22 17:52:35,116 DEBUG [i.s.server.app.SkysailRootApplication        ] - etm.core [1.2.3.1] state 32
2016-03-22 17:52:35,116 DEBUG [i.s.server.app.SkysailRootApplication        ] - etm.contrib [1.2.3.1] state 32
2016-03-22 17:52:35,116 DEBUG [i.s.server.app.SkysailRootApplication        ] - javax.el-api [3.0.0] state 32
2016-03-22 17:52:35,116 DEBUG [i.s.server.app.SkysailRootApplication        ] - javax.persistence [2.1.0.v201304241213] state 32
2016-03-22 17:52:35,116 DEBUG [i.s.server.app.SkysailRootApplication        ] - javax.servlet [3.0.0.v201103241009] state 32
2016-03-22 17:52:35,116 DEBUG [i.s.server.app.SkysailRootApplication        ] - javax.validation.api [1.1.0.Final] state 32
2016-03-22 17:52:35,116 DEBUG [i.s.server.app.SkysailRootApplication        ] - javax.inject [1.0.0] state 32
2016-03-22 17:52:35,116 DEBUG [i.s.server.app.SkysailRootApplication        ] - org.apache.commons.beanutils [1.9.2] state 32
2016-03-22 17:52:35,116 DEBUG [i.s.server.app.SkysailRootApplication        ] - org.apache.commons.collections [3.2.1] state 32
2016-03-22 17:52:35,116 DEBUG [i.s.server.app.SkysailRootApplication        ] - org.apache.commons.configuration [1.10.0] state 32
2016-03-22 17:52:35,116 DEBUG [i.s.server.app.SkysailRootApplication        ] - org.apache.commons.io [2.4.0] state 32
2016-03-22 17:52:35,117 DEBUG [i.s.server.app.SkysailRootApplication        ] - org.apache.commons.lang [2.6.0] state 32
2016-03-22 17:52:35,117 DEBUG [i.s.server.app.SkysailRootApplication        ] - org.apache.commons.lang3 [3.3.2] state 32
2016-03-22 17:52:35,117 DEBUG [i.s.server.app.SkysailRootApplication        ] - org.apache.commons.logging [1.1.3] state 32
2016-03-22 17:52:35,117 DEBUG [i.s.server.app.SkysailRootApplication        ] - org.apache.felix.bundlerepository [2.0.2] state 32
2016-03-22 17:52:35,117 DEBUG [i.s.server.app.SkysailRootApplication        ] - org.apache.felix.configadmin [1.8.0] state 32
2016-03-22 17:52:35,117 DEBUG [i.s.server.app.SkysailRootApplication        ] - org.apache.felix.fileinstall [3.4.0] state 32
2016-03-22 17:52:35,117 DEBUG [i.s.server.app.SkysailRootApplication        ] - org.apache.felix.eventadmin [1.4.4] state 32
2016-03-22 17:52:35,117 DEBUG [i.s.server.app.SkysailRootApplication        ] - org.apache.felix.gogo.command [0.14.0] state 32
2016-03-22 17:52:35,117 DEBUG [i.s.server.app.SkysailRootApplication        ] - org.apache.felix.gogo.runtime [0.12.1] state 32
2016-03-22 17:52:35,117 DEBUG [i.s.server.app.SkysailRootApplication        ] - org.apache.felix.gogo.shell [0.10.0] state 32
2016-03-22 17:52:35,117 DEBUG [i.s.server.app.SkysailRootApplication        ] - org.apache.felix.log [1.0.1] state 32
2016-03-22 17:52:35,117 DEBUG [i.s.server.app.SkysailRootApplication        ] - org.apache.felix.prefs [1.0.6] state 32
2016-03-22 17:52:35,117 DEBUG [i.s.server.app.SkysailRootApplication        ] - org.apache.felix.scr [2.0.2] state 32
2016-03-22 17:52:35,117 DEBUG [i.s.server.app.SkysailRootApplication        ] - com.fasterxml.jackson.core.jackson-annotations [2.5.1] state 32
2016-03-22 17:52:35,117 DEBUG [i.s.server.app.SkysailRootApplication        ] - com.fasterxml.jackson.core.jackson-core [2.5.1] state 32
2016-03-22 17:52:35,117 DEBUG [i.s.server.app.SkysailRootApplication        ] - com.fasterxml.jackson.core.jackson-databind [2.5.1] state 32
2016-03-22 17:52:35,118 DEBUG [i.s.server.app.SkysailRootApplication        ] - com.fasterxml.jackson.dataformat.jackson-dataformat-xml [2.5.1] state 32
2016-03-22 17:52:35,118 DEBUG [i.s.server.app.SkysailRootApplication        ] - com.fasterxml.jackson.dataformat.jackson-dataformat-smile [2.5.1] state 32
2016-03-22 17:52:35,118 DEBUG [i.s.server.app.SkysailRootApplication        ] - com.fasterxml.jackson.dataformat.jackson-dataformat-yaml [2.5.1] state 32
2016-03-22 17:52:35,118 DEBUG [i.s.server.app.SkysailRootApplication        ] - com.fasterxml.jackson.dataformat.jackson-dataformat-csv [2.5.1] state 32
2016-03-22 17:52:35,118 DEBUG [i.s.server.app.SkysailRootApplication        ] - com.fasterxml.jackson.module.jackson-module-jaxb-annotations [2.5.1] state 32
2016-03-22 17:52:35,118 DEBUG [i.s.server.app.SkysailRootApplication        ] - com.fasterxml.jackson.module.jackson-module-jsonSchema [2.5.1] state 32
2016-03-22 17:52:35,118 DEBUG [i.s.server.app.SkysailRootApplication        ] - classmate [1.0.0] state 32
2016-03-22 17:52:35,118 DEBUG [i.s.server.app.SkysailRootApplication        ] - stax2-api [3.1.4] state 32
2016-03-22 17:52:35,118 DEBUG [i.s.server.app.SkysailRootApplication        ] - javassist [3.18.1.GA] state 32
2016-03-22 17:52:35,118 DEBUG [i.s.server.app.SkysailRootApplication        ] - org.codehaus.jettison.jettison [1.3.7] state 32
2016-03-22 17:52:35,118 DEBUG [i.s.server.app.SkysailRootApplication        ] - com.googlecode.concurrentlinkedhashmap.lru [1.4.0] state 32
2016-03-22 17:52:35,118 DEBUG [i.s.server.app.SkysailRootApplication        ] - com.orientechnologies.orientdb-client [2.1.3] state 32
2016-03-22 17:52:35,118 DEBUG [i.s.server.app.SkysailRootApplication        ] - com.orientechnologies.orientdb-core [2.1.3] state 32
2016-03-22 17:52:35,118 DEBUG [i.s.server.app.SkysailRootApplication        ] - com.orientechnologies.orientdb-enterprise [2.1.3] state 32
2016-03-22 17:52:35,118 DEBUG [i.s.server.app.SkysailRootApplication        ] - com.orientechnologies.orientdb-graphdb [2.1.3] state 32
2016-03-22 17:52:35,118 DEBUG [i.s.server.app.SkysailRootApplication        ] - com.orientechnologies.orientdb-object [2.1.3] state 32
2016-03-22 17:52:35,118 DEBUG [i.s.server.app.SkysailRootApplication        ] - com.orientechnologies.orientdb-server [2.1.3] state 32
2016-03-22 17:52:35,119 DEBUG [i.s.server.app.SkysailRootApplication        ] - com.orientechnologies.orientdb-tools [2.1.3] state 32
2016-03-22 17:52:35,119 DEBUG [i.s.server.app.SkysailRootApplication        ] - org.xerial.snappy.snappy-java [1.1.1.3] state 8
2016-03-22 17:52:35,119 DEBUG [i.s.server.app.SkysailRootApplication        ] - io.skysail.bundled.tinkerpop.blueprints-core [2.6.0] state 32
2016-03-22 17:52:35,119 DEBUG [i.s.server.app.SkysailRootApplication        ] - io.skysail.bundled.tinkerpop.blueprints-orient-graph [2.4.0] state 32
2016-03-22 17:52:35,119 DEBUG [i.s.server.app.SkysailRootApplication        ] - com.sun.jna [4.2.0] state 8
2016-03-22 17:52:35,119 DEBUG [i.s.server.app.SkysailRootApplication        ] - com.sun.jna.platform [4.2.0] state 32
2016-03-22 17:52:35,119 DEBUG [i.s.server.app.SkysailRootApplication        ] - org.eclipse.jetty.util [9.2.11.v20150529] state 32
2016-03-22 17:52:35,119 DEBUG [i.s.server.app.SkysailRootApplication        ] - org.eclipse.jetty.http [9.2.11.v20150529] state 32
2016-03-22 17:52:35,119 DEBUG [i.s.server.app.SkysailRootApplication        ] - org.eclipse.jetty.io [9.2.11.v20150529] state 32
2016-03-22 17:52:35,119 DEBUG [i.s.server.app.SkysailRootApplication        ] - org.eclipse.jetty.security [9.2.11.v20150529] state 32
2016-03-22 17:52:35,119 DEBUG [i.s.server.app.SkysailRootApplication        ] - org.eclipse.jetty.server [9.2.11.v20150529] state 32
2016-03-22 17:52:35,119 DEBUG [i.s.server.app.SkysailRootApplication        ] - org.eclipse.jetty.servlet [9.2.11.v20150529] state 32
2016-03-22 17:52:35,119 DEBUG [i.s.server.app.SkysailRootApplication        ] - org.eclipse.jetty.webapp [9.2.11.v20150529] state 32
2016-03-22 17:52:35,119 DEBUG [i.s.server.app.SkysailRootApplication        ] - org.eclipse.jetty.deploy [9.2.11.v20150529] state 32
2016-03-22 17:52:35,119 DEBUG [i.s.server.app.SkysailRootApplication        ] - org.eclipse.jetty.xml [9.2.11.v20150529] state 32
2016-03-22 17:52:35,119 DEBUG [i.s.server.app.SkysailRootApplication        ] - org.eclipse.jetty.osgi-servlet-api [3.1.0.M3] state 32
2016-03-22 17:52:35,119 DEBUG [i.s.server.app.SkysailRootApplication        ] - org.eclipse.jetty.client [9.2.11.v20150529] state 32
2016-03-22 17:52:35,120 DEBUG [i.s.server.app.SkysailRootApplication        ] - org.apache.shiro.core [1.2.2] state 32
2016-03-22 17:52:35,120 DEBUG [i.s.server.app.SkysailRootApplication        ] - org.apache.shiro.web [1.2.2] state 32
2016-03-22 17:52:35,120 DEBUG [i.s.server.app.SkysailRootApplication        ] - org.yaml.snakeyaml [1.15.0] state 32
2016-03-22 17:52:35,120 DEBUG [i.s.server.app.SkysailRootApplication        ] - de.twentyeleven.skysail.org.json-osgi [20080701.0.0] state 32
2016-03-22 17:52:35,120 DEBUG [i.s.server.app.SkysailRootApplication        ] - org.restlet [2.3.4.v20150716-1217] state 32
2016-03-22 17:52:35,120 DEBUG [i.s.server.app.SkysailRootApplication        ] - org.restlet.ext.apispark [2.3.4.v20150716-1217] state 32
2016-03-22 17:52:35,120 DEBUG [i.s.server.app.SkysailRootApplication        ] - org.restlet.ext.crypto [2.3.4.v20150716-1217] state 32
2016-03-22 17:52:35,120 DEBUG [i.s.server.app.SkysailRootApplication        ] - org.restlet.ext.jackson [2.3.4.v20150716-1217] state 32
2016-03-22 17:52:35,120 DEBUG [i.s.server.app.SkysailRootApplication        ] - org.restlet.ext.jetty [2.3.4.v20150716-1217] state 32
2016-03-22 17:52:35,120 DEBUG [i.s.server.app.SkysailRootApplication        ] - org.restlet.ext.json [2.3.4.v20150716-1217] state 32
2016-03-22 17:52:35,120 DEBUG [i.s.server.app.SkysailRootApplication        ] - org.restlet.ext.raml [2.3.4.v20150716-1217] state 32
2016-03-22 17:52:35,120 DEBUG [i.s.server.app.SkysailRootApplication        ] - org.restlet.ext.slf4j [2.3.4.v20150716-1217] state 32
2016-03-22 17:52:35,120 DEBUG [i.s.server.app.SkysailRootApplication        ] - io.skysail.bundled.raml-parser [0.8.12] state 32
2016-03-22 17:52:35,120 DEBUG [i.s.server.app.SkysailRootApplication        ] - com.google.guava [16.0.1] state 32
2016-03-22 17:52:35,120 DEBUG [i.s.server.app.SkysailRootApplication        ] - org.jboss.logging.jboss-logging [3.1.4.GA] state 32
2016-03-22 17:52:35,120 DEBUG [i.s.server.app.SkysailRootApplication        ] - org.hibernate.validator [5.1.2.Final] state 32
2016-03-22 17:52:35,120 DEBUG [i.s.server.app.SkysailRootApplication        ] - ch.qos.logback.classic [1.1.2] state 32
2016-03-22 17:52:35,121 DEBUG [i.s.server.app.SkysailRootApplication        ] - ch.qos.logback.core [1.1.2] state 32
2016-03-22 17:52:35,121 DEBUG [i.s.server.app.SkysailRootApplication        ] - slf4j.api [1.7.7] state 32
2016-03-22 17:52:35,121 DEBUG [i.s.server.app.SkysailRootApplication        ] - skysail.api [12.0.0.201602281051] state 32
2016-03-22 17:52:35,121 DEBUG [i.s.server.app.SkysailRootApplication        ] - skysail.api.um [0.2.1.201507121837] state 32
2016-03-22 17:52:35,121 DEBUG [i.s.server.app.SkysailRootApplication        ] - skysail.api.peers [0.1.1.201508011448] state 32
2016-03-22 17:52:35,121 DEBUG [i.s.server.app.SkysailRootApplication        ] - skysail.api.search [0.1.0.201509111831] state 32
2016-03-22 17:52:35,121 DEBUG [i.s.server.app.SkysailRootApplication        ] - skysail.api.text [2.0.0.201509110729] state 32
2016-03-22 17:52:35,121 DEBUG [i.s.server.app.SkysailRootApplication        ] - skysail.api.features [0.1.2.201508011427] state 32
2016-03-22 17:52:35,121 DEBUG [i.s.server.app.SkysailRootApplication        ] - com.sun.el [2.2.0.v201303151357] state 32
2016-03-22 17:52:35,121 DEBUG [i.s.server.app.SkysailRootApplication        ] - de.twenty11.owasp-java-html-sanitizer [239.0.0] state 32
2016-03-22 17:52:35,121 DEBUG [i.s.server.app.SkysailRootApplication        ] - de.twentyeleven.skysail.org.antlr.stringtemplate-osgi [4.0.8] state 32
2016-03-22 17:52:35,121 DEBUG [i.s.server.app.SkysailRootApplication        ] - skysail.domain [1.2.0.201603220737] state 32
2016-03-22 17:52:35,121 DEBUG [i.s.server.app.SkysailRootApplication        ] - skysail.server [15.0.1.201603220739] state 32
2016-03-22 17:52:35,121 DEBUG [i.s.server.app.SkysailRootApplication        ] - skysail.server.converter [5.0.2.201603220739] state 4
2016-03-22 17:52:35,121 DEBUG [i.s.server.app.SkysailRootApplication        ] - skysail.server.db [6.0.1.201603220739] state 4
2016-03-22 17:52:35,121 DEBUG [i.s.server.app.SkysailRootApplication        ] - skysail.server.http [6.0.0.201602281611] state 4
2016-03-22 17:52:35,121 DEBUG [i.s.server.app.SkysailRootApplication        ] - skysail.server.osgi [0.0.22.201603220739] state 4
2016-03-22 17:52:35,121 DEBUG [i.s.server.app.SkysailRootApplication        ] - skysail.server.queryfilter [0.5.2.201603220739] state 4
2016-03-22 17:52:35,122 DEBUG [i.s.server.app.SkysailRootApplication        ] - skysail.server.performance.etm [0.1.1.201603220739] state 4
2016-03-22 17:52:35,122 DEBUG [i.s.server.app.SkysailRootApplication        ] - skysail.server.static [1.0.7.201603220739] state 4
2016-03-22 17:52:35,122 DEBUG [i.s.server.app.SkysailRootApplication        ] - skysail.server.text.markdown [0.1.1.201509190553] state 4
2016-03-22 17:52:35,122 DEBUG [i.s.server.app.SkysailRootApplication        ] - skysail.server.text.store.bundleresource [0.1.5.201603220740] state 4
2016-03-22 17:52:35,122 DEBUG [i.s.server.app.SkysailRootApplication        ] - skysail.server.text.store.git [0.1.4.201603220740] state 4
2016-03-22 17:52:35,122 DEBUG [i.s.server.app.SkysailRootApplication        ] - skysail.server.um [1.0.1.201603220740] state 4
2016-03-22 17:52:35,122 DEBUG [i.s.server.app.SkysailRootApplication        ] - skysail.server.um.simple [0.1.8.201603220740] state 4
2016-03-22 17:52:35,122 DEBUG [i.s.server.app.SkysailRootApplication        ] - org.jsoup [1.8.1] state 4
2016-03-22 17:52:35,122 DEBUG [i.s.server.app.SkysailRootApplication        ] - skysail.server.ext.initconfig [0.1.7.201603220739] state 4
2016-03-22 17:52:35,122 DEBUG [i.s.server.app.SkysailRootApplication        ] - io.skysail.bundled.org.osgi.service.component.annotations-runtime [1.3.0.201511301122] state 4
2016-03-22 17:52:35,122 DEBUG [i.s.server.app.SkysailRootApplication        ] - skysail.server.polymer [1.0.1.201603220740] state 4
2016-03-22 17:52:35,122 DEBUG [i.s.server.app.SkysailRootApplication        ] - skysail.server.designer.demo.transactions [0.1.0.201603221638] state 4
2016-03-22 17:52:35,122 DEBUG [i.s.server.app.SkysailRootApplication        ] - skysail.client.testsupport [1.0.0.201603220739] state 4
2016-03-22 17:52:35,122 DEBUG [i.s.server.app.SkysailRootApplication        ] - com.springsource.org.junit [4.11.0] state 4
2016-03-22 17:52:35,122 DEBUG [i.s.server.app.SkysailRootApplication        ] - skysail.server.designer.demo.transactions.it [0.0.0] state 4
2016-03-22 17:52:35,122 DEBUG [i.s.server.app.SkysailRootApplication        ] - biz.aQute.tester [3.1.0.201512181342] state 4
2016-03-22 17:52:35,130 DEBUG [io.skysail.server.app.ApplicationList        ] - (+ ApplicationModel) (#01) with name 'root'
2016-03-22 17:52:35,151 DEBUG [io.skysail.server.services.ServerLoad        ] - activating ServerLoad task
2016-03-22 17:52:35,225 DEBUG [io.skysail.server.app.SkysailApplication     ] - Instanciating new Skysail ApplicationModel 'WebappApplication'
2016-03-22 17:52:35,231 INFO  [io.skysail.server.app.SkysailApplication     ] - Activating ApplicationModel io.skysail.server.converter.WebappApplication
2016-03-22 17:52:35,232 DEBUG [io.skysail.server.app.ApplicationList        ] - (+ ApplicationModel) (#02) with name 'webapp'
2016-03-22 17:52:35,285 DEBUG [io.skysail.server.db.DbConfigurations        ] - activating DbConfigurations with config DbConfig(name=default, driver=, url=memory:designer, username=admin)
2016-03-22 17:52:35,286 DEBUG [i.skysail.server.db.OrientGraphDbService     ] - about to start db
2016-03-22 17:52:36,524 DEBUG [i.skysail.server.db.OrientGraphDbService     ] - created new in-memory database com.orientechnologies.orient.core.db.document.ODatabaseDocumentTx@7d2c345d
2016-03-22 17:52:36,533 DEBUG [i.skysail.server.db.OrientGraphDbService     ] - testing graph factory connection
2016-03-22 17:52:36,599 DEBUG [i.skysail.server.db.OrientGraphDbService     ] - setting lazy loading to false
2016-03-22 17:52:36,601 DEBUG [i.skysail.server.db.OrientGraphDbService     ] - activating io.skysail.server.db.OrientGraphDbService
2016-03-22 17:52:36,622 DEBUG [i.skysail.server.db.OrientGraphDbService     ] - ODB graph function [ine] is registered: [Syntax error: inE([<labels>])]
2016-03-22 17:52:36,622 DEBUG [i.skysail.server.db.OrientGraphDbService     ] - ODB graph function [oute] is registered: [Syntax error: outE([<labels>])]
2016-03-22 17:52:36,622 DEBUG [i.skysail.server.db.OrientGraphDbService     ] - ODB graph function [in] is registered: [Syntax error: in([<labels>])]
2016-03-22 17:52:36,623 DEBUG [i.skysail.server.db.OrientGraphDbService     ] - ODB graph function [dijkstra] is registered: [dijkstra(<sourceVertex>, <destinationVertex>, <weightEdgeFieldName>, [<direction>])]
2016-03-22 17:52:36,623 DEBUG [i.skysail.server.db.OrientGraphDbService     ] - ODB graph function [label] is registered: [Syntax error: label()]
2016-03-22 17:52:36,623 DEBUG [i.skysail.server.db.OrientGraphDbService     ] - ODB graph function [bothv] is registered: [Syntax error: bothV([<labels>])]
2016-03-22 17:52:36,623 DEBUG [i.skysail.server.db.OrientGraphDbService     ] - ODB graph function [out] is registered: [Syntax error: out([<labels>])]
2016-03-22 17:52:36,623 DEBUG [i.skysail.server.db.OrientGraphDbService     ] - ODB graph function [both] is registered: [Syntax error: both([<labels>])]
2016-03-22 17:52:36,623 DEBUG [i.skysail.server.db.OrientGraphDbService     ] - ODB graph function [inv] is registered: [Syntax error: inV([<labels>])]
2016-03-22 17:52:36,624 DEBUG [i.skysail.server.db.OrientGraphDbService     ] - ODB graph function [gremlin] is registered: [gremlin(<gremlin-expression>)]
2016-03-22 17:52:36,624 DEBUG [i.skysail.server.db.OrientGraphDbService     ] - ODB graph function [shortestpath] is registered: [shortestPath(<sourceVertex>, <destinationVertex>, [<direction>, [ <edgeTypeAsString> ]])]
2016-03-22 17:52:36,624 DEBUG [i.skysail.server.db.OrientGraphDbService     ] - ODB graph function [outv] is registered: [Syntax error: outV([<labels>])]
2016-03-22 17:52:36,624 DEBUG [i.skysail.server.db.OrientGraphDbService     ] - ODB graph function [bothe] is registered: [Syntax error: bothE([<labels>])]
2016-03-22 17:52:36,626 DEBUG [i.s.s.d.versions.impl.VersionsRepository     ] - activating VersionsRepository
2016-03-22 17:52:36,648 DEBUG [i.skysail.server.db.OrientGraphDbService     ] - registering class 'class io.skysail.server.db.versions.impl.ComponentDbVersion' @ orientDB
2016-03-22 17:52:36,665 DEBUG [io.skysail.domain.core.Repositories          ] - (+ Repository)  (#01) with name 'io.skysail.server.db.versions.impl.ComponentDbVersion'
2016-03-22 17:52:36,716 DEBUG [io.skysail.server.http.HttpServer            ] - (+ Converter)   (#04) with name 'de.twenty11.skysail.server.core.restlet.converter.ServerSentEventsConverter'
2016-03-22 17:52:36,716 DEBUG [io.skysail.server.http.HttpServer            ] - (+ Converter)   (#05) with name 'io.skysail.server.converter.HtmlConverter'
2016-03-22 17:52:36,716 DEBUG [io.skysail.server.http.HttpServer            ] - (+ Converter)   (#06) with name 'io.skysail.server.converter.SkysailJacksonConverter'
2016-03-22 17:52:36,719 DEBUG [io.skysail.server.http.HttpServer            ] - Activating io.skysail.server.http.HttpServer
2016-03-22 17:52:36,733 DEBUG [io.skysail.server.SkysailComponent           ] - Creating Restlet Component: io.skysail.server.SkysailComponent
2016-03-22 17:52:36,735 DEBUG [io.skysail.server.http.HttpServer            ] - configuration was provided
2016-03-22 17:52:36,736 INFO  [io.skysail.server.http.HttpServer            ] - 
2016-03-22 17:52:36,736 INFO  [io.skysail.server.http.HttpServer            ] - ====================================
2016-03-22 17:52:36,736 INFO  [io.skysail.server.http.HttpServer            ] - Starting skysail server on port 2015
2016-03-22 17:52:36,736 INFO  [io.skysail.server.http.HttpServer            ] - ====================================
2016-03-22 17:52:36,736 INFO  [io.skysail.server.http.HttpServer            ] - 
2016-03-22 17:52:36,787 INFO  [org.restlet                                  ] - Starting the Jetty [HTTP/1.1] server on port 2015
2016-03-22 17:52:36,857 DEBUG [io.skysail.server.http.HttpServer            ] - Started with system properties:
2016-03-22 17:52:36,858 DEBUG [io.skysail.server.http.HttpServer            ] - ===============================
2016-03-22 17:52:36,863 DEBUG [io.skysail.server.http.HttpServer            ] -   awt.toolkit => 'sun.lwawt.macosx.LWCToolkit'
2016-03-22 17:52:36,863 DEBUG [io.skysail.server.http.HttpServer            ] -   felix.fileinstall.dir => 'config/test'
2016-03-22 17:52:36,863 DEBUG [io.skysail.server.http.HttpServer            ] -   felix.fileinstall.filter => '.*\.jar|.*\.cfg'
2016-03-22 17:52:36,863 DEBUG [io.skysail.server.http.HttpServer            ] -   felix.fileinstall.log.level => '4'
2016-03-22 17:52:36,863 DEBUG [io.skysail.server.http.HttpServer            ] -   felix.fileinstall.noInitialDelay => 'true'
2016-03-22 17:52:36,863 DEBUG [io.skysail.server.http.HttpServer            ] -   felix.fileinstall.poll => '1000'
2016-03-22 17:52:36,864 DEBUG [io.skysail.server.http.HttpServer            ] -   file.encoding => 'UTF-8'
2016-03-22 17:52:36,864 DEBUG [io.skysail.server.http.HttpServer            ] -   file.encoding.pkg => 'sun.io'
2016-03-22 17:52:36,864 DEBUG [io.skysail.server.http.HttpServer            ] -   file.separator => '/'
2016-03-22 17:52:36,864 DEBUG [io.skysail.server.http.HttpServer            ] -   ftp.nonProxyHosts => 'local|*.local|169.254/16|*.169.254/16'
2016-03-22 17:52:36,864 DEBUG [io.skysail.server.http.HttpServer            ] -   gopherProxySet => 'false'
2016-03-22 17:52:36,864 DEBUG [io.skysail.server.http.HttpServer            ] -   http.nonProxyHosts => 'local|*.local|169.254/16|*.169.254/16'
2016-03-22 17:52:36,864 DEBUG [io.skysail.server.http.HttpServer            ] -   java.awt.graphicsenv => 'sun.awt.CGraphicsEnvironment'
2016-03-22 17:52:36,864 DEBUG [io.skysail.server.http.HttpServer            ] -   java.awt.printerjob => 'sun.lwawt.macosx.CPrinterJob'
2016-03-22 17:52:36,864 DEBUG [io.skysail.server.http.HttpServer            ] -   java.class.path => '/Users/carsten/.bnd/cache/https%3A%2F%2Fraw.githubusercontent.com%2Fbndtools%2Fbundle-hub%2Fmaster%2Forg.apache.felix.framework/org.apache.felix.framework-5.2.0.jar:/Users/carsten/git/skysail-framework/cnf/buildrepo/biz.aQute.launcher/biz.aQute.launcher-latest.jar'
2016-03-22 17:52:36,864 DEBUG [io.skysail.server.http.HttpServer            ] -   java.class.version => '52.0'
2016-03-22 17:52:36,864 DEBUG [io.skysail.server.http.HttpServer            ] -   java.endorsed.dirs => '/Library/Java/JavaVirtualMachines/jdk1.8.0_20.jdk/Contents/Home/jre/lib/endorsed'
2016-03-22 17:52:36,864 DEBUG [io.skysail.server.http.HttpServer            ] -   java.ext.dirs => '/Users/carsten/Library/Java/Extensions:/Library/Java/JavaVirtualMachines/jdk1.8.0_20.jdk/Contents/Home/jre/lib/ext:/Library/Java/Extensions:/Network/Library/Java/Extensions:/System/Library/Java/Extensions:/usr/lib/java'
2016-03-22 17:52:36,864 DEBUG [io.skysail.server.http.HttpServer            ] -   java.home => '/Library/Java/JavaVirtualMachines/jdk1.8.0_20.jdk/Contents/Home/jre'
2016-03-22 17:52:36,864 DEBUG [io.skysail.server.http.HttpServer            ] -   java.io.tmpdir => '/var/folders/6h/l_z7dfrn5ngbm0lf8__3zhvm0000gn/T/'
2016-03-22 17:52:36,864 DEBUG [io.skysail.server.http.HttpServer            ] -   java.library.path => '/Users/carsten/Library/Java/Extensions:/Library/Java/Extensions:/Network/Library/Java/Extensions:/System/Library/Java/Extensions:/usr/lib/java:.'
2016-03-22 17:52:36,864 DEBUG [io.skysail.server.http.HttpServer            ] -   java.runtime.name => 'Java(TM) SE Runtime Environment'
2016-03-22 17:52:36,864 DEBUG [io.skysail.server.http.HttpServer            ] -   java.runtime.version => '1.8.0_20-b26'
2016-03-22 17:52:36,864 DEBUG [io.skysail.server.http.HttpServer            ] -   java.specification.name => 'Java Platform API Specification'
2016-03-22 17:52:36,865 DEBUG [io.skysail.server.http.HttpServer            ] -   java.specification.vendor => 'Oracle Corporation'
2016-03-22 17:52:36,865 DEBUG [io.skysail.server.http.HttpServer            ] -   java.specification.version => '1.8'
2016-03-22 17:52:36,865 DEBUG [io.skysail.server.http.HttpServer            ] -   java.vendor => 'Oracle Corporation'
2016-03-22 17:52:36,865 DEBUG [io.skysail.server.http.HttpServer            ] -   java.vendor.url => 'http://java.oracle.com/'
2016-03-22 17:52:36,865 DEBUG [io.skysail.server.http.HttpServer            ] -   java.vendor.url.bug => 'http://bugreport.sun.com/bugreport/'
2016-03-22 17:52:36,865 DEBUG [io.skysail.server.http.HttpServer            ] -   java.version => '1.8.0_20'
2016-03-22 17:52:36,865 DEBUG [io.skysail.server.http.HttpServer            ] -   java.vm.info => 'mixed mode'
2016-03-22 17:52:36,865 DEBUG [io.skysail.server.http.HttpServer            ] -   java.vm.name => 'Java HotSpot(TM) 64-Bit Server VM'
2016-03-22 17:52:36,865 DEBUG [io.skysail.server.http.HttpServer            ] -   java.vm.specification.name => 'Java Virtual Machine Specification'
2016-03-22 17:52:36,865 DEBUG [io.skysail.server.http.HttpServer            ] -   java.vm.specification.vendor => 'Oracle Corporation'
2016-03-22 17:52:36,865 DEBUG [io.skysail.server.http.HttpServer            ] -   java.vm.specification.version => '1.8'
2016-03-22 17:52:36,865 DEBUG [io.skysail.server.http.HttpServer            ] -   java.vm.vendor => 'Oracle Corporation'
2016-03-22 17:52:36,865 DEBUG [io.skysail.server.http.HttpServer            ] -   java.vm.version => '25.20-b23'
2016-03-22 17:52:36,865 DEBUG [io.skysail.server.http.HttpServer            ] -   launch.activators => ''
2016-03-22 17:52:36,865 DEBUG [io.skysail.server.http.HttpServer            ] -   launch.bundles => '/Users/carsten/.bnd/cache/https%3A%2F%2Fraw.githubusercontent.com%2Fbndtools%2Fbundle-hub%2Fmaster%2Fosgi.core/osgi.core-6.0.0.jar,/Users/carsten/git/skysail-framework/cnf/localrepo/org.osgi.util.function/org.osgi.util.function-1.0.0.jar,/Users/carsten/git/skysail-framework/cnf/localrepo/org.osgi.util.promise/org.osgi.util.promise-1.0.0.jar,/Users/carsten/git/skysail-framework/cnf/localrepo/org.osgi.service.component/org.osgi.service.component-1.3.0.jar,/Users/carsten/.bnd/cache/https%3A%2F%2Fgithub.com%2Fevandor%2Fskysail-repository%2Fraw%2Fmaster%2Frelease/me.moocar.logback-gelf-0.3.0.jar,/Users/carsten/git/skysail-framework/cnf/localrepo/com.google.gson/com.google.gson-2.4.0.jar,/Users/carsten/.bnd/cache/https%3A%2F%2Fraw.githubusercontent.com%2Fbndtools%2Fbundle-hub%2Fmaster%2Fbiz.aQute.bnd.annotation/biz.aQute.bnd.annotation-3.0.0.jar,/Users/carsten/.bnd/cache/https%3A%2F%2Fraw.githubusercontent.com%2Fbndtools%2Fbundle-hub%2Fmaster%2Fbiz.aQute.bndlib/biz.aQute.bndlib-3.0.0.jar,/Users/carsten/git/skysail-framework/cnf/localrepo/etm.core/etm.core-1.2.3.jar,/Users/carsten/git/skysail-framework/cnf/localrepo/etm.contrib/etm.contrib-1.2.3.jar,/Users/carsten/git/skysail-framework/cnf/localrepo/javax.el-api/javax.el-api-3.0.0.jar,/Users/carsten/.bnd/cache/https%3A%2F%2Fgithub.com%2Fevandor%2Fskysail-repository%2Fraw%2Fmaster%2Frelease/javax.persistence-2.1.0.jar,/Users/carsten/.bnd/cache/https%3A%2F%2Fraw.githubusercontent.com%2Fbndtools%2Fbundle-hub%2Fmaster%2Fjavax.servlet/javax.servlet-3.0.0.jar,/Users/carsten/.bnd/cache/https%3A%2F%2Fgithub.com%2Fevandor%2Fskysail-repository%2Fraw%2Fmaster%2Frelease/javax.validation.api-1.1.0.jar,/Users/carsten/.bnd/cache/https%3A%2F%2Fraw.githubusercontent.com%2Fbndtools%2Fbundle-hub%2Fmaster%2Fjavax.inject/javax.inject-1.0.0.jar,/Users/carsten/git/skysail-framework/cnf/localrepo/org.apache.commons.beanutils/org.apache.commons.beanutils-1.9.2.jar,/Users/carsten/.bnd/cache/https%3A%2F%2Fgithub.com%2Fevandor%2Fskysail-repository%2Fraw%2Fmaster%2Frelease/org.apache.commons.collections-3.2.1.jar,/Users/carsten/git/skysail-framework/cnf/localrepo/org.apache.commons.configuration/org.apache.commons.configuration-1.10.0.jar,/Users/carsten/.bnd/cache/https%3A%2F%2Fgithub.com%2Fevandor%2Fskysail-repository%2Fraw%2Fmaster%2Frelease/org.apache.commons.io-2.4.0.jar,/Users/carsten/.bnd/cache/https%3A%2F%2Fgithub.com%2Fevandor%2Fskysail-repository%2Fraw%2Fmaster%2Frelease/org.apache.commons.lang-2.6.0.jar,/Users/carsten/git/skysail-framework/cnf/localrepo/org.apache.commons.lang3/org.apache.commons.lang3-3.3.2.jar,/Users/carsten/.bnd/cache/https%3A%2F%2Fgithub.com%2Fevandor%2Fskysail-repository%2Fraw%2Fmaster%2Frelease/org.apache.commons.logging-1.1.3.jar,/Users/carsten/git/skysail-framework/cnf/localrepo/org.apache.felix.bundlerepository/org.apache.felix.bundlerepository-2.0.2.jar,/Users/carsten/.bnd/cache/https%3A%2F%2Fraw.githubusercontent.com%2Fbndtools%2Fbundle-hub%2Fmaster%2Forg.apache.felix.configadmin/org.apache.felix.configadmin-1.8.0.jar,/Users/carsten/.bnd/cache/https%3A%2F%2Fraw.githubusercontent.com%2Fbndtools%2Fbundle-hub%2Fmaster%2Forg.apache.felix.fileinstall/org.apache.felix.fileinstall-3.4.0.jar,/Users/carsten/.bnd/cache/https%3A%2F%2Fraw.githubusercontent.com%2Fbndtools%2Fbundle-hub%2Fmaster%2Forg.apache.felix.eventadmin/org.apache.felix.eventadmin-1.4.4.jar,/Users/carsten/.bnd/cache/https%3A%2F%2Fraw.githubusercontent.com%2Fbndtools%2Fbundle-hub%2Fmaster%2Forg.apache.felix.gogo.command/org.apache.felix.gogo.command-0.14.0.jar,/Users/carsten/.bnd/cache/https%3A%2F%2Fraw.githubusercontent.com%2Fbndtools%2Fbundle-hub%2Fmaster%2Forg.apache.felix.gogo.runtime/org.apache.felix.gogo.runtime-0.12.1.jar,/Users/carsten/.bnd/cache/https%3A%2F%2Fraw.githubusercontent.com%2Fbndtools%2Fbundle-hub%2Fmaster%2Forg.apache.felix.gogo.shell/org.apache.felix.gogo.shell-0.10.0.jar,/Users/carsten/.bnd/cache/https%3A%2F%2Fraw.githubusercontent.com%2Fbndtools%2Fbundle-hub%2Fmaster%2Forg.apache.felix.log/org.apache.felix.log-1.0.1.jar,/Users/carsten/.bnd/cache/https%3A%2F%2Fgithub.com%2Fevandor%2Fskysail-repository%2Fraw%2Fmaster%2Frelease/org.apache.felix.prefs-1.0.6.jar,/Users/carsten/git/skysail-framework/cnf/localrepo/org.apache.felix.scr/org.apache.felix.scr-2.0.2.jar,/Users/carsten/.bnd/cache/https%3A%2F%2Fgithub.com%2Fevandor%2Fskysail-repository%2Fraw%2Fmaster%2Frelease/jackson-annotations-2.5.1.jar,/Users/carsten/.bnd/cache/https%3A%2F%2Fgithub.com%2Fevandor%2Fskysail-repository%2Fraw%2Fmaster%2Frelease/jackson-core-2.5.1.jar,/Users/carsten/.bnd/cache/https%3A%2F%2Fgithub.com%2Fevandor%2Fskysail-repository%2Fraw%2Fmaster%2Frelease/jackson-databind-2.5.1.jar,/Users/carsten/.bnd/cache/https%3A%2F%2Fgithub.com%2Fevandor%2Fskysail-repository%2Fraw%2Fmaster%2Frelease/jackson-dataformat-xml-2.5.1.jar,/Users/carsten/.bnd/cache/https%3A%2F%2Fgithub.com%2Fevandor%2Fskysail-repository%2Fraw%2Fmaster%2Frelease/jackson-dataformat-smile-2.5.1.jar,/Users/carsten/.bnd/cache/https%3A%2F%2Fgithub.com%2Fevandor%2Fskysail-repository%2Fraw%2Fmaster%2Frelease/jackson-dataformat-yaml-2.5.1.jar,/Users/carsten/.bnd/cache/https%3A%2F%2Fgithub.com%2Fevandor%2Fskysail-repository%2Fraw%2Fmaster%2Frelease/jackson-dataformat-csv-2.5.1.jar,/Users/carsten/.bnd/cache/https%3A%2F%2Fgithub.com%2Fevandor%2Fskysail-repository%2Fraw%2Fmaster%2Frelease/jackson-module-jaxb-annotations-2.5.1.jar,/Users/carsten/.bnd/cache/https%3A%2F%2Fgithub.com%2Fevandor%2Fskysail-repository%2Fraw%2Fmaster%2Frelease/jackson-module-jsonSchema-2.5.1.jar,/Users/carsten/.bnd/cache/https%3A%2F%2Fgithub.com%2Fevandor%2Fskysail-repository%2Fraw%2Fmaster%2Frelease/classmate-1.0.0.jar,/Users/carsten/.bnd/cache/https%3A%2F%2Fgithub.com%2Fevandor%2Fskysail-repository%2Fraw%2Fmaster%2Frelease/stax2-api-3.1.4.jar,/Users/carsten/git/skysail-framework/cnf/localrepo/javassist/javassist-3.18.1.jar,/Users/carsten/git/skysail-framework/cnf/localrepo/org.codehaus.jettison.jettison/org.codehaus.jettison.jettison-1.3.7.jar,/Users/carsten/.bnd/cache/https%3A%2F%2Fgithub.com%2Fevandor%2Fskysail-repository%2Fraw%2Fmaster%2Frelease/com.googlecode.concurrentlinkedhashmap.lru-1.4.0.jar,/Users/carsten/.bnd/cache/https%3A%2F%2Fgithub.com%2Fevandor%2Fskysail-repository%2Fraw%2Fmaster%2Frelease/orientdb-client-2.1.3.jar,/Users/carsten/.bnd/cache/https%3A%2F%2Fgithub.com%2Fevandor%2Fskysail-repository%2Fraw%2Fmaster%2Frelease/orientdb-core-2.1.3.jar,/Users/carsten/.bnd/cache/https%3A%2F%2Fgithub.com%2Fevandor%2Fskysail-repository%2Fraw%2Fmaster%2Frelease/orientdb-enterprise-2.1.3.jar,/Users/carsten/.bnd/cache/https%3A%2F%2Fgithub.com%2Fevandor%2Fskysail-repository%2Fraw%2Fmaster%2Frelease/orientdb-graphdb-2.1.3.jar,/Users/carsten/.bnd/cache/https%3A%2F%2Fgithub.com%2Fevandor%2Fskysail-repository%2Fraw%2Fmaster%2Frelease/orientdb-object-2.1.3.jar,/Users/carsten/.bnd/cache/https%3A%2F%2Fgithub.com%2Fevandor%2Fskysail-repository%2Fraw%2Fmaster%2Frelease/orientdb-server-2.1.3.jar,/Users/carsten/.bnd/cache/https%3A%2F%2Fgithub.com%2Fevandor%2Fskysail-repository%2Fraw%2Fmaster%2Frelease/orientdb-tools-2.1.3.jar,/Users/carsten/.bnd/cache/https%3A%2F%2Fgithub.com%2Fevandor%2Fskysail-repository%2Fraw%2Fmaster%2Frelease/org.xerial.snappy.snappy-java-1.1.1.jar,/Users/carsten/git/skysail-framework/cnf/localrepo/io.skysail.bundled.tinkerpop.blueprints-core/io.skysail.bundled.tinkerpop.blueprints-core-2.6.0.jar,/Users/carsten/git/skysail-framework/cnf/localrepo/io.skysail.bundled.tinkerpop.blueprints-orient-graph/io.skysail.bundled.tinkerpop.blueprints-orient-graph-2.4.0.jar,/Users/carsten/git/skysail-framework/cnf/localrepo/com.sun.jna/com.sun.jna-4.2.0.jar,/Users/carsten/git/skysail-framework/cnf/localrepo/com.sun.jna.platform/com.sun.jna.platform-4.2.0.jar,/Users/carsten/.bnd/cache/https%3A%2F%2Fgithub.com%2Fevandor%2Fskysail-repository%2Fraw%2Fmaster%2Frelease/jetty-util-9.2.11.v20150529.jar,/Users/carsten/.bnd/cache/https%3A%2F%2Fgithub.com%2Fevandor%2Fskysail-repository%2Fraw%2Fmaster%2Frelease/jetty-http-9.2.11.v20150529.jar,/Users/carsten/.bnd/cache/https%3A%2F%2Fgithub.com%2Fevandor%2Fskysail-repository%2Fraw%2Fmaster%2Frelease/jetty-io-9.2.11.v20150529.jar,/Users/carsten/.bnd/cache/https%3A%2F%2Fgithub.com%2Fevandor%2Fskysail-repository%2Fraw%2Fmaster%2Frelease/jetty-security-9.2.11.v20150529.jar,/Users/carsten/.bnd/cache/https%3A%2F%2Fgithub.com%2Fevandor%2Fskysail-repository%2Fraw%2Fmaster%2Frelease/jetty-server-9.2.11.v20150529.jar,/Users/carsten/.bnd/cache/https%3A%2F%2Fgithub.com%2Fevandor%2Fskysail-repository%2Fraw%2Fmaster%2Frelease/jetty-servlet-9.2.11.v20150529.jar,/Users/carsten/.bnd/cache/https%3A%2F%2Fgithub.com%2Fevandor%2Fskysail-repository%2Fraw%2Fmaster%2Frelease/jetty-webapp-9.2.11.v20150529.jar,/Users/carsten/.bnd/cache/https%3A%2F%2Fgithub.com%2Fevandor%2Fskysail-repository%2Fraw%2Fmaster%2Frelease/jetty-deploy-9.2.11.v20150529.jar,/Users/carsten/.bnd/cache/https%3A%2F%2Fgithub.com%2Fevandor%2Fskysail-repository%2Fraw%2Fmaster%2Frelease/jetty-xml-9.2.11.v20150529.jar,/Users/carsten/git/skysail-framework/cnf/localrepo/org.eclipse.jetty.osgi-servlet-api/org.eclipse.jetty.osgi-servlet-api-3.1.0.jar,/Users/carsten/.bnd/cache/https%3A%2F%2Fgithub.com%2Fevandor%2Fskysail-repository%2Fraw%2Fmaster%2Frelease/jetty-client-9.2.11.v20150529.jar,/Users/carsten/.bnd/cache/https%3A%2F%2Fgithub.com%2Fevandor%2Fskysail-repository%2Fraw%2Fmaster%2Frelease/org.apache.shiro.core-1.2.2.jar,/Users/carsten/.bnd/cache/https%3A%2F%2Fgithub.com%2Fevandor%2Fskysail-repository%2Fraw%2Fmaster%2Frelease/org.apache.shiro.web-1.2.2.jar,/Users/carsten/.bnd/cache/https%3A%2F%2Fgithub.com%2Fevandor%2Fskysail-repository%2Fraw%2Fmaster%2Frelease/snakeyaml-1.15.jar,/Users/carsten/git/skysail-framework/cnf/localrepo/de.twentyeleven.skysail.org.json-osgi/de.twentyeleven.skysail.org.json-osgi-20080701.0.0.jar,/Users/carsten/.bnd/cache/https%3A%2F%2Fgithub.com%2Fevandor%2Fskysail-repository%2Fraw%2Fmaster%2Frelease/org.restlet.jar,/Users/carsten/git/skysail-framework/cnf/localrepo/org.restlet.ext.apispark/org.restlet.ext.apispark-2.3.4.jar,/Users/carsten/.bnd/cache/https%3A%2F%2Fgithub.com%2Fevandor%2Fskysail-repository%2Fraw%2Fmaster%2Frelease/org.restlet.ext.crypto.jar,/Users/carsten/.bnd/cache/https%3A%2F%2Fgithub.com%2Fevandor%2Fskysail-repository%2Fraw%2Fmaster%2Frelease/org.restlet.ext.jackson.jar,/Users/carsten/.bnd/cache/https%3A%2F%2Fgithub.com%2Fevandor%2Fskysail-repository%2Fraw%2Fmaster%2Frelease/org.restlet.ext.jetty.jar,/Users/carsten/.bnd/cache/https%3A%2F%2Fgithub.com%2Fevandor%2Fskysail-repository%2Fraw%2Fmaster%2Frelease/org.restlet.ext.json.jar,/Users/carsten/.bnd/cache/https%3A%2F%2Fgithub.com%2Fevandor%2Fskysail-repository%2Fraw%2Fmaster%2Frelease/org.restlet.ext.raml.jar,/Users/carsten/.bnd/cache/https%3A%2F%2Fgithub.com%2Fevandor%2Fskysail-repository%2Fraw%2Fmaster%2Frelease/org.restlet.ext.slf4j.jar,/Users/carsten/git/skysail-framework/cnf/localrepo/io.skysail.bundled.raml-parser/io.skysail.bundled.raml-parser-0.8.12.jar,/Users/carsten/.bnd/cache/https%3A%2F%2Fgithub.com%2Fevandor%2Fskysail-repository%2Fraw%2Fmaster%2Frelease/guava-16.0.1.jar,/Users/carsten/git/skysail-framework/cnf/localrepo/org.jboss.logging.jboss-logging/org.jboss.logging.jboss-logging-3.1.4.jar,/Users/carsten/git/skysail-framework/cnf/localrepo/org.hibernate.validator/org.hibernate.validator-5.1.2.jar,/Users/carsten/.bnd/cache/https%3A%2F%2Fraw.githubusercontent.com%2Fbndtools%2Fbundle-hub%2Fmaster%2Fch.qos.logback.classic/ch.qos.logback.classic-1.1.2.jar,/Users/carsten/.bnd/cache/https%3A%2F%2Fraw.githubusercontent.com%2Fbndtools%2Fbundle-hub%2Fmaster%2Fch.qos.logback.core/ch.qos.logback.core-1.1.2.jar,/Users/carsten/git/skysail-framework/cnf/localrepo/slf4j.api/slf4j.api-1.7.7.jar,/Users/carsten/git/skysail-framework/cnf/releaserepo/skysail.api/skysail.api-12.0.0.jar,/Users/carsten/git/skysail-framework/cnf/releaserepo/skysail.api.um/skysail.api.um-0.2.1.jar,/Users/carsten/git/skysail-framework/cnf/releaserepo/skysail.api.peers/skysail.api.peers-0.1.1.jar,/Users/carsten/git/skysail-framework/cnf/releaserepo/skysail.api.search/skysail.api.search-0.1.0.jar,/Users/carsten/git/skysail-framework/cnf/releaserepo/skysail.api.text/skysail.api.text-2.0.0.jar,/Users/carsten/git/skysail-framework/cnf/releaserepo/skysail.api.features/skysail.api.features-0.1.2.jar,/Users/carsten/.bnd/cache/https%3A%2F%2Fgithub.com%2Fevandor%2Fskysail-repository%2Fraw%2Fmaster%2Frelease/com.sun.el-2.2.0.jar,/Users/carsten/.bnd/cache/https%3A%2F%2Fgithub.com%2Fevandor%2Fskysail-repository%2Fraw%2Fmaster%2Frelease/de.twenty11.owasp-java-html-sanitizer-239.0.0.jar,/Users/carsten/git/skysail-framework/cnf/localrepo/de.twentyeleven.skysail.org.antlr.stringtemplate-osgi/de.twentyeleven.skysail.org.antlr.stringtemplate-osgi-4.0.8.jar,/Users/carsten/git/skysail-framework/skysail.domain/generated/skysail.domain.jar,/Users/carsten/git/skysail-framework/skysail.server/generated/skysail.server.jar,/Users/carsten/git/skysail-framework/skysail.server.converter/generated/skysail.server.converter.jar,/Users/carsten/git/skysail-framework/skysail.server.db/generated/skysail.server.db.jar,/Users/carsten/git/skysail-framework/cnf/releaserepo/skysail.server.http/skysail.server.http-6.0.0.jar,/Users/carsten/git/skysail-framework/skysail.server.osgi/generated/skysail.server.osgi.jar,/Users/carsten/git/skysail-framework/skysail.server.queryfilter/generated/skysail.server.queryfilter.jar,/Users/carsten/git/skysail-framework/skysail.server.performance.etm/generated/skysail.server.performance.etm.jar,/Users/carsten/git/skysail-framework/skysail.server.static/generated/skysail.server.static.jar,/Users/carsten/git/skysail-framework/cnf/releaserepo/skysail.server.text.markdown/skysail.server.text.markdown-0.1.1.jar,/Users/carsten/git/skysail-framework/skysail.server.text.store.bundleresource/generated/skysail.server.text.store.bundleresource.jar,/Users/carsten/git/skysail-framework/skysail.server.text.store.git/generated/skysail.server.text.store.git.jar,/Users/carsten/git/skysail-framework/skysail.server.um/generated/skysail.server.um.jar,/Users/carsten/git/skysail-framework/skysail.server.um.simple/generated/skysail.server.um.simple.jar,/Users/carsten/git/skysail-framework/cnf/localrepo/org.jsoup/org.jsoup-1.8.1.jar,/Users/carsten/git/skysail-framework/skysail.server.ext.initconfig/generated/skysail.server.ext.initconfig.jar,/Users/carsten/git/skysail-framework/cnf/localrepo/io.skysail.bundled.org.osgi.service.component.annotations-runtime/io.skysail.bundled.org.osgi.service.component.annotations-runtime-1.3.0.jar,/Users/carsten/git/skysail-framework/skysail.server.polymer/generated/skysail.server.polymer.jar,/Users/carsten/git/skysail-framework/skysail.server.designer.demo.transactions/generated/skysail.server.designer.demo.transactions.jar,/Users/carsten/git/skysail-framework/skysail.client.testsupport/generated/skysail.client.testsupport.jar,/Users/carsten/.bnd/cache/https%3A%2F%2Fgithub.com%2Fevandor%2Fskysail-repository%2Fraw%2Fmaster%2Frelease/com.springsource.org.junit-4.11.0.jar,/Users/carsten/git/skysail-framework/skysail.server.designer.demo.transactions.it/generated/skysail.server.designer.demo.transactions.it.jar,/Users/carsten/git/skysail-framework/cnf/cache/3.1.0/biz.aQute.tester/biz.aQute.tester-3.1.0.jar'
2016-03-22 17:52:36,866 DEBUG [io.skysail.server.http.HttpServer            ] -   launch.embedded => 'false'
2016-03-22 17:52:36,866 DEBUG [io.skysail.server.http.HttpServer            ] -   launch.keep => 'false'
2016-03-22 17:52:36,866 DEBUG [io.skysail.server.http.HttpServer            ] -   launch.name => 'skysail.server.designer.demo.transactions.it'
2016-03-22 17:52:36,866 DEBUG [io.skysail.server.http.HttpServer            ] -   launch.noreferences => 'false'
2016-03-22 17:52:36,866 DEBUG [io.skysail.server.http.HttpServer            ] -   launch.notificationPort => '-1'
2016-03-22 17:52:36,866 DEBUG [io.skysail.server.http.HttpServer            ] -   launch.services => 'true'
2016-03-22 17:52:36,866 DEBUG [io.skysail.server.http.HttpServer            ] -   launch.storage.dir => '/Users/carsten/git/skysail-framework/skysail.server.designer.demo.transactions.it/generated/fw'
2016-03-22 17:52:36,866 DEBUG [io.skysail.server.http.HttpServer            ] -   launch.system.capabilities => 'osgi.native;osgi.native.osname:List<String>="MacOSX,Mac OS X";osgi.native.osversion:Version="10.11.3";osgi.native.processor:List<String>="x86-64,amd64,em64t,x86_64"'
2016-03-22 17:52:36,866 DEBUG [io.skysail.server.http.HttpServer            ] -   launch.system.packages => 'com.sun.image.codec.jpeg,com.sun.management,com.sun.net.httpserver,javafx.application,javafx.scene,javafx.scene.control,javafx.scene.layout,javafx.stage,javafx.beans.property,javafx.collections,javafx.beans.value,javafx.concurrent,javafx.event,javafx.geometry,javafx.scene.image,javafx.scene.web,javafx.util,javafx.scene.paint,javax.imageio.spi,javax.crypto,javax.crypto.spec,javax.script,javax.net,javax.net.ssl,javax.security.auth.x500,javax.sql,javax.xml.stream,javax.naming,javax.naming.directory,javax.naming.ldap,javax.xml.bind,javax.xml.bind.annotation,javax.xml.bind.annotation.adapters,javax.activation,javax.security.auth.callback,javax.naming.spi,javax.management,javax.management.openmbean,javax.swing.tree,javax.transaction,javax.transaction.xa,javax.xml.transform.stax,sun.reflect,sun.misc,org.ietf.jgss,netscape.javascript,sun.nio.ch,org.osgi.framework;version="1.8",org.osgi.framework.dto;version="1.8";uses:="org.osgi.dto",org.osgi.framework.hooks.bundle;version="1.1";uses:="org.osgi.framework",org.osgi.framework.hooks.resolver;version="1.0";uses:="org.osgi.framework.wiring",org.osgi.framework.hooks.service;version="1.1";uses:="org.osgi.framework",org.osgi.framework.hooks.weaving;version="1.1";uses:="org.osgi.framework.wiring",org.osgi.framework.launch;version="1.2";uses:="org.osgi.framework",org.osgi.framework.namespace;version="1.1";uses:="org.osgi.resource",org.osgi.framework.startlevel;version="1.0";uses:="org.osgi.framework",org.osgi.framework.startlevel.dto;version="1.0";uses:="org.osgi.dto",org.osgi.framework.wiring;version="1.2";uses:="org.osgi.framework,org.osgi.resource",org.osgi.framework.wiring.dto;version="1.2";uses:="org.osgi.dto,org.osgi.resource.dto",org.osgi.resource;version="1.0",org.osgi.resource.dto;version="1.0";uses:="org.osgi.dto",org.osgi.service.packageadmin;version="1.2";uses:="org.osgi.framework",org.osgi.service.startlevel;version="1.1";uses:="org.osgi.framework",org.osgi.service.url;version="1.0",org.osgi.service.resolver;version="1.0";uses:="org.osgi.resource",org.osgi.util.tracker;version="1.5.1";uses:="org.osgi.framework",org.osgi.dto;version="1.0"'
2016-03-22 17:52:36,866 DEBUG [io.skysail.server.http.HttpServer            ] -   launch.timeout => '0'
2016-03-22 17:52:36,866 DEBUG [io.skysail.server.http.HttpServer            ] -   launch.trace => 'false'
2016-03-22 17:52:36,866 DEBUG [io.skysail.server.http.HttpServer            ] -   launcher.properties => '/Users/carsten/git/skysail-framework/skysail.server.designer.demo.transactions.it/generated/launch390759766899547979.properties'
2016-03-22 17:52:36,866 DEBUG [io.skysail.server.http.HttpServer            ] -   line.separator => '
'
2016-03-22 17:52:36,866 DEBUG [io.skysail.server.http.HttpServer            ] -   logback.configurationFile => 'config/test/logback.xml'
2016-03-22 17:52:36,866 DEBUG [io.skysail.server.http.HttpServer            ] -   obr.repository.url => 'https://raw.githubusercontent.com/evandor/skysail-repository/master/index.xml https://raw.githubusercontent.com/evandor/skysail-framework/master/cnf/releaserepo/index.xml https://raw.githubusercontent.com/evandor/skysail-apps/master/cnf/releaserepo/index.xml http://felix.apache.org/obr/releases.xml'
2016-03-22 17:52:36,866 DEBUG [io.skysail.server.http.HttpServer            ] -   org.apache.felix.log.storeDebug => 'true'
2016-03-22 17:52:36,867 DEBUG [io.skysail.server.http.HttpServer            ] -   os.arch => 'x86_64'
2016-03-22 17:52:36,867 DEBUG [io.skysail.server.http.HttpServer            ] -   os.name => 'Mac OS X'
2016-03-22 17:52:36,867 DEBUG [io.skysail.server.http.HttpServer            ] -   os.version => '10.11.3'
2016-03-22 17:52:36,867 DEBUG [io.skysail.server.http.HttpServer            ] -   path.separator => ':'
2016-03-22 17:52:36,867 DEBUG [io.skysail.server.http.HttpServer            ] -   product.bundle => 'skysail.server.designer.demo.transactions.it'
2016-03-22 17:52:36,867 DEBUG [io.skysail.server.http.HttpServer            ] -   socksNonProxyHosts => 'local|*.local|169.254/16|*.169.254/16'
2016-03-22 17:52:36,867 DEBUG [io.skysail.server.http.HttpServer            ] -   sun.arch.data.model => '64'
2016-03-22 17:52:36,867 DEBUG [io.skysail.server.http.HttpServer            ] -   sun.boot.class.path => '/Library/Java/JavaVirtualMachines/jdk1.8.0_20.jdk/Contents/Home/jre/lib/resources.jar:/Library/Java/JavaVirtualMachines/jdk1.8.0_20.jdk/Contents/Home/jre/lib/rt.jar:/Library/Java/JavaVirtualMachines/jdk1.8.0_20.jdk/Contents/Home/jre/lib/sunrsasign.jar:/Library/Java/JavaVirtualMachines/jdk1.8.0_20.jdk/Contents/Home/jre/lib/jsse.jar:/Library/Java/JavaVirtualMachines/jdk1.8.0_20.jdk/Contents/Home/jre/lib/jce.jar:/Library/Java/JavaVirtualMachines/jdk1.8.0_20.jdk/Contents/Home/jre/lib/charsets.jar:/Library/Java/JavaVirtualMachines/jdk1.8.0_20.jdk/Contents/Home/jre/lib/jfr.jar:/Library/Java/JavaVirtualMachines/jdk1.8.0_20.jdk/Contents/Home/jre/classes'
2016-03-22 17:52:36,867 DEBUG [io.skysail.server.http.HttpServer            ] -   sun.boot.library.path => '/Library/Java/JavaVirtualMachines/jdk1.8.0_20.jdk/Contents/Home/jre/lib'
2016-03-22 17:52:36,867 DEBUG [io.skysail.server.http.HttpServer            ] -   sun.cpu.endian => 'little'
2016-03-22 17:52:36,867 DEBUG [io.skysail.server.http.HttpServer            ] -   sun.cpu.isalist => ''
2016-03-22 17:52:36,867 DEBUG [io.skysail.server.http.HttpServer            ] -   sun.io.unicode.encoding => 'UnicodeBig'
2016-03-22 17:52:36,867 DEBUG [io.skysail.server.http.HttpServer            ] -   sun.java.command => 'aQute.launcher.Launcher'
2016-03-22 17:52:36,867 DEBUG [io.skysail.server.http.HttpServer            ] -   sun.java.launcher => 'SUN_STANDARD'
2016-03-22 17:52:36,867 DEBUG [io.skysail.server.http.HttpServer            ] -   sun.jnu.encoding => 'UTF-8'
2016-03-22 17:52:36,867 DEBUG [io.skysail.server.http.HttpServer            ] -   sun.management.compiler => 'HotSpot 64-Bit Tiered Compilers'
2016-03-22 17:52:36,867 DEBUG [io.skysail.server.http.HttpServer            ] -   sun.os.patch.level => 'unknown'
2016-03-22 17:52:36,867 DEBUG [io.skysail.server.http.HttpServer            ] -   tester.continuous => 'false'
2016-03-22 17:52:36,867 DEBUG [io.skysail.server.http.HttpServer            ] -   tester.dir => '/Users/carsten/git/skysail-framework/skysail.server.designer.demo.transactions.it/generated/test-results'
2016-03-22 17:52:36,867 DEBUG [io.skysail.server.http.HttpServer            ] -   tester.names => 'io.skysail.server.designer.demo.transactions.it.TransactionsCrudIntegrationTests:new_application_can_be_deleted'
2016-03-22 17:52:36,867 DEBUG [io.skysail.server.http.HttpServer            ] -   tester.port => '62031'
2016-03-22 17:52:36,867 DEBUG [io.skysail.server.http.HttpServer            ] -   tester.unresolved => 'true'
2016-03-22 17:52:36,868 DEBUG [io.skysail.server.http.HttpServer            ] -   user.country => 'US'
2016-03-22 17:52:36,868 DEBUG [io.skysail.server.http.HttpServer            ] -   user.country.format => 'DE'
2016-03-22 17:52:36,868 DEBUG [io.skysail.server.http.HttpServer            ] -   user.dir => '/Users/carsten/git/skysail-framework/skysail.server.designer.demo.transactions.it'
2016-03-22 17:52:36,868 DEBUG [io.skysail.server.http.HttpServer            ] -   user.home => '/Users/carsten'
2016-03-22 17:52:36,868 DEBUG [io.skysail.server.http.HttpServer            ] -   user.language => 'en'
2016-03-22 17:52:36,868 DEBUG [io.skysail.server.http.HttpServer            ] -   user.name => 'carsten'
2016-03-22 17:52:36,868 DEBUG [io.skysail.server.http.HttpServer            ] -   user.timezone => 'Europe/Berlin'
2016-03-22 17:52:36,884 DEBUG [io.skysail.server.app.SkysailApplication     ] - Instanciating new Skysail ApplicationModel 'OsgiMonitorViewerApplication'
2016-03-22 17:52:36,885 INFO  [io.skysail.server.app.SkysailApplication     ] - Activating ApplicationModel de.twenty11.skysail.server.osgi.OsgiMonitorViewerApplication
2016-03-22 17:52:36,890 DEBUG [io.skysail.server.app.ApplicationList        ] - (+ ApplicationModel) (#03) with name 'OSGi'
2016-03-22 17:52:36,903 DEBUG [i.s.s.p.etm.EtmPerformanceMonitor            ] - starting etm performance monitor
2016-03-22 17:52:36,920 DEBUG [io.skysail.server.app.SkysailApplication     ] - Instanciating new Skysail ApplicationModel 'PerformanceApplication'
2016-03-22 17:52:36,921 INFO  [io.skysail.server.app.SkysailApplication     ] - Activating ApplicationModel io.skysail.server.performance.etm.impl.PerformanceApplication
2016-03-22 17:52:36,923 DEBUG [io.skysail.server.app.ApplicationList        ] - (+ ApplicationModel) (#04) with name 'Performance'
2016-03-22 17:52:36,941 DEBUG [io.skysail.server.app.SkysailApplication     ] - Instanciating new Skysail ApplicationModel 'WebappApplication'
2016-03-22 17:52:36,943 INFO  [io.skysail.server.app.SkysailApplication     ] - Activating ApplicationModel de.twenty11.skysail.server.webapp.internal.WebappApplication
2016-03-22 17:52:36,944 DEBUG [io.skysail.server.app.ApplicationList        ] - (+ ApplicationModel) (#05) with name 'static'
2016-03-22 17:52:36,974 DEBUG [io.skysail.server.app.SkysailApplication     ] - Instanciating new Skysail ApplicationModel 'I18nApplication'
2016-03-22 17:52:36,978 INFO  [io.skysail.server.app.SkysailApplication     ] - Activating ApplicationModel io.skysail.server.text.store.bundleresource.impl.I18nApplication
2016-03-22 17:52:36,981 DEBUG [io.skysail.server.app.ApplicationList        ] - (+ ApplicationModel) (#06) with name 'i18n'
2016-03-22 17:52:37,056 DEBUG [io.skysail.server.app.SkysailApplication     ] - Instanciating new Skysail ApplicationModel 'SimpleUserManagementApplication'
2016-03-22 17:52:37,057 INFO  [io.skysail.server.app.SkysailApplication     ] - Activating ApplicationModel io.skysail.server.um.simple.app.SimpleUserManagementApplication
2016-03-22 17:52:37,087 DEBUG [i.s.s.u.s.a.SkysailHashedCredentialsMatcher  ] - cacheManager set in io.skysail.server.um.simple.authentication.SkysailHashedCredentialsMatcher
2016-03-22 17:52:37,132 DEBUG [org.apache.shiro.realm.AuthorizingRealm      ] - No authorizationCache instance set.  Checking for a cacheManager...
2016-03-22 17:52:37,132 DEBUG [org.apache.shiro.realm.AuthorizingRealm      ] - CacheManager [MemoryConstrainedCacheManager with 0 cache(s)): []] has been configured.  Building authorization cache named [io.skysail.server.um.simple.authorization.SimpleAuthorizingRealm.authorizationCache]
2016-03-22 17:52:37,140 DEBUG [io.skysail.server.app.ApplicationList        ] - (+ ApplicationModel) (#07) with name 'usermanagement'
2016-03-22 17:52:37,160 DEBUG [s.server.ext.initconfig.ConfigMover          ] - determined product bundle to be 'skysail.server.designer.demo.transactions.it'
2016-03-22 17:52:37,161 DEBUG [s.server.ext.initconfig.ConfigMover          ] - checking directories 'config' in bundle skysail.server.designer.demo.transactions.it for configurations
2016-03-22 17:52:37,161 DEBUG [s.server.ext.initconfig.ConfigMover          ] - copyConfigurationFiles, found paths: [config]
2016-03-22 17:52:37,161 DEBUG [s.server.ext.initconfig.ConfigMover          ] - checking path config
2016-03-22 17:52:37,161 DEBUG [s.server.ext.initconfig.ConfigMover          ] - no configuration found in bundle skysail.server.designer.demo.transactions.it
2016-03-22 17:52:37,161 INFO  [s.server.ext.initconfig.ConfigMover          ] - setting logging level to INFO, no initial logback confi file was provided yet.
2016-03-22 17:52:37,172 INFO  [io.skysail.server.app.SkysailApplication     ] - Activating ApplicationModel io.skysail.server.polymer.PolymerStaticWebapp
2016-03-22 17:52:37,223 INFO  [io.skysail.server.app.SkysailApplication     ] - Activating ApplicationModel io.skysail.server.designer.demo.transactions.TransactionsApplication
2016-03-22 17:52:37,307 INFO  [i.s.c.testsupport.TestsupportTestBase        ] - 
2016-03-22 17:52:37,307 INFO  [i.s.c.testsupport.TestsupportTestBase        ] - --------------------------------------------
2016-03-22 17:52:37,307 INFO  [i.s.c.testsupport.TestsupportTestBase        ] -  > TEST: running test 'new_application_can_be_deleted'
2016-03-22 17:52:37,307 INFO  [i.s.c.testsupport.TestsupportTestBase        ] - --------------------------------------------
2016-03-22 17:52:37,307 INFO  [i.s.c.testsupport.TestsupportTestBase        ] - 
2016-03-22 17:52:37,313 INFO  [i.s.c.testsupport.TestsupportTestBase        ] - setting up test case...
2016-03-22 17:52:37,314 INFO  [i.s.c.testsupport.TestsupportTestBase        ] - setting test port to 2015
2016-03-22 17:52:37,314 INFO  [i.s.c.testsupport.ApplicationBrowser         ] -  > TEST: creating new browser client with url 'http://localhost:2015' for Application 'Transactions' and mediaType 'text/html'
2016-03-22 17:52:40,110 INFO  [i.s.s.d.d.t.it.TransactionsBrowser           ] -  > TEST: creating new Transaction io.skysail.server.designer.demo.transactions.transaction.Transaction@6d7b2319
2016-03-22 17:52:40,111 INFO  [i.s.c.testsupport.ApplicationBrowser         ] -  > TEST: logging in as user 'admin'
2016-03-22 17:52:40,355 INFO  [org.restlet                                  ] - Starting a Jetty HTTP/HTTPS client
2016-03-22 17:52:40,641 INFO  [o.r.S.I.SkysailRootApplication               ] - Starting io.skysail.server.app.SkysailRootApplication application
2016-03-22 17:52:40,647 INFO  [io.skysail.server.app.SkysailApplication     ] - creating new Router in io.skysail.server.app.SkysailRootApplication
2016-03-22 17:52:40,648 INFO  [io.skysail.server.app.SkysailApplication     ] - adding extensions to metadata service
2016-03-22 17:52:40,649 INFO  [io.skysail.server.app.SkysailApplication     ] - adding protocols
2016-03-22 17:52:40,652 INFO  [d.t.s.server.core.restlet.SkysailRouter      ] - routing path '/!meta' -> 'RolesPredicateAuthorizer' -> 'de.twenty11.skysail.server.resources.DefaultResource'
2016-03-22 17:52:40,654 INFO  [d.t.s.server.core.restlet.SkysailRouter      ] - routing path '/' -> 'de.twenty11.skysail.server.resources.DefaultResource'
2016-03-22 17:52:40,654 WARN  [d.t.s.server.core.restlet.SkysailRouter      ] - please use a RouteBuilder to attach this resource: class de.twenty11.skysail.server.resources.DefaultResource
2016-03-22 17:52:40,655 INFO  [d.t.s.server.core.restlet.SkysailRouter      ] - routing path '/_login' -> 'de.twenty11.skysail.server.resources.LoginResource'
2016-03-22 17:52:40,656 WARN  [d.t.s.server.core.restlet.SkysailRouter      ] - please use a RouteBuilder to attach this resource: class de.twenty11.skysail.server.resources.LoginResource
2016-03-22 17:52:40,656 INFO  [d.t.s.server.core.restlet.SkysailRouter      ] - routing path '/_demologin' -> 'de.twenty11.skysail.server.resources.DemoLoginResource'
2016-03-22 17:52:40,656 WARN  [d.t.s.server.core.restlet.SkysailRouter      ] - please use a RouteBuilder to attach this resource: class de.twenty11.skysail.server.resources.DemoLoginResource
2016-03-22 17:52:40,657 INFO  [d.t.s.server.core.restlet.SkysailRouter      ] - routing path '/_remotelogin' -> 'de.twenty11.skysail.server.resources.RemoteLoginResource'
2016-03-22 17:52:40,657 WARN  [d.t.s.server.core.restlet.SkysailRouter      ] - please use a RouteBuilder to attach this resource: class de.twenty11.skysail.server.resources.RemoteLoginResource
2016-03-22 17:52:40,663 INFO  [o.r.S.InternalRouter.WebappApplication       ] - Starting io.skysail.server.converter.WebappApplication application
2016-03-22 17:52:40,666 INFO  [o.r.S.I.OsgiMonitorViewerApplication         ] - Starting de.twenty11.skysail.server.osgi.OsgiMonitorViewerApplication application
2016-03-22 17:52:40,668 INFO  [io.skysail.server.app.SkysailApplication     ] - creating new Router in de.twenty11.skysail.server.osgi.OsgiMonitorViewerApplication
2016-03-22 17:52:40,668 INFO  [io.skysail.server.app.SkysailApplication     ] - adding extensions to metadata service
2016-03-22 17:52:40,668 INFO  [io.skysail.server.app.SkysailApplication     ] - adding protocols
2016-03-22 17:52:40,668 WARN  [io.skysail.server.app.SkysailApplication     ] - there are no entities defined for the applicationModel ApplicationModel: OSGi
Repositories: 
Repositories(repositories={})

2016-03-22 17:52:40,670 INFO  [d.t.s.server.core.restlet.SkysailRouter      ] - routing path '/v1!meta' -> 'RolesPredicateAuthorizer' -> 'de.twenty11.skysail.server.osgi.osgimonitor.resources.OsgiMonitorRootResource'
2016-03-22 17:52:40,670 INFO  [d.t.s.server.core.restlet.SkysailRouter      ] - routing path '/v1' -> 'RolesPredicateAuthorizer' -> 'de.twenty11.skysail.server.osgi.osgimonitor.resources.OsgiMonitorRootResource'
2016-03-22 17:52:40,781 INFO  [io.skysail.domain.core.ApplicationModel      ] - adding entity model with id 'io.skysail.domain.Identifiable'
2016-03-22 17:52:40,782 INFO  [d.t.s.server.core.restlet.SkysailRouter      ] - routing path '/v1/!meta' -> 'RolesPredicateAuthorizer' -> 'de.twenty11.skysail.server.osgi.osgimonitor.resources.OsgiMonitorRootResource'
2016-03-22 17:52:40,783 INFO  [d.t.s.server.core.restlet.SkysailRouter      ] - routing path '/v1/' -> 'RolesPredicateAuthorizer' -> 'de.twenty11.skysail.server.osgi.osgimonitor.resources.OsgiMonitorRootResource'
2016-03-22 17:52:40,801 INFO  [d.t.s.server.core.restlet.SkysailRouter      ] - routing path '/v1/bundles!meta' -> 'RolesPredicateAuthorizer' -> 'de.twenty11.skysail.server.osgi.osgimonitor.resources.BundlesResource'
2016-03-22 17:52:40,801 INFO  [d.t.s.server.core.restlet.SkysailRouter      ] - routing path '/v1/bundles' -> 'RolesPredicateAuthorizer' -> 'de.twenty11.skysail.server.osgi.osgimonitor.resources.BundlesResource'
2016-03-22 17:52:40,808 INFO  [io.skysail.domain.core.ApplicationModel      ] - adding entity model with id 'de.twenty11.skysail.server.osgi.osgimonitor.domain.BundleDescriptor'
2016-03-22 17:52:40,809 INFO  [d.t.s.server.core.restlet.SkysailRouter      ] - routing path '/v1/bundlesgraph!meta' -> 'RolesPredicateAuthorizer' -> 'de.twenty11.skysail.server.osgi.osgimonitor.resources.BundlesGraphResource'
2016-03-22 17:52:40,809 INFO  [d.t.s.server.core.restlet.SkysailRouter      ] - routing path '/v1/bundlesgraph' -> 'RolesPredicateAuthorizer' -> 'de.twenty11.skysail.server.osgi.osgimonitor.resources.BundlesGraphResource'
2016-03-22 17:52:40,831 INFO  [d.t.s.server.core.restlet.SkysailRouter      ] - routing path '/v1/bundles/details/{bundleId}' -> 'RolesPredicateAuthorizer' -> 'de.twenty11.skysail.server.osgi.osgimonitor.resources.BundleResource'
2016-03-22 17:52:40,840 INFO  [io.skysail.domain.core.ApplicationModel      ] - adding entity model with id 'de.twenty11.skysail.server.osgi.osgimonitor.domain.BundleDetails'
2016-03-22 17:52:40,842 INFO  [d.t.s.server.core.restlet.SkysailRouter      ] - routing path '/v1/bundles/details/{bundleId}/action' -> 'RolesPredicateAuthorizer' -> 'de.twenty11.skysail.server.osgi.osgimonitor.resources.BundleResource'
2016-03-22 17:52:40,853 INFO  [d.t.s.server.core.restlet.SkysailRouter      ] - routing path '/v1/services!meta' -> 'RolesPredicateAuthorizer' -> 'de.twenty11.skysail.server.osgi.osgimonitor.resources.ServicesResource'
2016-03-22 17:52:40,854 INFO  [d.t.s.server.core.restlet.SkysailRouter      ] - routing path '/v1/services' -> 'RolesPredicateAuthorizer' -> 'de.twenty11.skysail.server.osgi.osgimonitor.resources.ServicesResource'
2016-03-22 17:52:40,924 INFO  [io.skysail.domain.core.ApplicationModel      ] - adding entity model with id 'de.twenty11.skysail.server.osgi.osgimonitor.domain.ServiceDescriptor'
2016-03-22 17:52:40,925 INFO  [d.t.s.server.core.restlet.SkysailRouter      ] - routing path '/v1/services/{serviceId}' -> 'RolesPredicateAuthorizer' -> 'de.twenty11.skysail.server.osgi.osgimonitor.resources.ServiceResource'
2016-03-22 17:52:40,934 INFO  [d.t.s.server.core.restlet.SkysailRouter      ] - routing path '/v1/requirements!meta' -> 'RolesPredicateAuthorizer' -> 'de.twenty11.skysail.server.osgi.osgimonitor.resources.RequirementsResource'
2016-03-22 17:52:40,935 INFO  [d.t.s.server.core.restlet.SkysailRouter      ] - routing path '/v1/requirements' -> 'RolesPredicateAuthorizer' -> 'de.twenty11.skysail.server.osgi.osgimonitor.resources.RequirementsResource'
2016-03-22 17:52:40,937 INFO  [io.skysail.domain.core.ApplicationModel      ] - adding entity model with id 'de.twenty11.skysail.server.osgi.osgimonitor.domain.Requirement'
2016-03-22 17:52:40,938 INFO  [o.r.S.I.PerformanceApplication               ] - Starting io.skysail.server.performance.etm.impl.PerformanceApplication application
2016-03-22 17:52:40,941 INFO  [io.skysail.server.app.SkysailApplication     ] - creating new Router in io.skysail.server.performance.etm.impl.PerformanceApplication
2016-03-22 17:52:40,941 INFO  [io.skysail.server.app.SkysailApplication     ] - adding extensions to metadata service
2016-03-22 17:52:40,941 INFO  [io.skysail.server.app.SkysailApplication     ] - adding protocols
2016-03-22 17:52:40,941 WARN  [io.skysail.server.app.SkysailApplication     ] - there are no entities defined for the applicationModel ApplicationModel: Performance
Repositories: 
Repositories(repositories={})

2016-03-22 17:52:40,942 INFO  [d.t.s.server.core.restlet.SkysailRouter      ] - routing path '/v1' -> 'RolesPredicateAuthorizer' -> 'io.skysail.server.performance.etm.impl.PerformanceResource'
2016-03-22 17:52:40,948 INFO  [io.skysail.domain.core.ApplicationModel      ] - adding entity model with id 'io.skysail.domain.Identifiable'
2016-03-22 17:52:40,949 INFO  [o.r.S.InternalRouter.WebappApplication       ] - Starting de.twenty11.skysail.server.webapp.internal.WebappApplication application
2016-03-22 17:52:40,957 INFO  [o.r.S.InternalRouter.I18nApplication         ] - Starting io.skysail.server.text.store.bundleresource.impl.I18nApplication application
2016-03-22 17:52:40,960 INFO  [io.skysail.server.app.SkysailApplication     ] - creating new Router in io.skysail.server.text.store.bundleresource.impl.I18nApplication
2016-03-22 17:52:40,960 INFO  [io.skysail.server.app.SkysailApplication     ] - adding extensions to metadata service
2016-03-22 17:52:40,960 INFO  [io.skysail.server.app.SkysailApplication     ] - adding protocols
2016-03-22 17:52:40,963 INFO  [d.t.s.server.core.restlet.SkysailRouter      ] - routing path '/v1!meta' -> 'RolesPredicateAuthorizer' -> 'io.skysail.server.text.store.bundleresource.impl.I18nRootResource'
2016-03-22 17:52:40,963 INFO  [d.t.s.server.core.restlet.SkysailRouter      ] - routing path '/v1' -> 'RolesPredicateAuthorizer' -> 'io.skysail.server.text.store.bundleresource.impl.I18nRootResource'
2016-03-22 17:52:40,964 INFO  [io.skysail.domain.core.ApplicationModel      ] - adding entity model with id 'io.skysail.domain.Identifiable'
2016-03-22 17:52:40,965 INFO  [d.t.s.server.core.restlet.SkysailRouter      ] - routing path '/v1/messages/!meta' -> 'RolesPredicateAuthorizer' -> 'io.skysail.server.text.store.bundleresource.impl.MessagesResource'
2016-03-22 17:52:40,965 INFO  [d.t.s.server.core.restlet.SkysailRouter      ] - routing path '/v1/messages/' -> 'RolesPredicateAuthorizer' -> 'io.skysail.server.text.store.bundleresource.impl.MessagesResource'
2016-03-22 17:52:40,966 INFO  [io.skysail.domain.core.ApplicationModel      ] - adding entity model with id 'io.skysail.server.text.store.bundleresource.impl.BundleMessages'
2016-03-22 17:52:40,967 INFO  [d.t.s.server.core.restlet.SkysailRouter      ] - routing path '/v1/messages/{key}' -> 'RolesPredicateAuthorizer' -> 'io.skysail.server.text.store.bundleresource.impl.MessageResource'
2016-03-22 17:52:40,972 INFO  [io.skysail.domain.core.ApplicationModel      ] - adding entity model with id 'io.skysail.server.text.store.bundleresource.impl.Message'
2016-03-22 17:52:40,973 INFO  [d.t.s.server.core.restlet.SkysailRouter      ] - routing path '/v1/messages/{key}/' -> 'RolesPredicateAuthorizer' -> 'io.skysail.server.text.store.bundleresource.impl.PutMessageResource'
2016-03-22 17:52:40,976 INFO  [d.t.s.server.core.restlet.SkysailRouter      ] - routing path '/v1/messages/{key}/{fieldname}/' -> 'RolesPredicateAuthorizer' -> 'io.skysail.server.text.store.bundleresource.impl.PatchMessageResource'
2016-03-22 17:52:40,981 INFO  [o.r.S.I.SimpleUserManagementApplication      ] - Starting io.skysail.server.um.simple.app.SimpleUserManagementApplication application
2016-03-22 17:52:40,983 INFO  [io.skysail.server.app.SkysailApplication     ] - creating new Router in io.skysail.server.um.simple.app.SimpleUserManagementApplication
2016-03-22 17:52:40,984 INFO  [io.skysail.server.app.SkysailApplication     ] - adding extensions to metadata service
2016-03-22 17:52:40,984 INFO  [io.skysail.server.app.SkysailApplication     ] - adding protocols
2016-03-22 17:52:40,984 WARN  [io.skysail.server.app.SkysailApplication     ] - there are no entities defined for the applicationModel ApplicationModel: usermanagement
Repositories: 
Repositories(repositories={})

2016-03-22 17:52:40,985 INFO  [d.t.s.server.core.restlet.SkysailRouter      ] - routing path '/v1/currentUser' -> 'io.skysail.server.um.simple.app.users.resources.CurrentUserResource'
2016-03-22 17:52:40,986 WARN  [d.t.s.server.core.restlet.SkysailRouter      ] - please use a RouteBuilder to attach this resource: class io.skysail.server.um.simple.app.users.resources.CurrentUserResource
2016-03-22 17:52:40,986 INFO  [o.r.S.InternalRouter.PolymerStaticWebapp     ] - Starting io.skysail.server.polymer.PolymerStaticWebapp application
2016-03-22 17:52:40,988 INFO  [o.r.S.I.TransactionsApplication              ] - Starting io.skysail.server.designer.demo.transactions.TransactionsApplication application
2016-03-22 17:52:40,989 INFO  [io.skysail.server.app.SkysailApplication     ] - creating new Router in io.skysail.server.designer.demo.transactions.TransactionsApplication
2016-03-22 17:52:40,990 INFO  [io.skysail.server.app.SkysailApplication     ] - adding extensions to metadata service
2016-03-22 17:52:40,990 INFO  [io.skysail.server.app.SkysailApplication     ] - adding protocols
2016-03-22 17:52:40,990 WARN  [io.skysail.server.app.SkysailApplication     ] - there are no entities defined for the applicationModel ApplicationModel: Transactions
Repositories: 
Repositories(repositories={io.skysail.server.db.versions.impl.ComponentDbVersion=io.skysail.server.db.versions.impl.VersionsRepository@6dfc5bb7, io.skysail.server.designer.demo.transactions.transaction.Transaction=io.skysail.server.designer.demo.transactions.TransactionRepository@74050f87})

2016-03-22 17:52:40,991 INFO  [d.t.s.server.core.restlet.SkysailRouter      ] - routing path '/v1/Transactions/{id}' -> 'RolesPredicateAuthorizer' -> 'io.skysail.server.designer.demo.transactions.transaction.resources.TransactionResourceGen'
2016-03-22 17:52:40,997 INFO  [io.skysail.domain.core.ApplicationModel      ] - adding entity model with id 'io.skysail.server.designer.demo.transactions.transaction.Transaction'
2016-03-22 17:52:40,998 INFO  [d.t.s.server.core.restlet.SkysailRouter      ] - routing path '/v1/Transactions/' -> 'RolesPredicateAuthorizer' -> 'io.skysail.server.designer.demo.transactions.transaction.resources.PostTransactionResourceGen'
2016-03-22 17:52:41,004 INFO  [d.t.s.server.core.restlet.SkysailRouter      ] - routing path '/v1/Transactions/{id}/' -> 'RolesPredicateAuthorizer' -> 'io.skysail.server.designer.demo.transactions.transaction.resources.PutTransactionResourceGen'
2016-03-22 17:52:41,007 INFO  [d.t.s.server.core.restlet.SkysailRouter      ] - routing path '/v1/Transactions!meta' -> 'RolesPredicateAuthorizer' -> 'io.skysail.server.designer.demo.transactions.transaction.resources.TransactionsResourceGen'
2016-03-22 17:52:41,007 INFO  [d.t.s.server.core.restlet.SkysailRouter      ] - routing path '/v1/Transactions' -> 'RolesPredicateAuthorizer' -> 'io.skysail.server.designer.demo.transactions.transaction.resources.TransactionsResourceGen'
2016-03-22 17:52:41,009 INFO  [d.t.s.server.core.restlet.SkysailRouter      ] - routing path '/v1!meta' -> 'RolesPredicateAuthorizer' -> 'io.skysail.server.designer.demo.transactions.transaction.resources.TransactionsResourceGen'
2016-03-22 17:52:41,009 INFO  [d.t.s.server.core.restlet.SkysailRouter      ] - routing path '/v1' -> 'RolesPredicateAuthorizer' -> 'io.skysail.server.designer.demo.transactions.transaction.resources.TransactionsResourceGen'
2016-03-22 17:52:41,117 INFO  [LogService                                   ] - 2016-03-22	17:52:41	127.0.0.1	-	127.0.0.1	2015	GET	/_logout	targetUri=/	303	0	0	53	http://localhost:2015	Restlet-Framework/2.3.4	-
2016-03-22 17:52:41,653 INFO  [i.s.s.r.resources.ListServerResource         ] - Request entry point: DefaultResource @Get([application/json])
2016-03-22 17:52:41,722 INFO  [LogService                                   ] - 2016-03-22	17:52:41	127.0.0.1	-	127.0.0.1	2015	GET	/	-	200	-	0	587	http://localhost:2015	Jetty/9.2.11.v20150529,Restlet-Framework/2.3.4	-
2016-03-22 17:52:41,786 INFO  [org.restlet                                  ] - Starting a Jetty HTTP/HTTPS client
2016-03-22 17:52:42,513 INFO  [i.s.s.r.r.PostEntityServerResource           ] - Request entry point: LoginResource @Post('x-www-form-urlencoded:html|json|xml')
2016-03-22 17:52:42,513 INFO  [i.s.s.r.r.PostEntityServerResource           ] - calling post(Form), media types '[text/html:1.0]'
2016-03-22 17:52:42,758 INFO  [i.s.s.stringtemplate.STGroupBundleDir        ] - found resource in skysail.server.converter: bundle://100.0:1/templates/bootstrap/index.st
2016-03-22 17:52:43,319 INFO  [i.s.s.stringtemplate.STGroupBundleDir        ] - found resource in skysail.server.converter: bundle://100.0:1/templates/bootstrap/contentHeader.st
2016-03-22 17:52:43,364 INFO  [LogService                                   ] - 2016-03-22	17:52:43	127.0.0.1	admin	127.0.0.1	2015	POST	/_login	-	303	-	31	1567	http://localhost:2015	Restlet-Framework/2.3.4	-
2016-03-22 17:52:43,808 INFO  [i.s.s.r.resources.ListServerResource         ] - Request entry point: DefaultResource @Get([text/html])
2016-03-22 17:52:43,818 INFO  [i.s.s.stringtemplate.STGroupBundleDir        ] - found resource in skysail.server: bundle://99.0:1/templates/de/twenty11/skysail/server/resources/DefaultResourceStg/index.st
2016-03-22 17:52:44,122 INFO  [i.s.s.stringtemplate.STGroupBundleDir        ] - found resource in skysail.server.converter: bundle://100.0:1/templates/bootstrap/contentHeader.st
2016-03-22 17:52:44,162 INFO  [LogService                                   ] - 2016-03-22	17:52:44	127.0.0.1	admin	127.0.0.1	2015	GET	/	msgIds=0	200	-	0	791	http://localhost:2015	Jetty/9.2.11.v20150529,Restlet-Framework/2.3.4	-
2016-03-22 17:52:44,173 INFO  [org.restlet                                  ] - Starting a Jetty HTTP/HTTPS client
2016-03-22 17:52:44,618 INFO  [i.s.s.r.resources.ListServerResource         ] - Request entry point: DefaultResource @Get([text/html])
2016-03-22 17:52:44,629 INFO  [i.s.s.stringtemplate.STGroupBundleDir        ] - found resource in skysail.server: bundle://99.0:1/templates/de/twenty11/skysail/server/resources/DefaultResourceStg/index.st
2016-03-22 17:52:44,824 INFO  [org.restlet                                  ] - Stopping a Jetty HTTP/HTTPS client
2016-03-22 17:52:44,933 INFO  [i.s.s.stringtemplate.STGroupBundleDir        ] - found resource in skysail.server.converter: bundle://100.0:1/templates/bootstrap/contentHeader.st
2016-03-22 17:52:44,978 INFO  [LogService                                   ] - 2016-03-22	17:52:44	127.0.0.1	admin	127.0.0.1	2015	GET	/	-	200	-	0	797	http://localhost:2015	Restlet-Framework/2.3.4	-
2016-03-22 17:52:44,986 INFO  [i.s.client.testsupport.ApplicationClient     ] -  > TEST: issuing GET on 'http://localhost:2015/', providing credentials nfosjsVw7MwK2whrqYUdLIgYUkXdY+cZ3Grd5q1E7bCOtW6fnmWqIbaChPIEV7eX
2016-03-22 17:52:44,993 INFO  [org.restlet                                  ] - Starting a Jetty HTTP/HTTPS client
2016-03-22 17:52:45,471 INFO  [i.s.s.r.resources.ListServerResource         ] - Request entry point: DefaultResource @Get([application/json])
2016-03-22 17:52:45,472 INFO  [LogService                                   ] - 2016-03-22	17:52:45	127.0.0.1	admin	127.0.0.1	2015	GET	/	-	200	-	0	461	http://localhost:2015	Restlet-Framework/2.3.4	-
2016-03-22 17:52:45,481 INFO  [org.restlet                                  ] - Starting a Jetty HTTP/HTTPS client
2016-03-22 17:52:45,917 INFO  [i.s.s.r.resources.ListServerResource         ] - Request entry point: TransactionsResourceGen @Get([application/json])
