INFO  d.t.skysail.server.core.restlet.SkysailConverterHelper - initializing new converter 'ServerSentEventsConverter' with typesMatch '{text/event-stream=1.0}'
INFO  io.skysail.server.db.DbConfigurations - activating DbConfigurations with config DbConfig(name=skysail, driver=, url=memory:website, username=)
INFO  i.s.server.features.repositories.FeaturesRepository - activating FeaturesRepository with config {service.pid=io.skysail.server.features.repositories.FeaturesRepository, component.name=io.skysail.server.features.repositories.FeaturesRepository, felix.fileinstall.filename=file:/C:/git/skysail-framework/skysail.server.documentation.it/config/test/io.skysail.server.features.repositories.FeaturesRepository.cfg, component.id=12}
INFO  de.twenty11.skysail.server.app.SkysailApplication - Instanciating new Skysail Application 'WebappApplication'
INFO  de.twenty11.skysail.server.app.SkysailApplication - Activating Application io.skysail.server.converter.WebappApplication
INFO  de.twenty11.skysail.server.app.ApplicationList - ======================================================
INFO  de.twenty11.skysail.server.app.ApplicationList - Adding application 'webapp'
INFO  de.twenty11.skysail.server.app.ApplicationList - ======================================================
INFO  de.twenty11.skysail.server.app.SkysailApplication - Instanciating new Skysail Application 'IntroApplication'
INFO  de.twenty11.skysail.server.app.SkysailApplication - Activating Application io.skysail.server.app.intro.IntroApplication
INFO  de.twenty11.skysail.server.app.ApplicationList - ======================================================
INFO  de.twenty11.skysail.server.app.ApplicationList - Adding application 'intro'
INFO  de.twenty11.skysail.server.app.ApplicationList - ======================================================
INFO  io.skysail.server.http.HttpServer - Activating io.skysail.server.http.HttpServer
INFO  de.twenty11.skysail.server.SkysailComponent - Creating Restlet Component: de.twenty11.skysail.server.SkysailComponent
INFO  io.skysail.server.http.HttpServer - configuration was provided
INFO  io.skysail.server.http.HttpServer - 
INFO  io.skysail.server.http.HttpServer - ====================================
INFO  io.skysail.server.http.HttpServer - Starting skysail server on port 2017
INFO  io.skysail.server.http.HttpServer - ====================================
INFO  io.skysail.server.http.HttpServer - 
INFO  de.twenty11.skysail.server.app.SkysailApplication - Instanciating new Skysail Application 'PluginApplication'
INFO  de.twenty11.skysail.server.app.SkysailApplication - Activating Application io.skysail.server.app.plugins.PluginApplication
INFO  de.twenty11.skysail.server.app.ApplicationList - ======================================================
INFO  de.twenty11.skysail.server.app.ApplicationList - Adding application 'plugins'
INFO  org.restlet - Starting the internal [HTTP/1.1] server on port 2017
INFO  de.twenty11.skysail.server.app.ApplicationList - ======================================================
INFO  de.twenty11.skysail.server.app.SkysailApplication - Instanciating new Skysail Application 'WebappApplication'
INFO  de.twenty11.skysail.server.app.SkysailApplication - Activating Application de.twenty11.skysail.server.webapp.internal.WebappApplication
INFO  de.twenty11.skysail.server.app.ApplicationList - ======================================================
INFO  de.twenty11.skysail.server.app.ApplicationList - Adding application 'static'
INFO  de.twenty11.skysail.server.app.ApplicationList - ======================================================
INFO  io.skysail.server.http.SwarmClient - checking 'peers' configuration to connect to swarm servers...
INFO  de.twenty11.skysail.server.app.SkysailApplication - Activating Application io.skysail.server.um.simple.app.SimpleUserManagementApplication
INFO  de.twenty11.skysail.server.app.SkysailApplication - Instanciating new Skysail Application 'SkysailRootApplication'
INFO  de.twenty11.skysail.server.app.ApplicationList - ======================================================
INFO  de.twenty11.skysail.server.app.ApplicationList - Adding application 'root'
INFO  de.twenty11.skysail.server.app.ApplicationList - ======================================================
INFO  i.skysail.server.um.simple.web.SkysailWebSessionManager - creating new SkysailWebSessionManager
INFO  de.twenty11.skysail.server.app.SkysailApplication - creating new Router in io.skysail.server.app.intro.IntroApplication
INFO  de.twenty11.skysail.server.app.SkysailApplication - adding extensions to metadata service
INFO  de.twenty11.skysail.server.app.SkysailApplication - adding protocols
INFO  de.twenty11.skysail.server.core.restlet.SkysailRouter - routing path '/docs/api' -> 'de.twenty11.skysail.server.security.AuthenticatedAuthorizer@43dec1f1'
INFO  de.twenty11.skysail.server.core.restlet.SkysailRouter - routing path '/docs/entities/{name}' -> 'de.twenty11.skysail.server.security.AuthenticatedAuthorizer@6c836f48'
INFO  de.twenty11.skysail.server.core.restlet.SkysailRouter - routing path '/docs/entities' -> 'de.twenty11.skysail.server.security.AuthenticatedAuthorizer@7cda6f1c'
INFO  de.twenty11.skysail.server.core.restlet.SkysailRouter - routing path '' -> 'de.twenty11.skysail.server.security.AuthenticatedAuthorizer@3e555334'
INFO  de.twenty11.skysail.server.core.restlet.SkysailRouter - routing path '/' -> 'de.twenty11.skysail.server.security.AuthenticatedAuthorizer@3f317a87'
INFO  de.twenty11.skysail.server.core.restlet.SkysailRouter - routing path '/topics' -> 'de.twenty11.skysail.server.security.AuthenticatedAuthorizer@79077f0d'
INFO  de.twenty11.skysail.server.app.SkysailApplication - creating new Router in io.skysail.server.app.plugins.PluginApplication
INFO  de.twenty11.skysail.server.app.SkysailApplication - adding extensions to metadata service
INFO  de.twenty11.skysail.server.app.SkysailApplication - adding protocols
INFO  de.twenty11.skysail.server.core.restlet.SkysailRouter - routing path '/docs/api' -> 'de.twenty11.skysail.server.security.AuthenticatedAuthorizer@5ea378b6'
INFO  de.twenty11.skysail.server.core.restlet.SkysailRouter - routing path '/docs/entities/{name}' -> 'de.twenty11.skysail.server.security.AuthenticatedAuthorizer@2f3c0e50'
INFO  de.twenty11.skysail.server.core.restlet.SkysailRouter - routing path '/docs/entities' -> 'de.twenty11.skysail.server.security.AuthenticatedAuthorizer@62d41bb2'
INFO  de.twenty11.skysail.server.core.restlet.SkysailRouter - routing path '' -> 'de.twenty11.skysail.server.security.AuthenticatedAuthorizer@10fab19a'
INFO  de.twenty11.skysail.server.core.restlet.SkysailRouter - routing path '/' -> 'de.twenty11.skysail.server.security.AuthenticatedAuthorizer@d516125'
INFO  de.twenty11.skysail.server.core.restlet.SkysailRouter - routing path '/features/' -> 'de.twenty11.skysail.server.security.AuthenticatedAuthorizer@9fe9c70'
INFO  de.twenty11.skysail.server.core.restlet.SkysailRouter - routing path '/features/{id}/installations/' -> 'de.twenty11.skysail.server.security.AuthenticatedAuthorizer@463528bc'
INFO  de.twenty11.skysail.server.core.restlet.SkysailRouter - routing path '/obr/repos/' -> 'de.twenty11.skysail.server.security.AuthenticatedAuthorizer@175b265b'
INFO  de.twenty11.skysail.server.core.restlet.SkysailRouter - routing path '/obr/repos/{id}' -> 'de.twenty11.skysail.server.security.AuthenticatedAuthorizer@7ef816'
INFO  de.twenty11.skysail.server.core.restlet.SkysailRouter - routing path '/obr/resolver/' -> 'de.twenty11.skysail.server.security.AuthenticatedAuthorizer@5ea98534'
INFO  de.twenty11.skysail.server.core.restlet.SkysailRouter - routing path '/query/' -> 'de.twenty11.skysail.server.security.AuthenticatedAuthorizer@11ef8e4c'
INFO  de.twenty11.skysail.server.core.restlet.SkysailRouter - routing path '/resources' -> 'de.twenty11.skysail.server.security.AuthenticatedAuthorizer@3744051'
INFO  de.twenty11.skysail.server.core.restlet.SkysailRouter - routing path '/resources/{id}' -> 'de.twenty11.skysail.server.security.AuthenticatedAuthorizer@4ef13c5e'
INFO  de.twenty11.skysail.server.app.SkysailApplication - creating new Router in de.twenty11.skysail.server.app.SkysailRootApplication
INFO  de.twenty11.skysail.server.app.SkysailApplication - adding extensions to metadata service
INFO  de.twenty11.skysail.server.app.SkysailApplication - adding protocols
INFO  de.twenty11.skysail.server.core.restlet.SkysailRouter - routing path '/' -> Restlet 'Class'
WARN  de.twenty11.skysail.server.core.restlet.SkysailRouter - please use a RouteBuilder to attach this resource: class de.twenty11.skysail.server.resources.DefaultResource
INFO  de.twenty11.skysail.server.core.restlet.SkysailRouter - routing path '/_login' -> Restlet 'Class'
WARN  de.twenty11.skysail.server.core.restlet.SkysailRouter - please use a RouteBuilder to attach this resource: class de.twenty11.skysail.server.resources.LoginResource
INFO  de.twenty11.skysail.server.core.restlet.SkysailRouter - routing path '/_version' -> 'de.twenty11.skysail.server.security.AuthenticatedAuthorizer@6042d3f9'
INFO  de.twenty11.skysail.server.core.restlet.SkysailRouter - routing path '/_name' -> 'de.twenty11.skysail.server.security.AuthenticatedAuthorizer@77b421f2'
INFO  de.twenty11.skysail.server.core.restlet.SkysailRouter - routing path '/_about' -> Restlet 'Class'
WARN  de.twenty11.skysail.server.core.restlet.SkysailRouter - please use a RouteBuilder to attach this resource: class de.twenty11.skysail.server.resources.AboutResource
INFO  de.twenty11.skysail.server.core.restlet.SkysailRouter - routing path '/_profile' -> 'de.twenty11.skysail.server.security.AuthenticatedAuthorizer@4903ed5'
INFO  de.twenty11.skysail.server.core.restlet.SkysailRouter - routing path '/_profile/password/' -> 'de.twenty11.skysail.server.security.AuthenticatedAuthorizer@64d85f01'
INFO  de.twenty11.skysail.server.core.restlet.SkysailRouter - routing path '/_largetests' -> 'de.twenty11.skysail.server.security.AuthenticatedAuthorizer@665b2498'
INFO  de.twenty11.skysail.server.core.restlet.SkysailRouter - routing path '/_largetests/{id}' -> 'de.twenty11.skysail.server.security.AuthenticatedAuthorizer@6d2af11'
INFO  de.twenty11.skysail.server.core.restlet.SkysailRouter - routing path '/_iframe' -> 'de.twenty11.skysail.server.security.AuthenticatedAuthorizer@7dff50db'
WARN  d.t.skysail.server.core.osgi.internal.EventHelper - eventAdmin is null, cannot fire Event
INFO  i.s.s.um.simple.authentication.SimpleDelegatingVerifier - login event for user 'admin'
INFO  i.s.s.um.simple.authentication.SimpleDelegatingVerifier - login event for user 'admin' successful
INFO  d.t.skysail.server.core.restlet.ListServerResource - Request entry point: DefaultResource @Get('html|json|csv|treeform')
INFO  d.t.skysail.server.core.restlet.ListServerResource - calling getEntities, media types '[text/html:1.0, application/xhtml+xml:1.0, application/xml:0.9, image/webp:1.0, */*:0.8]'
INFO  d.t.s.server.core.restlet.filter.AbstractResourceFilter - next filter in chain: AddApiVersionHeader
INFO  d.t.s.server.core.restlet.filter.AbstractResourceFilter - next filter in chain: GetRequestPreFilterHook
INFO  d.t.s.server.core.restlet.filter.AbstractResourceFilter - next filter in chain: AddRequestIdToResourceFilter
INFO  d.t.s.server.core.restlet.filter.AbstractResourceFilter - next filter in chain: DataExtractingFilter
INFO  d.t.s.server.core.restlet.filter.AbstractResourceFilter - next filter in chain: AddLinkheadersFilter
INFO  d.t.s.server.core.restlet.filter.AbstractResourceFilter - next filter in chain: CheckFavoritesFilter
INFO  d.t.s.server.core.restlet.filter.AbstractResourceFilter - next filter in chain: SetExecutionTimeInResponseFilter
INFO  d.t.s.server.core.restlet.filter.AbstractResourceFilter - next filter in chain: RedirectFilter
INFO  io.skysail.server.converter.HtmlConverter - converter 'HtmlConverter' matched '{text/html=0.95, treeform/*=1.0}' with threshold 0.95
INFO  de.twenty11.skysail.server.app.SourceWrapper - using converter 'ListSourceHtmlConverter' for EmptyList-Source: []
INFO  io.skysail.server.converter.HtmlConverter - reading templates from resource path '/templates/text/html'
INFO  LogService - 2015-02-10	16:59:46	0:0:0:0:0:0:0:1	admin	-	2017	GET	/	-	200	8848	0	709	http://localhost:2017	Mozilla/5.0 (Windows NT 6.1; WOW64) AppleWebKit/537.36 (KHTML, like Gecko) Chrome/40.0.2214.111 Safari/537.36	http://localhost:2017/
INFO  LogService - 2015-02-10	16:59:46	0:0:0:0:0:0:0:1	-	-	2017	GET	/webapp/js/jquery-1.11.1.js	-	200	-	0	15	http://localhost:2017	Mozilla/5.0 (Windows NT 6.1; WOW64) AppleWebKit/537.36 (KHTML, like Gecko) Chrome/40.0.2214.111 Safari/537.36	http://localhost:2017/
INFO  LogService - 2015-02-10	16:59:46	0:0:0:0:0:0:0:1	-	-	2017	GET	/webapp/css/bootstrap.min.css	-	200	-	0	14	http://localhost:2017	Mozilla/5.0 (Windows NT 6.1; WOW64) AppleWebKit/537.36 (KHTML, like Gecko) Chrome/40.0.2214.111 Safari/537.36	http://localhost:2017/
INFO  LogService - 2015-02-10	16:59:46	0:0:0:0:0:0:0:1	-	-	2017	GET	/webapp/css/bootstrap-theme.min.css	-	200	-	0	14	http://localhost:2017	Mozilla/5.0 (Windows NT 6.1; WOW64) AppleWebKit/537.36 (KHTML, like Gecko) Chrome/40.0.2214.111 Safari/537.36	http://localhost:2017/
INFO  LogService - 2015-02-10	16:59:46	0:0:0:0:0:0:0:1	-	-	2017	GET	/static/themes/jstree/style.min.css	-	200	-	0	9	http://localhost:2017	Mozilla/5.0 (Windows NT 6.1; WOW64) AppleWebKit/537.36 (KHTML, like Gecko) Chrome/40.0.2214.111 Safari/537.36	http://localhost:2017/
INFO  LogService - 2015-02-10	16:59:46	0:0:0:0:0:0:0:1	-	-	2017	GET	/webapp/css/select2.css	-	200	-	0	12	http://localhost:2017	Mozilla/5.0 (Windows NT 6.1; WOW64) AppleWebKit/537.36 (KHTML, like Gecko) Chrome/40.0.2214.111 Safari/537.36	http://localhost:2017/
INFO  LogService - 2015-02-10	16:59:46	0:0:0:0:0:0:0:1	-	-	2017	GET	/webapp/css/select2-bootstrap.css	-	200	-	0	12	http://localhost:2017	Mozilla/5.0 (Windows NT 6.1; WOW64) AppleWebKit/537.36 (KHTML, like Gecko) Chrome/40.0.2214.111 Safari/537.36	http://localhost:2017/
INFO  LogService - 2015-02-10	16:59:46	0:0:0:0:0:0:0:1	-	-	2017	GET	/static/js/jstree/jstree.min.js	-	200	-	0	3	http://localhost:2017	Mozilla/5.0 (Windows NT 6.1; WOW64) AppleWebKit/537.36 (KHTML, like Gecko) Chrome/40.0.2214.111 Safari/537.36	http://localhost:2017/
INFO  LogService - 2015-02-10	16:59:46	0:0:0:0:0:0:0:1	-	-	2017	GET	/static/js/mousetrap/mousetrap.min.js	-	200	-	0	6	http://localhost:2017	Mozilla/5.0 (Windows NT 6.1; WOW64) AppleWebKit/537.36 (KHTML, like Gecko) Chrome/40.0.2214.111 Safari/537.36	http://localhost:2017/
INFO  LogService - 2015-02-10	16:59:46	0:0:0:0:0:0:0:1	-	-	2017	GET	/webapp/js/noty/packaged/jquery.noty.packaged.min.js	-	200	-	0	4	http://localhost:2017	Mozilla/5.0 (Windows NT 6.1; WOW64) AppleWebKit/537.36 (KHTML, like Gecko) Chrome/40.0.2214.111 Safari/537.36	http://localhost:2017/
INFO  LogService - 2015-02-10	16:59:46	0:0:0:0:0:0:0:1	-	-	2017	GET	/webapp/js/moment.js	-	200	-	0	4	http://localhost:2017	Mozilla/5.0 (Windows NT 6.1; WOW64) AppleWebKit/537.36 (KHTML, like Gecko) Chrome/40.0.2214.111 Safari/537.36	http://localhost:2017/
INFO  LogService - 2015-02-10	16:59:46	0:0:0:0:0:0:0:1	-	-	2017	GET	/webapp/js/bootstrap.min.js	-	200	-	0	5	http://localhost:2017	Mozilla/5.0 (Windows NT 6.1; WOW64) AppleWebKit/537.36 (KHTML, like Gecko) Chrome/40.0.2214.111 Safari/537.36	http://localhost:2017/
INFO  LogService - 2015-02-10	16:59:46	0:0:0:0:0:0:0:1	-	-	2017	GET	/webapp/js/select2.js	-	200	-	0	5	http://localhost:2017	Mozilla/5.0 (Windows NT 6.1; WOW64) AppleWebKit/537.36 (KHTML, like Gecko) Chrome/40.0.2214.111 Safari/537.36	http://localhost:2017/
INFO  LogService - 2015-02-10	16:59:46	0:0:0:0:0:0:0:1	-	-	2017	GET	/static/img/silk/plugin.png	-	200	-	0	3	http://localhost:2017	Mozilla/5.0 (Windows NT 6.1; WOW64) AppleWebKit/537.36 (KHTML, like Gecko) Chrome/40.0.2214.111 Safari/537.36	http://localhost:2017/
INFO  LogService - 2015-02-10	16:59:46	0:0:0:0:0:0:0:1	-	-	2017	GET	/static/img/silk/page_white_swoosh.png	-	200	-	0	2	http://localhost:2017	Mozilla/5.0 (Windows NT 6.1; WOW64) AppleWebKit/537.36 (KHTML, like Gecko) Chrome/40.0.2214.111 Safari/537.36	http://localhost:2017/
INFO  LogService - 2015-02-10	16:59:46	0:0:0:0:0:0:0:1	-	-	2017	GET	/webapp/fonts/glyphicons-halflings-regular.woff	-	200	-	0	2	http://localhost:2017	Mozilla/5.0 (Windows NT 6.1; WOW64) AppleWebKit/537.36 (KHTML, like Gecko) Chrome/40.0.2214.111 Safari/537.36	http://localhost:2017/webapp/css/bootstrap.min.css
WARN  d.t.skysail.server.core.osgi.internal.EventHelper - eventAdmin is null, cannot fire Event
INFO  LogService - 2015-02-10	16:59:48	0:0:0:0:0:0:0:1	-	-	2017	GET	/_logout	targetUri=/	303	0	0	2	http://localhost:2017	Mozilla/5.0 (Windows NT 6.1; WOW64) AppleWebKit/537.36 (KHTML, like Gecko) Chrome/40.0.2214.111 Safari/537.36	http://localhost:2017/
WARN  d.t.skysail.server.core.osgi.internal.EventHelper - eventAdmin is null, cannot fire Event
INFO  d.t.skysail.server.core.restlet.ListServerResource - Request entry point: DefaultResource @Get('html|json|csv|treeform')
INFO  d.t.skysail.server.core.restlet.ListServerResource - calling getEntities, media types '[text/html:1.0, application/xhtml+xml:1.0, application/xml:0.9, image/webp:1.0, */*:0.8]'
INFO  d.t.s.server.core.restlet.filter.AbstractResourceFilter - next filter in chain: AddApiVersionHeader
INFO  d.t.s.server.core.restlet.filter.AbstractResourceFilter - next filter in chain: GetRequestPreFilterHook
INFO  d.t.s.server.core.restlet.filter.AbstractResourceFilter - next filter in chain: AddRequestIdToResourceFilter
INFO  d.t.s.server.core.restlet.filter.AbstractResourceFilter - next filter in chain: DataExtractingFilter
INFO  d.t.s.server.core.restlet.filter.AbstractResourceFilter - next filter in chain: AddLinkheadersFilter
INFO  d.t.s.server.core.restlet.filter.AbstractResourceFilter - next filter in chain: CheckFavoritesFilter
INFO  d.t.s.server.core.restlet.filter.AbstractResourceFilter - next filter in chain: SetExecutionTimeInResponseFilter
INFO  d.t.s.server.core.restlet.filter.AbstractResourceFilter - next filter in chain: RedirectFilter
INFO  io.skysail.server.converter.HtmlConverter - converter 'HtmlConverter' matched '{text/html=0.95, treeform/*=1.0}' with threshold 0.95
INFO  de.twenty11.skysail.server.app.SourceWrapper - using converter 'ListSourceHtmlConverter' for EmptyList-Source: []
INFO  io.skysail.server.converter.HtmlConverter - reading templates from resource path '/templates/text/html'
INFO  LogService - 2015-02-10	16:59:48	0:0:0:0:0:0:0:1	-	-	2017	GET	/	-	200	6778	0	131	http://localhost:2017	Mozilla/5.0 (Windows NT 6.1; WOW64) AppleWebKit/537.36 (KHTML, like Gecko) Chrome/40.0.2214.111 Safari/537.36	http://localhost:2017/
