2016-02-06 07:43:00,718 INFO  [io.skysail.server.app.ApplicationList        ] - (+ ApplicationModel) (#01) with name 'root'
2016-02-06 07:43:00,919 INFO  [io.skysail.server.app.ApplicationList        ] - (+ ApplicationModel) (#02) with name 'webapp'
2016-02-06 07:43:01,024 INFO  [io.skysail.server.http.HttpServer            ] - (+ Converter)   (#04) with name 'de.twenty11.skysail.server.core.restlet.converter.ServerSentEventsConverter'
2016-02-06 07:43:01,025 INFO  [io.skysail.server.http.HttpServer            ] - (+ Converter)   (#05) with name 'io.skysail.server.converter.HtmlConverter'
2016-02-06 07:43:01,026 INFO  [io.skysail.server.http.HttpServer            ] - (+ Converter)   (#06) with name 'io.skysail.server.converter.SkysailJacksonConverter'
2016-02-06 07:43:01,047 INFO  [io.skysail.server.http.HttpServer            ] - 
2016-02-06 07:43:01,047 INFO  [io.skysail.server.http.HttpServer            ] - ====================================
2016-02-06 07:43:01,048 INFO  [io.skysail.server.http.HttpServer            ] - Starting skysail server on port 2015
2016-02-06 07:43:01,048 INFO  [io.skysail.server.http.HttpServer            ] - ====================================
2016-02-06 07:43:01,048 INFO  [io.skysail.server.http.HttpServer            ] - 
2016-02-06 07:43:01,065 INFO  [org.eclipse.jetty.util.log                   ] - Logging initialized @2854ms
2016-02-06 07:43:01,113 INFO  [org.restlet                                  ] - Starting the Jetty [HTTP/1.1] server on port 2015
2016-02-06 07:43:01,117 INFO  [org.eclipse.jetty.server.Server              ] - jetty-9.2.11.v20150529
2016-02-06 07:43:01,188 INFO  [org.eclipse.jetty.server.ServerConnector     ] - Started ServerConnector@1a865273{HTTP/1.1}{0.0.0.0:2015}
2016-02-06 07:43:01,191 INFO  [org.eclipse.jetty.server.Server              ] - Started @2980ms
2016-02-06 07:43:01,258 INFO  [io.skysail.server.app.ApplicationList        ] - (+ ApplicationModel) (#03) with name 'OSGi'
2016-02-06 07:43:01,301 INFO  [io.skysail.server.app.ApplicationList        ] - (+ ApplicationModel) (#04) with name 'Performance'
2016-02-06 07:43:01,323 INFO  [io.skysail.server.app.ApplicationList        ] - (+ ApplicationModel) (#05) with name 'static'
2016-02-06 07:43:01,369 INFO  [io.skysail.server.app.ApplicationList        ] - (+ ApplicationModel) (#06) with name 'i18n'
2016-02-06 07:43:01,539 INFO  [io.skysail.server.app.ApplicationList        ] - (+ ApplicationModel) (#07) with name 'usermanagement'
2016-02-06 07:43:08,270 INFO  [io.skysail.server.app.ApplicationList        ] - (+ ApplicationModel) (#08) with name 'website'
2016-02-06 07:43:08,290 INFO  [io.skysail.server.app.ApplicationList        ] - (+ ApplicationModel) (#09) with name '_polymer'
2016-02-06 07:43:13,235 INFO  [o.r.S.I.SkysailRootApplication               ] - Starting de.twenty11.skysail.server.app.SkysailRootApplication application
2016-02-06 07:43:13,240 INFO  [io.skysail.server.app.SkysailApplication     ] - creating new Router in de.twenty11.skysail.server.app.SkysailRootApplication
2016-02-06 07:43:13,242 INFO  [io.skysail.server.app.SkysailApplication     ] - adding extensions to metadata service
2016-02-06 07:43:13,243 INFO  [io.skysail.server.app.SkysailApplication     ] - adding protocols
2016-02-06 07:43:13,246 INFO  [d.t.s.server.core.restlet.SkysailRouter      ] - routing path '/!meta' -> 'RolesPredicateAuthorizer' -> 'de.twenty11.skysail.server.resources.DefaultResource'
2016-02-06 07:43:13,248 INFO  [d.t.s.server.core.restlet.SkysailRouter      ] - routing path '/' -> 'de.twenty11.skysail.server.resources.DefaultResource'
2016-02-06 07:43:13,249 WARN  [d.t.s.server.core.restlet.SkysailRouter      ] - please use a RouteBuilder to attach this resource: class de.twenty11.skysail.server.resources.DefaultResource
2016-02-06 07:43:13,250 INFO  [d.t.s.server.core.restlet.SkysailRouter      ] - routing path '/_login' -> 'de.twenty11.skysail.server.resources.LoginResource'
2016-02-06 07:43:13,250 WARN  [d.t.s.server.core.restlet.SkysailRouter      ] - please use a RouteBuilder to attach this resource: class de.twenty11.skysail.server.resources.LoginResource
2016-02-06 07:43:13,251 INFO  [d.t.s.server.core.restlet.SkysailRouter      ] - routing path '/_demologin' -> 'de.twenty11.skysail.server.resources.DemoLoginResource'
2016-02-06 07:43:13,251 WARN  [d.t.s.server.core.restlet.SkysailRouter      ] - please use a RouteBuilder to attach this resource: class de.twenty11.skysail.server.resources.DemoLoginResource
2016-02-06 07:43:13,252 INFO  [d.t.s.server.core.restlet.SkysailRouter      ] - routing path '/_remotelogin' -> 'de.twenty11.skysail.server.resources.RemoteLoginResource'
2016-02-06 07:43:13,253 WARN  [d.t.s.server.core.restlet.SkysailRouter      ] - please use a RouteBuilder to attach this resource: class de.twenty11.skysail.server.resources.RemoteLoginResource
2016-02-06 07:43:13,257 INFO  [o.r.S.InternalRouter.WebappApplication       ] - Starting io.skysail.server.converter.WebappApplication application
2016-02-06 07:43:13,262 INFO  [o.r.S.I.OsgiMonitorViewerApplication         ] - Starting de.twenty11.skysail.server.osgi.OsgiMonitorViewerApplication application
2016-02-06 07:43:13,263 INFO  [io.skysail.server.app.SkysailApplication     ] - creating new Router in de.twenty11.skysail.server.osgi.OsgiMonitorViewerApplication
2016-02-06 07:43:13,264 INFO  [io.skysail.server.app.SkysailApplication     ] - adding extensions to metadata service
2016-02-06 07:43:13,265 INFO  [io.skysail.server.app.SkysailApplication     ] - adding protocols
2016-02-06 07:43:13,266 WARN  [io.skysail.server.app.SkysailApplication     ] - there are no entities defined for the applicationModel ApplicationModel: OSGi
Repositories: 
Repositories(repositories={})

2016-02-06 07:43:13,267 INFO  [d.t.s.server.core.restlet.SkysailRouter      ] - routing path '/v1!meta' -> 'RolesPredicateAuthorizer' -> 'de.twenty11.skysail.server.osgi.osgimonitor.resources.OsgiMonitorRootResource'
2016-02-06 07:43:13,267 INFO  [d.t.s.server.core.restlet.SkysailRouter      ] - routing path '/v1' -> 'RolesPredicateAuthorizer' -> 'de.twenty11.skysail.server.osgi.osgimonitor.resources.OsgiMonitorRootResource'
2016-02-06 07:43:13,350 INFO  [io.skysail.domain.core.ApplicationModel      ] - adding entity model with id 'io.skysail.domain.Identifiable'
2016-02-06 07:43:13,352 INFO  [d.t.s.server.core.restlet.SkysailRouter      ] - routing path '/v1/!meta' -> 'RolesPredicateAuthorizer' -> 'de.twenty11.skysail.server.osgi.osgimonitor.resources.OsgiMonitorRootResource'
2016-02-06 07:43:13,352 INFO  [d.t.s.server.core.restlet.SkysailRouter      ] - routing path '/v1/' -> 'RolesPredicateAuthorizer' -> 'de.twenty11.skysail.server.osgi.osgimonitor.resources.OsgiMonitorRootResource'
2016-02-06 07:43:13,356 INFO  [d.t.s.server.core.restlet.SkysailRouter      ] - routing path '/v1/bundles!meta' -> 'RolesPredicateAuthorizer' -> 'de.twenty11.skysail.server.osgi.osgimonitor.resources.BundlesResource'
2016-02-06 07:43:13,357 INFO  [d.t.s.server.core.restlet.SkysailRouter      ] - routing path '/v1/bundles' -> 'RolesPredicateAuthorizer' -> 'de.twenty11.skysail.server.osgi.osgimonitor.resources.BundlesResource'
2016-02-06 07:43:13,373 INFO  [io.skysail.domain.core.ApplicationModel      ] - adding entity model with id 'de.twenty11.skysail.server.osgi.osgimonitor.domain.BundleDescriptor'
2016-02-06 07:43:13,374 INFO  [d.t.s.server.core.restlet.SkysailRouter      ] - routing path '/v1/bundlesgraph!meta' -> 'RolesPredicateAuthorizer' -> 'de.twenty11.skysail.server.osgi.osgimonitor.resources.BundlesGraphResource'
2016-02-06 07:43:13,375 INFO  [d.t.s.server.core.restlet.SkysailRouter      ] - routing path '/v1/bundlesgraph' -> 'RolesPredicateAuthorizer' -> 'de.twenty11.skysail.server.osgi.osgimonitor.resources.BundlesGraphResource'
2016-02-06 07:43:13,379 INFO  [d.t.s.server.core.restlet.SkysailRouter      ] - routing path '/v1/bundles/details/{bundleId}' -> 'RolesPredicateAuthorizer' -> 'de.twenty11.skysail.server.osgi.osgimonitor.resources.BundleResource'
2016-02-06 07:43:13,383 INFO  [io.skysail.domain.core.ApplicationModel      ] - adding entity model with id 'de.twenty11.skysail.server.osgi.osgimonitor.domain.BundleDetails'
2016-02-06 07:43:13,384 INFO  [d.t.s.server.core.restlet.SkysailRouter      ] - routing path '/v1/bundles/details/{bundleId}/action' -> 'RolesPredicateAuthorizer' -> 'de.twenty11.skysail.server.osgi.osgimonitor.resources.BundleResource'
2016-02-06 07:43:13,386 INFO  [d.t.s.server.core.restlet.SkysailRouter      ] - routing path '/v1/services!meta' -> 'RolesPredicateAuthorizer' -> 'de.twenty11.skysail.server.osgi.osgimonitor.resources.ServicesResource'
2016-02-06 07:43:13,387 INFO  [d.t.s.server.core.restlet.SkysailRouter      ] - routing path '/v1/services' -> 'RolesPredicateAuthorizer' -> 'de.twenty11.skysail.server.osgi.osgimonitor.resources.ServicesResource'
2016-02-06 07:43:13,392 INFO  [io.skysail.domain.core.ApplicationModel      ] - adding entity model with id 'de.twenty11.skysail.server.osgi.osgimonitor.domain.ServiceDescriptor'
2016-02-06 07:43:13,393 INFO  [d.t.s.server.core.restlet.SkysailRouter      ] - routing path '/v1/services/{serviceId}' -> 'RolesPredicateAuthorizer' -> 'de.twenty11.skysail.server.osgi.osgimonitor.resources.ServiceResource'
2016-02-06 07:43:13,396 INFO  [d.t.s.server.core.restlet.SkysailRouter      ] - routing path '/v1/requirements!meta' -> 'RolesPredicateAuthorizer' -> 'de.twenty11.skysail.server.osgi.osgimonitor.resources.RequirementsResource'
2016-02-06 07:43:13,397 INFO  [d.t.s.server.core.restlet.SkysailRouter      ] - routing path '/v1/requirements' -> 'RolesPredicateAuthorizer' -> 'de.twenty11.skysail.server.osgi.osgimonitor.resources.RequirementsResource'
2016-02-06 07:43:13,399 INFO  [io.skysail.domain.core.ApplicationModel      ] - adding entity model with id 'de.twenty11.skysail.server.osgi.osgimonitor.domain.Requirement'
2016-02-06 07:43:13,400 INFO  [o.r.S.I.PerformanceApplication               ] - Starting io.skysail.server.performance.etm.impl.PerformanceApplication application
2016-02-06 07:43:13,402 INFO  [io.skysail.server.app.SkysailApplication     ] - creating new Router in io.skysail.server.performance.etm.impl.PerformanceApplication
2016-02-06 07:43:13,404 INFO  [io.skysail.server.app.SkysailApplication     ] - adding extensions to metadata service
2016-02-06 07:43:13,404 INFO  [io.skysail.server.app.SkysailApplication     ] - adding protocols
2016-02-06 07:43:13,406 WARN  [io.skysail.server.app.SkysailApplication     ] - there are no entities defined for the applicationModel ApplicationModel: Performance
Repositories: 
Repositories(repositories={})

2016-02-06 07:43:13,407 INFO  [d.t.s.server.core.restlet.SkysailRouter      ] - routing path '/v1' -> 'RolesPredicateAuthorizer' -> 'io.skysail.server.performance.etm.impl.PerformanceResource'
2016-02-06 07:43:13,408 INFO  [io.skysail.domain.core.ApplicationModel      ] - adding entity model with id 'io.skysail.domain.Identifiable'
2016-02-06 07:43:13,410 INFO  [o.r.S.InternalRouter.WebappApplication       ] - Starting de.twenty11.skysail.server.webapp.internal.WebappApplication application
2016-02-06 07:43:13,412 INFO  [o.r.S.InternalRouter.I18nApplication         ] - Starting io.skysail.server.text.store.bundleresource.impl.I18nApplication application
2016-02-06 07:43:13,418 INFO  [io.skysail.server.app.SkysailApplication     ] - creating new Router in io.skysail.server.text.store.bundleresource.impl.I18nApplication
2016-02-06 07:43:13,419 INFO  [io.skysail.server.app.SkysailApplication     ] - adding extensions to metadata service
2016-02-06 07:43:13,419 INFO  [io.skysail.server.app.SkysailApplication     ] - adding protocols
2016-02-06 07:43:13,420 INFO  [d.t.s.server.core.restlet.SkysailRouter      ] - routing path '/v1!meta' -> 'RolesPredicateAuthorizer' -> 'io.skysail.server.text.store.bundleresource.impl.I18nRootResource'
2016-02-06 07:43:13,421 INFO  [d.t.s.server.core.restlet.SkysailRouter      ] - routing path '/v1' -> 'RolesPredicateAuthorizer' -> 'io.skysail.server.text.store.bundleresource.impl.I18nRootResource'
2016-02-06 07:43:13,422 INFO  [io.skysail.domain.core.ApplicationModel      ] - adding entity model with id 'io.skysail.domain.Identifiable'
2016-02-06 07:43:13,423 INFO  [d.t.s.server.core.restlet.SkysailRouter      ] - routing path '/v1/messages/!meta' -> 'RolesPredicateAuthorizer' -> 'io.skysail.server.text.store.bundleresource.impl.MessagesResource'
2016-02-06 07:43:13,424 INFO  [d.t.s.server.core.restlet.SkysailRouter      ] - routing path '/v1/messages/' -> 'RolesPredicateAuthorizer' -> 'io.skysail.server.text.store.bundleresource.impl.MessagesResource'
2016-02-06 07:43:13,426 INFO  [io.skysail.domain.core.ApplicationModel      ] - adding entity model with id 'io.skysail.server.text.store.bundleresource.impl.BundleMessages'
2016-02-06 07:43:13,428 INFO  [d.t.s.server.core.restlet.SkysailRouter      ] - routing path '/v1/messages/{key}' -> 'RolesPredicateAuthorizer' -> 'io.skysail.server.text.store.bundleresource.impl.MessageResource'
2016-02-06 07:43:13,435 INFO  [io.skysail.domain.core.ApplicationModel      ] - adding entity model with id 'io.skysail.server.text.store.bundleresource.impl.Message'
2016-02-06 07:43:13,436 INFO  [d.t.s.server.core.restlet.SkysailRouter      ] - routing path '/v1/messages/{key}/' -> 'RolesPredicateAuthorizer' -> 'io.skysail.server.text.store.bundleresource.impl.PutMessageResource'
2016-02-06 07:43:13,440 INFO  [d.t.s.server.core.restlet.SkysailRouter      ] - routing path '/v1/messages/{key}/{fieldname}/' -> 'RolesPredicateAuthorizer' -> 'io.skysail.server.text.store.bundleresource.impl.PatchMessageResource'
2016-02-06 07:43:13,446 INFO  [o.r.S.I.SimpleUserManagementApplication      ] - Starting io.skysail.server.um.simple.app.SimpleUserManagementApplication application
2016-02-06 07:43:13,451 INFO  [io.skysail.server.app.SkysailApplication     ] - creating new Router in io.skysail.server.um.simple.app.SimpleUserManagementApplication
2016-02-06 07:43:13,453 INFO  [io.skysail.server.app.SkysailApplication     ] - adding extensions to metadata service
2016-02-06 07:43:13,453 INFO  [io.skysail.server.app.SkysailApplication     ] - adding protocols
2016-02-06 07:43:13,454 WARN  [io.skysail.server.app.SkysailApplication     ] - there are no entities defined for the applicationModel ApplicationModel: usermanagement
Repositories: 
Repositories(repositories={})

2016-02-06 07:43:13,455 INFO  [d.t.s.server.core.restlet.SkysailRouter      ] - routing path '/v1/currentUser' -> 'io.skysail.server.um.simple.app.users.resources.CurrentUserResource'
2016-02-06 07:43:13,455 WARN  [d.t.s.server.core.restlet.SkysailRouter      ] - please use a RouteBuilder to attach this resource: class io.skysail.server.um.simple.app.users.resources.CurrentUserResource
2016-02-06 07:43:13,457 INFO  [o.r.S.I.SkysailWebsiteApplication            ] - Starting de.twenty11.skysail.products.website.SkysailWebsiteApplication application
2016-02-06 07:43:13,459 WARN  [io.skysail.server.app.SkysailApplication     ] - there are no entities defined for the applicationModel ApplicationModel: website
Repositories: 
Repositories(repositories={})

2016-02-06 07:43:13,460 INFO  [d.t.s.server.core.restlet.SkysailRouter      ] - routing path '' -> 'de.twenty11.skysail.products.website.WebsiteRootResource'
2016-02-06 07:43:13,460 WARN  [d.t.s.server.core.restlet.SkysailRouter      ] - please use a RouteBuilder to attach this resource: class de.twenty11.skysail.products.website.WebsiteRootResource
2016-02-06 07:43:13,461 INFO  [o.r.S.InternalRouter.PolymerStaticWebapp     ] - Starting io.skysail.server.polymer.PolymerStaticWebapp application
2016-02-06 07:43:13,700 INFO  [i.s.s.r.resources.ListServerResource         ] - Request entry point: DefaultResource @Get([text/html])
2016-02-06 07:43:14,458 INFO  [LogService                                   ] - 2016-02-06	07:43:14	0:0:0:0:0:0:0:1	-	0:0:0:0:0:0:0:1	2015	GET	/	-	303	-	0	993	http://localhost:2015	Mozilla/5.0 (Macintosh; Intel Mac OS X 10_11_3) AppleWebKit/537.36 (KHTML, like Gecko) Chrome/47.0.2526.80 Safari/537.36	http://localhost:2015/website
2016-02-06 07:43:14,537 INFO  [i.s.s.r.resources.EntityServerResource       ] - Request entry point: WebsiteRootResource @Get('html|json|eventstream|treeform|txt')
2016-02-06 07:43:18,877 INFO  [LogService                                   ] - 2016-02-06	07:43:18	0:0:0:0:0:0:0:1	-	0:0:0:0:0:0:0:1	2015	GET	/website	-	200	-	0	4365	http://localhost:2015	Mozilla/5.0 (Macintosh; Intel Mac OS X 10_11_3) AppleWebKit/537.36 (KHTML, like Gecko) Chrome/47.0.2526.80 Safari/537.36	http://localhost:2015/website
2016-02-06 07:43:18,967 INFO  [LogService                                   ] - 2016-02-06	07:43:18	0:0:0:0:0:0:0:1	-	0:0:0:0:0:0:0:1	2015	GET	/website/css/bootstrap.min.css	-	200	-	0	21	http://localhost:2015	Mozilla/5.0 (Macintosh; Intel Mac OS X 10_11_3) AppleWebKit/537.36 (KHTML, like Gecko) Chrome/47.0.2526.80 Safari/537.36	http://localhost:2015/website
2016-02-06 07:43:19,062 INFO  [LogService                                   ] - 2016-02-06	07:43:19	0:0:0:0:0:0:0:1	-	0:0:0:0:0:0:0:1	2015	GET	/website/css/grayscale.css	-	200	-	0	10	http://localhost:2015	Mozilla/5.0 (Macintosh; Intel Mac OS X 10_11_3) AppleWebKit/537.36 (KHTML, like Gecko) Chrome/47.0.2526.80 Safari/537.36	http://localhost:2015/website
2016-02-06 07:43:19,063 INFO  [LogService                                   ] - 2016-02-06	07:43:19	0:0:0:0:0:0:0:1	-	0:0:0:0:0:0:0:1	2015	GET	/website/js/jquery.easing.min.js	-	200	-	0	9	http://localhost:2015	Mozilla/5.0 (Macintosh; Intel Mac OS X 10_11_3) AppleWebKit/537.36 (KHTML, like Gecko) Chrome/47.0.2526.80 Safari/537.36	http://localhost:2015/website
2016-02-06 07:43:19,066 INFO  [LogService                                   ] - 2016-02-06	07:43:19	0:0:0:0:0:0:0:1	-	0:0:0:0:0:0:0:1	2015	GET	/website/js/bootstrap.min.js	-	200	-	0	10	http://localhost:2015	Mozilla/5.0 (Macintosh; Intel Mac OS X 10_11_3) AppleWebKit/537.36 (KHTML, like Gecko) Chrome/47.0.2526.80 Safari/537.36	http://localhost:2015/website
2016-02-06 07:43:19,079 INFO  [LogService                                   ] - 2016-02-06	07:43:19	0:0:0:0:0:0:0:1	-	0:0:0:0:0:0:0:1	2015	GET	/website/js/jquery.js	-	200	-	0	21	http://localhost:2015	Mozilla/5.0 (Macintosh; Intel Mac OS X 10_11_3) AppleWebKit/537.36 (KHTML, like Gecko) Chrome/47.0.2526.80 Safari/537.36	http://localhost:2015/website
2016-02-06 07:43:19,083 INFO  [LogService                                   ] - 2016-02-06	07:43:19	0:0:0:0:0:0:0:1	-	0:0:0:0:0:0:0:1	2015	GET	/website/font-awesome/css/font-awesome.min.css	-	200	-	0	23	http://localhost:2015	Mozilla/5.0 (Macintosh; Intel Mac OS X 10_11_3) AppleWebKit/537.36 (KHTML, like Gecko) Chrome/47.0.2526.80 Safari/537.36	http://localhost:2015/website
2016-02-06 07:43:19,115 INFO  [LogService                                   ] - 2016-02-06	07:43:19	0:0:0:0:0:0:0:1	-	0:0:0:0:0:0:0:1	2015	GET	/website/js/grayscale.js	-	200	-	0	58	http://localhost:2015	Mozilla/5.0 (Macintosh; Intel Mac OS X 10_11_3) AppleWebKit/537.36 (KHTML, like Gecko) Chrome/47.0.2526.80 Safari/537.36	http://localhost:2015/website
2016-02-06 07:43:19,194 INFO  [LogService                                   ] - 2016-02-06	07:43:19	0:0:0:0:0:0:0:1	-	0:0:0:0:0:0:0:1	2015	GET	/website/img/intro-bg.jpg	-	200	-	0	10	http://localhost:2015	Mozilla/5.0 (Macintosh; Intel Mac OS X 10_11_3) AppleWebKit/537.36 (KHTML, like Gecko) Chrome/47.0.2526.80 Safari/537.36	http://localhost:2015/website/css/grayscale.css
2016-02-06 07:43:19,196 INFO  [LogService                                   ] - 2016-02-06	07:43:19	0:0:0:0:0:0:0:1	-	0:0:0:0:0:0:0:1	2015	GET	/website/img/downloads-bg.jpg	-	200	-	0	11	http://localhost:2015	Mozilla/5.0 (Macintosh; Intel Mac OS X 10_11_3) AppleWebKit/537.36 (KHTML, like Gecko) Chrome/47.0.2526.80 Safari/537.36	http://localhost:2015/website/css/grayscale.css
2016-02-06 07:43:19,207 INFO  [LogService                                   ] - 2016-02-06	07:43:19	0:0:0:0:0:0:0:1	-	0:0:0:0:0:0:0:1	2015	GET	/website/fonts/glyphicons-halflings-regular.woff	-	200	-	0	12	http://localhost:2015	Mozilla/5.0 (Macintosh; Intel Mac OS X 10_11_3) AppleWebKit/537.36 (KHTML, like Gecko) Chrome/47.0.2526.80 Safari/537.36	http://localhost:2015/website/css/bootstrap.min.css
2016-02-06 07:43:19,212 INFO  [LogService                                   ] - 2016-02-06	07:43:19	0:0:0:0:0:0:0:1	-	0:0:0:0:0:0:0:1	2015	GET	/website/font-awesome/fonts/fontawesome-webfont.woff	v=4.2.0	200	-	0	7	http://localhost:2015	Mozilla/5.0 (Macintosh; Intel Mac OS X 10_11_3) AppleWebKit/537.36 (KHTML, like Gecko) Chrome/47.0.2526.80 Safari/537.36	http://localhost:2015/website/font-awesome/css/font-awesome.min.css
2016-02-06 07:43:20,469 INFO  [LogService                                   ] - 2016-02-06	07:43:20	0:0:0:0:0:0:0:1	-	0:0:0:0:0:0:0:1	2015	GET	/img/map-marker.png	-	404	276	0	4	http://localhost:2015	Mozilla/5.0 (Macintosh; Intel Mac OS X 10_11_3) AppleWebKit/537.36 (KHTML, like Gecko) Chrome/47.0.2526.80 Safari/537.36	http://localhost:2015/website
