2015-04-15 07:43:54,665 DEBUG [io.skysail.server.app.SkysailApplication     ] - Instanciating new Skysail Application 'SkysailRootApplication'
2015-04-15 07:43:54,910 INFO  [d.t.s.s.c.restlet.SkysailConverterHelper     ] - initializing new converter 'ServerSentEventsConverter' with typesMatch '{text/event-stream=1.0}'
2015-04-15 07:43:54,928 INFO  [io.skysail.server.app.ApplicationList        ] - (+) Adding application 'root'
2015-04-15 07:43:54,936 INFO  [io.skysail.server.db.DbConfigurations        ] - activating DbConfigurations with config DbConfig(name=skysailgraph, driver=, url=memory:bookmarks, username=admin)
2015-04-15 07:43:54,955 INFO  [i.s.s.f.repositories.FeaturesRepository      ] - activating FeaturesRepository with config {service.pid=io.skysail.server.features.repositories.FeaturesRepository, de.twenty11.skysail.server.core.restlet.SecurityFeatures.ALLOW_ORIGIN_FEATURE=true, component.name=io.skysail.server.features.repositories.FeaturesRepository, felix.fileinstall.filename=file:/Users/carsten/git/skysail-framework/skysail.server.app.bookmarks.it/config/test/io.skysail.server.features.repositories.FeaturesRepository.cfg, component.id=12}
2015-04-15 07:43:54,963 DEBUG [d.t.s.s.c.o.i.l.SkysailServerBundleListener  ] - could not send bundleStartedMessage for skysail.server.app.bookmarks
2015-04-15 07:43:55,004 DEBUG [io.skysail.server.app.SkysailApplication     ] - Instanciating new Skysail Application 'WebappApplication'
2015-04-15 07:43:55,008 DEBUG [io.skysail.server.app.SkysailApplication     ] - Activating Application io.skysail.server.converter.WebappApplication
2015-04-15 07:43:55,008 INFO  [io.skysail.server.app.ApplicationList        ] - (+) Adding application 'webapp'
2015-04-15 07:43:55,009 DEBUG [d.t.s.s.c.o.i.l.SkysailServerBundleListener  ] - could not send bundleStartedMessage for skysail.server.converter
2015-04-15 07:43:56,665 DEBUG [d.t.s.s.db.orientdb.OrientGraphDbService     ] - activating de.twenty11.skysail.server.db.orientdb.OrientGraphDbService
2015-04-15 07:43:56,700 DEBUG [io.skysail.server.app.SkysailApplication     ] - Instanciating new Skysail Application 'BookmarksApplication'
2015-04-15 07:43:56,701 DEBUG [io.skysail.server.app.SkysailApplication     ] - Activating Application io.skysail.server.app.bookmarks.BookmarksApplication
2015-04-15 07:43:56,702 INFO  [io.skysail.server.app.ApplicationList        ] - (+) Adding application 'Bookmarks'
2015-04-15 07:43:56,708 DEBUG [d.t.s.s.c.o.i.l.SkysailServerBundleListener  ] - could not send bundleStartedMessage for skysail.server.db
2015-04-15 07:43:56,755 DEBUG [d.t.s.s.c.o.i.l.SkysailServerBundleListener  ] - could not send bundleStartedMessage for skysail.server.documentation
2015-04-15 07:43:56,801 INFO  [io.skysail.server.http.impl.HttpServer       ] - Activating io.skysail.server.http.impl.HttpServer
2015-04-15 07:43:56,822 INFO  [d.t.skysail.server.SkysailComponent          ] - Creating Restlet Component: de.twenty11.skysail.server.SkysailComponent
2015-04-15 07:43:56,842 DEBUG [d.t.s.s.c.o.i.l.SkysailServerBundleListener  ] - could not send bundleStartedMessage for skysail.server.http
2015-04-15 07:43:56,858 DEBUG [io.skysail.server.app.SkysailApplication     ] - Instanciating new Skysail Application 'PluginApplication'
2015-04-15 07:43:56,859 DEBUG [io.skysail.server.app.SkysailApplication     ] - Activating Application io.skysail.server.app.plugins.PluginApplication
2015-04-15 07:43:56,860 INFO  [io.skysail.server.app.ApplicationList        ] - (+) Adding application 'plugins'
2015-04-15 07:43:56,861 DEBUG [d.t.s.s.c.o.i.l.SkysailServerBundleListener  ] - could not send bundleStartedMessage for skysail.server.plugins
2015-04-15 07:43:56,882 DEBUG [io.skysail.server.app.SkysailApplication     ] - Instanciating new Skysail Application 'WebappApplication'
2015-04-15 07:43:56,882 DEBUG [io.skysail.server.app.SkysailApplication     ] - Activating Application de.twenty11.skysail.server.webapp.internal.WebappApplication
2015-04-15 07:43:56,883 INFO  [io.skysail.server.app.ApplicationList        ] - (+) Adding application 'static'
2015-04-15 07:43:56,883 DEBUG [d.t.s.s.c.o.i.l.SkysailServerBundleListener  ] - could not send bundleStartedMessage for skysail.server.static
2015-04-15 07:43:56,884 DEBUG [d.t.s.s.c.o.i.l.SkysailServerBundleListener  ] - could not send bundleStartedMessage for skysail.server.text
2015-04-15 07:43:56,896 DEBUG [d.t.s.s.c.o.i.l.SkysailServerBundleListener  ] - could not send bundleStartedMessage for skysail.server.text.markdown
2015-04-15 07:43:56,942 DEBUG [io.skysail.server.app.SkysailApplication     ] - Instanciating new Skysail Application 'SimpleUserManagementApplication'
2015-04-15 07:43:56,943 INFO  [i.s.s.u.s.a.SimpleUserManagementApplication  ] - instanciating new UserManagementApplication #1630413241
2015-04-15 07:43:56,943 DEBUG [io.skysail.server.app.SkysailApplication     ] - Activating Application io.skysail.server.um.simple.app.SimpleUserManagementApplication
2015-04-15 07:43:56,966 DEBUG [i.s.s.u.s.a.SkysailHashedCredentialsMatcher  ] - cacheManager set in io.skysail.server.um.simple.authentication.SkysailHashedCredentialsMatcher
2015-04-15 07:43:57,060 DEBUG [org.apache.shiro.realm.AuthorizingRealm      ] - No authorizationCache instance set.  Checking for a cacheManager...
2015-04-15 07:43:57,060 DEBUG [org.apache.shiro.realm.AuthorizingRealm      ] - CacheManager [MemoryConstrainedCacheManager with 0 cache(s)): []] has been configured.  Building authorization cache named [io.skysail.server.um.simple.authorization.SimpleAuthorizingRealm.authorizationCache]
2015-04-15 07:43:57,072 DEBUG [io.skysail.server.app.SkysailApplication     ] - setting hookfilters to application 'root'
2015-04-15 07:43:57,072 DEBUG [io.skysail.server.app.SkysailApplication     ] - setting hookfilters to application 'webapp'
2015-04-15 07:43:57,072 DEBUG [io.skysail.server.app.SkysailApplication     ] - setting hookfilters to application 'Bookmarks'
2015-04-15 07:43:57,072 DEBUG [io.skysail.server.app.SkysailApplication     ] - setting hookfilters to application 'plugins'
2015-04-15 07:43:57,072 DEBUG [io.skysail.server.app.SkysailApplication     ] - setting hookfilters to application 'static'
2015-04-15 07:43:57,076 INFO  [io.skysail.server.app.ApplicationList        ] - (+) Adding application 'usermanagement'
2015-04-15 07:43:57,078 DEBUG [io.skysail.server.app.SkysailApplication     ] - setting hookfilters to application 'usermanagement'
2015-04-15 07:43:57,081 DEBUG [d.t.s.s.c.o.i.l.SkysailServerBundleListener  ] - could not send bundleStartedMessage for skysail.server.um.simple
2015-04-15 07:43:57,083 DEBUG [d.t.s.s.c.o.i.l.SkysailServerBundleListener  ] - could not send bundleStartedMessage for slf4j.api
2015-04-15 07:43:57,086 DEBUG [d.t.s.s.c.o.i.l.SkysailServerBundleListener  ] - could not send bundleStartedMessage for de.twentyeleven.skysail.org.antlr.stringtemplate-osgi
2015-04-15 07:43:57,087 DEBUG [d.t.s.s.c.o.i.l.SkysailServerBundleListener  ] - could not send bundleStartedMessage for org.jruby.jruby
2015-04-15 07:43:57,088 DEBUG [d.t.s.s.c.o.i.l.SkysailServerBundleListener  ] - could not send bundleStartedMessage for com.beust.jcommander
2015-04-15 07:43:57,089 DEBUG [d.t.s.s.c.o.i.l.SkysailServerBundleListener  ] - could not send bundleStartedMessage for stax2-api
2015-04-15 07:43:57,093 DEBUG [d.t.s.s.c.o.i.l.SkysailServerBundleListener  ] - could not send bundleStartedMessage for com.fasterxml.jackson.module.jackson-module-jaxb-annotations
2015-04-15 07:43:57,094 DEBUG [d.t.s.s.c.o.i.l.SkysailServerBundleListener  ] - could not send bundleStartedMessage for org.codehaus.jettison.jettison
2015-04-15 07:43:57,098 DEBUG [d.t.s.s.c.o.i.l.SkysailServerBundleListener  ] - could not send bundleStartedMessage for org.jsoup
2015-04-15 07:43:57,099 DEBUG [d.t.s.s.c.o.i.l.SkysailServerBundleListener  ] - could not send bundleStartedMessage for skysail.server.app.bookmarks.it
2015-04-15 07:43:57,192 INFO  [i.s.client.testsupport.IntegrationTests      ] - 
2015-04-15 07:43:57,192 INFO  [i.s.client.testsupport.IntegrationTests      ] - --------------------------------------------
2015-04-15 07:43:57,193 INFO  [i.s.client.testsupport.IntegrationTests      ] -  > TEST: 

running test 'new_bookmark_can_be_deleted_by_owner'
2015-04-15 07:43:57,193 INFO  [i.s.client.testsupport.IntegrationTests      ] - --------------------------------------------
2015-04-15 07:43:57,193 INFO  [i.s.client.testsupport.IntegrationTests      ] - 
2015-04-15 07:43:57,197 INFO  [i.s.c.testsupport.ApplicationBrowser         ] -  > TEST: 

creating new browser client with url 'http://localhost' for Application 'Bookmarks' and mediaType 'text/html'
2015-04-15 07:43:57,200 INFO  [i.s.s.a.b.i.BookmarksCrudIntegrationTests    ] - setting up test case...
2015-04-15 07:43:57,201 INFO  [i.s.s.a.b.i.BookmarksCrudIntegrationTests    ] - setting test port to null
2015-04-15 07:43:57,201 INFO  [i.s.c.testsupport.ApplicationBrowser         ] -  > TEST: 

logging in as user 'admin'
2015-04-15 07:43:57,217 INFO  [org.restlet                                  ] - Starting the internal HTTP client
2015-04-15 07:43:57,248 DEBUG [org.restlet                                  ] - An error occurred during the connection to the remote HTTP server.
java.net.ConnectException: Connection refused
	at java.net.PlainSocketImpl.socketConnect(Native Method) ~[na:1.8.0_20]
	at java.net.AbstractPlainSocketImpl.doConnect(AbstractPlainSocketImpl.java:345) ~[na:1.8.0_20]
	at java.net.AbstractPlainSocketImpl.connectToAddress(AbstractPlainSocketImpl.java:206) ~[na:1.8.0_20]
	at java.net.AbstractPlainSocketImpl.connect(AbstractPlainSocketImpl.java:188) ~[na:1.8.0_20]
	at java.net.SocksSocketImpl.connect(SocksSocketImpl.java:392) ~[na:1.8.0_20]
	at java.net.Socket.connect(Socket.java:589) ~[na:1.8.0_20]
	at sun.net.NetworkClient.doConnect(NetworkClient.java:175) ~[na:1.8.0_20]
	at sun.net.www.http.HttpClient.openServer(HttpClient.java:432) ~[na:1.8.0_20]
	at sun.net.www.http.HttpClient.openServer(HttpClient.java:527) ~[na:1.8.0_20]
	at sun.net.www.http.HttpClient.<init>(HttpClient.java:211) ~[na:1.8.0_20]
	at sun.net.www.http.HttpClient.New(HttpClient.java:308) ~[na:1.8.0_20]
	at sun.net.www.http.HttpClient.New(HttpClient.java:326) ~[na:1.8.0_20]
	at sun.net.www.protocol.http.HttpURLConnection.getNewHttpClient(HttpURLConnection.java:1167) ~[na:1.8.0_20]
	at sun.net.www.protocol.http.HttpURLConnection.plainConnect0(HttpURLConnection.java:1103) ~[na:1.8.0_20]
	at sun.net.www.protocol.http.HttpURLConnection.plainConnect(HttpURLConnection.java:997) ~[na:1.8.0_20]
	at sun.net.www.protocol.http.HttpURLConnection.connect(HttpURLConnection.java:931) ~[na:1.8.0_20]
	at org.restlet.engine.connector.HttpUrlConnectionCall.sendRequest(HttpUrlConnectionCall.java:356) ~[org.restlet.jar:na]
	at org.restlet.engine.adapter.ClientAdapter.commit(ClientAdapter.java:105) [org.restlet.jar:na]
	at org.restlet.engine.adapter.HttpClientHelper.handle(HttpClientHelper.java:119) [org.restlet.jar:na]
	at org.restlet.Client.handle(Client.java:153) [org.restlet.jar:na]
	at org.restlet.routing.Filter.doHandle(Filter.java:150) [org.restlet.jar:na]
	at org.restlet.routing.Filter.handle(Filter.java:197) [org.restlet.jar:na]
	at org.restlet.resource.ClientResource.handle(ClientResource.java:1092) [org.restlet.jar:na]
	at org.restlet.resource.ClientResource.handleOutbound(ClientResource.java:1176) [org.restlet.jar:na]
	at org.restlet.resource.ClientResource.handle(ClientResource.java:1047) [org.restlet.jar:na]
	at org.restlet.resource.ClientResource.handle(ClientResource.java:1023) [org.restlet.jar:na]
	at org.restlet.resource.ClientResource.handle(ClientResource.java:928) [org.restlet.jar:na]
	at org.restlet.resource.ClientResource.get(ClientResource.java:636) [org.restlet.jar:na]
	at io.skysail.client.testsupport.ApplicationClient.loginAs(ApplicationClient.java:86) [skysail.client.testsupport.jar:na]
	at io.skysail.client.testsupport.ApplicationBrowser.login(ApplicationBrowser.java:45) [skysail.client.testsupport.jar:na]
	at io.skysail.client.testsupport.ApplicationBrowser.asUser(ApplicationBrowser.java:51) [skysail.client.testsupport.jar:na]
	at io.skysail.server.app.bookmarks.it.BookmarksCrudIntegrationTests.new_bookmark_can_be_deleted_by_owner(BookmarksCrudIntegrationTests.java:44) [skysail.server.app.bookmarks.it.jar:na]
	at sun.reflect.NativeMethodAccessorImpl.invoke0(Native Method) ~[na:1.8.0_20]
	at sun.reflect.NativeMethodAccessorImpl.invoke(NativeMethodAccessorImpl.java:62) ~[na:1.8.0_20]
	at sun.reflect.DelegatingMethodAccessorImpl.invoke(DelegatingMethodAccessorImpl.java:43) ~[na:1.8.0_20]
	at java.lang.reflect.Method.invoke(Method.java:483) ~[na:1.8.0_20]
	at org.junit.runners.model.FrameworkMethod$1.runReflectiveCall(FrameworkMethod.java:47) [biz.aQute.junit-latest.jar:na]
	at org.junit.internal.runners.model.ReflectiveCallable.run(ReflectiveCallable.java:12) [biz.aQute.junit-latest.jar:na]
	at org.junit.runners.model.FrameworkMethod.invokeExplosively(FrameworkMethod.java:44) [biz.aQute.junit-latest.jar:na]
	at org.junit.internal.runners.statements.InvokeMethod.evaluate(InvokeMethod.java:17) [biz.aQute.junit-latest.jar:na]
	at org.junit.internal.runners.statements.RunBefores.evaluate(RunBefores.java:26) [biz.aQute.junit-latest.jar:na]
	at org.junit.rules.ExpectedException$ExpectedExceptionStatement.evaluate(ExpectedException.java:168) [biz.aQute.junit-latest.jar:na]
	at org.junit.rules.TestWatcher$1.evaluate(TestWatcher.java:55) [biz.aQute.junit-latest.jar:na]
	at org.junit.rules.RunRules.evaluate(RunRules.java:20) [biz.aQute.junit-latest.jar:na]
	at org.junit.runners.ParentRunner.runLeaf(ParentRunner.java:271) [biz.aQute.junit-latest.jar:na]
	at org.junit.runners.BlockJUnit4ClassRunner.runChild(BlockJUnit4ClassRunner.java:70) [biz.aQute.junit-latest.jar:na]
	at org.junit.runners.BlockJUnit4ClassRunner.runChild(BlockJUnit4ClassRunner.java:50) [biz.aQute.junit-latest.jar:na]
	at org.junit.runners.ParentRunner$3.run(ParentRunner.java:238) [biz.aQute.junit-latest.jar:na]
	at org.junit.runners.ParentRunner$1.schedule(ParentRunner.java:63) [biz.aQute.junit-latest.jar:na]
	at org.junit.runners.ParentRunner.runChildren(ParentRunner.java:236) [biz.aQute.junit-latest.jar:na]
	at org.junit.runners.ParentRunner.access$000(ParentRunner.java:53) [biz.aQute.junit-latest.jar:na]
	at org.junit.runners.ParentRunner$2.evaluate(ParentRunner.java:229) [biz.aQute.junit-latest.jar:na]
	at org.junit.runners.ParentRunner.run(ParentRunner.java:309) [biz.aQute.junit-latest.jar:na]
	at junit.framework.JUnit4TestAdapter.run(JUnit4TestAdapter.java:38) [biz.aQute.junit-latest.jar:na]
	at junit.framework.TestSuite.runTest(TestSuite.java:255) [biz.aQute.junit-latest.jar:na]
	at junit.framework.TestSuite.run(TestSuite.java:250) [biz.aQute.junit-latest.jar:na]
	at aQute.junit.Activator.test(Activator.java:303) [biz.aQute.junit-latest.jar:na]
	at aQute.junit.Activator.run(Activator.java:128) [biz.aQute.junit-latest.jar:na]
	at aQute.launcher.Launcher$5.call(Launcher.java:1175) [biz.aQute.launcher-latest.jar:na]
	at aQute.launcher.Launcher$5.call(Launcher.java:1173) [biz.aQute.launcher-latest.jar:na]
	at aQute.launcher.Launcher.run(Launcher.java:278) [biz.aQute.launcher-latest.jar:na]
	at aQute.launcher.Launcher.main(Launcher.java:87) [biz.aQute.launcher-latest.jar:na]
2015-04-15 07:43:57,251 INFO  [org.restlet                                  ] - A recoverable error was detected (1000), attempting again in 2000 ms.
2015-04-15 07:43:59,257 DEBUG [org.restlet                                  ] - An error occurred during the connection to the remote HTTP server.
java.net.ConnectException: Connection refused
	at java.net.PlainSocketImpl.socketConnect(Native Method) ~[na:1.8.0_20]
	at java.net.AbstractPlainSocketImpl.doConnect(AbstractPlainSocketImpl.java:345) ~[na:1.8.0_20]
	at java.net.AbstractPlainSocketImpl.connectToAddress(AbstractPlainSocketImpl.java:206) ~[na:1.8.0_20]
	at java.net.AbstractPlainSocketImpl.connect(AbstractPlainSocketImpl.java:188) ~[na:1.8.0_20]
	at java.net.SocksSocketImpl.connect(SocksSocketImpl.java:392) ~[na:1.8.0_20]
	at java.net.Socket.connect(Socket.java:589) ~[na:1.8.0_20]
	at sun.net.NetworkClient.doConnect(NetworkClient.java:175) ~[na:1.8.0_20]
	at sun.net.www.http.HttpClient.openServer(HttpClient.java:432) ~[na:1.8.0_20]
	at sun.net.www.http.HttpClient.openServer(HttpClient.java:527) ~[na:1.8.0_20]
	at sun.net.www.http.HttpClient.<init>(HttpClient.java:211) ~[na:1.8.0_20]
	at sun.net.www.http.HttpClient.New(HttpClient.java:308) ~[na:1.8.0_20]
	at sun.net.www.http.HttpClient.New(HttpClient.java:326) ~[na:1.8.0_20]
	at sun.net.www.protocol.http.HttpURLConnection.getNewHttpClient(HttpURLConnection.java:1167) ~[na:1.8.0_20]
	at sun.net.www.protocol.http.HttpURLConnection.plainConnect0(HttpURLConnection.java:1103) ~[na:1.8.0_20]
	at sun.net.www.protocol.http.HttpURLConnection.plainConnect(HttpURLConnection.java:997) ~[na:1.8.0_20]
	at sun.net.www.protocol.http.HttpURLConnection.connect(HttpURLConnection.java:931) ~[na:1.8.0_20]
	at org.restlet.engine.connector.HttpUrlConnectionCall.sendRequest(HttpUrlConnectionCall.java:356) ~[org.restlet.jar:na]
	at org.restlet.engine.adapter.ClientAdapter.commit(ClientAdapter.java:105) [org.restlet.jar:na]
	at org.restlet.engine.adapter.HttpClientHelper.handle(HttpClientHelper.java:119) [org.restlet.jar:na]
	at org.restlet.Client.handle(Client.java:153) [org.restlet.jar:na]
	at org.restlet.routing.Filter.doHandle(Filter.java:150) [org.restlet.jar:na]
	at org.restlet.routing.Filter.handle(Filter.java:197) [org.restlet.jar:na]
	at org.restlet.resource.ClientResource.handle(ClientResource.java:1092) [org.restlet.jar:na]
	at org.restlet.resource.ClientResource.retry(ClientResource.java:1650) [org.restlet.jar:na]
	at org.restlet.resource.ClientResource.handle(ClientResource.java:1100) [org.restlet.jar:na]
	at org.restlet.resource.ClientResource.handleOutbound(ClientResource.java:1176) [org.restlet.jar:na]
	at org.restlet.resource.ClientResource.handle(ClientResource.java:1047) [org.restlet.jar:na]
	at org.restlet.resource.ClientResource.handle(ClientResource.java:1023) [org.restlet.jar:na]
	at org.restlet.resource.ClientResource.handle(ClientResource.java:928) [org.restlet.jar:na]
	at org.restlet.resource.ClientResource.get(ClientResource.java:636) [org.restlet.jar:na]
	at io.skysail.client.testsupport.ApplicationClient.loginAs(ApplicationClient.java:86) [skysail.client.testsupport.jar:na]
	at io.skysail.client.testsupport.ApplicationBrowser.login(ApplicationBrowser.java:45) [skysail.client.testsupport.jar:na]
	at io.skysail.client.testsupport.ApplicationBrowser.asUser(ApplicationBrowser.java:51) [skysail.client.testsupport.jar:na]
	at io.skysail.server.app.bookmarks.it.BookmarksCrudIntegrationTests.new_bookmark_can_be_deleted_by_owner(BookmarksCrudIntegrationTests.java:44) [skysail.server.app.bookmarks.it.jar:na]
	at sun.reflect.NativeMethodAccessorImpl.invoke0(Native Method) ~[na:1.8.0_20]
	at sun.reflect.NativeMethodAccessorImpl.invoke(NativeMethodAccessorImpl.java:62) ~[na:1.8.0_20]
	at sun.reflect.DelegatingMethodAccessorImpl.invoke(DelegatingMethodAccessorImpl.java:43) ~[na:1.8.0_20]
	at java.lang.reflect.Method.invoke(Method.java:483) ~[na:1.8.0_20]
	at org.junit.runners.model.FrameworkMethod$1.runReflectiveCall(FrameworkMethod.java:47) [biz.aQute.junit-latest.jar:na]
	at org.junit.internal.runners.model.ReflectiveCallable.run(ReflectiveCallable.java:12) [biz.aQute.junit-latest.jar:na]
	at org.junit.runners.model.FrameworkMethod.invokeExplosively(FrameworkMethod.java:44) [biz.aQute.junit-latest.jar:na]
	at org.junit.internal.runners.statements.InvokeMethod.evaluate(InvokeMethod.java:17) [biz.aQute.junit-latest.jar:na]
	at org.junit.internal.runners.statements.RunBefores.evaluate(RunBefores.java:26) [biz.aQute.junit-latest.jar:na]
	at org.junit.rules.ExpectedException$ExpectedExceptionStatement.evaluate(ExpectedException.java:168) [biz.aQute.junit-latest.jar:na]
	at org.junit.rules.TestWatcher$1.evaluate(TestWatcher.java:55) [biz.aQute.junit-latest.jar:na]
	at org.junit.rules.RunRules.evaluate(RunRules.java:20) [biz.aQute.junit-latest.jar:na]
	at org.junit.runners.ParentRunner.runLeaf(ParentRunner.java:271) [biz.aQute.junit-latest.jar:na]
	at org.junit.runners.BlockJUnit4ClassRunner.runChild(BlockJUnit4ClassRunner.java:70) [biz.aQute.junit-latest.jar:na]
	at org.junit.runners.BlockJUnit4ClassRunner.runChild(BlockJUnit4ClassRunner.java:50) [biz.aQute.junit-latest.jar:na]
	at org.junit.runners.ParentRunner$3.run(ParentRunner.java:238) [biz.aQute.junit-latest.jar:na]
	at org.junit.runners.ParentRunner$1.schedule(ParentRunner.java:63) [biz.aQute.junit-latest.jar:na]
	at org.junit.runners.ParentRunner.runChildren(ParentRunner.java:236) [biz.aQute.junit-latest.jar:na]
	at org.junit.runners.ParentRunner.access$000(ParentRunner.java:53) [biz.aQute.junit-latest.jar:na]
	at org.junit.runners.ParentRunner$2.evaluate(ParentRunner.java:229) [biz.aQute.junit-latest.jar:na]
	at org.junit.runners.ParentRunner.run(ParentRunner.java:309) [biz.aQute.junit-latest.jar:na]
	at junit.framework.JUnit4TestAdapter.run(JUnit4TestAdapter.java:38) [biz.aQute.junit-latest.jar:na]
	at junit.framework.TestSuite.runTest(TestSuite.java:255) [biz.aQute.junit-latest.jar:na]
	at junit.framework.TestSuite.run(TestSuite.java:250) [biz.aQute.junit-latest.jar:na]
	at aQute.junit.Activator.test(Activator.java:303) [biz.aQute.junit-latest.jar:na]
	at aQute.junit.Activator.run(Activator.java:128) [biz.aQute.junit-latest.jar:na]
	at aQute.launcher.Launcher$5.call(Launcher.java:1175) [biz.aQute.launcher-latest.jar:na]
	at aQute.launcher.Launcher$5.call(Launcher.java:1173) [biz.aQute.launcher-latest.jar:na]
	at aQute.launcher.Launcher.run(Launcher.java:278) [biz.aQute.launcher-latest.jar:na]
	at aQute.launcher.Launcher.main(Launcher.java:87) [biz.aQute.launcher-latest.jar:na]
2015-04-15 07:43:59,259 INFO  [org.restlet                                  ] - A recoverable error was detected (1000), attempting again in 2000 ms.
2015-04-15 07:44:01,275 DEBUG [org.restlet                                  ] - An error occurred during the connection to the remote HTTP server.
java.net.ConnectException: Connection refused
	at java.net.PlainSocketImpl.socketConnect(Native Method) ~[na:1.8.0_20]
	at java.net.AbstractPlainSocketImpl.doConnect(AbstractPlainSocketImpl.java:345) ~[na:1.8.0_20]
	at java.net.AbstractPlainSocketImpl.connectToAddress(AbstractPlainSocketImpl.java:206) ~[na:1.8.0_20]
	at java.net.AbstractPlainSocketImpl.connect(AbstractPlainSocketImpl.java:188) ~[na:1.8.0_20]
	at java.net.SocksSocketImpl.connect(SocksSocketImpl.java:392) ~[na:1.8.0_20]
	at java.net.Socket.connect(Socket.java:589) ~[na:1.8.0_20]
	at sun.net.NetworkClient.doConnect(NetworkClient.java:175) ~[na:1.8.0_20]
	at sun.net.www.http.HttpClient.openServer(HttpClient.java:432) ~[na:1.8.0_20]
	at sun.net.www.http.HttpClient.openServer(HttpClient.java:527) ~[na:1.8.0_20]
	at sun.net.www.http.HttpClient.<init>(HttpClient.java:211) ~[na:1.8.0_20]
	at sun.net.www.http.HttpClient.New(HttpClient.java:308) ~[na:1.8.0_20]
	at sun.net.www.http.HttpClient.New(HttpClient.java:326) ~[na:1.8.0_20]
	at sun.net.www.protocol.http.HttpURLConnection.getNewHttpClient(HttpURLConnection.java:1167) ~[na:1.8.0_20]
	at sun.net.www.protocol.http.HttpURLConnection.plainConnect0(HttpURLConnection.java:1103) ~[na:1.8.0_20]
	at sun.net.www.protocol.http.HttpURLConnection.plainConnect(HttpURLConnection.java:997) ~[na:1.8.0_20]
	at sun.net.www.protocol.http.HttpURLConnection.connect(HttpURLConnection.java:931) ~[na:1.8.0_20]
	at org.restlet.engine.connector.HttpUrlConnectionCall.sendRequest(HttpUrlConnectionCall.java:356) ~[org.restlet.jar:na]
	at org.restlet.engine.adapter.ClientAdapter.commit(ClientAdapter.java:105) [org.restlet.jar:na]
	at org.restlet.engine.adapter.HttpClientHelper.handle(HttpClientHelper.java:119) [org.restlet.jar:na]
	at org.restlet.Client.handle(Client.java:153) [org.restlet.jar:na]
	at org.restlet.routing.Filter.doHandle(Filter.java:150) [org.restlet.jar:na]
	at org.restlet.routing.Filter.handle(Filter.java:197) [org.restlet.jar:na]
	at org.restlet.resource.ClientResource.handle(ClientResource.java:1092) [org.restlet.jar:na]
	at org.restlet.resource.ClientResource.retry(ClientResource.java:1650) [org.restlet.jar:na]
	at org.restlet.resource.ClientResource.handle(ClientResource.java:1100) [org.restlet.jar:na]
	at org.restlet.resource.ClientResource.retry(ClientResource.java:1650) [org.restlet.jar:na]
	at org.restlet.resource.ClientResource.handle(ClientResource.java:1100) [org.restlet.jar:na]
	at org.restlet.resource.ClientResource.handleOutbound(ClientResource.java:1176) [org.restlet.jar:na]
	at org.restlet.resource.ClientResource.handle(ClientResource.java:1047) [org.restlet.jar:na]
	at org.restlet.resource.ClientResource.handle(ClientResource.java:1023) [org.restlet.jar:na]
	at org.restlet.resource.ClientResource.handle(ClientResource.java:928) [org.restlet.jar:na]
	at org.restlet.resource.ClientResource.get(ClientResource.java:636) [org.restlet.jar:na]
	at io.skysail.client.testsupport.ApplicationClient.loginAs(ApplicationClient.java:86) [skysail.client.testsupport.jar:na]
	at io.skysail.client.testsupport.ApplicationBrowser.login(ApplicationBrowser.java:45) [skysail.client.testsupport.jar:na]
	at io.skysail.client.testsupport.ApplicationBrowser.asUser(ApplicationBrowser.java:51) [skysail.client.testsupport.jar:na]
	at io.skysail.server.app.bookmarks.it.BookmarksCrudIntegrationTests.new_bookmark_can_be_deleted_by_owner(BookmarksCrudIntegrationTests.java:44) [skysail.server.app.bookmarks.it.jar:na]
	at sun.reflect.NativeMethodAccessorImpl.invoke0(Native Method) ~[na:1.8.0_20]
	at sun.reflect.NativeMethodAccessorImpl.invoke(NativeMethodAccessorImpl.java:62) ~[na:1.8.0_20]
	at sun.reflect.DelegatingMethodAccessorImpl.invoke(DelegatingMethodAccessorImpl.java:43) ~[na:1.8.0_20]
	at java.lang.reflect.Method.invoke(Method.java:483) ~[na:1.8.0_20]
	at org.junit.runners.model.FrameworkMethod$1.runReflectiveCall(FrameworkMethod.java:47) [biz.aQute.junit-latest.jar:na]
	at org.junit.internal.runners.model.ReflectiveCallable.run(ReflectiveCallable.java:12) [biz.aQute.junit-latest.jar:na]
	at org.junit.runners.model.FrameworkMethod.invokeExplosively(FrameworkMethod.java:44) [biz.aQute.junit-latest.jar:na]
	at org.junit.internal.runners.statements.InvokeMethod.evaluate(InvokeMethod.java:17) [biz.aQute.junit-latest.jar:na]
	at org.junit.internal.runners.statements.RunBefores.evaluate(RunBefores.java:26) [biz.aQute.junit-latest.jar:na]
	at org.junit.rules.ExpectedException$ExpectedExceptionStatement.evaluate(ExpectedException.java:168) [biz.aQute.junit-latest.jar:na]
	at org.junit.rules.TestWatcher$1.evaluate(TestWatcher.java:55) [biz.aQute.junit-latest.jar:na]
	at org.junit.rules.RunRules.evaluate(RunRules.java:20) [biz.aQute.junit-latest.jar:na]
	at org.junit.runners.ParentRunner.runLeaf(ParentRunner.java:271) [biz.aQute.junit-latest.jar:na]
	at org.junit.runners.BlockJUnit4ClassRunner.runChild(BlockJUnit4ClassRunner.java:70) [biz.aQute.junit-latest.jar:na]
	at org.junit.runners.BlockJUnit4ClassRunner.runChild(BlockJUnit4ClassRunner.java:50) [biz.aQute.junit-latest.jar:na]
	at org.junit.runners.ParentRunner$3.run(ParentRunner.java:238) [biz.aQute.junit-latest.jar:na]
	at org.junit.runners.ParentRunner$1.schedule(ParentRunner.java:63) [biz.aQute.junit-latest.jar:na]
	at org.junit.runners.ParentRunner.runChildren(ParentRunner.java:236) [biz.aQute.junit-latest.jar:na]
	at org.junit.runners.ParentRunner.access$000(ParentRunner.java:53) [biz.aQute.junit-latest.jar:na]
	at org.junit.runners.ParentRunner$2.evaluate(ParentRunner.java:229) [biz.aQute.junit-latest.jar:na]
	at org.junit.runners.ParentRunner.run(ParentRunner.java:309) [biz.aQute.junit-latest.jar:na]
	at junit.framework.JUnit4TestAdapter.run(JUnit4TestAdapter.java:38) [biz.aQute.junit-latest.jar:na]
	at junit.framework.TestSuite.runTest(TestSuite.java:255) [biz.aQute.junit-latest.jar:na]
	at junit.framework.TestSuite.run(TestSuite.java:250) [biz.aQute.junit-latest.jar:na]
	at aQute.junit.Activator.test(Activator.java:303) [biz.aQute.junit-latest.jar:na]
	at aQute.junit.Activator.run(Activator.java:128) [biz.aQute.junit-latest.jar:na]
	at aQute.launcher.Launcher$5.call(Launcher.java:1175) [biz.aQute.launcher-latest.jar:na]
	at aQute.launcher.Launcher$5.call(Launcher.java:1173) [biz.aQute.launcher-latest.jar:na]
	at aQute.launcher.Launcher.run(Launcher.java:278) [biz.aQute.launcher-latest.jar:na]
	at aQute.launcher.Launcher.main(Launcher.java:87) [biz.aQute.launcher-latest.jar:na]
2015-04-15 07:44:01,287 INFO  [i.s.client.testsupport.IntegrationTests      ] - 
2015-04-15 07:44:01,288 INFO  [i.s.client.testsupport.IntegrationTests      ] - --------------------------------------------
2015-04-15 07:44:01,288 INFO  [i.s.client.testsupport.IntegrationTests      ] -  > TEST: 

running test 'creating_bookmarks_persists_it'
2015-04-15 07:44:01,288 INFO  [i.s.client.testsupport.IntegrationTests      ] - --------------------------------------------
2015-04-15 07:44:01,289 INFO  [i.s.client.testsupport.IntegrationTests      ] - 
2015-04-15 07:44:01,289 INFO  [i.s.c.testsupport.ApplicationBrowser         ] -  > TEST: 

creating new browser client with url 'http://localhost' for Application 'Bookmarks' and mediaType 'text/html'
2015-04-15 07:44:01,289 INFO  [i.s.s.a.b.i.BookmarksCrudIntegrationTests    ] - setting up test case...
2015-04-15 07:44:01,290 INFO  [i.s.s.a.b.i.BookmarksCrudIntegrationTests    ] - setting test port to null
2015-04-15 07:44:01,290 INFO  [i.s.c.testsupport.ApplicationBrowser         ] -  > TEST: 

logging in as user 'admin'
2015-04-15 07:44:01,291 INFO  [org.restlet                                  ] - Starting the internal HTTP client
2015-04-15 07:44:01,297 DEBUG [org.restlet                                  ] - An error occurred during the connection to the remote HTTP server.
java.net.ConnectException: Connection refused
	at java.net.PlainSocketImpl.socketConnect(Native Method) ~[na:1.8.0_20]
	at java.net.AbstractPlainSocketImpl.doConnect(AbstractPlainSocketImpl.java:345) ~[na:1.8.0_20]
	at java.net.AbstractPlainSocketImpl.connectToAddress(AbstractPlainSocketImpl.java:206) ~[na:1.8.0_20]
	at java.net.AbstractPlainSocketImpl.connect(AbstractPlainSocketImpl.java:188) ~[na:1.8.0_20]
	at java.net.SocksSocketImpl.connect(SocksSocketImpl.java:392) ~[na:1.8.0_20]
	at java.net.Socket.connect(Socket.java:589) ~[na:1.8.0_20]
	at sun.net.NetworkClient.doConnect(NetworkClient.java:175) ~[na:1.8.0_20]
	at sun.net.www.http.HttpClient.openServer(HttpClient.java:432) ~[na:1.8.0_20]
	at sun.net.www.http.HttpClient.openServer(HttpClient.java:527) ~[na:1.8.0_20]
	at sun.net.www.http.HttpClient.<init>(HttpClient.java:211) ~[na:1.8.0_20]
	at sun.net.www.http.HttpClient.New(HttpClient.java:308) ~[na:1.8.0_20]
	at sun.net.www.http.HttpClient.New(HttpClient.java:326) ~[na:1.8.0_20]
	at sun.net.www.protocol.http.HttpURLConnection.getNewHttpClient(HttpURLConnection.java:1167) ~[na:1.8.0_20]
	at sun.net.www.protocol.http.HttpURLConnection.plainConnect0(HttpURLConnection.java:1103) ~[na:1.8.0_20]
	at sun.net.www.protocol.http.HttpURLConnection.plainConnect(HttpURLConnection.java:997) ~[na:1.8.0_20]
	at sun.net.www.protocol.http.HttpURLConnection.connect(HttpURLConnection.java:931) ~[na:1.8.0_20]
	at org.restlet.engine.connector.HttpUrlConnectionCall.sendRequest(HttpUrlConnectionCall.java:356) ~[org.restlet.jar:na]
	at org.restlet.engine.adapter.ClientAdapter.commit(ClientAdapter.java:105) [org.restlet.jar:na]
	at org.restlet.engine.adapter.HttpClientHelper.handle(HttpClientHelper.java:119) [org.restlet.jar:na]
	at org.restlet.Client.handle(Client.java:153) [org.restlet.jar:na]
	at org.restlet.routing.Filter.doHandle(Filter.java:150) [org.restlet.jar:na]
	at org.restlet.routing.Filter.handle(Filter.java:197) [org.restlet.jar:na]
	at org.restlet.resource.ClientResource.handle(ClientResource.java:1092) [org.restlet.jar:na]
	at org.restlet.resource.ClientResource.handleOutbound(ClientResource.java:1176) [org.restlet.jar:na]
	at org.restlet.resource.ClientResource.handle(ClientResource.java:1047) [org.restlet.jar:na]
	at org.restlet.resource.ClientResource.handle(ClientResource.java:1023) [org.restlet.jar:na]
	at org.restlet.resource.ClientResource.handle(ClientResource.java:928) [org.restlet.jar:na]
	at org.restlet.resource.ClientResource.get(ClientResource.java:636) [org.restlet.jar:na]
	at io.skysail.client.testsupport.ApplicationClient.loginAs(ApplicationClient.java:86) [skysail.client.testsupport.jar:na]
	at io.skysail.client.testsupport.ApplicationBrowser.login(ApplicationBrowser.java:45) [skysail.client.testsupport.jar:na]
	at io.skysail.client.testsupport.ApplicationBrowser.asUser(ApplicationBrowser.java:51) [skysail.client.testsupport.jar:na]
	at io.skysail.server.app.bookmarks.it.BookmarksCrudIntegrationTests.creating_bookmarks_persists_it(BookmarksCrudIntegrationTests.java:37) [skysail.server.app.bookmarks.it.jar:na]
	at sun.reflect.NativeMethodAccessorImpl.invoke0(Native Method) ~[na:1.8.0_20]
	at sun.reflect.NativeMethodAccessorImpl.invoke(NativeMethodAccessorImpl.java:62) ~[na:1.8.0_20]
	at sun.reflect.DelegatingMethodAccessorImpl.invoke(DelegatingMethodAccessorImpl.java:43) ~[na:1.8.0_20]
	at java.lang.reflect.Method.invoke(Method.java:483) ~[na:1.8.0_20]
	at org.junit.runners.model.FrameworkMethod$1.runReflectiveCall(FrameworkMethod.java:47) [biz.aQute.junit-latest.jar:na]
	at org.junit.internal.runners.model.ReflectiveCallable.run(ReflectiveCallable.java:12) [biz.aQute.junit-latest.jar:na]
	at org.junit.runners.model.FrameworkMethod.invokeExplosively(FrameworkMethod.java:44) [biz.aQute.junit-latest.jar:na]
	at org.junit.internal.runners.statements.InvokeMethod.evaluate(InvokeMethod.java:17) [biz.aQute.junit-latest.jar:na]
	at org.junit.internal.runners.statements.RunBefores.evaluate(RunBefores.java:26) [biz.aQute.junit-latest.jar:na]
	at org.junit.rules.ExpectedException$ExpectedExceptionStatement.evaluate(ExpectedException.java:168) [biz.aQute.junit-latest.jar:na]
	at org.junit.rules.TestWatcher$1.evaluate(TestWatcher.java:55) [biz.aQute.junit-latest.jar:na]
	at org.junit.rules.RunRules.evaluate(RunRules.java:20) [biz.aQute.junit-latest.jar:na]
	at org.junit.runners.ParentRunner.runLeaf(ParentRunner.java:271) [biz.aQute.junit-latest.jar:na]
	at org.junit.runners.BlockJUnit4ClassRunner.runChild(BlockJUnit4ClassRunner.java:70) [biz.aQute.junit-latest.jar:na]
	at org.junit.runners.BlockJUnit4ClassRunner.runChild(BlockJUnit4ClassRunner.java:50) [biz.aQute.junit-latest.jar:na]
	at org.junit.runners.ParentRunner$3.run(ParentRunner.java:238) [biz.aQute.junit-latest.jar:na]
	at org.junit.runners.ParentRunner$1.schedule(ParentRunner.java:63) [biz.aQute.junit-latest.jar:na]
	at org.junit.runners.ParentRunner.runChildren(ParentRunner.java:236) [biz.aQute.junit-latest.jar:na]
	at org.junit.runners.ParentRunner.access$000(ParentRunner.java:53) [biz.aQute.junit-latest.jar:na]
	at org.junit.runners.ParentRunner$2.evaluate(ParentRunner.java:229) [biz.aQute.junit-latest.jar:na]
	at org.junit.runners.ParentRunner.run(ParentRunner.java:309) [biz.aQute.junit-latest.jar:na]
	at junit.framework.JUnit4TestAdapter.run(JUnit4TestAdapter.java:38) [biz.aQute.junit-latest.jar:na]
	at junit.framework.TestSuite.runTest(TestSuite.java:255) [biz.aQute.junit-latest.jar:na]
	at junit.framework.TestSuite.run(TestSuite.java:250) [biz.aQute.junit-latest.jar:na]
	at aQute.junit.Activator.test(Activator.java:303) [biz.aQute.junit-latest.jar:na]
	at aQute.junit.Activator.run(Activator.java:128) [biz.aQute.junit-latest.jar:na]
	at aQute.launcher.Launcher$5.call(Launcher.java:1175) [biz.aQute.launcher-latest.jar:na]
	at aQute.launcher.Launcher$5.call(Launcher.java:1173) [biz.aQute.launcher-latest.jar:na]
	at aQute.launcher.Launcher.run(Launcher.java:278) [biz.aQute.launcher-latest.jar:na]
	at aQute.launcher.Launcher.main(Launcher.java:87) [biz.aQute.launcher-latest.jar:na]
2015-04-15 07:44:01,322 INFO  [org.restlet                                  ] - A recoverable error was detected (1000), attempting again in 2000 ms.
2015-04-15 07:44:01,831 INFO  [io.skysail.server.http.impl.HttpServer       ] - creating default configuration after waiting for 5000ms for provided configuration
2015-04-15 07:44:01,862 INFO  [io.skysail.server.http.impl.HttpServer       ] - Deactivating io.skysail.server.http.impl.HttpServer
2015-04-15 07:44:01,872 INFO  [io.skysail.server.http.impl.HttpServer       ] - Activating io.skysail.server.http.impl.HttpServer
2015-04-15 07:44:01,876 INFO  [io.skysail.server.http.impl.HttpServer       ] - configuration was provided
2015-04-15 07:44:01,876 INFO  [io.skysail.server.http.impl.HttpServer       ] - 
2015-04-15 07:44:01,876 INFO  [io.skysail.server.http.impl.HttpServer       ] - ====================================
2015-04-15 07:44:01,876 INFO  [io.skysail.server.http.impl.HttpServer       ] - Starting skysail server on port 2015
2015-04-15 07:44:01,877 INFO  [io.skysail.server.http.impl.HttpServer       ] - ====================================
2015-04-15 07:44:01,877 INFO  [io.skysail.server.http.impl.HttpServer       ] - 
2015-04-15 07:44:01,911 INFO  [org.restlet                                  ] - Starting the internal [HTTP/1.1] server on port 2015
2015-04-15 07:44:03,335 DEBUG [org.restlet                                  ] - An error occurred during the connection to the remote HTTP server.
java.net.ConnectException: Connection refused
	at java.net.PlainSocketImpl.socketConnect(Native Method) ~[na:1.8.0_20]
	at java.net.AbstractPlainSocketImpl.doConnect(AbstractPlainSocketImpl.java:345) ~[na:1.8.0_20]
	at java.net.AbstractPlainSocketImpl.connectToAddress(AbstractPlainSocketImpl.java:206) ~[na:1.8.0_20]
	at java.net.AbstractPlainSocketImpl.connect(AbstractPlainSocketImpl.java:188) ~[na:1.8.0_20]
	at java.net.SocksSocketImpl.connect(SocksSocketImpl.java:392) ~[na:1.8.0_20]
	at java.net.Socket.connect(Socket.java:589) ~[na:1.8.0_20]
	at sun.net.NetworkClient.doConnect(NetworkClient.java:175) ~[na:1.8.0_20]
	at sun.net.www.http.HttpClient.openServer(HttpClient.java:432) ~[na:1.8.0_20]
	at sun.net.www.http.HttpClient.openServer(HttpClient.java:527) ~[na:1.8.0_20]
	at sun.net.www.http.HttpClient.<init>(HttpClient.java:211) ~[na:1.8.0_20]
	at sun.net.www.http.HttpClient.New(HttpClient.java:308) ~[na:1.8.0_20]
	at sun.net.www.http.HttpClient.New(HttpClient.java:326) ~[na:1.8.0_20]
	at sun.net.www.protocol.http.HttpURLConnection.getNewHttpClient(HttpURLConnection.java:1167) ~[na:1.8.0_20]
	at sun.net.www.protocol.http.HttpURLConnection.plainConnect0(HttpURLConnection.java:1103) ~[na:1.8.0_20]
	at sun.net.www.protocol.http.HttpURLConnection.plainConnect(HttpURLConnection.java:997) ~[na:1.8.0_20]
	at sun.net.www.protocol.http.HttpURLConnection.connect(HttpURLConnection.java:931) ~[na:1.8.0_20]
	at org.restlet.engine.connector.HttpUrlConnectionCall.sendRequest(HttpUrlConnectionCall.java:356) ~[org.restlet.jar:na]
	at org.restlet.engine.adapter.ClientAdapter.commit(ClientAdapter.java:105) [org.restlet.jar:na]
	at org.restlet.engine.adapter.HttpClientHelper.handle(HttpClientHelper.java:119) [org.restlet.jar:na]
	at org.restlet.Client.handle(Client.java:153) [org.restlet.jar:na]
	at org.restlet.routing.Filter.doHandle(Filter.java:150) [org.restlet.jar:na]
	at org.restlet.routing.Filter.handle(Filter.java:197) [org.restlet.jar:na]
	at org.restlet.resource.ClientResource.handle(ClientResource.java:1092) [org.restlet.jar:na]
	at org.restlet.resource.ClientResource.retry(ClientResource.java:1650) [org.restlet.jar:na]
	at org.restlet.resource.ClientResource.handle(ClientResource.java:1100) [org.restlet.jar:na]
	at org.restlet.resource.ClientResource.handleOutbound(ClientResource.java:1176) [org.restlet.jar:na]
	at org.restlet.resource.ClientResource.handle(ClientResource.java:1047) [org.restlet.jar:na]
	at org.restlet.resource.ClientResource.handle(ClientResource.java:1023) [org.restlet.jar:na]
	at org.restlet.resource.ClientResource.handle(ClientResource.java:928) [org.restlet.jar:na]
	at org.restlet.resource.ClientResource.get(ClientResource.java:636) [org.restlet.jar:na]
	at io.skysail.client.testsupport.ApplicationClient.loginAs(ApplicationClient.java:86) [skysail.client.testsupport.jar:na]
	at io.skysail.client.testsupport.ApplicationBrowser.login(ApplicationBrowser.java:45) [skysail.client.testsupport.jar:na]
	at io.skysail.client.testsupport.ApplicationBrowser.asUser(ApplicationBrowser.java:51) [skysail.client.testsupport.jar:na]
	at io.skysail.server.app.bookmarks.it.BookmarksCrudIntegrationTests.creating_bookmarks_persists_it(BookmarksCrudIntegrationTests.java:37) [skysail.server.app.bookmarks.it.jar:na]
	at sun.reflect.NativeMethodAccessorImpl.invoke0(Native Method) ~[na:1.8.0_20]
	at sun.reflect.NativeMethodAccessorImpl.invoke(NativeMethodAccessorImpl.java:62) ~[na:1.8.0_20]
	at sun.reflect.DelegatingMethodAccessorImpl.invoke(DelegatingMethodAccessorImpl.java:43) ~[na:1.8.0_20]
	at java.lang.reflect.Method.invoke(Method.java:483) ~[na:1.8.0_20]
	at org.junit.runners.model.FrameworkMethod$1.runReflectiveCall(FrameworkMethod.java:47) [biz.aQute.junit-latest.jar:na]
	at org.junit.internal.runners.model.ReflectiveCallable.run(ReflectiveCallable.java:12) [biz.aQute.junit-latest.jar:na]
	at org.junit.runners.model.FrameworkMethod.invokeExplosively(FrameworkMethod.java:44) [biz.aQute.junit-latest.jar:na]
	at org.junit.internal.runners.statements.InvokeMethod.evaluate(InvokeMethod.java:17) [biz.aQute.junit-latest.jar:na]
	at org.junit.internal.runners.statements.RunBefores.evaluate(RunBefores.java:26) [biz.aQute.junit-latest.jar:na]
	at org.junit.rules.ExpectedException$ExpectedExceptionStatement.evaluate(ExpectedException.java:168) [biz.aQute.junit-latest.jar:na]
	at org.junit.rules.TestWatcher$1.evaluate(TestWatcher.java:55) [biz.aQute.junit-latest.jar:na]
	at org.junit.rules.RunRules.evaluate(RunRules.java:20) [biz.aQute.junit-latest.jar:na]
	at org.junit.runners.ParentRunner.runLeaf(ParentRunner.java:271) [biz.aQute.junit-latest.jar:na]
	at org.junit.runners.BlockJUnit4ClassRunner.runChild(BlockJUnit4ClassRunner.java:70) [biz.aQute.junit-latest.jar:na]
	at org.junit.runners.BlockJUnit4ClassRunner.runChild(BlockJUnit4ClassRunner.java:50) [biz.aQute.junit-latest.jar:na]
	at org.junit.runners.ParentRunner$3.run(ParentRunner.java:238) [biz.aQute.junit-latest.jar:na]
	at org.junit.runners.ParentRunner$1.schedule(ParentRunner.java:63) [biz.aQute.junit-latest.jar:na]
	at org.junit.runners.ParentRunner.runChildren(ParentRunner.java:236) [biz.aQute.junit-latest.jar:na]
	at org.junit.runners.ParentRunner.access$000(ParentRunner.java:53) [biz.aQute.junit-latest.jar:na]
	at org.junit.runners.ParentRunner$2.evaluate(ParentRunner.java:229) [biz.aQute.junit-latest.jar:na]
	at org.junit.runners.ParentRunner.run(ParentRunner.java:309) [biz.aQute.junit-latest.jar:na]
	at junit.framework.JUnit4TestAdapter.run(JUnit4TestAdapter.java:38) [biz.aQute.junit-latest.jar:na]
	at junit.framework.TestSuite.runTest(TestSuite.java:255) [biz.aQute.junit-latest.jar:na]
	at junit.framework.TestSuite.run(TestSuite.java:250) [biz.aQute.junit-latest.jar:na]
	at aQute.junit.Activator.test(Activator.java:303) [biz.aQute.junit-latest.jar:na]
	at aQute.junit.Activator.run(Activator.java:128) [biz.aQute.junit-latest.jar:na]
	at aQute.launcher.Launcher$5.call(Launcher.java:1175) [biz.aQute.launcher-latest.jar:na]
	at aQute.launcher.Launcher$5.call(Launcher.java:1173) [biz.aQute.launcher-latest.jar:na]
	at aQute.launcher.Launcher.run(Launcher.java:278) [biz.aQute.launcher-latest.jar:na]
	at aQute.launcher.Launcher.main(Launcher.java:87) [biz.aQute.launcher-latest.jar:na]
2015-04-15 07:44:03,336 INFO  [org.restlet                                  ] - A recoverable error was detected (1000), attempting again in 2000 ms.
2015-04-15 07:44:05,348 DEBUG [org.restlet                                  ] - An error occurred during the connection to the remote HTTP server.
java.net.ConnectException: Connection refused
	at java.net.PlainSocketImpl.socketConnect(Native Method) ~[na:1.8.0_20]
	at java.net.AbstractPlainSocketImpl.doConnect(AbstractPlainSocketImpl.java:345) ~[na:1.8.0_20]
	at java.net.AbstractPlainSocketImpl.connectToAddress(AbstractPlainSocketImpl.java:206) ~[na:1.8.0_20]
	at java.net.AbstractPlainSocketImpl.connect(AbstractPlainSocketImpl.java:188) ~[na:1.8.0_20]
	at java.net.SocksSocketImpl.connect(SocksSocketImpl.java:392) ~[na:1.8.0_20]
	at java.net.Socket.connect(Socket.java:589) ~[na:1.8.0_20]
	at sun.net.NetworkClient.doConnect(NetworkClient.java:175) ~[na:1.8.0_20]
	at sun.net.www.http.HttpClient.openServer(HttpClient.java:432) ~[na:1.8.0_20]
	at sun.net.www.http.HttpClient.openServer(HttpClient.java:527) ~[na:1.8.0_20]
	at sun.net.www.http.HttpClient.<init>(HttpClient.java:211) ~[na:1.8.0_20]
	at sun.net.www.http.HttpClient.New(HttpClient.java:308) ~[na:1.8.0_20]
	at sun.net.www.http.HttpClient.New(HttpClient.java:326) ~[na:1.8.0_20]
	at sun.net.www.protocol.http.HttpURLConnection.getNewHttpClient(HttpURLConnection.java:1167) ~[na:1.8.0_20]
	at sun.net.www.protocol.http.HttpURLConnection.plainConnect0(HttpURLConnection.java:1103) ~[na:1.8.0_20]
	at sun.net.www.protocol.http.HttpURLConnection.plainConnect(HttpURLConnection.java:997) ~[na:1.8.0_20]
	at sun.net.www.protocol.http.HttpURLConnection.connect(HttpURLConnection.java:931) ~[na:1.8.0_20]
	at org.restlet.engine.connector.HttpUrlConnectionCall.sendRequest(HttpUrlConnectionCall.java:356) ~[org.restlet.jar:na]
	at org.restlet.engine.adapter.ClientAdapter.commit(ClientAdapter.java:105) [org.restlet.jar:na]
	at org.restlet.engine.adapter.HttpClientHelper.handle(HttpClientHelper.java:119) [org.restlet.jar:na]
	at org.restlet.Client.handle(Client.java:153) [org.restlet.jar:na]
	at org.restlet.routing.Filter.doHandle(Filter.java:150) [org.restlet.jar:na]
	at org.restlet.routing.Filter.handle(Filter.java:197) [org.restlet.jar:na]
	at org.restlet.resource.ClientResource.handle(ClientResource.java:1092) [org.restlet.jar:na]
	at org.restlet.resource.ClientResource.retry(ClientResource.java:1650) [org.restlet.jar:na]
	at org.restlet.resource.ClientResource.handle(ClientResource.java:1100) [org.restlet.jar:na]
	at org.restlet.resource.ClientResource.retry(ClientResource.java:1650) [org.restlet.jar:na]
	at org.restlet.resource.ClientResource.handle(ClientResource.java:1100) [org.restlet.jar:na]
	at org.restlet.resource.ClientResource.handleOutbound(ClientResource.java:1176) [org.restlet.jar:na]
	at org.restlet.resource.ClientResource.handle(ClientResource.java:1047) [org.restlet.jar:na]
	at org.restlet.resource.ClientResource.handle(ClientResource.java:1023) [org.restlet.jar:na]
	at org.restlet.resource.ClientResource.handle(ClientResource.java:928) [org.restlet.jar:na]
	at org.restlet.resource.ClientResource.get(ClientResource.java:636) [org.restlet.jar:na]
	at io.skysail.client.testsupport.ApplicationClient.loginAs(ApplicationClient.java:86) [skysail.client.testsupport.jar:na]
	at io.skysail.client.testsupport.ApplicationBrowser.login(ApplicationBrowser.java:45) [skysail.client.testsupport.jar:na]
	at io.skysail.client.testsupport.ApplicationBrowser.asUser(ApplicationBrowser.java:51) [skysail.client.testsupport.jar:na]
	at io.skysail.server.app.bookmarks.it.BookmarksCrudIntegrationTests.creating_bookmarks_persists_it(BookmarksCrudIntegrationTests.java:37) [skysail.server.app.bookmarks.it.jar:na]
	at sun.reflect.NativeMethodAccessorImpl.invoke0(Native Method) ~[na:1.8.0_20]
	at sun.reflect.NativeMethodAccessorImpl.invoke(NativeMethodAccessorImpl.java:62) ~[na:1.8.0_20]
	at sun.reflect.DelegatingMethodAccessorImpl.invoke(DelegatingMethodAccessorImpl.java:43) ~[na:1.8.0_20]
	at java.lang.reflect.Method.invoke(Method.java:483) ~[na:1.8.0_20]
	at org.junit.runners.model.FrameworkMethod$1.runReflectiveCall(FrameworkMethod.java:47) [biz.aQute.junit-latest.jar:na]
	at org.junit.internal.runners.model.ReflectiveCallable.run(ReflectiveCallable.java:12) [biz.aQute.junit-latest.jar:na]
	at org.junit.runners.model.FrameworkMethod.invokeExplosively(FrameworkMethod.java:44) [biz.aQute.junit-latest.jar:na]
	at org.junit.internal.runners.statements.InvokeMethod.evaluate(InvokeMethod.java:17) [biz.aQute.junit-latest.jar:na]
	at org.junit.internal.runners.statements.RunBefores.evaluate(RunBefores.java:26) [biz.aQute.junit-latest.jar:na]
	at org.junit.rules.ExpectedException$ExpectedExceptionStatement.evaluate(ExpectedException.java:168) [biz.aQute.junit-latest.jar:na]
	at org.junit.rules.TestWatcher$1.evaluate(TestWatcher.java:55) [biz.aQute.junit-latest.jar:na]
	at org.junit.rules.RunRules.evaluate(RunRules.java:20) [biz.aQute.junit-latest.jar:na]
	at org.junit.runners.ParentRunner.runLeaf(ParentRunner.java:271) [biz.aQute.junit-latest.jar:na]
	at org.junit.runners.BlockJUnit4ClassRunner.runChild(BlockJUnit4ClassRunner.java:70) [biz.aQute.junit-latest.jar:na]
	at org.junit.runners.BlockJUnit4ClassRunner.runChild(BlockJUnit4ClassRunner.java:50) [biz.aQute.junit-latest.jar:na]
	at org.junit.runners.ParentRunner$3.run(ParentRunner.java:238) [biz.aQute.junit-latest.jar:na]
	at org.junit.runners.ParentRunner$1.schedule(ParentRunner.java:63) [biz.aQute.junit-latest.jar:na]
	at org.junit.runners.ParentRunner.runChildren(ParentRunner.java:236) [biz.aQute.junit-latest.jar:na]
	at org.junit.runners.ParentRunner.access$000(ParentRunner.java:53) [biz.aQute.junit-latest.jar:na]
	at org.junit.runners.ParentRunner$2.evaluate(ParentRunner.java:229) [biz.aQute.junit-latest.jar:na]
	at org.junit.runners.ParentRunner.run(ParentRunner.java:309) [biz.aQute.junit-latest.jar:na]
	at junit.framework.JUnit4TestAdapter.run(JUnit4TestAdapter.java:38) [biz.aQute.junit-latest.jar:na]
	at junit.framework.TestSuite.runTest(TestSuite.java:255) [biz.aQute.junit-latest.jar:na]
	at junit.framework.TestSuite.run(TestSuite.java:250) [biz.aQute.junit-latest.jar:na]
	at aQute.junit.Activator.test(Activator.java:303) [biz.aQute.junit-latest.jar:na]
	at aQute.junit.Activator.run(Activator.java:128) [biz.aQute.junit-latest.jar:na]
	at aQute.launcher.Launcher$5.call(Launcher.java:1175) [biz.aQute.launcher-latest.jar:na]
	at aQute.launcher.Launcher$5.call(Launcher.java:1173) [biz.aQute.launcher-latest.jar:na]
	at aQute.launcher.Launcher.run(Launcher.java:278) [biz.aQute.launcher-latest.jar:na]
	at aQute.launcher.Launcher.main(Launcher.java:87) [biz.aQute.launcher-latest.jar:na]
