INFO  [d.t.s.s.c.restlet.SkysailConverterHelper     ] - initializing new converter 'ServerSentEventsConverter' with typesMatch '{text/event-stream=1.0}'
INFO  [io.skysail.server.app.ApplicationList        ] - (+) Adding application 'root'
INFO  [io.skysail.server.db.DbConfigurations        ] - activating DbConfigurations with config DbConfig(name=skysailgraph, driver=, url=memory:bookmarks, username=admin)
INFO  [i.s.s.f.repositories.FeaturesRepository      ] - activating FeaturesRepository with config {service.pid=io.skysail.server.features.repositories.FeaturesRepository, de.twenty11.skysail.server.core.restlet.SecurityFeatures.ALLOW_ORIGIN_FEATURE=true, component.name=io.skysail.server.features.repositories.FeaturesRepository, felix.fileinstall.filename=file:/C:/git/skysail-framework/skysail.server.app.bookmarks.it/config/test/io.skysail.server.features.repositories.FeaturesRepository.cfg, component.id=12}
INFO  [io.skysail.server.app.ApplicationList        ] - (+) Adding application 'webapp'
INFO  [io.skysail.server.app.ApplicationList        ] - (+) Adding application 'Bookmarks'
INFO  [io.skysail.server.http.HttpServer            ] - Activating io.skysail.server.http.HttpServer
INFO  [d.t.skysail.server.SkysailComponent          ] - Creating Restlet Component: de.twenty11.skysail.server.SkysailComponent
INFO  [io.skysail.server.http.HttpServer            ] - configuration was provided
INFO  [io.skysail.server.http.HttpServer            ] - 
INFO  [io.skysail.server.http.HttpServer            ] - ====================================
INFO  [io.skysail.server.http.HttpServer            ] - Starting skysail server on port 2014
INFO  [io.skysail.server.http.HttpServer            ] - ====================================
INFO  [io.skysail.server.http.HttpServer            ] - 
INFO  [io.skysail.server.app.ApplicationList        ] - (+) Adding application 'plugins'
INFO  [io.skysail.server.app.ApplicationList        ] - (+) Adding application 'static'
INFO  [org.restlet                                  ] - Starting the internal [HTTP/1.1] server on port 2014
INFO  [i.s.client.testsupport.IntegrationTests      ] - 
INFO  [i.s.client.testsupport.IntegrationTests      ] - --------------------------------------------
INFO  [i.s.client.testsupport.IntegrationTests      ] -  > TEST: running test 'new_bookmark_can_be_deleted_by_owner'
INFO  [i.s.client.testsupport.IntegrationTests      ] - --------------------------------------------
INFO  [i.s.client.testsupport.IntegrationTests      ] - 
INFO  [i.s.c.testsupport.ApplicationBrowser         ] -  > TEST: creating new browser client with url 'http://localhost:2014' for Application 'Bookmarks' and mediaType 'text/html'
INFO  [i.s.c.testsupport.ApplicationBrowser         ] -  > TEST: logging in as user 'admin'
INFO  [org.restlet                                  ] - Starting the internal HTTP client
INFO  [o.r.S.SkysailRootApplication                 ] - Starting de.twenty11.skysail.server.app.SkysailRootApplication application
INFO  [io.skysail.server.app.SkysailApplication     ] - creating new Router in de.twenty11.skysail.server.app.SkysailRootApplication
INFO  [io.skysail.server.app.SkysailApplication     ] - adding extensions to metadata service
INFO  [io.skysail.server.app.SkysailApplication     ] - adding protocols
INFO  [d.t.s.server.core.restlet.SkysailRouter      ] - routing path '/' -> 'de.twenty11.skysail.server.resources.DefaultResource'
WARN  [d.t.s.server.core.restlet.SkysailRouter      ] - please use a RouteBuilder to attach this resource: class de.twenty11.skysail.server.resources.DefaultResource
INFO  [d.t.s.server.core.restlet.SkysailRouter      ] - routing path '/_login' -> 'de.twenty11.skysail.server.resources.LoginResource'
WARN  [d.t.s.server.core.restlet.SkysailRouter      ] - please use a RouteBuilder to attach this resource: class de.twenty11.skysail.server.resources.LoginResource
INFO  [d.t.s.server.core.restlet.SkysailRouter      ] - routing path '/_login/{provider}' -> 'de.twenty11.skysail.server.app.OAuthLoginResource'
WARN  [d.t.s.server.core.restlet.SkysailRouter      ] - please use a RouteBuilder to attach this resource: class de.twenty11.skysail.server.app.OAuthLoginResource
INFO  [d.t.s.server.core.restlet.SkysailRouter      ] - routing path '/_version' -> 'RolesPredicateAuthorizer' -> 'de.twenty11.skysail.server.resources.VersionResource'
INFO  [d.t.s.server.core.restlet.SkysailRouter      ] - routing path '/_name' -> 'RolesPredicateAuthorizer' -> 'de.twenty11.skysail.server.resources.NameResource'
INFO  [d.t.s.server.core.restlet.SkysailRouter      ] - routing path '/_profile' -> 'RolesPredicateAuthorizer' -> 'de.twenty11.skysail.server.app.profile.ProfileResource'
INFO  [d.t.s.server.core.restlet.SkysailRouter      ] - routing path '/_profile/password/' -> 'RolesPredicateAuthorizer' -> 'de.twenty11.skysail.server.app.profile.PutPasswordResource'
INFO  [d.t.s.server.core.restlet.SkysailRouter      ] - routing path '/_largetests' -> 'RolesPredicateAuthorizer' -> 'de.twenty11.skysail.server.app.LargeTestsResource'
INFO  [d.t.s.server.core.restlet.SkysailRouter      ] - routing path '/_largetests/{id}' -> 'RolesPredicateAuthorizer' -> 'de.twenty11.skysail.server.app.LargeTestsFileResource'
INFO  [d.t.s.server.core.restlet.SkysailRouter      ] - routing path '/welcome' -> 'de.twenty11.skysail.server.resources.WelcomeResource'
WARN  [d.t.s.server.core.restlet.SkysailRouter      ] - please use a RouteBuilder to attach this resource: class de.twenty11.skysail.server.resources.WelcomeResource
INFO  [d.t.s.server.core.restlet.SkysailRouter      ] - routing path '/_iframe' -> 'RolesPredicateAuthorizer' -> 'de.twenty11.skysail.server.app.IFrameResource'
INFO  [o.r.S.SkysailRootApplication                 ] - Starting io.skysail.server.converter.WebappApplication application
INFO  [o.r.S.SkysailRootApplication                 ] - Starting io.skysail.server.app.bookmarks.BookmarksApplication application
INFO  [io.skysail.server.app.SkysailApplication     ] - creating new Router in io.skysail.server.app.bookmarks.BookmarksApplication
INFO  [io.skysail.server.app.SkysailApplication     ] - adding extensions to metadata service
INFO  [io.skysail.server.app.SkysailApplication     ] - adding protocols
INFO  [d.t.s.server.core.restlet.SkysailRouter      ] - routing path '' -> 'RolesPredicateAuthorizer' -> 'io.skysail.server.app.bookmarks.resources.BookmarksResource'
INFO  [d.t.s.server.core.restlet.SkysailRouter      ] - routing path '/' -> 'RolesPredicateAuthorizer' -> 'io.skysail.server.app.bookmarks.resources.BookmarksResource'
INFO  [d.t.s.server.core.restlet.SkysailRouter      ] - routing path '/bookmarks' -> 'RolesPredicateAuthorizer' -> 'io.skysail.server.app.bookmarks.resources.BookmarksResource'
INFO  [d.t.s.server.core.restlet.SkysailRouter      ] - routing path '/bookmarks/' -> 'RolesPredicateAuthorizer' -> 'io.skysail.server.app.bookmarks.resources.PostBookmarkResource'
INFO  [d.t.s.server.core.restlet.SkysailRouter      ] - routing path '/bookmarks/{id}' -> 'RolesPredicateAuthorizer' -> 'io.skysail.server.app.bookmarks.resources.BookmarkResource'
INFO  [d.t.s.server.core.restlet.SkysailRouter      ] - routing path '/bookmarks/{id}/' -> 'RolesPredicateAuthorizer' -> 'io.skysail.server.app.bookmarks.resources.PutBookmarkResource'
INFO  [o.r.S.SkysailRootApplication                 ] - Starting io.skysail.server.app.plugins.PluginApplication application
INFO  [io.skysail.server.app.SkysailApplication     ] - creating new Router in io.skysail.server.app.plugins.PluginApplication
INFO  [io.skysail.server.app.SkysailApplication     ] - adding extensions to metadata service
INFO  [io.skysail.server.app.SkysailApplication     ] - adding protocols
INFO  [d.t.s.server.core.restlet.SkysailRouter      ] - routing path '/docs/api' -> 'RolesPredicateAuthorizer' -> 'io.skysail.server.documentation.ApiResource'
INFO  [d.t.s.server.core.restlet.SkysailRouter      ] - routing path '/docs/entities/{name}' -> 'RolesPredicateAuthorizer' -> 'io.skysail.server.documentation.EntitiesResource'
INFO  [d.t.s.server.core.restlet.SkysailRouter      ] - routing path '/docs/entities' -> 'RolesPredicateAuthorizer' -> 'io.skysail.server.documentation.EntitiesResource'
INFO  [d.t.s.server.core.restlet.SkysailRouter      ] - routing path '' -> 'RolesPredicateAuthorizer' -> 'io.skysail.server.app.plugins.PluginRootResource'
INFO  [d.t.s.server.core.restlet.SkysailRouter      ] - routing path '/' -> 'RolesPredicateAuthorizer' -> 'io.skysail.server.app.plugins.PluginRootResource'
INFO  [d.t.s.server.core.restlet.SkysailRouter      ] - routing path '/features/' -> 'RolesPredicateAuthorizer' -> 'io.skysail.server.app.plugins.features.FeaturesResource'
INFO  [d.t.s.server.core.restlet.SkysailRouter      ] - routing path '/features/{id}/installations/' -> 'RolesPredicateAuthorizer' -> 'io.skysail.server.app.plugins.installations.PostInstallationResource'
INFO  [d.t.s.server.core.restlet.SkysailRouter      ] - routing path '/obr/repos/' -> 'RolesPredicateAuthorizer' -> 'io.skysail.server.app.plugins.obr.RepositoriesResource'
INFO  [d.t.s.server.core.restlet.SkysailRouter      ] - routing path '/obr/repos/{id}' -> 'RolesPredicateAuthorizer' -> 'io.skysail.server.app.plugins.obr.RepositoryResource'
INFO  [d.t.s.server.core.restlet.SkysailRouter      ] - routing path '/obr/resolver/' -> 'RolesPredicateAuthorizer' -> 'io.skysail.server.app.plugins.obr.PostResolverResource'
INFO  [d.t.s.server.core.restlet.SkysailRouter      ] - routing path '/query/' -> 'RolesPredicateAuthorizer' -> 'io.skysail.server.app.plugins.query.PostQueryResource'
INFO  [d.t.s.server.core.restlet.SkysailRouter      ] - routing path '/resources' -> 'RolesPredicateAuthorizer' -> 'io.skysail.server.app.plugins.resources.ResourcesResource'
INFO  [d.t.s.server.core.restlet.SkysailRouter      ] - routing path '/resources/{id}' -> 'RolesPredicateAuthorizer' -> 'io.skysail.server.app.plugins.resources.ResourceResource'
INFO  [o.r.S.SkysailRootApplication                 ] - Starting de.twenty11.skysail.server.webapp.internal.WebappApplication application
INFO  [LogService                                   ] - 2015-04-07	13:06:16	127.0.0.1	-	-	2014	GET	/_logout	targetUri=/	303	0	0	0	http://localhost:2014	Restlet-Framework/2.3.1	-
INFO  [i.s.s.r.resources.ListServerResource         ] - Request entry point: DefaultResource @Get('html|json|yaml|xml') with variant [application/json]
INFO  [LogService                                   ] - 2015-04-07	13:06:16	127.0.0.1	-	-	2014	GET	/	-	200	-	0	93	http://localhost:2014	Restlet-Framework/2.3.1	-
INFO  [org.restlet                                  ] - Starting the internal HTTP client
INFO  [i.s.s.u.s.a.SimpleDelegatingVerifier         ] - login event for user 'admin'
INFO  [i.s.s.u.s.a.SkysailHashedCredentialsMatcher  ] - checking cache for entry $2a$12$mBXqefcONxAauLZc6EDJhO8g7oLM1jhEBQCspfyEHr57Xz9b6oiDO
INFO  [i.s.s.u.s.a.SkysailHashedCredentialsMatcher  ] - added entry $2a$12$mBXqefcONxAauLZc6EDJhO8g7oLM1jhEBQCspfyEHr57Xz9b6oiDO to credentials hash cache with current timestamp, size now is 1
INFO  [i.s.s.u.s.a.SimpleDelegatingVerifier         ] - login event for user 'admin' successful
INFO  [i.s.s.r.r.PostEntityServerResource           ] - Request entry point: LoginResource @Post('x-www-form-urlencoded:html|json|xml')
INFO  [i.s.s.r.r.PostEntityServerResource           ] - calling post(Form), media types '[text/html:1.0]'
INFO  [i.skysail.server.converter.HtmlConverter     ] - converter 'HtmlConverter' matched '{text/html=0.95, treeform/*=1.0}' with threshold 0.95
INFO  [d.t.skysail.server.app.SourceWrapper         ] - using converter 'NoopConverter' for Credentials-Source: de.twenty11.skysail.server.domain.Credentials@39253fe7
INFO  [i.s.s.c.impl.StringTemplateRenderer          ] - reading templates from resource path '/templates/text/html'
INFO  [LogService                                   ] - 2015-04-07	13:06:17	127.0.0.1	admin	-	2014	POST	/_login	-	201	7188	31	624	http://localhost:2014	Restlet-Framework/2.3.1	-
INFO  [org.restlet                                  ] - Starting the internal HTTP client
INFO  [i.s.s.u.s.a.SimpleDelegatingVerifier         ] - login event for user 'admin'
INFO  [i.s.s.u.s.a.SkysailHashedCredentialsMatcher  ] - checking cache for entry $2a$12$mBXqefcONxAauLZc6EDJhO8g7oLM1jhEBQCspfyEHr57Xz9b6oiDO
INFO  [i.s.s.u.s.a.SkysailHashedCredentialsMatcher  ] - found entry in credentials hash cache, updating timestamp
INFO  [i.s.s.u.s.a.SimpleDelegatingVerifier         ] - login event for user 'admin' successful
INFO  [i.s.s.r.resources.ListServerResource         ] - Request entry point: DefaultResource @Get('html|json|yaml|xml') with variant [text/html]
INFO  [i.skysail.server.converter.HtmlConverter     ] - converter 'HtmlConverter' matched '{text/html=0.95, treeform/*=1.0}' with threshold 0.95
INFO  [d.t.skysail.server.app.SourceWrapper         ] - using converter 'ListSourceHtmlConverter' for EmptyList-Source: []
INFO  [i.s.s.c.impl.StringTemplateRenderer          ] - reading templates from resource path '/templates/text/html'
INFO  [LogService                                   ] - 2015-04-07	13:06:17	127.0.0.1	admin	-	2014	GET	/	-	200	7429	0	46	http://localhost:2014	Restlet-Framework/2.3.1	-
INFO  [i.s.client.testsupport.ApplicationClient     ] -  > TEST: issuing GET on 'http://localhost:2014/', providing credentials MqCzHQuw93fu4CDep2q5iogYUkXdY+cZ3Grd5q1E7bCOtW6fnmWqIbaChPIEV7eX
INFO  [org.restlet                                  ] - Starting the internal HTTP client
INFO  [i.s.s.u.s.a.SimpleDelegatingVerifier         ] - login event for user 'admin'
INFO  [i.s.s.u.s.a.SkysailHashedCredentialsMatcher  ] - checking cache for entry $2a$12$mBXqefcONxAauLZc6EDJhO8g7oLM1jhEBQCspfyEHr57Xz9b6oiDO
INFO  [i.s.s.u.s.a.SkysailHashedCredentialsMatcher  ] - found entry in credentials hash cache, updating timestamp
INFO  [i.s.s.u.s.a.SimpleDelegatingVerifier         ] - login event for user 'admin' successful
INFO  [i.s.s.r.resources.ListServerResource         ] - Request entry point: DefaultResource @Get('html|json|yaml|xml') with variant [application/json]
INFO  [LogService                                   ] - 2015-04-07	13:06:17	127.0.0.1	admin	-	2014	GET	/	-	200	-	0	0	http://localhost:2014	Restlet-Framework/2.3.1	-
INFO  [org.restlet                                  ] - Starting the internal HTTP client
INFO  [i.s.s.u.s.a.SimpleDelegatingVerifier         ] - login event for user 'admin'
INFO  [i.s.s.u.s.a.SkysailHashedCredentialsMatcher  ] - checking cache for entry $2a$12$mBXqefcONxAauLZc6EDJhO8g7oLM1jhEBQCspfyEHr57Xz9b6oiDO
INFO  [i.s.s.u.s.a.SkysailHashedCredentialsMatcher  ] - found entry in credentials hash cache, updating timestamp
INFO  [i.s.s.u.s.a.SimpleDelegatingVerifier         ] - login event for user 'admin' successful
INFO  [i.s.s.r.resources.ListServerResource         ] - Request entry point: BookmarksResource @Get('html|json|yaml|xml') with variant [application/json]
INFO  [LogService                                   ] - 2015-04-07	13:06:17	127.0.0.1	admin	-	2014	GET	/Bookmarks	-	200	-	0	16	http://localhost:2014	Restlet-Framework/2.3.1	-
INFO  [org.restlet                                  ] - Starting the internal HTTP client
INFO  [i.s.s.u.s.a.SimpleDelegatingVerifier         ] - login event for user 'admin'
INFO  [i.s.s.u.s.a.SkysailHashedCredentialsMatcher  ] - checking cache for entry $2a$12$mBXqefcONxAauLZc6EDJhO8g7oLM1jhEBQCspfyEHr57Xz9b6oiDO
INFO  [i.s.s.u.s.a.SkysailHashedCredentialsMatcher  ] - found entry in credentials hash cache, updating timestamp
INFO  [i.s.s.u.s.a.SimpleDelegatingVerifier         ] - login event for user 'admin' successful
INFO  [i.s.s.r.r.PostEntityServerResource           ] - Request entry point: PostBookmarkResource @Get('json')
INFO  [LogService                                   ] - 2015-04-07	13:06:17	127.0.0.1	admin	-	2014	GET	/Bookmarks/bookmarks/	-	200	-	0	15	http://localhost:2014	Restlet-Framework/2.3.1	-
INFO  [org.restlet                                  ] - Stopping the internal HTTP client
INFO  [org.restlet                                  ] - Stopping the internal HTTP client
INFO  [org.restlet                                  ] - Stopping the internal HTTP client
INFO  [org.restlet                                  ] - Stopping the internal HTTP client
INFO  [org.restlet                                  ] - Stopping the internal HTTP client
INFO  [i.s.client.testsupport.ApplicationClient     ] -  > TEST: issuing POST on 'http://localhost:2014/Bookmarks/bookmarks/', providing credentials MqCzHQuw93fu4CDep2q5iogYUkXdY+cZ3Grd5q1E7bCOtW6fnmWqIbaChPIEV7eX
INFO  [org.restlet                                  ] - Starting the internal HTTP client
INFO  [i.s.s.u.s.a.SimpleDelegatingVerifier         ] - login event for user 'admin'
INFO  [i.s.s.u.s.a.SkysailHashedCredentialsMatcher  ] - checking cache for entry $2a$12$mBXqefcONxAauLZc6EDJhO8g7oLM1jhEBQCspfyEHr57Xz9b6oiDO
INFO  [i.s.s.u.s.a.SkysailHashedCredentialsMatcher  ] - found entry in credentials hash cache, updating timestamp
INFO  [i.s.s.u.s.a.SimpleDelegatingVerifier         ] - login event for user 'admin' successful
INFO  [i.s.s.r.r.PostEntityServerResource           ] - Request entry point: PostBookmarkResource @Post('x-www-form-urlencoded:html|json|xml')
INFO  [i.s.s.r.r.PostEntityServerResource           ] - calling post(Form), media types '[application/json:1.0]'
WARN  [i.s.s.a.b.resources.PostBookmarkResource     ] - Connection refused: connect
INFO  [d.t.s.server.db.orientdb.impl.Persister      ] - setting owner=#1 [class java.lang.String]
INFO  [d.t.s.server.db.orientdb.impl.Persister      ] - setting created=Tue Apr 07 13:06:18 CEST 2015 [class java.util.Date]
INFO  [d.t.s.server.db.orientdb.impl.Persister      ] - setting urlPrefix= [class java.lang.String]
INFO  [d.t.s.server.db.orientdb.impl.Persister      ] - setting name=home [class java.lang.String]
INFO  [d.t.s.server.db.orientdb.impl.Persister      ] - setting url=http://localhost:2015 [class java.net.URL]
INFO  [i.skysail.server.converter.HtmlConverter     ] - converter 'HtmlConverter' matched '{text/html=0.95, treeform/*=1.0}' with threshold 0.95
INFO  [d.t.skysail.server.app.SourceWrapper         ] - using converter 'NoopConverter' for Bookmark-Source: Bookmark(id=#12:0, url=http://localhost:2015, name=home)
INFO  [i.s.s.c.impl.StringTemplateRenderer          ] - reading templates from resource path '/templates/text/html'
INFO  [LogService                                   ] - 2015-04-07	13:06:18	127.0.0.1	admin	-	2014	POST	/Bookmarks/bookmarks/12%3A0	-	201	7211	43	1108	http://localhost:2014	Restlet-Framework/2.3.1	-
INFO  [i.s.c.testsupport.ApplicationBrowser         ] -  > TEST: logging in as user 'admin'
INFO  [org.restlet                                  ] - Starting the internal HTTP client
INFO  [LogService                                   ] - 2015-04-07	13:06:18	127.0.0.1	-	-	2014	GET	/_logout	targetUri=/	303	0	0	0	http://localhost:2014	Restlet-Framework/2.3.1	-
INFO  [i.s.s.r.resources.ListServerResource         ] - Request entry point: DefaultResource @Get('html|json|yaml|xml') with variant [application/json]
INFO  [LogService                                   ] - 2015-04-07	13:06:18	127.0.0.1	-	-	2014	GET	/	-	200	-	0	16	http://localhost:2014	Restlet-Framework/2.3.1	-
INFO  [org.restlet                                  ] - Starting the internal HTTP client
INFO  [i.s.s.u.s.a.SimpleDelegatingVerifier         ] - login event for user 'admin'
INFO  [i.s.s.u.s.a.SkysailHashedCredentialsMatcher  ] - checking cache for entry $2a$12$mBXqefcONxAauLZc6EDJhO8g7oLM1jhEBQCspfyEHr57Xz9b6oiDO
INFO  [i.s.s.u.s.a.SkysailHashedCredentialsMatcher  ] - added entry $2a$12$mBXqefcONxAauLZc6EDJhO8g7oLM1jhEBQCspfyEHr57Xz9b6oiDO to credentials hash cache with current timestamp, size now is 1
INFO  [i.s.s.u.s.a.SimpleDelegatingVerifier         ] - login event for user 'admin' successful
INFO  [i.s.s.r.r.PostEntityServerResource           ] - Request entry point: LoginResource @Post('x-www-form-urlencoded:html|json|xml')
INFO  [i.s.s.r.r.PostEntityServerResource           ] - calling post(Form), media types '[text/html:1.0]'
INFO  [i.skysail.server.converter.HtmlConverter     ] - converter 'HtmlConverter' matched '{text/html=0.95, treeform/*=1.0}' with threshold 0.95
INFO  [d.t.skysail.server.app.SourceWrapper         ] - using converter 'NoopConverter' for Credentials-Source: de.twenty11.skysail.server.domain.Credentials@6208a0c4
INFO  [i.s.s.c.impl.StringTemplateRenderer          ] - reading templates from resource path '/templates/text/html'
INFO  [LogService                                   ] - 2015-04-07	13:06:19	127.0.0.1	admin	-	2014	POST	/_login	-	201	7188	31	328	http://localhost:2014	Restlet-Framework/2.3.1	-
INFO  [org.restlet                                  ] - Starting the internal HTTP client
INFO  [i.s.s.u.s.a.SimpleDelegatingVerifier         ] - login event for user 'admin'
INFO  [i.s.s.u.s.a.SkysailHashedCredentialsMatcher  ] - checking cache for entry $2a$12$mBXqefcONxAauLZc6EDJhO8g7oLM1jhEBQCspfyEHr57Xz9b6oiDO
INFO  [i.s.s.u.s.a.SkysailHashedCredentialsMatcher  ] - found entry in credentials hash cache, updating timestamp
INFO  [i.s.s.u.s.a.SimpleDelegatingVerifier         ] - login event for user 'admin' successful
INFO  [i.s.s.r.resources.ListServerResource         ] - Request entry point: DefaultResource @Get('html|json|yaml|xml') with variant [text/html]
INFO  [i.skysail.server.converter.HtmlConverter     ] - converter 'HtmlConverter' matched '{text/html=0.95, treeform/*=1.0}' with threshold 0.95
INFO  [d.t.skysail.server.app.SourceWrapper         ] - using converter 'ListSourceHtmlConverter' for EmptyList-Source: []
INFO  [i.s.s.c.impl.StringTemplateRenderer          ] - reading templates from resource path '/templates/text/html'
INFO  [LogService                                   ] - 2015-04-07	13:06:19	127.0.0.1	admin	-	2014	GET	/	-	200	7429	0	31	http://localhost:2014	Restlet-Framework/2.3.1	-
INFO  [i.s.s.app.bookmarks.it.BookmarksBrowser      ] -  > TEST: deleting Bookmark #12:0
INFO  [i.s.client.testsupport.ApplicationClient     ] -  > TEST: issuing GET on 'http://localhost:2014/', providing credentials KuqaR7ficKjRWnn2H1dccogYUkXdY+cZ3Grd5q1E7bCOtW6fnmWqIbaChPIEV7eX
INFO  [org.restlet                                  ] - Starting the internal HTTP client
INFO  [i.s.s.u.s.a.SimpleDelegatingVerifier         ] - login event for user 'admin'
INFO  [i.s.s.u.s.a.SkysailHashedCredentialsMatcher  ] - checking cache for entry $2a$12$mBXqefcONxAauLZc6EDJhO8g7oLM1jhEBQCspfyEHr57Xz9b6oiDO
INFO  [i.s.s.u.s.a.SkysailHashedCredentialsMatcher  ] - found entry in credentials hash cache, updating timestamp
INFO  [i.s.s.u.s.a.SimpleDelegatingVerifier         ] - login event for user 'admin' successful
INFO  [i.s.s.r.resources.ListServerResource         ] - Request entry point: DefaultResource @Get('html|json|yaml|xml') with variant [application/json]
INFO  [LogService                                   ] - 2015-04-07	13:06:19	127.0.0.1	admin	-	2014	GET	/	-	200	-	0	0	http://localhost:2014	Restlet-Framework/2.3.1	-
INFO  [org.restlet                                  ] - Starting the internal HTTP client
INFO  [i.s.s.u.s.a.SimpleDelegatingVerifier         ] - login event for user 'admin'
INFO  [i.s.s.u.s.a.SkysailHashedCredentialsMatcher  ] - checking cache for entry $2a$12$mBXqefcONxAauLZc6EDJhO8g7oLM1jhEBQCspfyEHr57Xz9b6oiDO
INFO  [i.s.s.u.s.a.SkysailHashedCredentialsMatcher  ] - found entry in credentials hash cache, updating timestamp
INFO  [i.s.s.u.s.a.SimpleDelegatingVerifier         ] - login event for user 'admin' successful
INFO  [i.s.s.r.resources.ListServerResource         ] - Request entry point: BookmarksResource @Get('html|json|yaml|xml') with variant [application/json]
INFO  [LogService                                   ] - 2015-04-07	13:06:19	127.0.0.1	admin	-	2014	GET	/Bookmarks	-	200	-	0	31	http://localhost:2014	Restlet-Framework/2.3.1	-
INFO  [org.restlet                                  ] - Starting the internal HTTP client
WARN  [d.t.skysail.server.core.osgi.EventHelper     ] - Exception caught when trying to post event with topic 'request/Bookmarks/bookmarks/12:0/GET'
INFO  [i.s.s.u.s.a.SimpleDelegatingVerifier         ] - login event for user 'admin'
INFO  [i.s.s.u.s.a.SkysailHashedCredentialsMatcher  ] - checking cache for entry $2a$12$mBXqefcONxAauLZc6EDJhO8g7oLM1jhEBQCspfyEHr57Xz9b6oiDO
INFO  [i.s.s.u.s.a.SkysailHashedCredentialsMatcher  ] - found entry in credentials hash cache, updating timestamp
INFO  [i.s.s.u.s.a.SimpleDelegatingVerifier         ] - login event for user 'admin' successful
INFO  [i.s.s.r.r.PutEntityServerResource            ] - Request entry point: PutEntityServerResource @Get('htmlform|html|json') createForm with variant [application/json]
INFO  [LogService                                   ] - 2015-04-07	13:06:19	127.0.0.1	admin	-	2014	GET	/Bookmarks/bookmarks/12:0/	-	200	-	0	0	http://localhost:2014	Restlet-Framework/2.3.1	-
INFO  [i.s.client.testsupport.ApplicationClient     ] -  > TEST: issuing DELETE on 'http://localhost:2014/Bookmarks/bookmarks/12:0', providing credentials KuqaR7ficKjRWnn2H1dccogYUkXdY+cZ3Grd5q1E7bCOtW6fnmWqIbaChPIEV7eX
INFO  [org.restlet                                  ] - Starting the internal HTTP client
ERROR [org.restlet                                  ] - An exception occured writing the response entity
com.fasterxml.jackson.databind.JsonMappingException: Direct self-reference leading to cycle (through reference chain: io.skysail.api.responses.FormResponse["entity"]->io.skysail.server.app.bookmarks.Bookmark_$$_jvst590_0["handler"]->com.orientechnologies.orient.object.enhancement.OObjectProxyMethodHandler["doc"]->com.orientechnologies.orient.core.record.impl.ODocument["schemaClass"]->com.orientechnologies.orient.core.metadata.schema.OClassImpl["document"]->com.orientechnologies.orient.core.record.impl.ODocument["owner"]->com.orientechnologies.orient.core.db.record.OTrackedSet[0]->com.orientechnologies.orient.core.record.impl.ODocument["owner"]->com.orientechnologies.orient.core.record.impl.ODocument["identity"]->com.orientechnologies.orient.core.id.ORecordId["identity"])
	at com.fasterxml.jackson.databind.ser.BeanPropertyWriter._handleSelfReference(BeanPropertyWriter.java:781) ~[na:na]
	at com.fasterxml.jackson.databind.ser.BeanPropertyWriter.serializeAsField(BeanPropertyWriter.java:569) ~[na:na]
	at com.fasterxml.jackson.databind.ser.std.BeanSerializerBase.serializeFields(BeanSerializerBase.java:663) ~[na:na]
	at com.fasterxml.jackson.databind.ser.BeanSerializer.serialize(BeanSerializer.java:156) ~[na:na]
	at com.fasterxml.jackson.databind.ser.BeanPropertyWriter.serializeAsField(BeanPropertyWriter.java:575) ~[na:na]
	at com.fasterxml.jackson.databind.ser.std.BeanSerializerBase.serializeFields(BeanSerializerBase.java:663) ~[na:na]
	at com.fasterxml.jackson.databind.ser.BeanSerializer.serialize(BeanSerializer.java:156) ~[na:na]
	at com.fasterxml.jackson.databind.ser.BeanPropertyWriter.serializeAsField(BeanPropertyWriter.java:575) ~[na:na]
	at com.fasterxml.jackson.databind.ser.std.BeanSerializerBase.serializeFields(BeanSerializerBase.java:663) ~[na:na]
	at com.fasterxml.jackson.databind.ser.BeanSerializer.serialize(BeanSerializer.java:156) ~[na:na]
	at com.fasterxml.jackson.databind.ser.std.CollectionSerializer.serializeContents(CollectionSerializer.java:132) ~[na:na]
	at com.fasterxml.jackson.databind.ser.std.CollectionSerializer.serialize(CollectionSerializer.java:94) ~[na:na]
	at com.fasterxml.jackson.databind.ser.std.CollectionSerializer.serialize(CollectionSerializer.java:24) ~[na:na]
	at com.fasterxml.jackson.databind.ser.BeanPropertyWriter.serializeAsField(BeanPropertyWriter.java:575) ~[na:na]
	at com.fasterxml.jackson.databind.ser.std.BeanSerializerBase.serializeFields(BeanSerializerBase.java:663) ~[na:na]
	at com.fasterxml.jackson.databind.ser.BeanSerializer.serialize(BeanSerializer.java:156) ~[na:na]
	at com.fasterxml.jackson.databind.ser.BeanPropertyWriter.serializeAsField(BeanPropertyWriter.java:575) ~[na:na]
	at com.fasterxml.jackson.databind.ser.std.BeanSerializerBase.serializeFields(BeanSerializerBase.java:663) ~[na:na]
	at com.fasterxml.jackson.databind.ser.BeanSerializer.serialize(BeanSerializer.java:156) ~[na:na]
	at com.fasterxml.jackson.databind.ser.BeanPropertyWriter.serializeAsField(BeanPropertyWriter.java:575) ~[na:na]
	at com.fasterxml.jackson.databind.ser.std.BeanSerializerBase.serializeFields(BeanSerializerBase.java:663) ~[na:na]
	at com.fasterxml.jackson.databind.ser.BeanSerializer.serialize(BeanSerializer.java:156) ~[na:na]
	at com.fasterxml.jackson.databind.ser.BeanPropertyWriter.serializeAsField(BeanPropertyWriter.java:575) ~[na:na]
	at com.fasterxml.jackson.databind.ser.std.BeanSerializerBase.serializeFields(BeanSerializerBase.java:663) ~[na:na]
	at com.fasterxml.jackson.databind.ser.BeanSerializer.serialize(BeanSerializer.java:156) ~[na:na]
	at com.fasterxml.jackson.databind.ser.BeanPropertyWriter.serializeAsField(BeanPropertyWriter.java:575) ~[na:na]
	at com.fasterxml.jackson.databind.ser.std.BeanSerializerBase.serializeFields(BeanSerializerBase.java:663) ~[na:na]
	at com.fasterxml.jackson.databind.ser.BeanSerializer.serialize(BeanSerializer.java:156) ~[na:na]
	at com.fasterxml.jackson.databind.ser.BeanPropertyWriter.serializeAsField(BeanPropertyWriter.java:575) ~[na:na]
	at com.fasterxml.jackson.databind.ser.std.BeanSerializerBase.serializeFields(BeanSerializerBase.java:663) ~[na:na]
	at com.fasterxml.jackson.databind.ser.BeanSerializer.serialize(BeanSerializer.java:156) ~[na:na]
	at com.fasterxml.jackson.databind.ser.DefaultSerializerProvider.serializeValue(DefaultSerializerProvider.java:251) ~[na:na]
	at com.fasterxml.jackson.databind.ObjectWriter._configAndWriteValue(ObjectWriter.java:1047) ~[na:na]
	at com.fasterxml.jackson.databind.ObjectWriter.writeValue(ObjectWriter.java:889) ~[na:na]
	at org.restlet.ext.jackson.JacksonRepresentation.write(JacksonRepresentation.java:464) ~[na:na]
	at org.restlet.engine.application.EncodeRepresentation.write(EncodeRepresentation.java:295) ~[org.restlet.jar:na]
	at org.restlet.engine.adapter.ServerCall.writeResponseBody(ServerCall.java:510) ~[org.restlet.jar:na]
	at org.restlet.engine.adapter.ServerCall.sendResponse(ServerCall.java:454) ~[org.restlet.jar:na]
	at org.restlet.engine.adapter.ServerAdapter.commit(ServerAdapter.java:187) ~[org.restlet.jar:na]
	at org.restlet.engine.adapter.HttpServerHelper.handle(HttpServerHelper.java:144) [org.restlet.jar:na]
	at org.restlet.engine.connector.HttpServerHelper$1.handle(HttpServerHelper.java:64) [org.restlet.jar:na]
	at com.sun.net.httpserver.Filter$Chain.doFilter(Filter.java:79) [na:1.8.0]
	at sun.net.httpserver.AuthFilter.doFilter(AuthFilter.java:83) [na:1.8.0]
	at com.sun.net.httpserver.Filter$Chain.doFilter(Filter.java:82) [na:1.8.0]
	at sun.net.httpserver.ServerImpl$Exchange$LinkHandler.handle(ServerImpl.java:675) [na:1.8.0]
	at com.sun.net.httpserver.Filter$Chain.doFilter(Filter.java:79) [na:1.8.0]
	at sun.net.httpserver.ServerImpl$Exchange.run(ServerImpl.java:647) [na:1.8.0]
	at java.util.concurrent.ThreadPoolExecutor.runWorker(ThreadPoolExecutor.java:1142) [na:1.8.0]
	at java.util.concurrent.ThreadPoolExecutor$Worker.run(ThreadPoolExecutor.java:617) [na:1.8.0]
	at java.lang.Thread.run(Thread.java:744) [na:1.8.0]
WARN  [d.t.skysail.server.core.osgi.EventHelper     ] - Exception caught when trying to post event with topic 'request/Bookmarks/bookmarks/12:0/DELETE'
WARN  [org.restlet                                  ] - Unable to send error response
java.io.IOException: headers already sent
	at sun.net.httpserver.ExchangeImpl.sendResponseHeaders(ExchangeImpl.java:204) ~[na:1.8.0]
	at sun.net.httpserver.HttpExchangeImpl.sendResponseHeaders(HttpExchangeImpl.java:86) ~[na:1.8.0]
	at org.restlet.engine.connector.HttpExchangeCall.writeResponseHead(HttpExchangeCall.java:161) ~[org.restlet.jar:na]
	at org.restlet.engine.adapter.ServerCall.sendResponse(ServerCall.java:450) ~[org.restlet.jar:na]
	at org.restlet.engine.adapter.ServerAdapter.commit(ServerAdapter.java:205) ~[org.restlet.jar:na]
	at org.restlet.engine.adapter.HttpServerHelper.handle(HttpServerHelper.java:144) [org.restlet.jar:na]
	at org.restlet.engine.connector.HttpServerHelper$1.handle(HttpServerHelper.java:64) [org.restlet.jar:na]
	at com.sun.net.httpserver.Filter$Chain.doFilter(Filter.java:79) [na:1.8.0]
	at sun.net.httpserver.AuthFilter.doFilter(AuthFilter.java:83) [na:1.8.0]
	at com.sun.net.httpserver.Filter$Chain.doFilter(Filter.java:82) [na:1.8.0]
	at sun.net.httpserver.ServerImpl$Exchange$LinkHandler.handle(ServerImpl.java:675) [na:1.8.0]
	at com.sun.net.httpserver.Filter$Chain.doFilter(Filter.java:79) [na:1.8.0]
	at sun.net.httpserver.ServerImpl$Exchange.run(ServerImpl.java:647) [na:1.8.0]
	at java.util.concurrent.ThreadPoolExecutor.runWorker(ThreadPoolExecutor.java:1142) [na:1.8.0]
	at java.util.concurrent.ThreadPoolExecutor$Worker.run(ThreadPoolExecutor.java:617) [na:1.8.0]
	at java.lang.Thread.run(Thread.java:744) [na:1.8.0]
INFO  [i.s.s.u.s.a.SimpleDelegatingVerifier         ] - login event for user 'admin'
INFO  [i.s.s.u.s.a.SkysailHashedCredentialsMatcher  ] - checking cache for entry $2a$12$mBXqefcONxAauLZc6EDJhO8g7oLM1jhEBQCspfyEHr57Xz9b6oiDO
INFO  [i.s.s.u.s.a.SkysailHashedCredentialsMatcher  ] - found entry in credentials hash cache, updating timestamp
INFO  [i.s.s.u.s.a.SimpleDelegatingVerifier         ] - login event for user 'admin' successful
INFO  [i.s.s.r.resources.EntityServerResource       ] - Request entry point: BookmarkResource @Delete('x-www-form-urlencoded:html|html|json')
INFO  [LogService                                   ] - 2015-04-07	13:06:19	127.0.0.1	admin	-	2014	DELETE	/Bookmarks/bookmarks/12:0	-	303	0	0	15	http://localhost:2014	Restlet-Framework/2.3.1	-
INFO  [i.s.s.u.s.a.SimpleDelegatingVerifier         ] - login event for user 'admin'
INFO  [i.s.s.u.s.a.SkysailHashedCredentialsMatcher  ] - checking cache for entry $2a$12$mBXqefcONxAauLZc6EDJhO8g7oLM1jhEBQCspfyEHr57Xz9b6oiDO
INFO  [i.s.s.u.s.a.SkysailHashedCredentialsMatcher  ] - found entry in credentials hash cache, updating timestamp
INFO  [i.s.s.u.s.a.SimpleDelegatingVerifier         ] - login event for user 'admin' successful
INFO  [i.s.s.r.resources.ListServerResource         ] - Request entry point: BookmarksResource @Get('html|json|yaml|xml') with variant [application/json]
INFO  [LogService                                   ] - 2015-04-07	13:06:19	127.0.0.1	admin	-	2014	GET	/Bookmarks	-	200	-	0	0	http://localhost:2014	Restlet-Framework/2.3.1	-
INFO  [i.s.c.testsupport.ApplicationBrowser         ] -  > TEST: logging in as user 'admin'
INFO  [org.restlet                                  ] - Starting the internal HTTP client
INFO  [LogService                                   ] - 2015-04-07	13:06:19	127.0.0.1	-	-	2014	GET	/_logout	targetUri=/	303	0	0	0	http://localhost:2014	Restlet-Framework/2.3.1	-
INFO  [i.s.s.r.resources.ListServerResource         ] - Request entry point: DefaultResource @Get('html|json|yaml|xml') with variant [application/json]
INFO  [LogService                                   ] - 2015-04-07	13:06:19	127.0.0.1	-	-	2014	GET	/	-	200	-	0	0	http://localhost:2014	Restlet-Framework/2.3.1	-
INFO  [org.restlet                                  ] - Starting the internal HTTP client
INFO  [i.s.s.u.s.a.SimpleDelegatingVerifier         ] - login event for user 'admin'
INFO  [i.s.s.u.s.a.SkysailHashedCredentialsMatcher  ] - checking cache for entry $2a$12$mBXqefcONxAauLZc6EDJhO8g7oLM1jhEBQCspfyEHr57Xz9b6oiDO
INFO  [i.s.s.u.s.a.SkysailHashedCredentialsMatcher  ] - added entry $2a$12$mBXqefcONxAauLZc6EDJhO8g7oLM1jhEBQCspfyEHr57Xz9b6oiDO to credentials hash cache with current timestamp, size now is 1
INFO  [i.s.s.u.s.a.SimpleDelegatingVerifier         ] - login event for user 'admin' successful
INFO  [i.s.s.r.r.PostEntityServerResource           ] - Request entry point: LoginResource @Post('x-www-form-urlencoded:html|json|xml')
INFO  [i.s.s.r.r.PostEntityServerResource           ] - calling post(Form), media types '[text/html:1.0]'
INFO  [i.skysail.server.converter.HtmlConverter     ] - converter 'HtmlConverter' matched '{text/html=0.95, treeform/*=1.0}' with threshold 0.95
INFO  [d.t.skysail.server.app.SourceWrapper         ] - using converter 'NoopConverter' for Credentials-Source: de.twenty11.skysail.server.domain.Credentials@4e27260e
INFO  [i.s.s.c.impl.StringTemplateRenderer          ] - reading templates from resource path '/templates/text/html'
INFO  [org.restlet                                  ] - Stopping the internal HTTP client
INFO  [org.restlet                                  ] - Stopping the internal HTTP client
INFO  [org.restlet                                  ] - Stopping the internal HTTP client
INFO  [org.restlet                                  ] - Stopping the internal HTTP client
INFO  [org.restlet                                  ] - Stopping the internal HTTP client
INFO  [org.restlet                                  ] - Stopping the internal HTTP client
INFO  [org.restlet                                  ] - Stopping the internal HTTP client
INFO  [org.restlet                                  ] - Stopping the internal HTTP client
INFO  [org.restlet                                  ] - Stopping the internal HTTP client
INFO  [org.restlet                                  ] - Stopping the internal HTTP client
INFO  [LogService                                   ] - 2015-04-07	13:06:19	127.0.0.1	admin	-	2014	POST	/_login	-	201	7254	31	406	http://localhost:2014	Restlet-Framework/2.3.1	-
INFO  [org.restlet                                  ] - Starting the internal HTTP client
INFO  [i.s.s.u.s.a.SimpleDelegatingVerifier         ] - login event for user 'admin'
INFO  [i.s.s.u.s.a.SkysailHashedCredentialsMatcher  ] - checking cache for entry $2a$12$mBXqefcONxAauLZc6EDJhO8g7oLM1jhEBQCspfyEHr57Xz9b6oiDO
INFO  [i.s.s.u.s.a.SkysailHashedCredentialsMatcher  ] - found entry in credentials hash cache, updating timestamp
INFO  [i.s.s.u.s.a.SimpleDelegatingVerifier         ] - login event for user 'admin' successful
INFO  [i.s.s.r.resources.ListServerResource         ] - Request entry point: DefaultResource @Get('html|json|yaml|xml') with variant [text/html]
INFO  [i.skysail.server.converter.HtmlConverter     ] - converter 'HtmlConverter' matched '{text/html=0.95, treeform/*=1.0}' with threshold 0.95
INFO  [d.t.skysail.server.app.SourceWrapper         ] - using converter 'ListSourceHtmlConverter' for EmptyList-Source: []
INFO  [i.s.s.c.impl.StringTemplateRenderer          ] - reading templates from resource path '/templates/text/html'
INFO  [LogService                                   ] - 2015-04-07	13:06:19	127.0.0.1	admin	-	2014	GET	/	-	200	7429	0	32	http://localhost:2014	Restlet-Framework/2.3.1	-
INFO  [i.s.s.app.bookmarks.it.BookmarksBrowser      ] -  > TEST: retrieving TodoLists
INFO  [i.s.client.testsupport.ApplicationClient     ] -  > TEST: issuing GET on 'http://localhost:2014/', providing credentials Z/guVCSmKXWxPmFn9usa7IgYUkXdY+cZ3Grd5q1E7bCOtW6fnmWqIbaChPIEV7eX
INFO  [org.restlet                                  ] - Starting the internal HTTP client
INFO  [i.s.s.u.s.a.SimpleDelegatingVerifier         ] - login event for user 'admin'
INFO  [i.s.s.u.s.a.SkysailHashedCredentialsMatcher  ] - checking cache for entry $2a$12$mBXqefcONxAauLZc6EDJhO8g7oLM1jhEBQCspfyEHr57Xz9b6oiDO
INFO  [i.s.s.u.s.a.SkysailHashedCredentialsMatcher  ] - found entry in credentials hash cache, updating timestamp
INFO  [i.s.s.u.s.a.SimpleDelegatingVerifier         ] - login event for user 'admin' successful
INFO  [i.s.s.r.resources.ListServerResource         ] - Request entry point: DefaultResource @Get('html|json|yaml|xml') with variant [application/json]
INFO  [LogService                                   ] - 2015-04-07	13:06:19	127.0.0.1	admin	-	2014	GET	/	-	200	-	0	0	http://localhost:2014	Restlet-Framework/2.3.1	-
INFO  [org.restlet                                  ] - Starting the internal HTTP client
INFO  [i.s.s.u.s.a.SimpleDelegatingVerifier         ] - login event for user 'admin'
INFO  [i.s.s.u.s.a.SkysailHashedCredentialsMatcher  ] - checking cache for entry $2a$12$mBXqefcONxAauLZc6EDJhO8g7oLM1jhEBQCspfyEHr57Xz9b6oiDO
INFO  [i.s.s.u.s.a.SkysailHashedCredentialsMatcher  ] - found entry in credentials hash cache, updating timestamp
INFO  [i.s.s.u.s.a.SimpleDelegatingVerifier         ] - login event for user 'admin' successful
INFO  [i.s.s.r.resources.ListServerResource         ] - Request entry point: BookmarksResource @Get('html|json|yaml|xml') with variant [application/json]
INFO  [LogService                                   ] - 2015-04-07	13:06:19	127.0.0.1	admin	-	2014	GET	/Bookmarks	-	200	-	0	0	http://localhost:2014	Restlet-Framework/2.3.1	-
INFO  [i.s.client.testsupport.IntegrationTests      ] - 
INFO  [i.s.client.testsupport.IntegrationTests      ] - --------------------------------------------
INFO  [i.s.client.testsupport.IntegrationTests      ] -  > TEST: running test 'creating_bookmarks_persists_it'
INFO  [i.s.client.testsupport.IntegrationTests      ] - --------------------------------------------
INFO  [i.s.client.testsupport.IntegrationTests      ] - 
INFO  [i.s.c.testsupport.ApplicationBrowser         ] -  > TEST: creating new browser client with url 'http://localhost:2014' for Application 'Bookmarks' and mediaType 'text/html'
INFO  [i.s.c.testsupport.ApplicationBrowser         ] -  > TEST: logging in as user 'admin'
INFO  [org.restlet                                  ] - Starting the internal HTTP client
INFO  [LogService                                   ] - 2015-04-07	13:06:19	127.0.0.1	-	-	2014	GET	/_logout	targetUri=/	303	0	0	0	http://localhost:2014	Restlet-Framework/2.3.1	-
INFO  [i.s.s.r.resources.ListServerResource         ] - Request entry point: DefaultResource @Get('html|json|yaml|xml') with variant [application/json]
INFO  [LogService                                   ] - 2015-04-07	13:06:19	127.0.0.1	-	-	2014	GET	/	-	200	-	0	16	http://localhost:2014	Restlet-Framework/2.3.1	-
INFO  [org.restlet                                  ] - Starting the internal HTTP client
INFO  [i.s.s.u.s.a.SimpleDelegatingVerifier         ] - login event for user 'admin'
INFO  [i.s.s.u.s.a.SkysailHashedCredentialsMatcher  ] - checking cache for entry $2a$12$mBXqefcONxAauLZc6EDJhO8g7oLM1jhEBQCspfyEHr57Xz9b6oiDO
INFO  [i.s.s.u.s.a.SkysailHashedCredentialsMatcher  ] - added entry $2a$12$mBXqefcONxAauLZc6EDJhO8g7oLM1jhEBQCspfyEHr57Xz9b6oiDO to credentials hash cache with current timestamp, size now is 1
INFO  [i.s.s.u.s.a.SimpleDelegatingVerifier         ] - login event for user 'admin' successful
INFO  [i.s.s.r.r.PostEntityServerResource           ] - Request entry point: LoginResource @Post('x-www-form-urlencoded:html|json|xml')
INFO  [i.s.s.r.r.PostEntityServerResource           ] - calling post(Form), media types '[text/html:1.0]'
INFO  [i.skysail.server.converter.HtmlConverter     ] - converter 'HtmlConverter' matched '{text/html=0.95, treeform/*=1.0}' with threshold 0.95
INFO  [d.t.skysail.server.app.SourceWrapper         ] - using converter 'NoopConverter' for Credentials-Source: de.twenty11.skysail.server.domain.Credentials@4d1be7fa
INFO  [i.s.s.c.impl.StringTemplateRenderer          ] - reading templates from resource path '/templates/text/html'
INFO  [LogService                                   ] - 2015-04-07	13:06:20	127.0.0.1	admin	-	2014	POST	/_login	-	201	7188	31	312	http://localhost:2014	Restlet-Framework/2.3.1	-
INFO  [org.restlet                                  ] - Starting the internal HTTP client
INFO  [i.s.s.u.s.a.SimpleDelegatingVerifier         ] - login event for user 'admin'
INFO  [i.s.s.u.s.a.SkysailHashedCredentialsMatcher  ] - checking cache for entry $2a$12$mBXqefcONxAauLZc6EDJhO8g7oLM1jhEBQCspfyEHr57Xz9b6oiDO
INFO  [i.s.s.u.s.a.SkysailHashedCredentialsMatcher  ] - found entry in credentials hash cache, updating timestamp
INFO  [i.s.s.u.s.a.SimpleDelegatingVerifier         ] - login event for user 'admin' successful
INFO  [i.s.s.r.resources.ListServerResource         ] - Request entry point: DefaultResource @Get('html|json|yaml|xml') with variant [text/html]
INFO  [i.skysail.server.converter.HtmlConverter     ] - converter 'HtmlConverter' matched '{text/html=0.95, treeform/*=1.0}' with threshold 0.95
INFO  [d.t.skysail.server.app.SourceWrapper         ] - using converter 'ListSourceHtmlConverter' for EmptyList-Source: []
INFO  [i.s.s.c.impl.StringTemplateRenderer          ] - reading templates from resource path '/templates/text/html'
INFO  [LogService                                   ] - 2015-04-07	13:06:20	127.0.0.1	admin	-	2014	GET	/	-	200	7429	0	16	http://localhost:2014	Restlet-Framework/2.3.1	-
INFO  [i.s.client.testsupport.ApplicationClient     ] -  > TEST: issuing GET on 'http://localhost:2014/', providing credentials fp28RrQAA3Kh0FXGOi0ID4gYUkXdY+cZ3Grd5q1E7bCOtW6fnmWqIbaChPIEV7eX
INFO  [org.restlet                                  ] - Starting the internal HTTP client
INFO  [i.s.s.u.s.a.SimpleDelegatingVerifier         ] - login event for user 'admin'
INFO  [i.s.s.u.s.a.SkysailHashedCredentialsMatcher  ] - checking cache for entry $2a$12$mBXqefcONxAauLZc6EDJhO8g7oLM1jhEBQCspfyEHr57Xz9b6oiDO
INFO  [i.s.s.u.s.a.SkysailHashedCredentialsMatcher  ] - found entry in credentials hash cache, updating timestamp
INFO  [i.s.s.u.s.a.SimpleDelegatingVerifier         ] - login event for user 'admin' successful
INFO  [i.s.s.r.resources.ListServerResource         ] - Request entry point: DefaultResource @Get('html|json|yaml|xml') with variant [application/json]
INFO  [LogService                                   ] - 2015-04-07	13:06:20	127.0.0.1	admin	-	2014	GET	/	-	200	-	0	0	http://localhost:2014	Restlet-Framework/2.3.1	-
INFO  [org.restlet                                  ] - Starting the internal HTTP client
INFO  [i.s.s.u.s.a.SimpleDelegatingVerifier         ] - login event for user 'admin'
INFO  [i.s.s.u.s.a.SkysailHashedCredentialsMatcher  ] - checking cache for entry $2a$12$mBXqefcONxAauLZc6EDJhO8g7oLM1jhEBQCspfyEHr57Xz9b6oiDO
INFO  [i.s.s.u.s.a.SkysailHashedCredentialsMatcher  ] - found entry in credentials hash cache, updating timestamp
INFO  [i.s.s.u.s.a.SimpleDelegatingVerifier         ] - login event for user 'admin' successful
INFO  [i.s.s.r.resources.ListServerResource         ] - Request entry point: BookmarksResource @Get('html|json|yaml|xml') with variant [application/json]
INFO  [LogService                                   ] - 2015-04-07	13:06:20	127.0.0.1	admin	-	2014	GET	/Bookmarks	-	200	-	0	0	http://localhost:2014	Restlet-Framework/2.3.1	-
INFO  [org.restlet                                  ] - Starting the internal HTTP client
INFO  [i.s.s.u.s.a.SimpleDelegatingVerifier         ] - login event for user 'admin'
INFO  [i.s.s.u.s.a.SkysailHashedCredentialsMatcher  ] - checking cache for entry $2a$12$mBXqefcONxAauLZc6EDJhO8g7oLM1jhEBQCspfyEHr57Xz9b6oiDO
INFO  [i.s.s.u.s.a.SkysailHashedCredentialsMatcher  ] - found entry in credentials hash cache, updating timestamp
INFO  [i.s.s.u.s.a.SimpleDelegatingVerifier         ] - login event for user 'admin' successful
INFO  [i.s.s.r.r.PostEntityServerResource           ] - Request entry point: PostBookmarkResource @Get('json')
INFO  [LogService                                   ] - 2015-04-07	13:06:20	127.0.0.1	admin	-	2014	GET	/Bookmarks/bookmarks/	-	200	-	0	16	http://localhost:2014	Restlet-Framework/2.3.1	-
INFO  [i.s.client.testsupport.ApplicationClient     ] -  > TEST: issuing POST on 'http://localhost:2014/Bookmarks/bookmarks/', providing credentials fp28RrQAA3Kh0FXGOi0ID4gYUkXdY+cZ3Grd5q1E7bCOtW6fnmWqIbaChPIEV7eX
INFO  [org.restlet                                  ] - Starting the internal HTTP client
INFO  [i.s.s.u.s.a.SimpleDelegatingVerifier         ] - login event for user 'admin'
INFO  [i.s.s.u.s.a.SkysailHashedCredentialsMatcher  ] - checking cache for entry $2a$12$mBXqefcONxAauLZc6EDJhO8g7oLM1jhEBQCspfyEHr57Xz9b6oiDO
INFO  [i.s.s.u.s.a.SkysailHashedCredentialsMatcher  ] - found entry in credentials hash cache, updating timestamp
INFO  [i.s.s.u.s.a.SimpleDelegatingVerifier         ] - login event for user 'admin' successful
INFO  [i.s.s.r.r.PostEntityServerResource           ] - Request entry point: PostBookmarkResource @Post('x-www-form-urlencoded:html|json|xml')
INFO  [i.s.s.r.r.PostEntityServerResource           ] - calling post(Form), media types '[application/json:1.0]'
WARN  [i.s.s.a.b.resources.PostBookmarkResource     ] - www.heise.de
INFO  [d.t.s.server.db.orientdb.impl.Persister      ] - setting owner=#1 [class java.lang.String]
INFO  [d.t.s.server.db.orientdb.impl.Persister      ] - setting created=Tue Apr 07 13:06:32 CEST 2015 [class java.util.Date]
INFO  [d.t.s.server.db.orientdb.impl.Persister      ] - setting urlPrefix= [class java.lang.String]
INFO  [d.t.s.server.db.orientdb.impl.Persister      ] - setting name=heise [class java.lang.String]
INFO  [d.t.s.server.db.orientdb.impl.Persister      ] - setting url=http://www.heise.de [class java.net.URL]
INFO  [i.skysail.server.converter.HtmlConverter     ] - converter 'HtmlConverter' matched '{text/html=0.95, treeform/*=1.0}' with threshold 0.95
INFO  [d.t.skysail.server.app.SourceWrapper         ] - using converter 'NoopConverter' for Bookmark-Source: Bookmark(id=#12:1, url=http://www.heise.de, name=heise)
INFO  [i.s.s.c.impl.StringTemplateRenderer          ] - reading templates from resource path '/templates/text/html'
INFO  [LogService                                   ] - 2015-04-07	13:06:32	127.0.0.1	admin	-	2014	POST	/Bookmarks/bookmarks/12%3A1	-	201	7211	40	11900	http://localhost:2014	Restlet-Framework/2.3.1	-
INFO  [i.s.c.testsupport.ApplicationBrowser         ] -  > TEST: logging in as user 'admin'
INFO  [org.restlet                                  ] - Starting the internal HTTP client
INFO  [org.restlet                                  ] - Stopping the internal HTTP client
INFO  [LogService                                   ] - 2015-04-07	13:06:32	127.0.0.1	-	-	2014	GET	/_logout	targetUri=/	303	0	0	0	http://localhost:2014	Restlet-Framework/2.3.1	-
INFO  [org.restlet                                  ] - Stopping the internal HTTP client
INFO  [org.restlet                                  ] - Stopping the internal HTTP client
INFO  [i.s.s.r.resources.ListServerResource         ] - Request entry point: DefaultResource @Get('html|json|yaml|xml') with variant [application/json]
INFO  [LogService                                   ] - 2015-04-07	13:06:32	127.0.0.1	-	-	2014	GET	/	-	200	-	0	0	http://localhost:2014	Restlet-Framework/2.3.1	-
INFO  [org.restlet                                  ] - Stopping the internal HTTP client
INFO  [org.restlet                                  ] - Stopping the internal HTTP client
INFO  [org.restlet                                  ] - Stopping the internal HTTP client
ERROR [org.restlet                                  ] - An exception occured writing the response entity
java.io.IOException: Eine bestehende Verbindung wurde softwaregesteuert
durch den Hostcomputer abgebrochen
	at sun.nio.ch.SocketDispatcher.write0(Native Method) ~[na:1.8.0]
	at sun.nio.ch.SocketDispatcher.write(SocketDispatcher.java:51) ~[na:1.8.0]
	at sun.nio.ch.IOUtil.writeFromNativeBuffer(IOUtil.java:93) ~[na:1.8.0]
	at sun.nio.ch.IOUtil.write(IOUtil.java:65) ~[na:1.8.0]
	at sun.nio.ch.SocketChannelImpl.write(SocketChannelImpl.java:466) ~[na:1.8.0]
	at sun.net.httpserver.Request$WriteStream.write(Request.java:391) ~[na:1.8.0]
	at sun.net.httpserver.ChunkedOutputStream.writeChunk(ChunkedOutputStream.java:125) ~[na:1.8.0]
	at sun.net.httpserver.ChunkedOutputStream.flush(ChunkedOutputStream.java:159) ~[na:1.8.0]
	at sun.net.httpserver.PlaceholderOutputStream.flush(ExchangeImpl.java:449) ~[na:1.8.0]
	at com.fasterxml.jackson.core.json.UTF8JsonGenerator.close(UTF8JsonGenerator.java:1083) ~[na:na]
	at com.fasterxml.jackson.databind.ObjectWriter._configAndWriteValue(ObjectWriter.java:1055) ~[na:na]
	at com.fasterxml.jackson.databind.ObjectWriter.writeValue(ObjectWriter.java:889) ~[na:na]
	at org.restlet.ext.jackson.JacksonRepresentation.write(JacksonRepresentation.java:464) ~[na:na]
	at org.restlet.engine.application.EncodeRepresentation.write(EncodeRepresentation.java:295) ~[org.restlet.jar:na]
	at org.restlet.engine.adapter.ServerCall.writeResponseBody(ServerCall.java:510) ~[org.restlet.jar:na]
	at org.restlet.engine.adapter.ServerCall.sendResponse(ServerCall.java:454) ~[org.restlet.jar:na]
	at org.restlet.engine.adapter.ServerAdapter.commit(ServerAdapter.java:187) ~[org.restlet.jar:na]
	at org.restlet.engine.adapter.HttpServerHelper.handle(HttpServerHelper.java:144) [org.restlet.jar:na]
	at org.restlet.engine.connector.HttpServerHelper$1.handle(HttpServerHelper.java:64) [org.restlet.jar:na]
	at com.sun.net.httpserver.Filter$Chain.doFilter(Filter.java:79) [na:1.8.0]
	at sun.net.httpserver.AuthFilter.doFilter(AuthFilter.java:83) [na:1.8.0]
	at com.sun.net.httpserver.Filter$Chain.doFilter(Filter.java:82) [na:1.8.0]
	at sun.net.httpserver.ServerImpl$Exchange$LinkHandler.handle(ServerImpl.java:675) [na:1.8.0]
	at com.sun.net.httpserver.Filter$Chain.doFilter(Filter.java:79) [na:1.8.0]
	at sun.net.httpserver.ServerImpl$Exchange.run(ServerImpl.java:647) [na:1.8.0]
	at java.util.concurrent.ThreadPoolExecutor.runWorker(ThreadPoolExecutor.java:1142) [na:1.8.0]
	at java.util.concurrent.ThreadPoolExecutor$Worker.run(ThreadPoolExecutor.java:617) [na:1.8.0]
	at java.lang.Thread.run(Thread.java:744) [na:1.8.0]
WARN  [org.restlet                                  ] - Unable to send error response
java.io.IOException: headers already sent
	at sun.net.httpserver.ExchangeImpl.sendResponseHeaders(ExchangeImpl.java:204) ~[na:1.8.0]
	at sun.net.httpserver.HttpExchangeImpl.sendResponseHeaders(HttpExchangeImpl.java:86) ~[na:1.8.0]
	at org.restlet.engine.connector.HttpExchangeCall.writeResponseHead(HttpExchangeCall.java:161) ~[org.restlet.jar:na]
	at org.restlet.engine.adapter.ServerCall.sendResponse(ServerCall.java:450) ~[org.restlet.jar:na]
	at org.restlet.engine.adapter.ServerAdapter.commit(ServerAdapter.java:205) ~[org.restlet.jar:na]
	at org.restlet.engine.adapter.HttpServerHelper.handle(HttpServerHelper.java:144) [org.restlet.jar:na]
	at org.restlet.engine.connector.HttpServerHelper$1.handle(HttpServerHelper.java:64) [org.restlet.jar:na]
	at com.sun.net.httpserver.Filter$Chain.doFilter(Filter.java:79) [na:1.8.0]
	at sun.net.httpserver.AuthFilter.doFilter(AuthFilter.java:83) [na:1.8.0]
	at com.sun.net.httpserver.Filter$Chain.doFilter(Filter.java:82) [na:1.8.0]
	at sun.net.httpserver.ServerImpl$Exchange$LinkHandler.handle(ServerImpl.java:675) [na:1.8.0]
	at com.sun.net.httpserver.Filter$Chain.doFilter(Filter.java:79) [na:1.8.0]
	at sun.net.httpserver.ServerImpl$Exchange.run(ServerImpl.java:647) [na:1.8.0]
	at java.util.concurrent.ThreadPoolExecutor.runWorker(ThreadPoolExecutor.java:1142) [na:1.8.0]
	at java.util.concurrent.ThreadPoolExecutor$Worker.run(ThreadPoolExecutor.java:617) [na:1.8.0]
	at java.lang.Thread.run(Thread.java:744) [na:1.8.0]
INFO  [org.restlet                                  ] - Stopping the internal HTTP client
INFO  [i.s.s.r.resources.ListServerResource         ] - Request entry point: DefaultResource @Get('html|json|yaml|xml') with variant [application/json]
INFO  [org.restlet                                  ] - Stopping the internal HTTP client
INFO  [org.restlet                                  ] - Stopping the internal HTTP client
INFO  [LogService                                   ] - 2015-04-07	13:06:32	127.0.0.1	-	-	2014	GET	/	-	200	-	0	15	http://localhost:2014	Restlet-Framework/2.3.1	-
INFO  [org.restlet                                  ] - Starting the internal HTTP client
INFO  [i.s.s.u.s.a.SimpleDelegatingVerifier         ] - login event for user 'admin'
INFO  [i.s.s.u.s.a.SkysailHashedCredentialsMatcher  ] - checking cache for entry $2a$12$mBXqefcONxAauLZc6EDJhO8g7oLM1jhEBQCspfyEHr57Xz9b6oiDO
INFO  [i.s.s.u.s.a.SkysailHashedCredentialsMatcher  ] - added entry $2a$12$mBXqefcONxAauLZc6EDJhO8g7oLM1jhEBQCspfyEHr57Xz9b6oiDO to credentials hash cache with current timestamp, size now is 1
INFO  [i.s.s.u.s.a.SimpleDelegatingVerifier         ] - login event for user 'admin' successful
INFO  [i.s.s.r.r.PostEntityServerResource           ] - Request entry point: LoginResource @Post('x-www-form-urlencoded:html|json|xml')
INFO  [i.s.s.r.r.PostEntityServerResource           ] - calling post(Form), media types '[text/html:1.0]'
INFO  [i.skysail.server.converter.HtmlConverter     ] - converter 'HtmlConverter' matched '{text/html=0.95, treeform/*=1.0}' with threshold 0.95
INFO  [d.t.skysail.server.app.SourceWrapper         ] - using converter 'NoopConverter' for Credentials-Source: de.twenty11.skysail.server.domain.Credentials@10c39781
INFO  [i.s.s.c.impl.StringTemplateRenderer          ] - reading templates from resource path '/templates/text/html'
INFO  [LogService                                   ] - 2015-04-07	13:06:32	127.0.0.1	admin	-	2014	POST	/_login	-	201	7188	31	343	http://localhost:2014	Restlet-Framework/2.3.1	-
INFO  [org.restlet                                  ] - Starting the internal HTTP client
INFO  [i.s.s.u.s.a.SimpleDelegatingVerifier         ] - login event for user 'admin'
INFO  [i.s.s.u.s.a.SkysailHashedCredentialsMatcher  ] - checking cache for entry $2a$12$mBXqefcONxAauLZc6EDJhO8g7oLM1jhEBQCspfyEHr57Xz9b6oiDO
INFO  [i.s.s.u.s.a.SkysailHashedCredentialsMatcher  ] - found entry in credentials hash cache, updating timestamp
INFO  [i.s.s.u.s.a.SimpleDelegatingVerifier         ] - login event for user 'admin' successful
INFO  [i.s.s.r.resources.ListServerResource         ] - Request entry point: DefaultResource @Get('html|json|yaml|xml') with variant [text/html]
INFO  [i.skysail.server.converter.HtmlConverter     ] - converter 'HtmlConverter' matched '{text/html=0.95, treeform/*=1.0}' with threshold 0.95
INFO  [d.t.skysail.server.app.SourceWrapper         ] - using converter 'ListSourceHtmlConverter' for EmptyList-Source: []
INFO  [i.s.s.c.impl.StringTemplateRenderer          ] - reading templates from resource path '/templates/text/html'
INFO  [LogService                                   ] - 2015-04-07	13:06:32	127.0.0.1	admin	-	2014	GET	/	-	200	7429	0	31	http://localhost:2014	Restlet-Framework/2.3.1	-
INFO  [i.s.s.app.bookmarks.it.BookmarksBrowser      ] -  > TEST: retrieving TodoLists
INFO  [i.s.client.testsupport.ApplicationClient     ] -  > TEST: issuing GET on 'http://localhost:2014/', providing credentials EXGADOVzmqJqjNIMGt75x4gYUkXdY+cZ3Grd5q1E7bCOtW6fnmWqIbaChPIEV7eX
INFO  [org.restlet                                  ] - Starting the internal HTTP client
INFO  [i.s.s.u.s.a.SimpleDelegatingVerifier         ] - login event for user 'admin'
INFO  [i.s.s.u.s.a.SkysailHashedCredentialsMatcher  ] - checking cache for entry $2a$12$mBXqefcONxAauLZc6EDJhO8g7oLM1jhEBQCspfyEHr57Xz9b6oiDO
INFO  [i.s.s.u.s.a.SkysailHashedCredentialsMatcher  ] - found entry in credentials hash cache, updating timestamp
INFO  [i.s.s.u.s.a.SimpleDelegatingVerifier         ] - login event for user 'admin' successful
INFO  [i.s.s.r.resources.ListServerResource         ] - Request entry point: DefaultResource @Get('html|json|yaml|xml') with variant [application/json]
INFO  [LogService                                   ] - 2015-04-07	13:06:32	127.0.0.1	admin	-	2014	GET	/	-	200	-	0	0	http://localhost:2014	Restlet-Framework/2.3.1	-
INFO  [org.restlet                                  ] - Starting the internal HTTP client
INFO  [i.s.s.u.s.a.SimpleDelegatingVerifier         ] - login event for user 'admin'
INFO  [i.s.s.u.s.a.SkysailHashedCredentialsMatcher  ] - checking cache for entry $2a$12$mBXqefcONxAauLZc6EDJhO8g7oLM1jhEBQCspfyEHr57Xz9b6oiDO
INFO  [i.s.s.u.s.a.SkysailHashedCredentialsMatcher  ] - found entry in credentials hash cache, updating timestamp
INFO  [i.s.s.u.s.a.SimpleDelegatingVerifier         ] - login event for user 'admin' successful
INFO  [i.s.s.r.resources.ListServerResource         ] - Request entry point: BookmarksResource @Get('html|json|yaml|xml') with variant [application/json]
INFO  [LogService                                   ] - 2015-04-07	13:06:32	127.0.0.1	admin	-	2014	GET	/Bookmarks	-	200	-	0	0	http://localhost:2014	Restlet-Framework/2.3.1	-
