INFO  [d.t.skysail.server.app.ApplicationList       ] - (+) Adding application 'root'
INFO  [d.t.s.s.c.restlet.SkysailConverterHelper     ] - initializing new converter 'ServerSentEventsConverter' with typesMatch '{text/event-stream=1.0}'
INFO  [io.skysail.server.db.DbConfigurations        ] - activating DbConfigurations with config DbConfig(name=skysailgraph, driver=, url=memory:todos, username=admin)
INFO  [i.s.s.f.repositories.FeaturesRepository      ] - activating FeaturesRepository with config {service.pid=io.skysail.server.features.repositories.FeaturesRepository, de.twenty11.skysail.server.core.restlet.SecurityFeatures.ALLOW_ORIGIN_FEATURE=true, component.name=io.skysail.server.features.repositories.FeaturesRepository, felix.fileinstall.filename=file:/C:/git/skysail-framework/skysail.server.app.designer.it/config/test/io.skysail.server.features.repositories.FeaturesRepository.cfg, component.id=12}
INFO  [d.t.skysail.server.app.ApplicationList       ] - (+) Adding application 'webapp'
INFO  [d.t.skysail.server.app.ApplicationList       ] - (+) Adding application 'AppDesigner'
INFO  [io.skysail.server.http.HttpServer            ] - Activating io.skysail.server.http.HttpServer
INFO  [d.t.skysail.server.SkysailComponent          ] - Creating Restlet Component: de.twenty11.skysail.server.SkysailComponent
INFO  [io.skysail.server.http.HttpServer            ] - configuration was provided
INFO  [io.skysail.server.http.HttpServer            ] - 
INFO  [io.skysail.server.http.HttpServer            ] - ====================================
INFO  [io.skysail.server.http.HttpServer            ] - Starting skysail server on port 2015
INFO  [io.skysail.server.http.HttpServer            ] - ====================================
INFO  [io.skysail.server.http.HttpServer            ] - 
INFO  [d.t.skysail.server.app.ApplicationList       ] - (+) Adding application 'plugins'
INFO  [org.restlet                                  ] - Starting the internal [HTTP/1.1] server on port 2015
INFO  [d.t.skysail.server.app.ApplicationList       ] - (+) Adding application 'static'
INFO  [i.s.s.a.d.i.ApplicationsCrudIntegrationTests ] - 
INFO  [i.s.s.a.d.i.ApplicationsCrudIntegrationTests ] - --------------------------------------------
INFO  [i.s.s.a.d.i.ApplicationsCrudIntegrationTests ] -  > TEST: running test 'creating_application_persists_new_application'
INFO  [i.s.s.a.d.i.ApplicationsCrudIntegrationTests ] - --------------------------------------------
INFO  [i.s.s.a.d.i.ApplicationsCrudIntegrationTests ] - 
INFO  [i.skysail.server.app.designer.it.Browser     ] -  > TEST: creating new browser client with url 'http://localhost:2015' and mediaType 'text/html'
INFO  [i.skysail.server.app.designer.it.Browser     ] -  > TEST: logging in as user 'admin'
INFO  [org.restlet                                  ] - Starting the internal HTTP client
INFO  [o.r.S.SkysailRootApplication                 ] - Starting de.twenty11.skysail.server.app.SkysailRootApplication application
INFO  [d.t.s.server.app.SkysailApplication          ] - creating new Router in de.twenty11.skysail.server.app.SkysailRootApplication
INFO  [d.t.s.server.app.SkysailApplication          ] - adding extensions to metadata service
INFO  [d.t.s.server.app.SkysailApplication          ] - adding protocols
INFO  [d.t.s.server.core.restlet.SkysailRouter      ] - routing path '/' -> 'de.twenty11.skysail.server.resources.DefaultResource'
WARN  [d.t.s.server.core.restlet.SkysailRouter      ] - please use a RouteBuilder to attach this resource: class de.twenty11.skysail.server.resources.DefaultResource
INFO  [d.t.s.server.core.restlet.SkysailRouter      ] - routing path '/_login' -> 'de.twenty11.skysail.server.resources.LoginResource'
WARN  [d.t.s.server.core.restlet.SkysailRouter      ] - please use a RouteBuilder to attach this resource: class de.twenty11.skysail.server.resources.LoginResource
INFO  [d.t.s.server.core.restlet.SkysailRouter      ] - routing path '/_login/{provider}' -> 'de.twenty11.skysail.server.app.OAuthLoginResource'
WARN  [d.t.s.server.core.restlet.SkysailRouter      ] - please use a RouteBuilder to attach this resource: class de.twenty11.skysail.server.app.OAuthLoginResource
INFO  [d.t.s.server.core.restlet.SkysailRouter      ] - routing path '/_version' -> 'RolesPredicateAuthorizer' -> 'de.twenty11.skysail.server.resources.VersionResource'
INFO  [d.t.s.server.core.restlet.SkysailRouter      ] - routing path '/_name' -> 'RolesPredicateAuthorizer' -> 'de.twenty11.skysail.server.resources.NameResource'
INFO  [d.t.s.server.core.restlet.SkysailRouter      ] - routing path '/_about' -> 'de.twenty11.skysail.server.resources.AboutResource'
WARN  [d.t.s.server.core.restlet.SkysailRouter      ] - please use a RouteBuilder to attach this resource: class de.twenty11.skysail.server.resources.AboutResource
INFO  [d.t.s.server.core.restlet.SkysailRouter      ] - routing path '/_profile' -> 'RolesPredicateAuthorizer' -> 'de.twenty11.skysail.server.app.profile.ProfileResource'
INFO  [d.t.s.server.core.restlet.SkysailRouter      ] - routing path '/_profile/password/' -> 'RolesPredicateAuthorizer' -> 'de.twenty11.skysail.server.app.profile.PutPasswordResource'
INFO  [d.t.s.server.core.restlet.SkysailRouter      ] - routing path '/_largetests' -> 'RolesPredicateAuthorizer' -> 'de.twenty11.skysail.server.app.LargeTestsResource'
INFO  [d.t.s.server.core.restlet.SkysailRouter      ] - routing path '/_largetests/{id}' -> 'RolesPredicateAuthorizer' -> 'de.twenty11.skysail.server.app.LargeTestsFileResource'
INFO  [d.t.s.server.core.restlet.SkysailRouter      ] - routing path '/welcome' -> 'de.twenty11.skysail.server.resources.WelcomeResource'
WARN  [d.t.s.server.core.restlet.SkysailRouter      ] - please use a RouteBuilder to attach this resource: class de.twenty11.skysail.server.resources.WelcomeResource
INFO  [d.t.s.server.core.restlet.SkysailRouter      ] - routing path '/_iframe' -> 'RolesPredicateAuthorizer' -> 'de.twenty11.skysail.server.app.IFrameResource'
INFO  [o.r.S.SkysailRootApplication                 ] - Starting io.skysail.server.converter.WebappApplication application
INFO  [o.r.S.SkysailRootApplication                 ] - Starting io.skysail.server.app.designer.DesignerApplication application
INFO  [d.t.s.server.app.SkysailApplication          ] - creating new Router in io.skysail.server.app.designer.DesignerApplication
INFO  [d.t.s.server.app.SkysailApplication          ] - adding extensions to metadata service
INFO  [d.t.s.server.app.SkysailApplication          ] - adding protocols
INFO  [d.t.s.server.core.restlet.SkysailRouter      ] - routing path '' -> 'RolesPredicateAuthorizer' -> 'io.skysail.server.app.designer.application.resources.ApplicationsResource'
INFO  [d.t.s.server.core.restlet.SkysailRouter      ] - routing path '/application/' -> 'RolesPredicateAuthorizer' -> 'io.skysail.server.app.designer.application.resources.PostApplicationResource'
INFO  [d.t.s.server.core.restlet.SkysailRouter      ] - routing path '/applications' -> 'RolesPredicateAuthorizer' -> 'io.skysail.server.app.designer.application.resources.ApplicationsResource'
INFO  [d.t.s.server.core.restlet.SkysailRouter      ] - routing path '/applications/{id}' -> 'RolesPredicateAuthorizer' -> 'io.skysail.server.app.designer.application.resources.ApplicationResource'
INFO  [d.t.s.server.core.restlet.SkysailRouter      ] - routing path '/applications/{id}/' -> 'RolesPredicateAuthorizer' -> 'io.skysail.server.app.designer.application.resources.PutApplicationResource'
INFO  [d.t.s.server.core.restlet.SkysailRouter      ] - routing path '/applications/{id}/entities' -> 'RolesPredicateAuthorizer' -> 'io.skysail.server.app.designer.entities.resources.EntitiesResource'
INFO  [d.t.s.server.core.restlet.SkysailRouter      ] - routing path '/applications/{id}/entities/' -> 'RolesPredicateAuthorizer' -> 'io.skysail.server.app.designer.entities.resources.PostEntityResource'
INFO  [d.t.s.server.core.restlet.SkysailRouter      ] - routing path '/applications/{id}/entities/{entityName}/fields' -> 'RolesPredicateAuthorizer' -> 'io.skysail.server.app.designer.fields.resources.FieldsResource'
INFO  [d.t.s.server.core.restlet.SkysailRouter      ] - routing path '/applications/{id}/entities/{entityName}/fields/' -> 'RolesPredicateAuthorizer' -> 'io.skysail.server.app.designer.fields.resources.PostFieldResource'
INFO  [o.r.S.SkysailRootApplication                 ] - Starting io.skysail.server.app.plugins.PluginApplication application
INFO  [d.t.s.server.app.SkysailApplication          ] - creating new Router in io.skysail.server.app.plugins.PluginApplication
INFO  [d.t.s.server.app.SkysailApplication          ] - adding extensions to metadata service
INFO  [d.t.s.server.app.SkysailApplication          ] - adding protocols
INFO  [d.t.s.server.core.restlet.SkysailRouter      ] - routing path '/docs/api' -> 'RolesPredicateAuthorizer' -> 'io.skysail.server.documentation.ApiResource'
INFO  [d.t.s.server.core.restlet.SkysailRouter      ] - routing path '/docs/entities/{name}' -> 'RolesPredicateAuthorizer' -> 'io.skysail.server.documentation.EntitiesResource'
INFO  [d.t.s.server.core.restlet.SkysailRouter      ] - routing path '/docs/entities' -> 'RolesPredicateAuthorizer' -> 'io.skysail.server.documentation.EntitiesResource'
INFO  [d.t.s.server.core.restlet.SkysailRouter      ] - routing path '' -> 'RolesPredicateAuthorizer' -> 'io.skysail.server.app.plugins.PluginRootResource'
INFO  [d.t.s.server.core.restlet.SkysailRouter      ] - routing path '/' -> 'RolesPredicateAuthorizer' -> 'io.skysail.server.app.plugins.PluginRootResource'
INFO  [d.t.s.server.core.restlet.SkysailRouter      ] - routing path '/features/' -> 'RolesPredicateAuthorizer' -> 'io.skysail.server.app.plugins.features.FeaturesResource'
INFO  [d.t.s.server.core.restlet.SkysailRouter      ] - routing path '/features/{id}/installations/' -> 'RolesPredicateAuthorizer' -> 'io.skysail.server.app.plugins.installations.PostInstallationResource'
INFO  [d.t.s.server.core.restlet.SkysailRouter      ] - routing path '/obr/repos/' -> 'RolesPredicateAuthorizer' -> 'io.skysail.server.app.plugins.obr.RepositoriesResource'
INFO  [d.t.s.server.core.restlet.SkysailRouter      ] - routing path '/obr/repos/{id}' -> 'RolesPredicateAuthorizer' -> 'io.skysail.server.app.plugins.obr.RepositoryResource'
INFO  [d.t.s.server.core.restlet.SkysailRouter      ] - routing path '/obr/resolver/' -> 'RolesPredicateAuthorizer' -> 'io.skysail.server.app.plugins.obr.PostResolverResource'
INFO  [d.t.s.server.core.restlet.SkysailRouter      ] - routing path '/query/' -> 'RolesPredicateAuthorizer' -> 'io.skysail.server.app.plugins.query.PostQueryResource'
INFO  [d.t.s.server.core.restlet.SkysailRouter      ] - routing path '/resources' -> 'RolesPredicateAuthorizer' -> 'io.skysail.server.app.plugins.resources.ResourcesResource'
INFO  [d.t.s.server.core.restlet.SkysailRouter      ] - routing path '/resources/{id}' -> 'RolesPredicateAuthorizer' -> 'io.skysail.server.app.plugins.resources.ResourceResource'
INFO  [o.r.S.SkysailRootApplication                 ] - Starting de.twenty11.skysail.server.webapp.internal.WebappApplication application
INFO  [LogService                                   ] - 2015-03-30	16:35:01	127.0.0.1	-	-	2015	GET	/_logout	targetUri=/	303	0	0	15	http://localhost:2015	Restlet-Framework/2.3.1	-
INFO  [d.t.s.s.core.restlet.ListServerResource      ] - Request entry point: DefaultResource @Get('html|csv|treeform') with variant [application/json]
INFO  [LogService                                   ] - 2015-03-30	16:35:01	127.0.0.1	-	-	2015	GET	/	-	200	-	0	83	http://localhost:2015	Restlet-Framework/2.3.1	-
INFO  [org.restlet                                  ] - Starting the internal HTTP client
INFO  [i.s.s.u.s.a.SimpleDelegatingVerifier         ] - login event for user 'admin'
INFO  [i.s.s.u.s.a.SkysailHashedCredentialsMatcher  ] - checking cache for entry $2a$12$mBXqefcONxAauLZc6EDJhO8g7oLM1jhEBQCspfyEHr57Xz9b6oiDO
INFO  [i.s.s.u.s.a.SkysailHashedCredentialsMatcher  ] - added entry $2a$12$mBXqefcONxAauLZc6EDJhO8g7oLM1jhEBQCspfyEHr57Xz9b6oiDO to credentials hash cache with current timestamp, size now is 1
INFO  [i.s.s.u.s.a.SimpleDelegatingVerifier         ] - login event for user 'admin' successful
INFO  [org.restlet                                  ] - Stopping the internal HTTP client
INFO  [d.t.s.s.c.r.PostEntityServerResource         ] - Request entry point: LoginResource @Post('x-www-form-urlencoded:html|json|xml')
INFO  [d.t.s.s.c.r.PostEntityServerResource         ] - calling post(Form), media types '[text/html:1.0]'
INFO  [i.skysail.server.converter.HtmlConverter     ] - converter 'HtmlConverter' matched '{text/html=0.95, treeform/*=1.0}' with threshold 0.95
INFO  [d.t.skysail.server.app.SourceWrapper         ] - using converter 'NoopConverter' for Credentials-Source: de.twenty11.skysail.server.domain.Credentials@6152bd66
INFO  [i.s.s.c.impl.StringTemplateRenderer          ] - reading templates from resource path '/templates/text/html'
INFO  [LogService                                   ] - 2015-03-30	16:35:01	127.0.0.1	admin	-	2015	POST	/_login	-	201	7355	31	771	http://localhost:2015	Restlet-Framework/2.3.1	-
INFO  [org.restlet                                  ] - Starting the internal HTTP client
INFO  [i.s.s.u.s.a.SimpleDelegatingVerifier         ] - login event for user 'admin'
INFO  [i.s.s.u.s.a.SkysailHashedCredentialsMatcher  ] - checking cache for entry $2a$12$mBXqefcONxAauLZc6EDJhO8g7oLM1jhEBQCspfyEHr57Xz9b6oiDO
INFO  [i.s.s.u.s.a.SkysailHashedCredentialsMatcher  ] - found entry in credentials hash cache, updating timestamp
INFO  [i.s.s.u.s.a.SimpleDelegatingVerifier         ] - login event for user 'admin' successful
INFO  [d.t.s.s.core.restlet.ListServerResource      ] - Request entry point: DefaultResource @Get('html|csv|treeform') with variant [text/html]
INFO  [i.skysail.server.converter.HtmlConverter     ] - converter 'HtmlConverter' matched '{text/html=0.95, treeform/*=1.0}' with threshold 0.95
INFO  [d.t.skysail.server.app.SourceWrapper         ] - using converter 'ListSourceHtmlConverter' for EmptyList-Source: []
INFO  [i.s.s.c.impl.StringTemplateRenderer          ] - reading templates from resource path '/templates/text/html'
INFO  [LogService                                   ] - 2015-03-30	16:35:02	127.0.0.1	admin	-	2015	GET	/	-	200	7662	0	79	http://localhost:2015	Restlet-Framework/2.3.1	-
INFO  [io.skysail.client.testsupport.Client         ] -  > TEST: issuing GET on 'http://localhost:2015/', providing credentials fQdjx9XeOrAozI33M/5fKIgYUkXdY+cZ3Grd5q1E7bCOtW6fnmWqIbaChPIEV7eX
INFO  [org.restlet                                  ] - Starting the internal HTTP client
INFO  [i.s.s.u.s.a.SimpleDelegatingVerifier         ] - login event for user 'admin'
INFO  [i.s.s.u.s.a.SkysailHashedCredentialsMatcher  ] - checking cache for entry $2a$12$mBXqefcONxAauLZc6EDJhO8g7oLM1jhEBQCspfyEHr57Xz9b6oiDO
INFO  [i.s.s.u.s.a.SkysailHashedCredentialsMatcher  ] - found entry in credentials hash cache, updating timestamp
INFO  [i.s.s.u.s.a.SimpleDelegatingVerifier         ] - login event for user 'admin' successful
INFO  [d.t.s.s.core.restlet.ListServerResource      ] - Request entry point: DefaultResource @Get('html|csv|treeform') with variant [text/html]
INFO  [i.skysail.server.converter.HtmlConverter     ] - converter 'HtmlConverter' matched '{text/html=0.95, treeform/*=1.0}' with threshold 0.95
INFO  [d.t.skysail.server.app.SourceWrapper         ] - using converter 'ListSourceHtmlConverter' for EmptyList-Source: []
INFO  [i.s.s.c.impl.StringTemplateRenderer          ] - reading templates from resource path '/templates/text/html'
INFO  [LogService                                   ] - 2015-03-30	16:35:02	127.0.0.1	admin	-	2015	GET	/	-	200	7589	0	64	http://localhost:2015	Restlet-Framework/2.3.1	-
INFO  [io.skysail.client.testsupport.Client         ] - url set to 'http://localhost:2015/AppDesigner'
INFO  [org.restlet                                  ] - Starting the internal HTTP client
INFO  [i.s.s.u.s.a.SimpleDelegatingVerifier         ] - login event for user 'admin'
INFO  [i.s.s.u.s.a.SkysailHashedCredentialsMatcher  ] - checking cache for entry $2a$12$mBXqefcONxAauLZc6EDJhO8g7oLM1jhEBQCspfyEHr57Xz9b6oiDO
INFO  [i.s.s.u.s.a.SkysailHashedCredentialsMatcher  ] - found entry in credentials hash cache, updating timestamp
INFO  [i.s.s.u.s.a.SimpleDelegatingVerifier         ] - login event for user 'admin' successful
INFO  [d.t.s.s.core.restlet.ListServerResource      ] - Request entry point: ApplicationsResource @Get('html|csv|treeform') with variant [text/html]
INFO  [i.skysail.server.converter.HtmlConverter     ] - converter 'HtmlConverter' matched '{text/html=0.95, treeform/*=1.0}' with threshold 0.95
INFO  [d.t.skysail.server.app.SourceWrapper         ] - using converter 'ListSourceHtmlConverter' for ArrayList-Source: []
INFO  [i.s.s.c.impl.StringTemplateRenderer          ] - reading templates from resource path '/templates/text/html'
INFO  [LogService                                   ] - 2015-03-30	16:35:02	127.0.0.1	admin	-	2015	GET	/AppDesigner	-	200	7714	0	66	http://localhost:2015	Restlet-Framework/2.3.1	-
INFO  [io.skysail.client.testsupport.Client         ] - url set to 'http://localhost:2015/AppDesigner/application/'
INFO  [org.restlet                                  ] - Starting the internal HTTP client
INFO  [i.s.s.u.s.a.SimpleDelegatingVerifier         ] - login event for user 'admin'
INFO  [i.s.s.u.s.a.SkysailHashedCredentialsMatcher  ] - checking cache for entry $2a$12$mBXqefcONxAauLZc6EDJhO8g7oLM1jhEBQCspfyEHr57Xz9b6oiDO
INFO  [i.s.s.u.s.a.SkysailHashedCredentialsMatcher  ] - found entry in credentials hash cache, updating timestamp
INFO  [i.s.s.u.s.a.SimpleDelegatingVerifier         ] - login event for user 'admin' successful
INFO  [d.t.s.s.c.r.PostEntityServerResource         ] - Request entry point: PostApplicationResource @Get('htmlform|html')
INFO  [i.skysail.server.converter.HtmlConverter     ] - converter 'HtmlConverter' matched '{text/html=0.95, treeform/*=1.0}' with threshold 0.95
INFO  [d.t.skysail.server.app.SourceWrapper         ] - using converter 'NoopConverter' for FormResponse-Source: FormResponse: 
INFO  [i.s.s.c.impl.StringTemplateRenderer          ] - reading templates from resource path '/templates/text/html'
INFO  [LogService                                   ] - 2015-03-30	16:35:02	127.0.0.1	admin	-	2015	GET	/application	-	200	8509	0	66	http://localhost:2015	Restlet-Framework/2.3.1	-
INFO  [io.skysail.client.testsupport.Client         ] -  > TEST: issuing POST on 'http://localhost:2015/AppDesigner/application/', providing credentials fQdjx9XeOrAozI33M/5fKIgYUkXdY+cZ3Grd5q1E7bCOtW6fnmWqIbaChPIEV7eX
INFO  [org.restlet                                  ] - Starting the internal HTTP client
INFO  [i.s.s.u.s.a.SimpleDelegatingVerifier         ] - login event for user 'admin'
INFO  [i.s.s.u.s.a.SkysailHashedCredentialsMatcher  ] - checking cache for entry $2a$12$mBXqefcONxAauLZc6EDJhO8g7oLM1jhEBQCspfyEHr57Xz9b6oiDO
INFO  [i.s.s.u.s.a.SkysailHashedCredentialsMatcher  ] - found entry in credentials hash cache, updating timestamp
INFO  [i.s.s.u.s.a.SimpleDelegatingVerifier         ] - login event for user 'admin' successful
INFO  [d.t.s.s.c.r.PostEntityServerResource         ] - Request entry point: PostApplicationResource @Post('x-www-form-urlencoded:html|json|xml')
INFO  [d.t.s.s.c.r.PostEntityServerResource         ] - calling post(Form), media types '[text/html:1.0]'
INFO  [d.t.s.server.db.orientdb.impl.Persister      ] - setting name=app1 [class java.lang.String]
INFO  [i.skysail.server.converter.HtmlConverter     ] - converter 'HtmlConverter' matched '{text/html=0.95, treeform/*=1.0}' with threshold 0.95
INFO  [d.t.skysail.server.app.SourceWrapper         ] - using converter 'NoopConverter' for Application-Source: Application(id=null, name=app1)
INFO  [i.s.s.c.impl.StringTemplateRenderer          ] - reading templates from resource path '/templates/text/html'
INFO  [LogService                                   ] - 2015-03-30	16:35:02	127.0.0.1	admin	-	2015	POST	/application	-	201	7444	9	95	http://localhost:2015	Restlet-Framework/2.3.1	-
INFO  [i.skysail.server.app.designer.it.Browser     ] -  > TEST: logging in as user 'admin'
INFO  [org.restlet                                  ] - Starting the internal HTTP client
INFO  [LogService                                   ] - 2015-03-30	16:35:02	127.0.0.1	-	-	2015	GET	/_logout	targetUri=/	303	0	0	1	http://localhost:2015	Restlet-Framework/2.3.1	-
INFO  [d.t.s.s.core.restlet.ListServerResource      ] - Request entry point: DefaultResource @Get('html|csv|treeform') with variant [application/json]
INFO  [LogService                                   ] - 2015-03-30	16:35:02	127.0.0.1	-	-	2015	GET	/	-	200	-	0	3	http://localhost:2015	Restlet-Framework/2.3.1	-
INFO  [org.restlet                                  ] - Starting the internal HTTP client
INFO  [i.s.s.u.s.a.SimpleDelegatingVerifier         ] - login event for user 'admin'
INFO  [i.s.s.u.s.a.SkysailHashedCredentialsMatcher  ] - checking cache for entry $2a$12$mBXqefcONxAauLZc6EDJhO8g7oLM1jhEBQCspfyEHr57Xz9b6oiDO
INFO  [i.s.s.u.s.a.SkysailHashedCredentialsMatcher  ] - added entry $2a$12$mBXqefcONxAauLZc6EDJhO8g7oLM1jhEBQCspfyEHr57Xz9b6oiDO to credentials hash cache with current timestamp, size now is 1
INFO  [i.s.s.u.s.a.SimpleDelegatingVerifier         ] - login event for user 'admin' successful
INFO  [d.t.s.s.c.r.PostEntityServerResource         ] - Request entry point: LoginResource @Post('x-www-form-urlencoded:html|json|xml')
INFO  [d.t.s.s.c.r.PostEntityServerResource         ] - calling post(Form), media types '[text/html:1.0]'
INFO  [i.skysail.server.converter.HtmlConverter     ] - converter 'HtmlConverter' matched '{text/html=0.95, treeform/*=1.0}' with threshold 0.95
INFO  [d.t.skysail.server.app.SourceWrapper         ] - using converter 'NoopConverter' for Credentials-Source: de.twenty11.skysail.server.domain.Credentials@4fa8883a
INFO  [i.s.s.c.impl.StringTemplateRenderer          ] - reading templates from resource path '/templates/text/html'
INFO  [LogService                                   ] - 2015-03-30	16:35:02	127.0.0.1	admin	-	2015	POST	/_login	-	201	7355	31	355	http://localhost:2015	Restlet-Framework/2.3.1	-
INFO  [org.restlet                                  ] - Starting the internal HTTP client
INFO  [i.s.s.u.s.a.SimpleDelegatingVerifier         ] - login event for user 'admin'
INFO  [i.s.s.u.s.a.SkysailHashedCredentialsMatcher  ] - checking cache for entry $2a$12$mBXqefcONxAauLZc6EDJhO8g7oLM1jhEBQCspfyEHr57Xz9b6oiDO
INFO  [i.s.s.u.s.a.SkysailHashedCredentialsMatcher  ] - found entry in credentials hash cache, updating timestamp
INFO  [i.s.s.u.s.a.SimpleDelegatingVerifier         ] - login event for user 'admin' successful
INFO  [d.t.s.s.core.restlet.ListServerResource      ] - Request entry point: DefaultResource @Get('html|csv|treeform') with variant [text/html]
INFO  [i.skysail.server.converter.HtmlConverter     ] - converter 'HtmlConverter' matched '{text/html=0.95, treeform/*=1.0}' with threshold 0.95
INFO  [d.t.skysail.server.app.SourceWrapper         ] - using converter 'ListSourceHtmlConverter' for EmptyList-Source: []
INFO  [i.s.s.c.impl.StringTemplateRenderer          ] - reading templates from resource path '/templates/text/html'
INFO  [LogService                                   ] - 2015-03-30	16:35:02	127.0.0.1	admin	-	2015	GET	/	-	200	7733	0	45	http://localhost:2015	Restlet-Framework/2.3.1	-
INFO  [i.skysail.server.app.designer.it.Browser     ] -  > TEST: retrieving TodoLists
INFO  [io.skysail.client.testsupport.Client         ] -  > TEST: issuing GET on 'http://localhost:2015/', providing credentials EiAJvnJQK59QRqjOq05VBYgYUkXdY+cZ3Grd5q1E7bCOtW6fnmWqIbaChPIEV7eX
INFO  [org.restlet                                  ] - Starting the internal HTTP client
INFO  [i.s.s.u.s.a.SimpleDelegatingVerifier         ] - login event for user 'admin'
INFO  [i.s.s.u.s.a.SkysailHashedCredentialsMatcher  ] - checking cache for entry $2a$12$mBXqefcONxAauLZc6EDJhO8g7oLM1jhEBQCspfyEHr57Xz9b6oiDO
INFO  [i.s.s.u.s.a.SkysailHashedCredentialsMatcher  ] - found entry in credentials hash cache, updating timestamp
INFO  [i.s.s.u.s.a.SimpleDelegatingVerifier         ] - login event for user 'admin' successful
INFO  [d.t.s.s.core.restlet.ListServerResource      ] - Request entry point: DefaultResource @Get('html|csv|treeform') with variant [text/html]
INFO  [i.skysail.server.converter.HtmlConverter     ] - converter 'HtmlConverter' matched '{text/html=0.95, treeform/*=1.0}' with threshold 0.95
INFO  [d.t.skysail.server.app.SourceWrapper         ] - using converter 'ListSourceHtmlConverter' for EmptyList-Source: []
INFO  [i.s.s.c.impl.StringTemplateRenderer          ] - reading templates from resource path '/templates/text/html'
INFO  [LogService                                   ] - 2015-03-30	16:35:02	127.0.0.1	admin	-	2015	GET	/	-	200	7589	0	36	http://localhost:2015	Restlet-Framework/2.3.1	-
INFO  [io.skysail.client.testsupport.Client         ] - url set to 'http://localhost:2015/AppDesigner'
INFO  [org.restlet                                  ] - Starting the internal HTTP client
INFO  [i.s.s.u.s.a.SimpleDelegatingVerifier         ] - login event for user 'admin'
INFO  [i.s.s.u.s.a.SkysailHashedCredentialsMatcher  ] - checking cache for entry $2a$12$mBXqefcONxAauLZc6EDJhO8g7oLM1jhEBQCspfyEHr57Xz9b6oiDO
INFO  [i.s.s.u.s.a.SkysailHashedCredentialsMatcher  ] - found entry in credentials hash cache, updating timestamp
INFO  [i.s.s.u.s.a.SimpleDelegatingVerifier         ] - login event for user 'admin' successful
INFO  [d.t.s.s.core.restlet.ListServerResource      ] - Request entry point: ApplicationsResource @Get('html|csv|treeform') with variant [text/html]
INFO  [i.skysail.server.converter.HtmlConverter     ] - converter 'HtmlConverter' matched '{text/html=0.95, treeform/*=1.0}' with threshold 0.95
INFO  [d.t.skysail.server.app.SourceWrapper         ] - using converter 'ListSourceHtmlConverter' for ArrayList-Source: [Application(id=#12:0, name=app1)]
INFO  [i.s.s.c.impl.StringTemplateRenderer          ] - reading templates from resource path '/templates/text/html'
INFO  [LogService                                   ] - 2015-03-30	16:35:02	127.0.0.1	admin	-	2015	GET	/AppDesigner	-	200	8015	0	128	http://localhost:2015	Restlet-Framework/2.3.1	-
