2015-02-06 08:39:53,451 INFO  d.t.skysail.server.core.restlet.SkysailConverterHelper - initializing new converter 'ServerSentEventsConverter' with typesMatch '{text/event-stream=1.0}'
2015-02-06 08:39:53,457 INFO  io.skysail.server.db.DbConfigurations - activating DbConfigurations with config DbConfig(name=skysail, driver=, url=memory:website, username=)
2015-02-06 08:39:53,477 INFO  d.t.skysail.server.ext.converter.st.NoopConverter - de.twenty11.skysail.server.ext.converter.st.NoopConverter activated
2015-02-06 08:39:53,510 INFO  de.twenty11.skysail.server.app.SkysailApplication - Instanciating new Skysail Application 'WebappApplication'
2015-02-06 08:39:53,511 DEBUG d.t.s.s.c.o.i.listener.SkysailServerBundleListener - could not send bundleStartedMessage for skysail.api
2015-02-06 08:39:53,512 INFO  de.twenty11.skysail.server.app.SkysailApplication - Activating Application de.twenty11.skysail.server.ext.converter.st.WebappApplication
2015-02-06 08:39:53,513 INFO  de.twenty11.skysail.server.app.ApplicationList - ======================================================
2015-02-06 08:39:53,514 INFO  de.twenty11.skysail.server.app.ApplicationList - Adding application 'webapp'
2015-02-06 08:39:53,514 INFO  de.twenty11.skysail.server.app.ApplicationList - ======================================================
2015-02-06 08:39:53,514 DEBUG d.t.s.s.c.o.i.listener.SkysailServerBundleListener - could not send bundleStartedMessage for skysail.server.ext.converter.st
2015-02-06 08:39:53,522 INFO  io.skysail.server.http.HttpServer - Activating io.skysail.server.http.HttpServer
2015-02-06 08:39:53,525 DEBUG d.t.s.s.c.o.i.listener.SkysailServerBundleListener - could not send bundleStartedMessage for skysail.server.http
2015-02-06 08:39:53,534 INFO  de.twenty11.skysail.server.SkysailComponent - Creating Restlet Component: de.twenty11.skysail.server.SkysailComponent
2015-02-06 08:39:53,537 INFO  io.skysail.server.http.HttpServer - 
2015-02-06 08:39:53,537 INFO  io.skysail.server.http.HttpServer - ====================================
2015-02-06 08:39:53,537 INFO  io.skysail.server.http.HttpServer - Starting skysail server on port 2017
2015-02-06 08:39:53,537 INFO  io.skysail.server.http.HttpServer - ====================================
2015-02-06 08:39:53,537 INFO  io.skysail.server.http.HttpServer - 
2015-02-06 08:39:53,555 INFO  org.restlet - Starting the internal [HTTP/1.1] server on port 2017
2015-02-06 08:39:53,588 INFO  i.skysail.server.um.simple.web.SkysailWebSessionManager - creating new SkysailWebSessionManager
2015-02-06 08:39:53,661 DEBUG de.twenty11.skysail.server.app.SkysailApplication - Authorization service was set to 'SimpleAuthorizationService' for application 'webapp'
2015-02-06 08:39:53,662 DEBUG de.twenty11.skysail.server.app.SkysailApplication - Validator service was set to 'DefaultValidationImpl' for application 'webapp'
2015-02-06 08:39:53,664 DEBUG de.twenty11.skysail.server.app.SkysailApplication - Authorization service was set to 'SimpleAuthorizationService' for application 'webapp'
2015-02-06 08:39:53,664 DEBUG de.twenty11.skysail.server.app.SkysailApplication - Favorites service was set to null for application 'webapp'
2015-02-06 08:39:53,665 DEBUG de.twenty11.skysail.server.app.SkysailApplication - Translation service was set to null for application 'webapp'
2015-02-06 08:39:53,667 DEBUG de.twenty11.skysail.server.app.SkysailApplication - Metrics service was set to null for application 'webapp'
2015-02-06 08:39:53,668 DEBUG de.twenty11.skysail.server.app.SkysailApplication - Validator service was set to 'DefaultValidationImpl' for application 'webapp'
2015-02-06 08:39:53,669 DEBUG de.twenty11.skysail.server.app.SkysailApplication - Documentation service was set to null for application 'webapp'
2015-02-06 08:39:53,669 DEBUG de.twenty11.skysail.server.app.SkysailApplication - setting hookfilters to application 'webapp'
2015-02-06 08:39:53,674 INFO  de.twenty11.skysail.server.app.SkysailApplication - Instanciating new Skysail Application 'SkysailRootApplication'
2015-02-06 08:39:53,676 INFO  de.twenty11.skysail.server.app.ApplicationList - ======================================================
2015-02-06 08:39:53,676 INFO  de.twenty11.skysail.server.app.ApplicationList - Adding application 'root'
2015-02-06 08:39:53,676 INFO  de.twenty11.skysail.server.app.ApplicationList - ======================================================
2015-02-06 08:39:53,677 DEBUG de.twenty11.skysail.server.app.SkysailApplication - Authorization service was set to 'SimpleAuthorizationService' for application 'root'
2015-02-06 08:39:53,678 DEBUG de.twenty11.skysail.server.app.SkysailApplication - Favorites service was set to null for application 'root'
2015-02-06 08:39:53,678 DEBUG de.twenty11.skysail.server.app.SkysailApplication - Translation service was set to null for application 'root'
2015-02-06 08:39:53,678 DEBUG de.twenty11.skysail.server.app.SkysailApplication - Metrics service was set to null for application 'root'
2015-02-06 08:39:53,678 DEBUG de.twenty11.skysail.server.app.SkysailApplication - Validator service was set to 'DefaultValidationImpl' for application 'root'
2015-02-06 08:39:53,678 DEBUG de.twenty11.skysail.server.app.SkysailApplication - Documentation service was set to null for application 'root'
2015-02-06 08:39:53,678 DEBUG de.twenty11.skysail.server.app.SkysailApplication - setting hookfilters to application 'root'
2015-02-06 08:39:53,695 DEBUG d.t.s.s.c.o.i.listener.SkysailServerBundleListener - could not send bundleStartedMessage for skysail.server.um.simple
2015-02-06 08:39:53,697 DEBUG d.t.s.s.c.o.i.listener.SkysailServerBundleListener - could not send bundleStartedMessage for slf4j.api
2015-02-06 08:39:58,577 DEBUG org.restlet - Connection from "/0:0:0:0:0:0:0:1:54921" accepted. New count: 1
2015-02-06 08:39:58,578 DEBUG org.restlet - Connection from "/0:0:0:0:0:0:0:1:54922" accepted. New count: 2
2015-02-06 08:39:58,578 DEBUG org.restlet - Connection from "/0:0:0:0:0:0:0:1:54923" accepted. New count: 3
2015-02-06 08:39:58,579 DEBUG org.restlet - Connection from "/0:0:0:0:0:0:0:1:54924" accepted. New count: 4
2015-02-06 08:39:58,850 DEBUG org.restlet - GET / HTTP/1.1
2015-02-06 08:39:58,850 DEBUG org.restlet - Reading message from /0:0:0:0:0:0:0:1:54921
2015-02-06 08:39:58,857 DEBUG org.restlet - Host: localhost:2017
2015-02-06 08:39:58,859 DEBUG org.restlet - Connection: keep-alive
2015-02-06 08:39:58,860 DEBUG org.restlet - Accept: text/html,application/xhtml+xml,application/xml;q=0.9,image/webp,*/*;q=0.8
2015-02-06 08:39:58,860 DEBUG org.restlet - User-Agent: Mozilla/5.0 (Macintosh; Intel Mac OS X 10_10_2) AppleWebKit/537.36 (KHTML, like Gecko) Chrome/40.0.2214.94 Safari/537.36
2015-02-06 08:39:58,860 DEBUG org.restlet - Accept-Encoding: gzip, deflate, sdch
2015-02-06 08:39:58,860 DEBUG org.restlet - Accept-Language: de-DE,de;q=0.8,en-US;q=0.6,en;q=0.4
2015-02-06 08:39:58,861 DEBUG org.restlet - Cookie: _ga=GA1.1.2008046251.1423204925
2015-02-06 08:39:58,861 DEBUG org.restlet - 
2015-02-06 08:39:58,862 DEBUG org.restlet - HttpInboundRequest::setHeaders, IPv4 hostDomain: localhost, hostPort: 2017
2015-02-06 08:39:58,884 INFO  de.twenty11.skysail.server.app.SkysailApplication - creating new Router in de.twenty11.skysail.server.app.SkysailRootApplication
2015-02-06 08:39:58,886 INFO  de.twenty11.skysail.server.app.SkysailApplication - adding extensions to metadata service
2015-02-06 08:39:58,886 INFO  de.twenty11.skysail.server.app.SkysailApplication - adding protocols
2015-02-06 08:39:58,887 DEBUG de.twenty11.skysail.server.app.SkysailApplication - attaching application-specific routes
2015-02-06 08:39:58,888 INFO  de.twenty11.skysail.server.core.restlet.SkysailRouter - routing path '/' -> Restlet 'Class'
2015-02-06 08:39:58,888 WARN  de.twenty11.skysail.server.core.restlet.SkysailRouter - please use a RouteBuilder to attach this resource: class de.twenty11.skysail.server.resources.DefaultResource
2015-02-06 08:39:58,889 INFO  de.twenty11.skysail.server.core.restlet.SkysailRouter - routing path '/_login' -> Restlet 'Class'
2015-02-06 08:39:58,890 WARN  de.twenty11.skysail.server.core.restlet.SkysailRouter - please use a RouteBuilder to attach this resource: class de.twenty11.skysail.server.resources.LoginResource
2015-02-06 08:39:58,892 INFO  de.twenty11.skysail.server.core.restlet.SkysailRouter - routing path '/_version' -> 'de.twenty11.skysail.server.security.AuthenticatedAuthorizer@48140a7b'
2015-02-06 08:39:58,892 INFO  de.twenty11.skysail.server.core.restlet.SkysailRouter - routing path '/_name' -> 'de.twenty11.skysail.server.security.AuthenticatedAuthorizer@75e7dc2e'
2015-02-06 08:39:58,893 INFO  de.twenty11.skysail.server.core.restlet.SkysailRouter - routing path '/_about' -> Restlet 'Class'
2015-02-06 08:39:58,893 WARN  de.twenty11.skysail.server.core.restlet.SkysailRouter - please use a RouteBuilder to attach this resource: class de.twenty11.skysail.server.resources.AboutResource
2015-02-06 08:39:58,894 INFO  de.twenty11.skysail.server.core.restlet.SkysailRouter - routing path '/_profile' -> 'de.twenty11.skysail.server.security.AuthenticatedAuthorizer@323e4088'
2015-02-06 08:39:58,896 INFO  de.twenty11.skysail.server.core.restlet.SkysailRouter - routing path '/_profile/password/' -> 'de.twenty11.skysail.server.security.AuthenticatedAuthorizer@7a0b58fd'
2015-02-06 08:39:58,897 INFO  de.twenty11.skysail.server.core.restlet.SkysailRouter - routing path '/_largetests' -> 'de.twenty11.skysail.server.security.AuthenticatedAuthorizer@4c133576'
2015-02-06 08:39:58,898 INFO  de.twenty11.skysail.server.core.restlet.SkysailRouter - routing path '/_largetests/{id}' -> 'de.twenty11.skysail.server.security.AuthenticatedAuthorizer@58164ab7'
2015-02-06 08:39:58,898 INFO  de.twenty11.skysail.server.core.restlet.SkysailRouter - routing path '/_iframe' -> 'de.twenty11.skysail.server.security.AuthenticatedAuthorizer@56ffd396'
2015-02-06 08:39:58,899 DEBUG de.twenty11.skysail.server.app.SkysailApplication - creating blocker...
2015-02-06 08:39:58,899 DEBUG de.twenty11.skysail.server.app.SkysailApplication - creating tracer...
2015-02-06 08:39:58,900 DEBUG de.twenty11.skysail.server.app.SkysailApplication - creating original request filter...
2015-02-06 08:39:58,900 DEBUG de.twenty11.skysail.server.app.SkysailApplication - determining authentication service...
2015-02-06 08:39:58,900 DEBUG de.twenty11.skysail.server.app.SkysailApplication - setting authenticationGuard from authentication service
2015-02-06 08:39:58,905 DEBUG LogService - Processing request to: "http://localhost:2017/"
2015-02-06 08:39:58,908 WARN  d.t.skysail.server.core.osgi.internal.EventHelper - eventAdmin is null, cannot fire Event
2015-02-06 08:39:58,913 DEBUG o.r.S.InternalRouter.SkysailRootApplication - Authentication failed. No credentials provided.
2015-02-06 08:39:58,919 DEBUG o.r.S.InternalRouter.SkysailRootApplication - Selected route: "/" -> Finder for DefaultResource
2015-02-06 08:39:58,919 DEBUG o.r.S.InternalRouter.SkysailRootApplication - New base URI: "http://localhost:2017/". No remaining part to match
2015-02-06 08:39:58,921 DEBUG de.twenty11.skysail.server.resources.DefaultResource - instanciation of DefaultResource
2015-02-06 08:39:58,945 DEBUG o.r.S.InternalRouter.SkysailRootApplication - Score of annotation "AnnotationInfo [javaMethod: public java.util.List de.twenty11.skysail.server.core.restlet.ListServerResource.getEntities(), resourceInterface: class de.twenty11.skysail.server.resources.DefaultResource, restletMethod: GET, input: html|json|csv|treeform, output: html|json|csv|treeform, query: null]"= 0.5
2015-02-06 08:39:58,945 DEBUG o.r.S.InternalRouter.SkysailRootApplication - Total score of variant "[text/html]"= 0.16666667
2015-02-06 08:39:58,946 DEBUG o.r.S.InternalRouter.SkysailRootApplication - Score of annotation "AnnotationInfo [javaMethod: public java.util.List de.twenty11.skysail.server.core.restlet.ListServerResource.getEntities(), resourceInterface: class de.twenty11.skysail.server.resources.DefaultResource, restletMethod: GET, input: html|json|csv|treeform, output: html|json|csv|treeform, query: null]"= 0.5
2015-02-06 08:39:58,946 DEBUG o.r.S.InternalRouter.SkysailRootApplication - Total score of variant "[application/json]"= 0.042416666
2015-02-06 08:39:58,946 DEBUG o.r.S.InternalRouter.SkysailRootApplication - Score of annotation "AnnotationInfo [javaMethod: public java.util.List de.twenty11.skysail.server.core.restlet.ListServerResource.getEntities(), resourceInterface: class de.twenty11.skysail.server.resources.DefaultResource, restletMethod: GET, input: html|json|csv|treeform, output: html|json|csv|treeform, query: null]"= 0.5
2015-02-06 08:39:58,946 DEBUG o.r.S.InternalRouter.SkysailRootApplication - Total score of variant "[text/csv]"= 0.042416666
2015-02-06 08:39:58,946 DEBUG o.r.S.InternalRouter.SkysailRootApplication - Score of annotation "AnnotationInfo [javaMethod: public java.util.List de.twenty11.skysail.server.core.restlet.ListServerResource.getEntities(), resourceInterface: class de.twenty11.skysail.server.resources.DefaultResource, restletMethod: GET, input: html|json|csv|treeform, output: html|json|csv|treeform, query: null]"= 0.5
2015-02-06 08:39:58,946 DEBUG o.r.S.InternalRouter.SkysailRootApplication - Total score of variant "[treeform/*]"= 0.041791666
2015-02-06 08:39:58,948 INFO  d.t.skysail.server.core.restlet.ListServerResource - Request entry point: DefaultResource @Get('html|json|csv|treeform')
2015-02-06 08:39:58,948 INFO  d.t.skysail.server.core.restlet.ListServerResource - calling getEntities, media types '[text/html:1.0, application/xhtml+xml:1.0, application/xml:0.9, image/webp:1.0, */*:0.8]'
2015-02-06 08:39:58,971 DEBUG d.t.s.s.core.restlet.filter.ExceptionCatchingFilter - entering ExceptionCatchingFilter#doHandle
2015-02-06 08:39:58,972 INFO  d.t.s.server.core.restlet.filter.AbstractResourceFilter - next filter in chain: AddApiVersionHeader
2015-02-06 08:39:58,972 INFO  d.t.s.server.core.restlet.filter.AbstractResourceFilter - next filter in chain: GetRequestPreFilterHook
2015-02-06 08:39:58,972 INFO  d.t.s.server.core.restlet.filter.AbstractResourceFilter - next filter in chain: AddRequestIdToResourceFilter
2015-02-06 08:39:58,972 INFO  d.t.s.server.core.restlet.filter.AbstractResourceFilter - next filter in chain: DataExtractingFilter
2015-02-06 08:39:58,972 DEBUG d.t.s.server.core.restlet.filter.DataExtractingFilter - entering DataExtractingFilter#doHandle
2015-02-06 08:39:58,973 INFO  d.t.s.server.core.restlet.filter.AbstractResourceFilter - next filter in chain: AddLinkheadersFilter
2015-02-06 08:39:58,973 INFO  d.t.s.server.core.restlet.filter.AbstractResourceFilter - next filter in chain: CheckFavoritesFilter
2015-02-06 08:39:58,973 INFO  d.t.s.server.core.restlet.filter.AbstractResourceFilter - next filter in chain: SetExecutionTimeInResponseFilter
2015-02-06 08:39:58,973 INFO  d.t.s.server.core.restlet.filter.AbstractResourceFilter - next filter in chain: RedirectFilter
2015-02-06 08:39:58,996 DEBUG org.apache.shiro.web.mgt.CookieRememberMeManager - SubjectContext argument is not an HTTP-aware instance.  This is required to obtain a servlet request and response in order to retrieve the rememberMe cookie. Returning immediately and ignoring rememberMe operation.
2015-02-06 08:39:59,009 INFO  d.t.s.server.ext.converter.st.StringTemplateConverter - converter 'StringTemplateConverter' matched '{text/html=0.95, treeform/*=1.0}' with threshold 0.95
2015-02-06 08:39:59,010 DEBUG o.r.S.InternalRouter.SkysailRootApplication - Converter selected for EmptyList: StringTemplateConverter
2015-02-06 08:39:59,015 INFO  de.twenty11.skysail.server.app.SourceWrapper - using converter 'ListSourceHtmlConverter' for EmptyList-Source: []
2015-02-06 08:39:59,016 INFO  d.t.s.server.ext.converter.st.StringTemplateConverter - reading templates from resource path '/templates/text/html'
2015-02-06 08:39:59,028 DEBUG d.t.skysail.server.ext.converter.st.STGroupBundleDir - resource does not exist in skysail.server [6.0.0.201502060646]: bundle://50.0:1/templates/de/twenty11/skysail/server/resources/DefaultResourceStg/index.st
2015-02-06 08:39:59,030 DEBUG d.t.skysail.server.ext.converter.st.STGroupBundleDir - resource does not exist in skysail.server [6.0.0.201502060646]: bundle://50.0:1/templates/index.st
2015-02-06 08:39:59,030 DEBUG d.t.skysail.server.ext.converter.st.STGroupBundleDir - resource does not exist in skysail.server.ext.converter.st [2.0.0.201502060646]: bundle://51.0:1/templates/text/html/de/twenty11/skysail/server/resources/DefaultResourceStg/index.st
2015-02-06 08:39:59,031 DEBUG d.t.skysail.server.ext.converter.st.STGroupBundleDir - found resource in skysail.server.ext.converter.st [2.0.0.201502060646]: bundle://51.0:1/templates/text/html/index.st
2015-02-06 08:39:59,140 DEBUG d.t.skysail.server.ext.converter.st.STGroupBundleDir - resource does not exist in skysail.server [6.0.0.201502060646]: bundle://50.0:1/templates/de/twenty11/skysail/server/resources/DefaultResourceStg/select2JsHead.st
2015-02-06 08:39:59,141 DEBUG d.t.skysail.server.ext.converter.st.STGroupBundleDir - resource does not exist in skysail.server [6.0.0.201502060646]: bundle://50.0:1/templates/select2JsHead.st
2015-02-06 08:39:59,142 DEBUG d.t.skysail.server.ext.converter.st.STGroupBundleDir - resource does not exist in skysail.server.ext.converter.st [2.0.0.201502060646]: bundle://51.0:1/templates/text/html/de/twenty11/skysail/server/resources/DefaultResourceStg/select2JsHead.st
2015-02-06 08:39:59,143 DEBUG d.t.skysail.server.ext.converter.st.STGroupBundleDir - found resource in skysail.server.ext.converter.st [2.0.0.201502060646]: bundle://51.0:1/templates/text/html/select2JsHead.stg
2015-02-06 08:39:59,227 DEBUG d.t.skysail.server.ext.converter.st.STGroupBundleDir - resource does not exist in skysail.server [6.0.0.201502060646]: bundle://50.0:1/templates/de/twenty11/skysail/server/resources/DefaultResourceStg/_sub1.st
2015-02-06 08:39:59,228 DEBUG d.t.skysail.server.ext.converter.st.STGroupBundleDir - resource does not exist in skysail.server [6.0.0.201502060646]: bundle://50.0:1/templates/_sub1.st
2015-02-06 08:39:59,230 DEBUG d.t.skysail.server.ext.converter.st.STGroupBundleDir - resource does not exist in skysail.server [6.0.0.201502060646]: bundle://50.0:1/templates/de/twenty11/skysail/server/resources/DefaultResourceStg/endOfHeaderJS.st
2015-02-06 08:39:59,231 DEBUG d.t.skysail.server.ext.converter.st.STGroupBundleDir - resource does not exist in skysail.server [6.0.0.201502060646]: bundle://50.0:1/templates/endOfHeaderJS.st
2015-02-06 08:39:59,232 DEBUG d.t.skysail.server.ext.converter.st.STGroupBundleDir - resource does not exist in skysail.server.ext.converter.st [2.0.0.201502060646]: bundle://51.0:1/templates/text/html/de/twenty11/skysail/server/resources/DefaultResourceStg/endOfHeaderJS.st
2015-02-06 08:39:59,232 DEBUG d.t.skysail.server.ext.converter.st.STGroupBundleDir - found resource in skysail.server.ext.converter.st [2.0.0.201502060646]: bundle://51.0:1/templates/text/html/endOfHeaderJS.stg
2015-02-06 08:39:59,237 DEBUG d.t.skysail.server.ext.converter.st.STGroupBundleDir - resource does not exist in skysail.server [6.0.0.201502060646]: bundle://50.0:1/templates/de/twenty11/skysail/server/resources/DefaultResourceStg/dropdownFrontendsNav.st
2015-02-06 08:39:59,237 DEBUG d.t.skysail.server.ext.converter.st.STGroupBundleDir - resource does not exist in skysail.server [6.0.0.201502060646]: bundle://50.0:1/templates/dropdownFrontendsNav.st
2015-02-06 08:39:59,238 DEBUG d.t.skysail.server.ext.converter.st.STGroupBundleDir - resource does not exist in skysail.server.ext.converter.st [2.0.0.201502060646]: bundle://51.0:1/templates/text/html/de/twenty11/skysail/server/resources/DefaultResourceStg/dropdownFrontendsNav.st
2015-02-06 08:39:59,238 DEBUG d.t.skysail.server.ext.converter.st.STGroupBundleDir - found resource in skysail.server.ext.converter.st [2.0.0.201502060646]: bundle://51.0:1/templates/text/html/dropdownFrontendsNav.stg
2015-02-06 08:39:59,248 DEBUG d.t.skysail.server.ext.converter.st.STGroupBundleDir - resource does not exist in skysail.server [6.0.0.201502060646]: bundle://50.0:1/templates/de/twenty11/skysail/server/resources/DefaultResourceStg/dropdownApplicationsNav.st
2015-02-06 08:39:59,249 DEBUG d.t.skysail.server.ext.converter.st.STGroupBundleDir - resource does not exist in skysail.server [6.0.0.201502060646]: bundle://50.0:1/templates/dropdownApplicationsNav.st
2015-02-06 08:39:59,250 DEBUG d.t.skysail.server.ext.converter.st.STGroupBundleDir - resource does not exist in skysail.server.ext.converter.st [2.0.0.201502060646]: bundle://51.0:1/templates/text/html/de/twenty11/skysail/server/resources/DefaultResourceStg/dropdownApplicationsNav.st
2015-02-06 08:39:59,250 DEBUG d.t.skysail.server.ext.converter.st.STGroupBundleDir - found resource in skysail.server.ext.converter.st [2.0.0.201502060646]: bundle://51.0:1/templates/text/html/dropdownApplicationsNav.stg
2015-02-06 08:39:59,253 DEBUG d.t.skysail.server.ext.converter.st.STGroupBundleDir - resource does not exist in skysail.server [6.0.0.201502060646]: bundle://50.0:1/templates/de/twenty11/skysail/server/resources/DefaultResourceStg/dropdownAdminNav.st
2015-02-06 08:39:59,253 DEBUG d.t.skysail.server.ext.converter.st.STGroupBundleDir - resource does not exist in skysail.server [6.0.0.201502060646]: bundle://50.0:1/templates/dropdownAdminNav.st
2015-02-06 08:39:59,254 DEBUG d.t.skysail.server.ext.converter.st.STGroupBundleDir - resource does not exist in skysail.server.ext.converter.st [2.0.0.201502060646]: bundle://51.0:1/templates/text/html/de/twenty11/skysail/server/resources/DefaultResourceStg/dropdownAdminNav.st
2015-02-06 08:39:59,255 DEBUG d.t.skysail.server.ext.converter.st.STGroupBundleDir - found resource in skysail.server.ext.converter.st [2.0.0.201502060646]: bundle://51.0:1/templates/text/html/dropdownAdminNav.stg
2015-02-06 08:39:59,261 DEBUG d.t.skysail.server.ext.converter.st.STGroupBundleDir - resource does not exist in skysail.server [6.0.0.201502060646]: bundle://50.0:1/templates/de/twenty11/skysail/server/resources/DefaultResourceStg/breadcrumb.st
2015-02-06 08:39:59,262 DEBUG d.t.skysail.server.ext.converter.st.STGroupBundleDir - resource does not exist in skysail.server [6.0.0.201502060646]: bundle://50.0:1/templates/breadcrumb.st
2015-02-06 08:39:59,263 DEBUG d.t.skysail.server.ext.converter.st.STGroupBundleDir - resource does not exist in skysail.server.ext.converter.st [2.0.0.201502060646]: bundle://51.0:1/templates/text/html/de/twenty11/skysail/server/resources/DefaultResourceStg/breadcrumb.st
2015-02-06 08:39:59,263 DEBUG d.t.skysail.server.ext.converter.st.STGroupBundleDir - found resource in skysail.server.ext.converter.st [2.0.0.201502060646]: bundle://51.0:1/templates/text/html/breadcrumb.stg
2015-02-06 08:39:59,274 DEBUG d.t.skysail.server.ext.converter.st.STGroupBundleDir - resource does not exist in skysail.server [6.0.0.201502060646]: bundle://50.0:1/templates/de/twenty11/skysail/server/resources/DefaultResourceStg/_sub6.st
2015-02-06 08:39:59,275 DEBUG d.t.skysail.server.ext.converter.st.STGroupBundleDir - resource does not exist in skysail.server [6.0.0.201502060646]: bundle://50.0:1/templates/_sub6.st
2015-02-06 08:39:59,277 DEBUG d.t.skysail.server.ext.converter.st.STGroupBundleDir - resource does not exist in skysail.server [6.0.0.201502060646]: bundle://50.0:1/templates/de/twenty11/skysail/server/resources/DefaultResourceStg/handleSingleBreadcrumb.st
2015-02-06 08:39:59,278 DEBUG d.t.skysail.server.ext.converter.st.STGroupBundleDir - resource does not exist in skysail.server [6.0.0.201502060646]: bundle://50.0:1/templates/handleSingleBreadcrumb.st
2015-02-06 08:39:59,279 DEBUG d.t.skysail.server.ext.converter.st.STGroupBundleDir - resource does not exist in skysail.server [6.0.0.201502060646]: bundle://50.0:1/templates/de/twenty11/skysail/server/resources/DefaultResourceStg/appNavTitle.st
2015-02-06 08:39:59,280 DEBUG d.t.skysail.server.ext.converter.st.STGroupBundleDir - resource does not exist in skysail.server [6.0.0.201502060646]: bundle://50.0:1/templates/appNavTitle.st
2015-02-06 08:39:59,282 DEBUG d.t.skysail.server.ext.converter.st.STGroupBundleDir - resource does not exist in skysail.server.ext.converter.st [2.0.0.201502060646]: bundle://51.0:1/templates/text/html/de/twenty11/skysail/server/resources/DefaultResourceStg/appNavTitle.st
2015-02-06 08:39:59,282 DEBUG d.t.skysail.server.ext.converter.st.STGroupBundleDir - found resource in skysail.server.ext.converter.st [2.0.0.201502060646]: bundle://51.0:1/templates/text/html/appNavTitle.stg
2015-02-06 08:39:59,288 DEBUG d.t.skysail.server.ext.converter.st.STGroupBundleDir - resource does not exist in skysail.server [6.0.0.201502060646]: bundle://50.0:1/templates/de/twenty11/skysail/server/resources/DefaultResourceStg/menuNav.st
2015-02-06 08:39:59,295 DEBUG d.t.skysail.server.ext.converter.st.STGroupBundleDir - resource does not exist in skysail.server [6.0.0.201502060646]: bundle://50.0:1/templates/menuNav.st
2015-02-06 08:39:59,296 DEBUG d.t.skysail.server.ext.converter.st.STGroupBundleDir - resource does not exist in skysail.server.ext.converter.st [2.0.0.201502060646]: bundle://51.0:1/templates/text/html/de/twenty11/skysail/server/resources/DefaultResourceStg/menuNav.st
2015-02-06 08:39:59,297 DEBUG d.t.skysail.server.ext.converter.st.STGroupBundleDir - found resource in skysail.server.ext.converter.st [2.0.0.201502060646]: bundle://51.0:1/templates/text/html/menuNav.stg
2015-02-06 08:39:59,300 DEBUG d.t.skysail.server.ext.converter.st.STGroupBundleDir - resource does not exist in skysail.server [6.0.0.201502060646]: bundle://50.0:1/templates/de/twenty11/skysail/server/resources/DefaultResourceStg/_sub7.st
2015-02-06 08:39:59,301 DEBUG d.t.skysail.server.ext.converter.st.STGroupBundleDir - resource does not exist in skysail.server [6.0.0.201502060646]: bundle://50.0:1/templates/_sub7.st
2015-02-06 08:39:59,302 DEBUG d.t.skysail.server.ext.converter.st.STGroupBundleDir - resource does not exist in skysail.server [6.0.0.201502060646]: bundle://50.0:1/templates/de/twenty11/skysail/server/resources/DefaultResourceStg/linkAsButton.st
2015-02-06 08:39:59,304 DEBUG d.t.skysail.server.ext.converter.st.STGroupBundleDir - resource does not exist in skysail.server [6.0.0.201502060646]: bundle://50.0:1/templates/linkAsButton.st
2015-02-06 08:39:59,307 DEBUG d.t.skysail.server.ext.converter.st.STGroupBundleDir - resource does not exist in skysail.server [6.0.0.201502060646]: bundle://50.0:1/templates/de/twenty11/skysail/server/resources/DefaultResourceStg/linkAsButton.st
2015-02-06 08:39:59,308 DEBUG d.t.skysail.server.ext.converter.st.STGroupBundleDir - resource does not exist in skysail.server [6.0.0.201502060646]: bundle://50.0:1/templates/linkAsButton.st
2015-02-06 08:39:59,310 DEBUG d.t.skysail.server.ext.converter.st.STGroupBundleDir - resource does not exist in skysail.server [6.0.0.201502060646]: bundle://50.0:1/templates/de/twenty11/skysail/server/resources/DefaultResourceStg/mainContent.st
2015-02-06 08:39:59,311 DEBUG d.t.skysail.server.ext.converter.st.STGroupBundleDir - resource does not exist in skysail.server [6.0.0.201502060646]: bundle://50.0:1/templates/mainContent.st
2015-02-06 08:39:59,312 DEBUG d.t.skysail.server.ext.converter.st.STGroupBundleDir - resource does not exist in skysail.server.ext.converter.st [2.0.0.201502060646]: bundle://51.0:1/templates/text/html/de/twenty11/skysail/server/resources/DefaultResourceStg/mainContent.st
2015-02-06 08:39:59,312 DEBUG d.t.skysail.server.ext.converter.st.STGroupBundleDir - found resource in skysail.server.ext.converter.st [2.0.0.201502060646]: bundle://51.0:1/templates/text/html/mainContent.stg
2015-02-06 08:39:59,318 DEBUG d.t.skysail.server.ext.converter.st.STGroupBundleDir - resource does not exist in skysail.server [6.0.0.201502060646]: bundle://50.0:1/templates/de/twenty11/skysail/server/resources/DefaultResourceStg/appNav.st
2015-02-06 08:39:59,319 DEBUG d.t.skysail.server.ext.converter.st.STGroupBundleDir - resource does not exist in skysail.server [6.0.0.201502060646]: bundle://50.0:1/templates/appNav.st
2015-02-06 08:39:59,321 DEBUG d.t.skysail.server.ext.converter.st.STGroupBundleDir - resource does not exist in skysail.server.ext.converter.st [2.0.0.201502060646]: bundle://51.0:1/templates/text/html/de/twenty11/skysail/server/resources/DefaultResourceStg/appNav.st
2015-02-06 08:39:59,321 DEBUG d.t.skysail.server.ext.converter.st.STGroupBundleDir - found resource in skysail.server.ext.converter.st [2.0.0.201502060646]: bundle://51.0:1/templates/text/html/appNav.stg
2015-02-06 08:39:59,325 DEBUG d.t.skysail.server.ext.converter.st.STGroupBundleDir - resource does not exist in skysail.server [6.0.0.201502060646]: bundle://50.0:1/templates/de/twenty11/skysail/server/resources/DefaultResourceStg/_sub8.st
2015-02-06 08:39:59,327 DEBUG d.t.skysail.server.ext.converter.st.STGroupBundleDir - resource does not exist in skysail.server [6.0.0.201502060646]: bundle://50.0:1/templates/_sub8.st
2015-02-06 08:39:59,328 DEBUG d.t.skysail.server.ext.converter.st.STGroupBundleDir - resource does not exist in skysail.server [6.0.0.201502060646]: bundle://50.0:1/templates/de/twenty11/skysail/server/resources/DefaultResourceStg/applinkAsButton.st
2015-02-06 08:39:59,330 DEBUG d.t.skysail.server.ext.converter.st.STGroupBundleDir - resource does not exist in skysail.server [6.0.0.201502060646]: bundle://50.0:1/templates/applinkAsButton.st
2015-02-06 08:39:59,332 DEBUG d.t.skysail.server.ext.converter.st.STGroupBundleDir - resource does not exist in skysail.server [6.0.0.201502060646]: bundle://50.0:1/templates/de/twenty11/skysail/server/resources/DefaultResourceStg/applinkAsButton.st
2015-02-06 08:39:59,335 DEBUG d.t.skysail.server.ext.converter.st.STGroupBundleDir - resource does not exist in skysail.server [6.0.0.201502060646]: bundle://50.0:1/templates/applinkAsButton.st
2015-02-06 08:39:59,337 DEBUG d.t.skysail.server.ext.converter.st.STGroupBundleDir - resource does not exist in skysail.server [6.0.0.201502060646]: bundle://50.0:1/templates/de/twenty11/skysail/server/resources/DefaultResourceStg/contentHeader.st
2015-02-06 08:39:59,339 DEBUG d.t.skysail.server.ext.converter.st.STGroupBundleDir - resource does not exist in skysail.server [6.0.0.201502060646]: bundle://50.0:1/templates/contentHeader.st
2015-02-06 08:39:59,340 DEBUG d.t.skysail.server.ext.converter.st.STGroupBundleDir - resource does not exist in skysail.server.ext.converter.st [2.0.0.201502060646]: bundle://51.0:1/templates/text/html/de/twenty11/skysail/server/resources/DefaultResourceStg/contentHeader.st
2015-02-06 08:39:59,341 DEBUG d.t.skysail.server.ext.converter.st.STGroupBundleDir - found resource in skysail.server.ext.converter.st [2.0.0.201502060646]: bundle://51.0:1/templates/text/html/contentHeader.st
2015-02-06 08:39:59,350 DEBUG d.t.skysail.server.ext.converter.st.STGroupBundleDir - resource does not exist in skysail.server [6.0.0.201502060646]: bundle://50.0:1/templates/de/twenty11/skysail/server/resources/DefaultResourceStg/renderTable.st
2015-02-06 08:39:59,352 DEBUG d.t.skysail.server.ext.converter.st.STGroupBundleDir - resource does not exist in skysail.server [6.0.0.201502060646]: bundle://50.0:1/templates/renderTable.st
2015-02-06 08:39:59,355 DEBUG d.t.skysail.server.ext.converter.st.STGroupBundleDir - resource does not exist in skysail.server.ext.converter.st [2.0.0.201502060646]: bundle://51.0:1/templates/text/html/de/twenty11/skysail/server/resources/DefaultResourceStg/renderTable.st
2015-02-06 08:39:59,355 DEBUG d.t.skysail.server.ext.converter.st.STGroupBundleDir - found resource in skysail.server.ext.converter.st [2.0.0.201502060646]: bundle://51.0:1/templates/text/html/renderTable.stg
2015-02-06 08:39:59,361 DEBUG d.t.skysail.server.ext.converter.st.STGroupBundleDir - resource does not exist in skysail.server [6.0.0.201502060646]: bundle://50.0:1/templates/de/twenty11/skysail/server/resources/DefaultResourceStg/renderHeader.st
2015-02-06 08:39:59,362 DEBUG d.t.skysail.server.ext.converter.st.STGroupBundleDir - resource does not exist in skysail.server [6.0.0.201502060646]: bundle://50.0:1/templates/renderHeader.st
2015-02-06 08:39:59,363 DEBUG d.t.skysail.server.ext.converter.st.STGroupBundleDir - resource does not exist in skysail.server [6.0.0.201502060646]: bundle://50.0:1/templates/de/twenty11/skysail/server/resources/DefaultResourceStg/_sub11.st
2015-02-06 08:39:59,364 DEBUG d.t.skysail.server.ext.converter.st.STGroupBundleDir - resource does not exist in skysail.server [6.0.0.201502060646]: bundle://50.0:1/templates/_sub11.st
2015-02-06 08:39:59,365 DEBUG d.t.skysail.server.ext.converter.st.STGroupBundleDir - resource does not exist in skysail.server [6.0.0.201502060646]: bundle://50.0:1/templates/de/twenty11/skysail/server/resources/DefaultResourceStg/_sub9.st
2015-02-06 08:39:59,366 DEBUG d.t.skysail.server.ext.converter.st.STGroupBundleDir - resource does not exist in skysail.server [6.0.0.201502060646]: bundle://50.0:1/templates/_sub9.st
2015-02-06 08:39:59,368 DEBUG d.t.skysail.server.ext.converter.st.STGroupBundleDir - resource does not exist in skysail.server [6.0.0.201502060646]: bundle://50.0:1/templates/de/twenty11/skysail/server/resources/DefaultResourceStg/notifications.st
2015-02-06 08:39:59,368 DEBUG d.t.skysail.server.ext.converter.st.STGroupBundleDir - resource does not exist in skysail.server [6.0.0.201502060646]: bundle://50.0:1/templates/notifications.st
2015-02-06 08:39:59,369 DEBUG d.t.skysail.server.ext.converter.st.STGroupBundleDir - resource does not exist in skysail.server.ext.converter.st [2.0.0.201502060646]: bundle://51.0:1/templates/text/html/de/twenty11/skysail/server/resources/DefaultResourceStg/notifications.st
2015-02-06 08:39:59,369 DEBUG d.t.skysail.server.ext.converter.st.STGroupBundleDir - found resource in skysail.server.ext.converter.st [2.0.0.201502060646]: bundle://51.0:1/templates/text/html/notifications.stg
2015-02-06 08:39:59,374 DEBUG d.t.skysail.server.ext.converter.st.STGroupBundleDir - resource does not exist in skysail.server [6.0.0.201502060646]: bundle://50.0:1/templates/de/twenty11/skysail/server/resources/DefaultResourceStg/_sub12.st
2015-02-06 08:39:59,375 DEBUG d.t.skysail.server.ext.converter.st.STGroupBundleDir - resource does not exist in skysail.server [6.0.0.201502060646]: bundle://50.0:1/templates/_sub12.st
2015-02-06 08:39:59,377 DEBUG d.t.skysail.server.ext.converter.st.STGroupBundleDir - resource does not exist in skysail.server [6.0.0.201502060646]: bundle://50.0:1/templates/de/twenty11/skysail/server/resources/DefaultResourceStg/select2JsEndOfBody.st
2015-02-06 08:39:59,378 DEBUG d.t.skysail.server.ext.converter.st.STGroupBundleDir - resource does not exist in skysail.server [6.0.0.201502060646]: bundle://50.0:1/templates/select2JsEndOfBody.st
2015-02-06 08:39:59,379 DEBUG d.t.skysail.server.ext.converter.st.STGroupBundleDir - resource does not exist in skysail.server.ext.converter.st [2.0.0.201502060646]: bundle://51.0:1/templates/text/html/de/twenty11/skysail/server/resources/DefaultResourceStg/select2JsEndOfBody.st
2015-02-06 08:39:59,380 DEBUG d.t.skysail.server.ext.converter.st.STGroupBundleDir - found resource in skysail.server.ext.converter.st [2.0.0.201502060646]: bundle://51.0:1/templates/text/html/select2JsEndOfBody.stg
2015-02-06 08:39:59,383 DEBUG d.t.skysail.server.ext.converter.st.STGroupBundleDir - resource does not exist in skysail.server [6.0.0.201502060646]: bundle://50.0:1/templates/de/twenty11/skysail/server/resources/DefaultResourceStg/_sub13.st
2015-02-06 08:39:59,385 DEBUG d.t.skysail.server.ext.converter.st.STGroupBundleDir - resource does not exist in skysail.server [6.0.0.201502060646]: bundle://50.0:1/templates/_sub13.st
2015-02-06 08:39:59,387 INFO  LogService - 2015-02-06	08:39:59	0:0:0:0:0:0:0:1	-	-	2017	GET	/	-	200	6076	0	482	http://localhost:2017	Mozilla/5.0 (Macintosh; Intel Mac OS X 10_10_2) AppleWebKit/537.36 (KHTML, like Gecko) Chrome/40.0.2214.94 Safari/537.36	-
2015-02-06 08:39:59,389 DEBUG org.restlet - Writing message to /0:0:0:0:0:0:0:1:54921
2015-02-06 08:39:59,395 DEBUG org.restlet - HTTP/1.1 200 OK
2015-02-06 08:39:59,408 DEBUG org.restlet - Date: Fri, 06 Feb 2015 07:39:59 GMT
2015-02-06 08:39:59,409 DEBUG org.restlet - Accept-Ranges: bytes
2015-02-06 08:39:59,409 DEBUG org.restlet - Server: Restlet-Framework/2.1.7
2015-02-06 08:39:59,409 DEBUG org.restlet - Vary: Accept-Charset, Accept-Encoding, Accept-Language, Accept
2015-02-06 08:39:59,409 DEBUG org.restlet - X-Duration: 68
2015-02-06 08:39:59,409 DEBUG org.restlet - Link: </_login>; rel="create-form"; title="Login form"; verbs="GET",</usermanagement/registrations/>; rel="create-form"; title="Register new User"; verbs="GET"
2015-02-06 08:39:59,409 DEBUG org.restlet - X-Api-Version: 1
2015-02-06 08:39:59,409 DEBUG org.restlet - Content-Length: 6076
2015-02-06 08:39:59,409 DEBUG org.restlet - Content-Type: text/html; charset=UTF-8
2015-02-06 08:39:59,413 DEBUG org.restlet - 
2015-02-06 08:39:59,463 DEBUG org.restlet - GET /static/themes/jstree/style.min.css HTTP/1.1
2015-02-06 08:39:59,463 DEBUG org.restlet - Reading message from /0:0:0:0:0:0:0:1:54921
2015-02-06 08:39:59,463 DEBUG org.restlet - Host: localhost:2017
2015-02-06 08:39:59,463 DEBUG org.restlet - Connection: keep-alive
2015-02-06 08:39:59,463 DEBUG org.restlet - Accept: text/css,*/*;q=0.1
2015-02-06 08:39:59,463 DEBUG org.restlet - User-Agent: Mozilla/5.0 (Macintosh; Intel Mac OS X 10_10_2) AppleWebKit/537.36 (KHTML, like Gecko) Chrome/40.0.2214.94 Safari/537.36
2015-02-06 08:39:59,463 DEBUG org.restlet - Referer: http://localhost:2017/
2015-02-06 08:39:59,463 DEBUG org.restlet - Accept-Encoding: gzip, deflate, sdch
2015-02-06 08:39:59,464 DEBUG org.restlet - Accept-Language: de-DE,de;q=0.8,en-US;q=0.6,en;q=0.4
2015-02-06 08:39:59,464 DEBUG org.restlet - Cookie: _ga=GA1.1.2008046251.1423204925
2015-02-06 08:39:59,464 DEBUG org.restlet - 
2015-02-06 08:39:59,464 DEBUG org.restlet.SkysailComponent.LogFilter - HttpInboundRequest::setHeaders, IPv4 hostDomain: localhost, hostPort: 2017
2015-02-06 08:39:59,466 DEBUG org.restlet - GET /static/js/mousetrap/mousetrap.min.js HTTP/1.1
2015-02-06 08:39:59,467 DEBUG org.restlet - Reading message from /0:0:0:0:0:0:0:1:54922
2015-02-06 08:39:59,467 DEBUG LogService - Processing request to: "http://localhost:2017/static/themes/jstree/style.min.css"
2015-02-06 08:39:59,467 DEBUG org.restlet - Host: localhost:2017
2015-02-06 08:39:59,467 DEBUG org.restlet - Connection: keep-alive
2015-02-06 08:39:59,467 DEBUG org.restlet - Accept: */*
2015-02-06 08:39:59,467 DEBUG org.restlet - User-Agent: Mozilla/5.0 (Macintosh; Intel Mac OS X 10_10_2) AppleWebKit/537.36 (KHTML, like Gecko) Chrome/40.0.2214.94 Safari/537.36
2015-02-06 08:39:59,467 DEBUG org.restlet - Referer: http://localhost:2017/
2015-02-06 08:39:59,467 DEBUG org.restlet - Accept-Encoding: gzip, deflate, sdch
2015-02-06 08:39:59,467 DEBUG org.restlet - Accept-Language: de-DE,de;q=0.8,en-US;q=0.6,en;q=0.4
2015-02-06 08:39:59,467 DEBUG org.restlet - Cookie: _ga=GA1.1.2008046251.1423204925
2015-02-06 08:39:59,467 DEBUG org.restlet - 
2015-02-06 08:39:59,467 DEBUG org.restlet.SkysailComponent.LogFilter - HttpInboundRequest::setHeaders, IPv4 hostDomain: localhost, hostPort: 2017
2015-02-06 08:39:59,468 DEBUG org.restlet - GET /static/js/jstree/jstree.min.js HTTP/1.1
2015-02-06 08:39:59,468 DEBUG LogService - Processing request to: "http://localhost:2017/static/js/mousetrap/mousetrap.min.js"
2015-02-06 08:39:59,468 DEBUG org.restlet - Reading message from /0:0:0:0:0:0:0:1:54923
2015-02-06 08:39:59,469 DEBUG org.restlet - Host: localhost:2017
2015-02-06 08:39:59,469 DEBUG org.restlet - Connection: keep-alive
2015-02-06 08:39:59,469 DEBUG org.restlet - Accept: */*
2015-02-06 08:39:59,469 DEBUG org.restlet - User-Agent: Mozilla/5.0 (Macintosh; Intel Mac OS X 10_10_2) AppleWebKit/537.36 (KHTML, like Gecko) Chrome/40.0.2214.94 Safari/537.36
2015-02-06 08:39:59,469 DEBUG org.restlet - Referer: http://localhost:2017/
2015-02-06 08:39:59,469 DEBUG org.restlet - Accept-Encoding: gzip, deflate, sdch
2015-02-06 08:39:59,469 DEBUG org.restlet - Accept-Language: de-DE,de;q=0.8,en-US;q=0.6,en;q=0.4
2015-02-06 08:39:59,469 DEBUG org.restlet - Cookie: _ga=GA1.1.2008046251.1423204925
2015-02-06 08:39:59,469 WARN  d.t.skysail.server.core.osgi.internal.EventHelper - eventAdmin is null, cannot fire Event
2015-02-06 08:39:59,469 DEBUG org.restlet - 
2015-02-06 08:39:59,470 DEBUG org.restlet.SkysailComponent.LogFilter - HttpInboundRequest::setHeaders, IPv4 hostDomain: localhost, hostPort: 2017
2015-02-06 08:39:59,470 DEBUG o.r.S.InternalRouter.SkysailRootApplication - Authentication failed. No credentials provided.
2015-02-06 08:39:59,471 DEBUG LogService - Processing request to: "http://localhost:2017/static/js/jstree/jstree.min.js"
2015-02-06 08:39:59,472 WARN  d.t.skysail.server.core.osgi.internal.EventHelper - eventAdmin is null, cannot fire Event
2015-02-06 08:39:59,473 DEBUG o.r.S.InternalRouter.SkysailRootApplication - Authentication failed. No credentials provided.
2015-02-06 08:39:59,473 DEBUG o.r.S.InternalRouter.SkysailRootApplication - The default route was selected
2015-02-06 08:39:59,473 DEBUG o.r.S.InternalRouter.SkysailRootApplication - The default route was selected
2015-02-06 08:39:59,474 INFO  LogService - 2015-02-06	08:39:59	0:0:0:0:0:0:0:1	-	-	2017	GET	/static/js/jstree/jstree.min.js	-	404	439	0	3	http://localhost:2017	Mozilla/5.0 (Macintosh; Intel Mac OS X 10_10_2) AppleWebKit/537.36 (KHTML, like Gecko) Chrome/40.0.2214.94 Safari/537.36	http://localhost:2017/
2015-02-06 08:39:59,474 INFO  LogService - 2015-02-06	08:39:59	0:0:0:0:0:0:0:1	-	-	2017	GET	/static/js/mousetrap/mousetrap.min.js	-	404	439	0	5	http://localhost:2017	Mozilla/5.0 (Macintosh; Intel Mac OS X 10_10_2) AppleWebKit/537.36 (KHTML, like Gecko) Chrome/40.0.2214.94 Safari/537.36	http://localhost:2017/
2015-02-06 08:39:59,474 WARN  d.t.skysail.server.core.osgi.internal.EventHelper - eventAdmin is null, cannot fire Event
2015-02-06 08:39:59,476 DEBUG org.restlet - Writing message to /0:0:0:0:0:0:0:1:54922
2015-02-06 08:39:59,476 DEBUG org.restlet - HTTP/1.1 404 Not Found
2015-02-06 08:39:59,476 DEBUG o.r.S.InternalRouter.SkysailRootApplication - Authentication failed. No credentials provided.
2015-02-06 08:39:59,477 DEBUG org.restlet - Date: Fri, 06 Feb 2015 07:39:59 GMT
2015-02-06 08:39:59,477 DEBUG org.restlet - Accept-Ranges: bytes
2015-02-06 08:39:59,477 DEBUG org.restlet - Server: Restlet-Framework/2.1.7
2015-02-06 08:39:59,477 DEBUG o.r.S.InternalRouter.SkysailRootApplication - The default route was selected
2015-02-06 08:39:59,477 DEBUG org.restlet - Content-Length: 439
2015-02-06 08:39:59,477 DEBUG org.restlet - Content-Type: text/html; charset=UTF-8
2015-02-06 08:39:59,477 DEBUG org.restlet - 
2015-02-06 08:39:59,477 DEBUG org.restlet - Writing message to /0:0:0:0:0:0:0:1:54923
2015-02-06 08:39:59,477 DEBUG org.restlet - HTTP/1.1 404 Not Found
2015-02-06 08:39:59,477 INFO  LogService - 2015-02-06	08:39:59	0:0:0:0:0:0:0:1	-	-	2017	GET	/static/themes/jstree/style.min.css	-	404	439	0	11	http://localhost:2017	Mozilla/5.0 (Macintosh; Intel Mac OS X 10_10_2) AppleWebKit/537.36 (KHTML, like Gecko) Chrome/40.0.2214.94 Safari/537.36	http://localhost:2017/
2015-02-06 08:39:59,479 DEBUG org.restlet - Date: Fri, 06 Feb 2015 07:39:59 GMT
2015-02-06 08:39:59,479 DEBUG org.restlet - Accept-Ranges: bytes
2015-02-06 08:39:59,479 DEBUG org.restlet - Server: Restlet-Framework/2.1.7
2015-02-06 08:39:59,479 DEBUG org.restlet - Content-Length: 439
2015-02-06 08:39:59,479 DEBUG org.restlet - Content-Type: text/html; charset=UTF-8
2015-02-06 08:39:59,479 DEBUG org.restlet - 
2015-02-06 08:39:59,479 DEBUG org.restlet - Writing message to /0:0:0:0:0:0:0:1:54921
2015-02-06 08:39:59,479 DEBUG org.restlet - HTTP/1.1 404 Not Found
2015-02-06 08:39:59,480 DEBUG org.restlet - Date: Fri, 06 Feb 2015 07:39:59 GMT
2015-02-06 08:39:59,480 DEBUG org.restlet - Accept-Ranges: bytes
2015-02-06 08:39:59,480 DEBUG org.restlet - Server: Restlet-Framework/2.1.7
2015-02-06 08:39:59,480 DEBUG org.restlet - Content-Length: 439
2015-02-06 08:39:59,480 DEBUG org.restlet - Content-Type: text/html; charset=UTF-8
2015-02-06 08:39:59,480 DEBUG org.restlet - 
2015-02-06 08:40:08,579 DEBUG org.restlet - Connection to /0:0:0:0:0:0:0:1:54924 is now closed
2015-02-06 08:41:08,600 DEBUG org.restlet - Closing server connection with "/0:0:0:0:0:0:0:1:54921" due to lack of activity during 60000 ms
2015-02-06 08:41:08,600 DEBUG org.restlet - Connection to /0:0:0:0:0:0:0:1:54921 is now closed
2015-02-06 08:41:08,600 DEBUG org.restlet - Closing server connection with "/0:0:0:0:0:0:0:1:54922" due to lack of activity during 60000 ms
2015-02-06 08:41:08,601 DEBUG org.restlet - Connection to /0:0:0:0:0:0:0:1:54922 is now closed
2015-02-06 08:41:08,601 DEBUG org.restlet - Closing server connection with "/0:0:0:0:0:0:0:1:54923" due to lack of activity during 60000 ms
2015-02-06 08:41:08,601 DEBUG org.restlet - Connection to /0:0:0:0:0:0:0:1:54923 is now closed
