INFO  d.t.skysail.server.core.restlet.SkysailConverterHelper - initializing new converter 'ServerSentEventsConverter' with typesMatch '{text/event-stream=1.0}'
INFO  io.skysail.server.db.DbConfigurations - activating DbConfigurations with config DbConfig(name=skysail, driver=, url=plocal:db/todos, username=)
INFO  de.twenty11.skysail.server.app.SkysailApplication - Instanciating new Skysail Application 'WebappApplication'
INFO  de.twenty11.skysail.server.app.SkysailApplication - Activating Application io.skysail.server.converter.WebappApplication
INFO  de.twenty11.skysail.server.app.ApplicationList - ======================================================
INFO  de.twenty11.skysail.server.app.ApplicationList - Adding application 'webapp'
INFO  de.twenty11.skysail.server.app.ApplicationList - ======================================================
INFO  de.twenty11.skysail.server.app.SkysailApplication - Instanciating new Skysail Application 'TodoApplication'
INFO  de.twenty11.skysail.server.app.SkysailApplication - Activating Application io.skysail.server.app.todos.TodoApplication
INFO  de.twenty11.skysail.server.app.ApplicationList - ======================================================
INFO  de.twenty11.skysail.server.app.ApplicationList - Adding application 'TodoGen'
INFO  de.twenty11.skysail.server.app.ApplicationList - ======================================================
INFO  io.skysail.server.http.HttpServer - Activating io.skysail.server.http.HttpServer
INFO  de.twenty11.skysail.server.SkysailComponent - Creating Restlet Component: de.twenty11.skysail.server.SkysailComponent
INFO  io.skysail.server.http.HttpServer - configuration was provided
INFO  io.skysail.server.http.HttpServer - 
INFO  io.skysail.server.http.HttpServer - ====================================
INFO  io.skysail.server.http.HttpServer - Starting skysail server on port 8051
INFO  io.skysail.server.http.HttpServer - ====================================
INFO  io.skysail.server.http.HttpServer - 
INFO  de.twenty11.skysail.server.app.SkysailApplication - Instanciating new Skysail Application 'PluginApplication'
INFO  de.twenty11.skysail.server.app.SkysailApplication - Activating Application io.skysail.server.app.plugins.PluginApplication
INFO  de.twenty11.skysail.server.app.ApplicationList - ======================================================
INFO  de.twenty11.skysail.server.app.ApplicationList - Adding application 'plugins'
INFO  de.twenty11.skysail.server.app.ApplicationList - ======================================================
INFO  org.restlet - Starting the internal [HTTP/1.1] server on port 8051
INFO  de.twenty11.skysail.server.app.SkysailApplication - Instanciating new Skysail Application 'WebappApplication'
INFO  de.twenty11.skysail.server.app.SkysailApplication - Activating Application de.twenty11.skysail.server.webapp.internal.WebappApplication
INFO  de.twenty11.skysail.server.app.ApplicationList - ======================================================
INFO  de.twenty11.skysail.server.app.ApplicationList - Adding application 'static'
INFO  de.twenty11.skysail.server.app.ApplicationList - ======================================================
INFO  de.twenty11.skysail.server.app.SkysailApplication - Activating Application io.skysail.server.um.simple.app.SimpleUserManagementApplication
INFO  i.skysail.server.um.simple.web.SkysailWebSessionManager - creating new SkysailWebSessionManager
INFO  de.twenty11.skysail.server.app.SkysailApplication - Instanciating new Skysail Application 'SkysailRootApplication'
INFO  de.twenty11.skysail.server.app.ApplicationList - ======================================================
INFO  de.twenty11.skysail.server.app.ApplicationList - Adding application 'root'
INFO  de.twenty11.skysail.server.app.ApplicationList - ======================================================
INFO  org.restlet.SkysailComponent.WebappApplication - Starting io.skysail.server.converter.WebappApplication application
INFO  org.restlet.SkysailComponent.WebappApplication - Starting io.skysail.server.app.todos.TodoApplication application
INFO  de.twenty11.skysail.server.app.SkysailApplication - creating new Router in io.skysail.server.app.todos.TodoApplication
INFO  de.twenty11.skysail.server.app.SkysailApplication - adding extensions to metadata service
INFO  de.twenty11.skysail.server.app.SkysailApplication - adding protocols
INFO  de.twenty11.skysail.server.core.restlet.SkysailRouter - routing path '' -> 'de.twenty11.skysail.server.security.AuthenticatedAuthorizer@5c4619c4'
INFO  de.twenty11.skysail.server.core.restlet.SkysailRouter - routing path '/Todos/' -> 'de.twenty11.skysail.server.security.AuthenticatedAuthorizer@316fca48'
INFO  de.twenty11.skysail.server.core.restlet.SkysailRouter - routing path '/Todos' -> 'de.twenty11.skysail.server.security.AuthenticatedAuthorizer@5e2be833'
INFO  de.twenty11.skysail.server.core.restlet.SkysailRouter - routing path '/Todos/{id}' -> 'de.twenty11.skysail.server.security.AuthenticatedAuthorizer@4849472'
INFO  de.twenty11.skysail.server.core.restlet.SkysailRouter - routing path '/Todos/{id}/' -> 'de.twenty11.skysail.server.security.AuthenticatedAuthorizer@761a6533'
INFO  de.twenty11.skysail.server.core.restlet.SkysailRouter - routing path '/jira' -> Restlet 'Class'
WARN  de.twenty11.skysail.server.core.restlet.SkysailRouter - please use a RouteBuilder to attach this resource: class io.skysail.server.app.todos.PostJiraResource
INFO  org.restlet.SkysailComponent.WebappApplication - Starting io.skysail.server.app.plugins.PluginApplication application
INFO  de.twenty11.skysail.server.app.SkysailApplication - creating new Router in io.skysail.server.app.plugins.PluginApplication
INFO  de.twenty11.skysail.server.app.SkysailApplication - adding extensions to metadata service
INFO  de.twenty11.skysail.server.app.SkysailApplication - adding protocols
INFO  de.twenty11.skysail.server.core.restlet.SkysailRouter - routing path '/docs/api' -> 'de.twenty11.skysail.server.security.AuthenticatedAuthorizer@6e116820'
INFO  de.twenty11.skysail.server.core.restlet.SkysailRouter - routing path '/docs/entities/{name}' -> 'de.twenty11.skysail.server.security.AuthenticatedAuthorizer@1416e0c5'
INFO  de.twenty11.skysail.server.core.restlet.SkysailRouter - routing path '/docs/entities' -> 'de.twenty11.skysail.server.security.AuthenticatedAuthorizer@2dea7a0d'
INFO  de.twenty11.skysail.server.core.restlet.SkysailRouter - routing path '' -> 'de.twenty11.skysail.server.security.AuthenticatedAuthorizer@10682b1e'
INFO  de.twenty11.skysail.server.core.restlet.SkysailRouter - routing path '/' -> 'de.twenty11.skysail.server.security.AuthenticatedAuthorizer@367c2317'
INFO  de.twenty11.skysail.server.core.restlet.SkysailRouter - routing path '/features/' -> 'de.twenty11.skysail.server.security.AuthenticatedAuthorizer@5d6d39a2'
INFO  de.twenty11.skysail.server.core.restlet.SkysailRouter - routing path '/features/{id}/installations/' -> 'de.twenty11.skysail.server.security.AuthenticatedAuthorizer@4b3aa793'
INFO  de.twenty11.skysail.server.core.restlet.SkysailRouter - routing path '/obr/repos/' -> 'de.twenty11.skysail.server.security.AuthenticatedAuthorizer@615e5be3'
INFO  de.twenty11.skysail.server.core.restlet.SkysailRouter - routing path '/obr/repos/{id}' -> 'de.twenty11.skysail.server.security.AuthenticatedAuthorizer@2ae4d9b9'
INFO  de.twenty11.skysail.server.core.restlet.SkysailRouter - routing path '/obr/resolver/' -> 'de.twenty11.skysail.server.security.AuthenticatedAuthorizer@63321fa3'
INFO  de.twenty11.skysail.server.core.restlet.SkysailRouter - routing path '/query/' -> 'de.twenty11.skysail.server.security.AuthenticatedAuthorizer@3a7818a6'
INFO  de.twenty11.skysail.server.core.restlet.SkysailRouter - routing path '/resources' -> 'de.twenty11.skysail.server.security.AuthenticatedAuthorizer@1f8aafa9'
INFO  de.twenty11.skysail.server.core.restlet.SkysailRouter - routing path '/resources/{id}' -> 'de.twenty11.skysail.server.security.AuthenticatedAuthorizer@8df5e4f'
INFO  org.restlet.SkysailComponent.WebappApplication - Starting de.twenty11.skysail.server.webapp.internal.WebappApplication application
INFO  o.r.S.InternalRouter.SkysailRootApplication - Starting de.twenty11.skysail.server.app.SkysailRootApplication application
INFO  de.twenty11.skysail.server.app.SkysailApplication - creating new Router in de.twenty11.skysail.server.app.SkysailRootApplication
INFO  de.twenty11.skysail.server.app.SkysailApplication - adding extensions to metadata service
INFO  de.twenty11.skysail.server.app.SkysailApplication - adding protocols
INFO  de.twenty11.skysail.server.core.restlet.SkysailRouter - routing path '/' -> Restlet 'Class'
WARN  de.twenty11.skysail.server.core.restlet.SkysailRouter - please use a RouteBuilder to attach this resource: class de.twenty11.skysail.server.resources.DefaultResource
INFO  de.twenty11.skysail.server.core.restlet.SkysailRouter - routing path '/_login' -> Restlet 'Class'
WARN  de.twenty11.skysail.server.core.restlet.SkysailRouter - please use a RouteBuilder to attach this resource: class de.twenty11.skysail.server.resources.LoginResource
INFO  de.twenty11.skysail.server.core.restlet.SkysailRouter - routing path '/_login/{provider}' -> Restlet 'Class'
WARN  de.twenty11.skysail.server.core.restlet.SkysailRouter - please use a RouteBuilder to attach this resource: class de.twenty11.skysail.server.app.OAuthLoginResource
INFO  de.twenty11.skysail.server.core.restlet.SkysailRouter - routing path '/_version' -> 'de.twenty11.skysail.server.security.AuthenticatedAuthorizer@32fc7993'
INFO  de.twenty11.skysail.server.core.restlet.SkysailRouter - routing path '/_name' -> 'de.twenty11.skysail.server.security.AuthenticatedAuthorizer@12998be6'
INFO  de.twenty11.skysail.server.core.restlet.SkysailRouter - routing path '/_about' -> Restlet 'Class'
WARN  de.twenty11.skysail.server.core.restlet.SkysailRouter - please use a RouteBuilder to attach this resource: class de.twenty11.skysail.server.resources.AboutResource
INFO  de.twenty11.skysail.server.core.restlet.SkysailRouter - routing path '/_profile' -> 'de.twenty11.skysail.server.security.AuthenticatedAuthorizer@514b0359'
INFO  de.twenty11.skysail.server.core.restlet.SkysailRouter - routing path '/_profile/password/' -> 'de.twenty11.skysail.server.security.AuthenticatedAuthorizer@592fd0c4'
INFO  de.twenty11.skysail.server.core.restlet.SkysailRouter - routing path '/_largetests' -> 'de.twenty11.skysail.server.security.AuthenticatedAuthorizer@71da406a'
INFO  de.twenty11.skysail.server.core.restlet.SkysailRouter - routing path '/_largetests/{id}' -> 'de.twenty11.skysail.server.security.AuthenticatedAuthorizer@10cc374f'
INFO  de.twenty11.skysail.server.core.restlet.SkysailRouter - routing path '/_iframe' -> 'de.twenty11.skysail.server.security.AuthenticatedAuthorizer@360cb427'
WARN  d.t.skysail.server.core.osgi.internal.EventHelper - eventAdmin is null, cannot fire Event
INFO  i.s.s.um.simple.authentication.SimpleDelegatingVerifier - login event for user 'admin'
INFO  i.s.s.um.simple.authentication.SimpleDelegatingVerifier - login event for user 'admin' successful
INFO  d.t.s.server.core.restlet.PostEntityServerResource - Request entry point: PostTodoResource @Get('htmlform|html')
INFO  io.skysail.server.converter.HtmlConverter - converter 'HtmlConverter' matched '{text/html=0.95, treeform/*=1.0}' with threshold 0.95
INFO  de.twenty11.skysail.server.app.SourceWrapper - using converter 'NoopConverter' for FormResponse-Source: FormResponse: 
INFO  io.skysail.server.converter.HtmlConverter - reading templates from resource path '/templates/text/html'
INFO  LogService - 2015-02-20	09:06:37	0:0:0:0:0:0:0:1	admin	-	8051	GET	/Todos	-	200	11223	0	1285	http://localhost:8051	Mozilla/5.0 (Macintosh; Intel Mac OS X 10_10_2) AppleWebKit/537.36 (KHTML, like Gecko) Chrome/40.0.2214.111 Safari/537.36	-
WARN  d.t.skysail.server.core.osgi.internal.EventHelper - eventAdmin is null, cannot fire Event
INFO  i.s.s.um.simple.authentication.SimpleDelegatingVerifier - login event for user 'admin'
INFO  i.s.s.um.simple.authentication.SimpleDelegatingVerifier - login event for user 'admin' successful
INFO  d.t.skysail.server.core.restlet.ListServerResource - Request entry point: DefaultResource @Get('html|json|csv|treeform')
INFO  d.t.skysail.server.core.restlet.ListServerResource - calling getEntities, media types '[text/html:1.0, application/xhtml+xml:1.0, application/xml:0.9, image/webp:1.0, */*:0.8]'
INFO  d.t.s.server.core.restlet.filter.AbstractResourceFilter - next filter in chain: AddApiVersionHeader
INFO  d.t.s.server.core.restlet.filter.AbstractResourceFilter - next filter in chain: GetRequestPreFilterHook
INFO  d.t.s.server.core.restlet.filter.AbstractResourceFilter - next filter in chain: AddRequestIdToResourceFilter
INFO  d.t.s.server.core.restlet.filter.AbstractResourceFilter - next filter in chain: DataExtractingFilter
INFO  d.t.s.server.core.restlet.filter.AbstractResourceFilter - next filter in chain: AddLinkheadersFilter
INFO  d.t.s.server.core.restlet.filter.AbstractResourceFilter - next filter in chain: CheckFavoritesFilter
INFO  d.t.s.server.core.restlet.filter.AbstractResourceFilter - next filter in chain: SetExecutionTimeInResponseFilter
INFO  d.t.s.server.core.restlet.filter.AbstractResourceFilter - next filter in chain: RedirectFilter
INFO  io.skysail.server.converter.HtmlConverter - converter 'HtmlConverter' matched '{text/html=0.95, treeform/*=1.0}' with threshold 0.95
INFO  de.twenty11.skysail.server.app.SourceWrapper - using converter 'ListSourceHtmlConverter' for EmptyList-Source: []
INFO  io.skysail.server.converter.HtmlConverter - reading templates from resource path '/templates/text/html'
INFO  LogService - 2015-02-20	09:07:04	0:0:0:0:0:0:0:1	admin	-	8051	GET	/	-	200	8814	0	776	http://localhost:8051	Mozilla/5.0 (Macintosh; Intel Mac OS X 10_10_2) AppleWebKit/537.36 (KHTML, like Gecko) Chrome/40.0.2214.111 Safari/537.36	http://localhost:8051/TodoGen/Todos/
INFO  LogService - 2015-02-20	09:07:04	0:0:0:0:0:0:0:1	-	-	8051	GET	/static/img/silk/plugin.png	-	200	-	0	10	http://localhost:8051	Mozilla/5.0 (Macintosh; Intel Mac OS X 10_10_2) AppleWebKit/537.36 (KHTML, like Gecko) Chrome/40.0.2214.111 Safari/537.36	http://localhost:8051/
INFO  LogService - 2015-02-20	09:07:04	0:0:0:0:0:0:0:1	-	-	8051	GET	/static/img/silk/page_link.png	-	200	-	0	12	http://localhost:8051	Mozilla/5.0 (Macintosh; Intel Mac OS X 10_10_2) AppleWebKit/537.36 (KHTML, like Gecko) Chrome/40.0.2214.111 Safari/537.36	http://localhost:8051/
WARN  d.t.skysail.server.core.osgi.internal.EventHelper - eventAdmin is null, cannot fire Event
INFO  LogService - 2015-02-20	09:07:06	0:0:0:0:0:0:0:1	-	-	8051	GET	/_logout	targetUri=/	303	0	0	5	http://localhost:8051	Mozilla/5.0 (Macintosh; Intel Mac OS X 10_10_2) AppleWebKit/537.36 (KHTML, like Gecko) Chrome/40.0.2214.111 Safari/537.36	http://localhost:8051/
WARN  d.t.skysail.server.core.osgi.internal.EventHelper - eventAdmin is null, cannot fire Event
INFO  d.t.skysail.server.core.restlet.ListServerResource - Request entry point: DefaultResource @Get('html|json|csv|treeform')
INFO  d.t.skysail.server.core.restlet.ListServerResource - calling getEntities, media types '[text/html:1.0, application/xhtml+xml:1.0, application/xml:0.9, image/webp:1.0, */*:0.8]'
INFO  d.t.s.server.core.restlet.filter.AbstractResourceFilter - next filter in chain: AddApiVersionHeader
INFO  d.t.s.server.core.restlet.filter.AbstractResourceFilter - next filter in chain: GetRequestPreFilterHook
INFO  d.t.s.server.core.restlet.filter.AbstractResourceFilter - next filter in chain: AddRequestIdToResourceFilter
INFO  d.t.s.server.core.restlet.filter.AbstractResourceFilter - next filter in chain: DataExtractingFilter
INFO  d.t.s.server.core.restlet.filter.AbstractResourceFilter - next filter in chain: AddLinkheadersFilter
INFO  d.t.s.server.core.restlet.filter.AbstractResourceFilter - next filter in chain: CheckFavoritesFilter
INFO  d.t.s.server.core.restlet.filter.AbstractResourceFilter - next filter in chain: SetExecutionTimeInResponseFilter
INFO  d.t.s.server.core.restlet.filter.AbstractResourceFilter - next filter in chain: RedirectFilter
INFO  io.skysail.server.converter.HtmlConverter - converter 'HtmlConverter' matched '{text/html=0.95, treeform/*=1.0}' with threshold 0.95
INFO  de.twenty11.skysail.server.app.SourceWrapper - using converter 'ListSourceHtmlConverter' for EmptyList-Source: []
INFO  io.skysail.server.converter.HtmlConverter - reading templates from resource path '/templates/text/html'
INFO  LogService - 2015-02-20	09:07:06	0:0:0:0:0:0:0:1	-	-	8051	GET	/	-	200	6741	0	135	http://localhost:8051	Mozilla/5.0 (Macintosh; Intel Mac OS X 10_10_2) AppleWebKit/537.36 (KHTML, like Gecko) Chrome/40.0.2214.111 Safari/537.36	http://localhost:8051/
WARN  d.t.skysail.server.core.osgi.internal.EventHelper - eventAdmin is null, cannot fire Event
INFO  io.skysail.server.converter.HtmlConverter - converter 'HtmlConverter' matched '{text/html=0.95, treeform/*=1.0}' with threshold 0.95
INFO  de.twenty11.skysail.server.app.SourceWrapper - using converter 'NoopConverter' for FormResponse-Source: FormResponse: 
INFO  io.skysail.server.converter.HtmlConverter - reading templates from resource path '/templates/text/html'
INFO  LogService - 2015-02-20	09:07:09	0:0:0:0:0:0:0:1	-	-	8051	GET	/_login	-	200	8298	0	172	http://localhost:8051	Mozilla/5.0 (Macintosh; Intel Mac OS X 10_10_2) AppleWebKit/537.36 (KHTML, like Gecko) Chrome/40.0.2214.111 Safari/537.36	http://localhost:8051/
WARN  d.t.skysail.server.core.osgi.internal.EventHelper - eventAdmin is null, cannot fire Event
INFO  i.s.s.um.simple.authentication.SimpleDelegatingVerifier - login event for user 'admin'
INFO  i.s.s.um.simple.authentication.SimpleDelegatingVerifier - login event for user 'admin' successful
INFO  d.t.s.server.core.restlet.PostEntityServerResource - Request entry point: LoginResource @Post('x-www-form-urlencoded:html|json|xml')
INFO  d.t.s.server.core.restlet.PostEntityServerResource - calling post(Form), media types '[text/html:1.0, application/xhtml+xml:1.0, application/xml:0.9, image/webp:1.0, */*:0.8]'
INFO  d.t.s.server.core.restlet.filter.AbstractResourceFilter - next filter in chain: AddRequestIdToResourceFilter
INFO  d.t.s.server.core.restlet.filter.AbstractResourceFilter - next filter in chain: CheckInvalidInputFilter
INFO  d.t.s.server.core.restlet.filter.AbstractResourceFilter - next filter in chain: FormDataExtractingFilter
INFO  d.t.s.server.core.restlet.filter.AbstractResourceFilter - next filter in chain: CheckBusinessViolationsFilter
INFO  d.t.s.server.core.restlet.filter.AbstractResourceFilter - next filter in chain: OptionalEncryptionFilter
INFO  d.t.s.server.core.restlet.filter.AbstractResourceFilter - next filter in chain: PersistEntityFilter
INFO  d.t.s.server.core.restlet.filter.AbstractResourceFilter - next filter in chain: EntityWasAddedFilter
INFO  d.t.s.server.core.restlet.filter.AbstractResourceFilter - next filter in chain: AddLinkheadersFilter
INFO  d.t.s.server.core.restlet.filter.AbstractResourceFilter - next filter in chain: PostRedirectGetFilter
INFO  io.skysail.server.converter.HtmlConverter - converter 'HtmlConverter' matched '{text/html=0.95, treeform/*=1.0}' with threshold 0.95
INFO  de.twenty11.skysail.server.app.SourceWrapper - using converter 'NoopConverter' for Credentials-Source: de.twenty11.skysail.server.domain.Credentials@25fbaa3b
INFO  io.skysail.server.converter.HtmlConverter - reading templates from resource path '/templates/text/html'
INFO  LogService - 2015-02-20	09:07:43	0:0:0:0:0:0:0:1	admin	-	8051	POST	/_login	-	201	8120	45	728	http://localhost:8051	Mozilla/5.0 (Macintosh; Intel Mac OS X 10_10_2) AppleWebKit/537.36 (KHTML, like Gecko) Chrome/40.0.2214.111 Safari/537.36	http://localhost:8051/_login
WARN  d.t.skysail.server.core.osgi.internal.EventHelper - eventAdmin is null, cannot fire Event
INFO  i.s.s.um.simple.authentication.SimpleDelegatingVerifier - login event for user 'admin'
INFO  i.s.s.um.simple.authentication.SimpleDelegatingVerifier - login event for user 'admin' successful
INFO  d.t.skysail.server.core.restlet.ListServerResource - Request entry point: RootResource @Get('html|json|csv|treeform')
INFO  d.t.skysail.server.core.restlet.ListServerResource - calling getEntities, media types '[text/html:1.0, application/xhtml+xml:1.0, application/xml:0.9, image/webp:1.0, */*:0.8]'
INFO  d.t.s.server.core.restlet.filter.AbstractResourceFilter - next filter in chain: AddApiVersionHeader
INFO  d.t.s.server.core.restlet.filter.AbstractResourceFilter - next filter in chain: GetRequestPreFilterHook
INFO  d.t.s.server.core.restlet.filter.AbstractResourceFilter - next filter in chain: AddRequestIdToResourceFilter
INFO  d.t.s.server.core.restlet.filter.AbstractResourceFilter - next filter in chain: DataExtractingFilter
INFO  d.t.s.server.core.restlet.filter.AbstractResourceFilter - next filter in chain: AddLinkheadersFilter
INFO  d.t.s.server.core.restlet.filter.AbstractResourceFilter - next filter in chain: CheckFavoritesFilter
INFO  d.t.s.server.core.restlet.filter.AbstractResourceFilter - next filter in chain: SetExecutionTimeInResponseFilter
INFO  d.t.s.server.core.restlet.filter.AbstractResourceFilter - next filter in chain: RedirectFilter
INFO  io.skysail.server.converter.HtmlConverter - converter 'HtmlConverter' matched '{text/html=0.95, treeform/*=1.0}' with threshold 0.95
INFO  de.twenty11.skysail.server.app.SourceWrapper - using converter 'ListSourceHtmlConverter' for EmptyList-Source: []
INFO  io.skysail.server.converter.HtmlConverter - reading templates from resource path '/templates/text/html'
INFO  LogService - 2015-02-20	09:07:52	0:0:0:0:0:0:0:1	admin	-	8051	GET	/TodoGen	-	200	8266	0	517	http://localhost:8051	Mozilla/5.0 (Macintosh; Intel Mac OS X 10_10_2) AppleWebKit/537.36 (KHTML, like Gecko) Chrome/40.0.2214.111 Safari/537.36	http://localhost:8051/_login
WARN  d.t.skysail.server.core.osgi.internal.EventHelper - eventAdmin is null, cannot fire Event
INFO  i.s.s.um.simple.authentication.SimpleDelegatingVerifier - login event for user 'admin'
INFO  i.s.s.um.simple.authentication.SimpleDelegatingVerifier - login event for user 'admin' successful
INFO  d.t.skysail.server.core.restlet.ListServerResource - Request entry point: TodosResource @Get('html|json|csv|treeform')
INFO  d.t.skysail.server.core.restlet.ListServerResource - calling getEntities, media types '[text/html:1.0, application/xhtml+xml:1.0, application/xml:0.9, image/webp:1.0, */*:0.8]'
INFO  d.t.s.server.core.restlet.filter.AbstractResourceFilter - next filter in chain: AddApiVersionHeader
INFO  d.t.s.server.core.restlet.filter.AbstractResourceFilter - next filter in chain: GetRequestPreFilterHook
INFO  d.t.s.server.core.restlet.filter.AbstractResourceFilter - next filter in chain: AddRequestIdToResourceFilter
INFO  d.t.s.server.core.restlet.filter.AbstractResourceFilter - next filter in chain: DataExtractingFilter
INFO  d.t.s.server.core.restlet.filter.AbstractResourceFilter - next filter in chain: AddLinkheadersFilter
INFO  d.t.s.server.core.restlet.filter.AbstractResourceFilter - next filter in chain: CheckFavoritesFilter
INFO  d.t.s.server.core.restlet.filter.AbstractResourceFilter - next filter in chain: SetExecutionTimeInResponseFilter
INFO  d.t.s.server.core.restlet.filter.AbstractResourceFilter - next filter in chain: RedirectFilter
WARN  de.twenty11.skysail.api.responses.Linkheader - could not find pattern {id} und linkheader uri /TodoGen/Todos/
INFO  io.skysail.server.converter.HtmlConverter - converter 'HtmlConverter' matched '{text/html=0.95, treeform/*=1.0}' with threshold 0.95
INFO  de.twenty11.skysail.server.app.SourceWrapper - using converter 'ListSourceHtmlConverter' for ArrayList-Source: []
INFO  io.skysail.server.converter.HtmlConverter - reading templates from resource path '/templates/text/html'
WARN  de.twenty11.skysail.api.responses.Linkheader - could not find pattern {id} und linkheader uri /TodoGen/Todos/
WARN  de.twenty11.skysail.api.responses.Linkheader - could not find pattern {id} und linkheader uri /TodoGen/Todos/
INFO  LogService - 2015-02-20	09:07:54	0:0:0:0:0:0:0:1	admin	-	8051	GET	/Todos	-	200	8427	0	594	http://localhost:8051	Mozilla/5.0 (Macintosh; Intel Mac OS X 10_10_2) AppleWebKit/537.36 (KHTML, like Gecko) Chrome/40.0.2214.111 Safari/537.36	http://localhost:8051/TodoGen
WARN  d.t.skysail.server.core.osgi.internal.EventHelper - eventAdmin is null, cannot fire Event
INFO  i.s.s.um.simple.authentication.SimpleDelegatingVerifier - login event for user 'admin'
INFO  i.s.s.um.simple.authentication.SimpleDelegatingVerifier - login event for user 'admin' successful
INFO  d.t.s.server.core.restlet.PostEntityServerResource - Request entry point: PostTodoResource @Get('htmlform|html')
INFO  io.skysail.server.converter.HtmlConverter - converter 'HtmlConverter' matched '{text/html=0.95, treeform/*=1.0}' with threshold 0.95
INFO  de.twenty11.skysail.server.app.SourceWrapper - using converter 'NoopConverter' for FormResponse-Source: FormResponse: 
INFO  io.skysail.server.converter.HtmlConverter - reading templates from resource path '/templates/text/html'
INFO  LogService - 2015-02-20	09:07:58	0:0:0:0:0:0:0:1	admin	-	8051	GET	/Todos	-	200	11223	0	597	http://localhost:8051	Mozilla/5.0 (Macintosh; Intel Mac OS X 10_10_2) AppleWebKit/537.36 (KHTML, like Gecko) Chrome/40.0.2214.111 Safari/537.36	http://localhost:8051/TodoGen/Todos
WARN  d.t.skysail.server.core.osgi.internal.EventHelper - eventAdmin is null, cannot fire Event
INFO  i.s.s.um.simple.authentication.SimpleDelegatingVerifier - login event for user 'admin'
INFO  i.s.s.um.simple.authentication.SimpleDelegatingVerifier - login event for user 'admin' successful
INFO  d.t.s.server.core.restlet.PostEntityServerResource - Request entry point: PostTodoResource @Post('x-www-form-urlencoded:html|json|xml')
INFO  d.t.s.server.core.restlet.PostEntityServerResource - calling post(Form), media types '[text/html:1.0, application/xhtml+xml:1.0, application/xml:0.9, image/webp:1.0, */*:0.8]'
INFO  d.t.s.server.core.restlet.filter.AbstractResourceFilter - next filter in chain: AddRequestIdToResourceFilter
INFO  d.t.s.server.core.restlet.filter.AbstractResourceFilter - next filter in chain: CheckInvalidInputFilter
INFO  d.t.s.server.core.restlet.filter.AbstractResourceFilter - next filter in chain: FormDataExtractingFilter
INFO  d.t.s.server.core.restlet.filter.AbstractResourceFilter - next filter in chain: CheckBusinessViolationsFilter
INFO  d.t.s.server.core.restlet.filter.AbstractResourceFilter - next filter in chain: OptionalEncryptionFilter
INFO  d.t.s.server.core.restlet.filter.AbstractResourceFilter - next filter in chain: PersistEntityFilter
INFO  d.t.s.server.core.restlet.filter.AbstractResourceFilter - next filter in chain: EntityWasAddedFilter
INFO  d.t.s.server.core.restlet.filter.AbstractResourceFilter - next filter in chain: AddLinkheadersFilter
INFO  d.t.s.server.core.restlet.filter.AbstractResourceFilter - next filter in chain: PostRedirectGetFilter
INFO  io.skysail.server.converter.HtmlConverter - converter 'HtmlConverter' matched '{text/html=0.95, treeform/*=1.0}' with threshold 0.95
INFO  de.twenty11.skysail.server.app.SourceWrapper - using converter 'NoopConverter' for Todo-Source: Todo(title=test)
INFO  io.skysail.server.converter.HtmlConverter - reading templates from resource path '/templates/text/html'
INFO  LogService - 2015-02-20	09:08:12	0:0:0:0:0:0:0:1	admin	-	8051	POST	/Todos	-	303	8172	49	822	http://localhost:8051	Mozilla/5.0 (Macintosh; Intel Mac OS X 10_10_2) AppleWebKit/537.36 (KHTML, like Gecko) Chrome/40.0.2214.111 Safari/537.36	http://localhost:8051/TodoGen/Todos/
WARN  d.t.skysail.server.core.osgi.internal.EventHelper - eventAdmin is null, cannot fire Event
INFO  i.s.s.um.simple.authentication.SimpleDelegatingVerifier - login event for user 'admin'
INFO  i.s.s.um.simple.authentication.SimpleDelegatingVerifier - login event for user 'admin' successful
INFO  d.t.skysail.server.core.restlet.ListServerResource - Request entry point: TodosResource @Get('html|json|csv|treeform')
INFO  d.t.skysail.server.core.restlet.ListServerResource - calling getEntities, media types '[text/html:1.0, application/xhtml+xml:1.0, application/xml:0.9, image/webp:1.0, */*:0.8]'
INFO  d.t.s.server.core.restlet.filter.AbstractResourceFilter - next filter in chain: AddApiVersionHeader
INFO  d.t.s.server.core.restlet.filter.AbstractResourceFilter - next filter in chain: GetRequestPreFilterHook
INFO  d.t.s.server.core.restlet.filter.AbstractResourceFilter - next filter in chain: AddRequestIdToResourceFilter
INFO  d.t.s.server.core.restlet.filter.AbstractResourceFilter - next filter in chain: DataExtractingFilter
INFO  d.t.s.server.core.restlet.filter.AbstractResourceFilter - next filter in chain: AddLinkheadersFilter
INFO  d.t.s.server.core.restlet.filter.AbstractResourceFilter - next filter in chain: CheckFavoritesFilter
INFO  d.t.s.server.core.restlet.filter.AbstractResourceFilter - next filter in chain: SetExecutionTimeInResponseFilter
INFO  d.t.s.server.core.restlet.filter.AbstractResourceFilter - next filter in chain: RedirectFilter
WARN  de.twenty11.skysail.api.responses.Linkheader - could not find pattern {id} und linkheader uri /TodoGen/Todos/
INFO  io.skysail.server.converter.HtmlConverter - converter 'HtmlConverter' matched '{text/html=0.95, treeform/*=1.0}' with threshold 0.95
INFO  de.twenty11.skysail.server.app.SourceWrapper - using converter 'ListSourceHtmlConverter' for ArrayList-Source: [Todo(title=test)]
INFO  io.skysail.server.converter.HtmlConverter - reading templates from resource path '/templates/text/html'
WARN  de.twenty11.skysail.api.responses.Linkheader - could not find pattern {id} und linkheader uri /TodoGen/Todos/
WARN  de.twenty11.skysail.api.responses.Linkheader - could not find pattern {id} und linkheader uri /TodoGen/Todos/
WARN  de.twenty11.skysail.api.responses.Linkheader - could not find pattern {id} und linkheader uri /TodoGen/Todos/
INFO  LogService - 2015-02-20	09:08:12	0:0:0:0:0:0:0:1	admin	-	8051	GET	/Todos	-	200	8755	0	746	http://localhost:8051	Mozilla/5.0 (Macintosh; Intel Mac OS X 10_10_2) AppleWebKit/537.36 (KHTML, like Gecko) Chrome/40.0.2214.111 Safari/537.36	http://localhost:8051/TodoGen/Todos/
WARN  d.t.skysail.server.core.osgi.internal.EventHelper - eventAdmin is null, cannot fire Event
INFO  i.s.s.um.simple.authentication.SimpleDelegatingVerifier - login event for user 'admin'
INFO  i.s.s.um.simple.authentication.SimpleDelegatingVerifier - login event for user 'admin' successful
INFO  d.t.skysail.server.core.restlet.PutEntityServerResource - Request entry point: PutTodoResource @Get('htmlform|html')
INFO  io.skysail.server.converter.HtmlConverter - converter 'HtmlConverter' matched '{text/html=0.95, treeform/*=1.0}' with threshold 0.95
INFO  de.twenty11.skysail.server.app.SourceWrapper - using converter 'NoopConverter' for FormResponse-Source: FormResponse: 
INFO  io.skysail.server.converter.HtmlConverter - reading templates from resource path '/templates/text/html'
INFO  LogService - 2015-02-20	09:08:37	0:0:0:0:0:0:0:1	admin	-	8051	GET	/Todos/13:0	-	200	12402	0	688	http://localhost:8051	Mozilla/5.0 (Macintosh; Intel Mac OS X 10_10_2) AppleWebKit/537.36 (KHTML, like Gecko) Chrome/40.0.2214.111 Safari/537.36	http://localhost:8051/TodoGen/Todos
WARN  d.t.skysail.server.core.osgi.internal.EventHelper - eventAdmin is null, cannot fire Event
INFO  i.s.s.um.simple.authentication.SimpleDelegatingVerifier - login event for user 'admin'
INFO  i.s.s.um.simple.authentication.SimpleDelegatingVerifier - login event for user 'admin' successful
INFO  LogService - 2015-02-20	09:08:37	0:0:0:0:0:0:0:1	admin	-	8051	GET	/TodoGen/favicon.ico	-	404	-	0	632	http://localhost:8051	Mozilla/5.0 (Macintosh; Intel Mac OS X 10_10_2) AppleWebKit/537.36 (KHTML, like Gecko) Chrome/40.0.2214.111 Safari/537.36	-
WARN  d.t.skysail.server.core.osgi.internal.EventHelper - eventAdmin is null, cannot fire Event
INFO  i.s.s.um.simple.authentication.SimpleDelegatingVerifier - login event for user 'admin'
INFO  i.s.s.um.simple.authentication.SimpleDelegatingVerifier - login event for user 'admin' successful
INFO  LogService - 2015-02-20	09:08:38	0:0:0:0:0:0:0:1	admin	-	8051	GET	/TodoGen/favicon.ico	-	404	-	0	516	http://localhost:8051	Mozilla/5.0 (Macintosh; Intel Mac OS X 10_10_2) AppleWebKit/537.36 (KHTML, like Gecko) Chrome/40.0.2214.111 Safari/537.36	-
WARN  d.t.skysail.server.core.osgi.internal.EventHelper - eventAdmin is null, cannot fire Event
INFO  i.s.s.um.simple.authentication.SimpleDelegatingVerifier - login event for user 'admin'
INFO  i.s.s.um.simple.authentication.SimpleDelegatingVerifier - login event for user 'admin' successful
INFO  LogService - 2015-02-20	09:08:38	0:0:0:0:0:0:0:1	admin	-	8051	GET	/TodoGen/favicon.ico	-	404	-	0	428	http://localhost:8051	Mozilla/5.0 (Macintosh; Intel Mac OS X 10_10_2) AppleWebKit/537.36 (KHTML, like Gecko) Chrome/40.0.2214.111 Safari/537.36	-
WARN  d.t.skysail.server.core.osgi.internal.EventHelper - eventAdmin is null, cannot fire Event
INFO  i.s.s.um.simple.authentication.SimpleDelegatingVerifier - login event for user 'admin'
INFO  i.s.s.um.simple.authentication.SimpleDelegatingVerifier - login event for user 'admin' successful
INFO  LogService - 2015-02-20	09:08:39	0:0:0:0:0:0:0:1	admin	-	8051	GET	/TodoGen/favicon.ico	-	404	-	0	417	http://localhost:8051	Mozilla/5.0 (Macintosh; Intel Mac OS X 10_10_2) AppleWebKit/537.36 (KHTML, like Gecko) Chrome/40.0.2214.111 Safari/537.36	-
WARN  d.t.skysail.server.core.osgi.internal.EventHelper - eventAdmin is null, cannot fire Event
INFO  i.s.s.um.simple.authentication.SimpleDelegatingVerifier - login event for user 'admin'
INFO  i.s.s.um.simple.authentication.SimpleDelegatingVerifier - login event for user 'admin' successful
INFO  d.t.skysail.server.core.restlet.PutEntityServerResource - Request entry point: PutTodoResource @Put('x-www-form-urlencoded:html|json')
INFO  d.t.s.server.core.restlet.filter.AbstractResourceFilter - next filter in chain: AddRequestIdToResourceFilter
INFO  d.t.s.server.core.restlet.filter.AbstractResourceFilter - next filter in chain: CheckInvalidInputFilter
INFO  d.t.s.server.core.restlet.filter.AbstractResourceFilter - next filter in chain: FormDataExtractingFilter
INFO  d.t.s.server.core.restlet.filter.AbstractResourceFilter - next filter in chain: CheckBusinessViolationsFilter
INFO  d.t.s.server.core.restlet.filter.AbstractResourceFilter - next filter in chain: OptionalEncryptionFilter
INFO  d.t.s.server.core.restlet.filter.AbstractResourceFilter - next filter in chain: UpdateEntityFilter
INFO  d.t.s.server.core.restlet.filter.AbstractResourceFilter - next filter in chain: EntityWasAddedFilter
INFO  d.t.s.server.core.restlet.filter.AbstractResourceFilter - next filter in chain: AddLinkheadersFilter
INFO  d.t.s.server.core.restlet.filter.AbstractResourceFilter - next filter in chain: PutRedirectGetFilter
INFO  io.skysail.server.converter.HtmlConverter - converter 'HtmlConverter' matched '{text/html=0.95, treeform/*=1.0}' with threshold 0.95
INFO  de.twenty11.skysail.server.app.SourceWrapper - using converter 'NoopConverter' for Todo_$$_jvst8a7_1-Source: Todo(title=test)
INFO  io.skysail.server.converter.HtmlConverter - reading templates from resource path '/templates/text/html'
INFO  LogService - 2015-02-20	09:09:03	0:0:0:0:0:0:0:1	admin	-	8051	PUT	/Todos/13:0	-	200	8242	42	566	http://localhost:8051	Mozilla/5.0 (Macintosh; Intel Mac OS X 10_10_2) AppleWebKit/537.36 (KHTML, like Gecko) Chrome/40.0.2214.111 Safari/537.36	http://localhost:8051/TodoGen/Todos/13:0/
WARN  d.t.skysail.server.core.osgi.internal.EventHelper - eventAdmin is null, cannot fire Event
INFO  i.s.s.um.simple.authentication.SimpleDelegatingVerifier - login event for user 'admin'
INFO  i.s.s.um.simple.authentication.SimpleDelegatingVerifier - login event for user 'admin' successful
INFO  d.t.skysail.server.core.restlet.ListServerResource - Request entry point: TodosResource @Get('html|json|csv|treeform')
INFO  d.t.skysail.server.core.restlet.ListServerResource - calling getEntities, media types '[text/html:1.0, application/xhtml+xml:1.0, application/xml:0.9, image/webp:1.0, */*:0.8]'
INFO  d.t.s.server.core.restlet.filter.AbstractResourceFilter - next filter in chain: AddApiVersionHeader
INFO  d.t.s.server.core.restlet.filter.AbstractResourceFilter - next filter in chain: GetRequestPreFilterHook
INFO  d.t.s.server.core.restlet.filter.AbstractResourceFilter - next filter in chain: AddRequestIdToResourceFilter
INFO  d.t.s.server.core.restlet.filter.AbstractResourceFilter - next filter in chain: DataExtractingFilter
INFO  d.t.s.server.core.restlet.filter.AbstractResourceFilter - next filter in chain: AddLinkheadersFilter
INFO  d.t.s.server.core.restlet.filter.AbstractResourceFilter - next filter in chain: CheckFavoritesFilter
INFO  d.t.s.server.core.restlet.filter.AbstractResourceFilter - next filter in chain: SetExecutionTimeInResponseFilter
INFO  d.t.s.server.core.restlet.filter.AbstractResourceFilter - next filter in chain: RedirectFilter
WARN  de.twenty11.skysail.api.responses.Linkheader - could not find pattern {id} und linkheader uri /TodoGen/Todos/
INFO  io.skysail.server.converter.HtmlConverter - converter 'HtmlConverter' matched '{text/html=0.95, treeform/*=1.0}' with threshold 0.95
INFO  de.twenty11.skysail.server.app.SourceWrapper - using converter 'ListSourceHtmlConverter' for ArrayList-Source: [Todo(title=test)]
INFO  io.skysail.server.converter.HtmlConverter - reading templates from resource path '/templates/text/html'
WARN  de.twenty11.skysail.api.responses.Linkheader - could not find pattern {id} und linkheader uri /TodoGen/Todos/
WARN  de.twenty11.skysail.api.responses.Linkheader - could not find pattern {id} und linkheader uri /TodoGen/Todos/
WARN  de.twenty11.skysail.api.responses.Linkheader - could not find pattern {id} und linkheader uri /TodoGen/Todos/
INFO  LogService - 2015-02-20	09:09:05	0:0:0:0:0:0:0:1	admin	-	8051	GET	/Todos	-	200	8756	0	526	http://localhost:8051	Mozilla/5.0 (Macintosh; Intel Mac OS X 10_10_2) AppleWebKit/537.36 (KHTML, like Gecko) Chrome/40.0.2214.111 Safari/537.36	http://localhost:8051/TodoGen/Todos/13:0/?method=PUT
WARN  d.t.skysail.server.core.osgi.internal.EventHelper - eventAdmin is null, cannot fire Event
INFO  i.s.s.um.simple.authentication.SimpleDelegatingVerifier - login event for user 'admin'
INFO  i.s.s.um.simple.authentication.SimpleDelegatingVerifier - login event for user 'admin' successful
INFO  d.t.skysail.server.core.restlet.EntityServerResource - Request entry point: ProfileResource @Get('html|eventstream|treeform|txt')
INFO  d.t.skysail.server.core.restlet.EntityServerResource - AcceptedMediaTypes: text/html:1.0,application/xhtml+xml:1.0,application/xml:0.9,image/webp:1.0,*/*:0.8
INFO  d.t.s.server.core.restlet.filter.AbstractResourceFilter - next filter in chain: AddApiVersionHeader
INFO  d.t.s.server.core.restlet.filter.AbstractResourceFilter - next filter in chain: GetRequestPreFilterHook
INFO  d.t.s.server.core.restlet.filter.AbstractResourceFilter - next filter in chain: AddRequestIdToResourceFilter
INFO  d.t.s.server.core.restlet.filter.AbstractResourceFilter - next filter in chain: DataExtractingFilter
INFO  d.t.s.server.core.restlet.filter.AbstractResourceFilter - next filter in chain: AddLinkheadersFilter
INFO  io.skysail.server.converter.HtmlConverter - converter 'HtmlConverter' matched '{text/html=0.95, treeform/*=1.0}' with threshold 0.95
INFO  de.twenty11.skysail.server.app.SourceWrapper - using converter 'NoopConverter' for SkysailResponse-Source: SkysailResponse: 
INFO  io.skysail.server.converter.HtmlConverter - reading templates from resource path '/templates/text/html'
INFO  LogService - 2015-02-20	09:09:29	0:0:0:0:0:0:0:1	admin	-	8051	GET	/_profile	-	200	8398	0	540	http://localhost:8051	Mozilla/5.0 (Macintosh; Intel Mac OS X 10_10_2) AppleWebKit/537.36 (KHTML, like Gecko) Chrome/40.0.2214.111 Safari/537.36	http://localhost:8051/TodoGen/Todos
WARN  d.t.skysail.server.core.osgi.internal.EventHelper - eventAdmin is null, cannot fire Event
INFO  i.s.s.um.simple.authentication.SimpleDelegatingVerifier - login event for user 'admin'
INFO  i.s.s.um.simple.authentication.SimpleDelegatingVerifier - login event for user 'admin' successful
INFO  d.t.skysail.server.core.restlet.PutEntityServerResource - Request entry point: PutPasswordResource @Get('htmlform|html')
INFO  io.skysail.server.converter.HtmlConverter - converter 'HtmlConverter' matched '{text/html=0.95, treeform/*=1.0}' with threshold 0.95
INFO  de.twenty11.skysail.server.app.SourceWrapper - using converter 'NoopConverter' for FormResponse-Source: FormResponse: 
INFO  io.skysail.server.converter.HtmlConverter - reading templates from resource path '/templates/text/html'
INFO  LogService - 2015-02-20	09:09:31	0:0:0:0:0:0:0:1	admin	-	8051	GET	/_profile/password	-	200	11860	0	544	http://localhost:8051	Mozilla/5.0 (Macintosh; Intel Mac OS X 10_10_2) AppleWebKit/537.36 (KHTML, like Gecko) Chrome/40.0.2214.111 Safari/537.36	http://localhost:8051/_profile
WARN  d.t.skysail.server.core.osgi.internal.EventHelper - eventAdmin is null, cannot fire Event
INFO  i.s.s.um.simple.authentication.SimpleDelegatingVerifier - login event for user 'admin'
INFO  i.s.s.um.simple.authentication.SimpleDelegatingVerifier - login event for user 'admin' successful
INFO  d.t.skysail.server.core.restlet.PutEntityServerResource - Request entry point: PutPasswordResource @Put('x-www-form-urlencoded:html|json')
INFO  d.t.s.server.core.restlet.filter.AbstractResourceFilter - next filter in chain: AddRequestIdToResourceFilter
INFO  d.t.s.server.core.restlet.filter.AbstractResourceFilter - next filter in chain: CheckInvalidInputFilter
INFO  d.t.s.server.core.restlet.filter.AbstractResourceFilter - next filter in chain: FormDataExtractingFilter
INFO  d.t.s.server.core.restlet.filter.AbstractResourceFilter - next filter in chain: CheckBusinessViolationsFilter
WARN  d.t.s.s.c.restlet.filter.CheckBusinessViolationsFilter - constraint violations found on ChangePasswordEntity(account=null, old=skysail, password=test, pwdRepeated=test): [ConstraintViolationImpl{interpolatedMessage='Sorry, the password must have at least 6 Characters.', propertyPath=password, rootBeanClass=class de.twenty11.skysail.server.app.profile.ChangePasswordEntity, messageTemplate='Sorry, the password must have at least 6 Characters.'}]
INFO  d.t.s.s.c.restlet.filter.CheckBusinessViolationsFilter - found 1 business validation violation(s): [ConstraintViolationImpl{interpolatedMessage='Sorry, the password must have at least 6 Characters.', propertyPath=password, rootBeanClass=class de.twenty11.skysail.server.app.profile.ChangePasswordEntity, messageTemplate='Sorry, the password must have at least 6 Characters.'}]
INFO  d.t.s.server.core.restlet.filter.AbstractResourceFilter - stopping filter chain at filter CheckBusinessViolationsFilter
INFO  io.skysail.server.converter.HtmlConverter - converter 'HtmlConverter' matched '{text/html=0.95, treeform/*=1.0}' with threshold 0.95
INFO  de.twenty11.skysail.server.app.SourceWrapper - using converter 'NoopConverter' for ConstraintViolationsResponse-Source: ConstraintViolationsResponse: 
INFO  io.skysail.server.converter.HtmlConverter - reading templates from resource path '/templates/text/html'
INFO  LogService - 2015-02-20	09:10:12	0:0:0:0:0:0:0:1	admin	-	8051	PUT	/_profile/password	-	400	11945	56	767	http://localhost:8051	Mozilla/5.0 (Macintosh; Intel Mac OS X 10_10_2) AppleWebKit/537.36 (KHTML, like Gecko) Chrome/40.0.2214.111 Safari/537.36	http://localhost:8051/root/_profile/password/
WARN  d.t.skysail.server.core.osgi.internal.EventHelper - eventAdmin is null, cannot fire Event
INFO  i.s.s.um.simple.authentication.SimpleDelegatingVerifier - login event for user 'admin'
INFO  i.s.s.um.simple.authentication.SimpleDelegatingVerifier - login event for user 'admin' successful
INFO  d.t.skysail.server.core.restlet.PutEntityServerResource - Request entry point: PutPasswordResource @Put('x-www-form-urlencoded:html|json')
INFO  d.t.s.server.core.restlet.filter.AbstractResourceFilter - next filter in chain: AddRequestIdToResourceFilter
INFO  d.t.s.server.core.restlet.filter.AbstractResourceFilter - next filter in chain: CheckInvalidInputFilter
INFO  d.t.s.server.core.restlet.filter.AbstractResourceFilter - next filter in chain: FormDataExtractingFilter
INFO  d.t.s.server.core.restlet.filter.AbstractResourceFilter - next filter in chain: CheckBusinessViolationsFilter
WARN  d.t.s.s.c.restlet.filter.CheckBusinessViolationsFilter - constraint violations found on ChangePasswordEntity(account=null, old=skysail, password=test, pwdRepeated=teste): [ConstraintViolationImpl{interpolatedMessage='The provided passwords do not match.', propertyPath=, rootBeanClass=class de.twenty11.skysail.server.app.profile.ChangePasswordEntity, messageTemplate='The provided passwords do not match.'}, ConstraintViolationImpl{interpolatedMessage='Sorry, the password must have at least 6 Characters.', propertyPath=password, rootBeanClass=class de.twenty11.skysail.server.app.profile.ChangePasswordEntity, messageTemplate='Sorry, the password must have at least 6 Characters.'}]
INFO  d.t.s.s.c.restlet.filter.CheckBusinessViolationsFilter - found 2 business validation violation(s): [ConstraintViolationImpl{interpolatedMessage='The provided passwords do not match.', propertyPath=, rootBeanClass=class de.twenty11.skysail.server.app.profile.ChangePasswordEntity, messageTemplate='The provided passwords do not match.'}, ConstraintViolationImpl{interpolatedMessage='Sorry, the password must have at least 6 Characters.', propertyPath=password, rootBeanClass=class de.twenty11.skysail.server.app.profile.ChangePasswordEntity, messageTemplate='Sorry, the password must have at least 6 Characters.'}]
INFO  d.t.s.server.core.restlet.filter.AbstractResourceFilter - stopping filter chain at filter CheckBusinessViolationsFilter
INFO  io.skysail.server.converter.HtmlConverter - converter 'HtmlConverter' matched '{text/html=0.95, treeform/*=1.0}' with threshold 0.95
INFO  de.twenty11.skysail.server.app.SourceWrapper - using converter 'NoopConverter' for ConstraintViolationsResponse-Source: ConstraintViolationsResponse: 
INFO  io.skysail.server.converter.HtmlConverter - reading templates from resource path '/templates/text/html'
INFO  LogService - 2015-02-20	09:10:19	0:0:0:0:0:0:0:1	admin	-	8051	PUT	/_profile/password	-	400	11946	57	575	http://localhost:8051	Mozilla/5.0 (Macintosh; Intel Mac OS X 10_10_2) AppleWebKit/537.36 (KHTML, like Gecko) Chrome/40.0.2214.111 Safari/537.36	http://localhost:8051/root/_profile/password/?method=PUT
WARN  d.t.skysail.server.core.osgi.internal.EventHelper - eventAdmin is null, cannot fire Event
INFO  i.s.s.um.simple.authentication.SimpleDelegatingVerifier - login event for user 'admin'
INFO  i.s.s.um.simple.authentication.SimpleDelegatingVerifier - login event for user 'admin' successful
INFO  d.t.skysail.server.core.restlet.PutEntityServerResource - Request entry point: PutPasswordResource @Put('x-www-form-urlencoded:html|json')
INFO  d.t.s.server.core.restlet.filter.AbstractResourceFilter - next filter in chain: AddRequestIdToResourceFilter
INFO  d.t.s.server.core.restlet.filter.AbstractResourceFilter - next filter in chain: CheckInvalidInputFilter
INFO  d.t.s.server.core.restlet.filter.AbstractResourceFilter - next filter in chain: FormDataExtractingFilter
INFO  d.t.s.server.core.restlet.filter.AbstractResourceFilter - next filter in chain: CheckBusinessViolationsFilter
WARN  d.t.s.s.c.restlet.filter.CheckBusinessViolationsFilter - constraint violations found on ChangePasswordEntity(account=null, old=skysail, password=tester, pwdRepeated=teste): [ConstraintViolationImpl{interpolatedMessage='The provided passwords do not match.', propertyPath=, rootBeanClass=class de.twenty11.skysail.server.app.profile.ChangePasswordEntity, messageTemplate='The provided passwords do not match.'}]
INFO  d.t.s.s.c.restlet.filter.CheckBusinessViolationsFilter - found 1 business validation violation(s): [ConstraintViolationImpl{interpolatedMessage='The provided passwords do not match.', propertyPath=, rootBeanClass=class de.twenty11.skysail.server.app.profile.ChangePasswordEntity, messageTemplate='The provided passwords do not match.'}]
INFO  d.t.s.server.core.restlet.filter.AbstractResourceFilter - stopping filter chain at filter CheckBusinessViolationsFilter
INFO  io.skysail.server.converter.HtmlConverter - converter 'HtmlConverter' matched '{text/html=0.95, treeform/*=1.0}' with threshold 0.95
INFO  de.twenty11.skysail.server.app.SourceWrapper - using converter 'NoopConverter' for ConstraintViolationsResponse-Source: ConstraintViolationsResponse: 
INFO  io.skysail.server.converter.HtmlConverter - reading templates from resource path '/templates/text/html'
INFO  LogService - 2015-02-20	09:10:27	0:0:0:0:0:0:0:1	admin	-	8051	PUT	/_profile/password	-	400	11870	59	533	http://localhost:8051	Mozilla/5.0 (Macintosh; Intel Mac OS X 10_10_2) AppleWebKit/537.36 (KHTML, like Gecko) Chrome/40.0.2214.111 Safari/537.36	http://localhost:8051/root/_profile/password/?method=PUT
WARN  d.t.skysail.server.core.osgi.internal.EventHelper - eventAdmin is null, cannot fire Event
INFO  i.s.s.um.simple.authentication.SimpleDelegatingVerifier - login event for user 'admin'
INFO  i.s.s.um.simple.authentication.SimpleDelegatingVerifier - login event for user 'admin' successful
INFO  d.t.skysail.server.core.restlet.PutEntityServerResource - Request entry point: PutPasswordResource @Put('x-www-form-urlencoded:html|json')
INFO  d.t.s.server.core.restlet.filter.AbstractResourceFilter - next filter in chain: AddRequestIdToResourceFilter
INFO  d.t.s.server.core.restlet.filter.AbstractResourceFilter - next filter in chain: CheckInvalidInputFilter
INFO  d.t.s.server.core.restlet.filter.AbstractResourceFilter - next filter in chain: FormDataExtractingFilter
INFO  d.t.s.server.core.restlet.filter.AbstractResourceFilter - next filter in chain: CheckBusinessViolationsFilter
INFO  d.t.s.server.core.restlet.filter.AbstractResourceFilter - next filter in chain: OptionalEncryptionFilter
INFO  d.t.s.server.core.restlet.filter.AbstractResourceFilter - next filter in chain: UpdateEntityFilter
ERROR d.t.s.s.core.restlet.filter.ExceptionCatchingFilter - null
java.lang.NullPointerException: null
	at de.twenty11.skysail.server.app.profile.PutPasswordResource.updateEntity(PutPasswordResource.java:37) ~[skysail.server.jar:na]
	at de.twenty11.skysail.server.app.profile.PutPasswordResource.updateEntity(PutPasswordResource.java:1) ~[skysail.server.jar:na]
	at de.twenty11.skysail.server.core.restlet.filter.UpdateEntityFilter.doHandle(UpdateEntityFilter.java:19) ~[skysail.server.jar:na]
	at de.twenty11.skysail.server.core.restlet.filter.UpdateEntityFilter.doHandle(UpdateEntityFilter.java:1) ~[skysail.server.jar:na]
	at de.twenty11.skysail.server.core.restlet.filter.AbstractResourceFilter.handle(AbstractResourceFilter.java:101) [skysail.server.jar:na]
	at de.twenty11.skysail.server.core.restlet.filter.AbstractResourceFilter.doHandle(AbstractResourceFilter.java:80) [skysail.server.jar:na]
	at de.twenty11.skysail.server.core.restlet.filter.OptionalEncryptionFilter.doHandle(OptionalEncryptionFilter.java:27) ~[skysail.server.jar:na]
	at de.twenty11.skysail.server.core.restlet.filter.AbstractResourceFilter.handle(AbstractResourceFilter.java:101) [skysail.server.jar:na]
	at de.twenty11.skysail.server.core.restlet.filter.AbstractResourceFilter.doHandle(AbstractResourceFilter.java:80) [skysail.server.jar:na]
	at de.twenty11.skysail.server.core.restlet.filter.CheckBusinessViolationsFilter.doHandle(CheckBusinessViolationsFilter.java:72) ~[skysail.server.jar:na]
	at de.twenty11.skysail.server.core.restlet.filter.AbstractResourceFilter.handle(AbstractResourceFilter.java:101) [skysail.server.jar:na]
	at de.twenty11.skysail.server.core.restlet.filter.AbstractResourceFilter.doHandle(AbstractResourceFilter.java:80) [skysail.server.jar:na]
	at de.twenty11.skysail.server.core.restlet.filter.FormDataExtractingFilter.doHandle(FormDataExtractingFilter.java:30) ~[skysail.server.jar:na]
	at de.twenty11.skysail.server.core.restlet.filter.AbstractResourceFilter.handle(AbstractResourceFilter.java:101) [skysail.server.jar:na]
	at de.twenty11.skysail.server.core.restlet.filter.AbstractResourceFilter.doHandle(AbstractResourceFilter.java:80) [skysail.server.jar:na]
	at de.twenty11.skysail.server.core.restlet.filter.CheckInvalidInputFilter.doHandle(CheckInvalidInputFilter.java:50) ~[skysail.server.jar:na]
	at de.twenty11.skysail.server.core.restlet.filter.AbstractResourceFilter.handle(AbstractResourceFilter.java:101) [skysail.server.jar:na]
	at de.twenty11.skysail.server.core.restlet.filter.AbstractResourceFilter.doHandle(AbstractResourceFilter.java:80) [skysail.server.jar:na]
	at de.twenty11.skysail.server.core.restlet.filter.AbstractResourceFilter.handle(AbstractResourceFilter.java:101) [skysail.server.jar:na]
	at de.twenty11.skysail.server.core.restlet.filter.AbstractResourceFilter.doHandle(AbstractResourceFilter.java:80) [skysail.server.jar:na]
	at de.twenty11.skysail.server.core.restlet.filter.ExceptionCatchingFilter.doHandle(ExceptionCatchingFilter.java:20) ~[skysail.server.jar:na]
	at de.twenty11.skysail.server.core.restlet.filter.AbstractResourceFilter.handle(AbstractResourceFilter.java:101) [skysail.server.jar:na]
	at de.twenty11.skysail.server.core.restlet.filter.AbstractResourceFilter.handle(AbstractResourceFilter.java:47) [skysail.server.jar:na]
	at de.twenty11.skysail.server.core.restlet.PutEntityServerResource.put(PutEntityServerResource.java:174) [skysail.server.jar:na]
	at sun.reflect.NativeMethodAccessorImpl.invoke0(Native Method) ~[na:1.8.0_20]
	at sun.reflect.NativeMethodAccessorImpl.invoke(NativeMethodAccessorImpl.java:62) ~[na:1.8.0_20]
	at sun.reflect.DelegatingMethodAccessorImpl.invoke(DelegatingMethodAccessorImpl.java:43) ~[na:1.8.0_20]
	at java.lang.reflect.Method.invoke(Method.java:483) ~[na:1.8.0_20]
	at org.restlet.resource.ServerResource.doHandle(ServerResource.java:521) [org.restlet.jar:na]
	at org.restlet.resource.ServerResource.put(ServerResource.java:1435) [org.restlet.jar:na]
	at org.restlet.resource.ServerResource.doHandle(ServerResource.java:610) [org.restlet.jar:na]
	at org.restlet.resource.ServerResource.doNegotiatedHandle(ServerResource.java:679) [org.restlet.jar:na]
	at org.restlet.resource.ServerResource.doConditionalHandle(ServerResource.java:357) [org.restlet.jar:na]
	at org.restlet.resource.ServerResource.handle(ServerResource.java:1044) [org.restlet.jar:na]
	at org.restlet.resource.Finder.handle(Finder.java:236) [org.restlet.jar:na]
	at org.restlet.routing.Filter.doHandle(Filter.java:150) [org.restlet.jar:na]
	at org.restlet.routing.Filter.handle(Filter.java:197) [org.restlet.jar:na]
	at org.restlet.routing.Filter.doHandle(Filter.java:150) [org.restlet.jar:na]
	at org.restlet.routing.Filter.handle(Filter.java:197) [org.restlet.jar:na]
	at org.restlet.routing.Filter.doHandle(Filter.java:150) [org.restlet.jar:na]
	at org.restlet.routing.Filter.handle(Filter.java:197) [org.restlet.jar:na]
	at org.restlet.routing.Router.doHandle(Router.java:422) [org.restlet.jar:na]
	at org.restlet.routing.Router.handle(Router.java:639) [org.restlet.jar:na]
	at org.restlet.routing.Filter.doHandle(Filter.java:150) [org.restlet.jar:na]
	at org.restlet.routing.Filter.handle(Filter.java:197) [org.restlet.jar:na]
	at org.restlet.routing.Filter.doHandle(Filter.java:150) [org.restlet.jar:na]
	at org.restlet.routing.Filter.handle(Filter.java:197) [org.restlet.jar:na]
	at org.restlet.routing.Filter.doHandle(Filter.java:150) [org.restlet.jar:na]
	at org.restlet.routing.Filter.handle(Filter.java:197) [org.restlet.jar:na]
	at org.restlet.routing.Filter.doHandle(Filter.java:150) [org.restlet.jar:na]
	at org.restlet.routing.Filter.handle(Filter.java:197) [org.restlet.jar:na]
	at org.restlet.routing.Filter.doHandle(Filter.java:150) [org.restlet.jar:na]
	at org.restlet.routing.Filter.handle(Filter.java:197) [org.restlet.jar:na]
	at org.restlet.routing.Filter.doHandle(Filter.java:150) [org.restlet.jar:na]
	at org.restlet.routing.Filter.handle(Filter.java:197) [org.restlet.jar:na]
	at org.restlet.routing.Filter.doHandle(Filter.java:150) [org.restlet.jar:na]
	at org.restlet.engine.application.StatusFilter.doHandle(StatusFilter.java:140) [org.restlet.jar:na]
	at org.restlet.routing.Filter.handle(Filter.java:197) [org.restlet.jar:na]
	at org.restlet.routing.Filter.doHandle(Filter.java:150) [org.restlet.jar:na]
	at org.restlet.routing.Filter.handle(Filter.java:197) [org.restlet.jar:na]
	at org.restlet.engine.CompositeHelper.handle(CompositeHelper.java:202) [org.restlet.jar:na]
	at org.restlet.engine.application.ApplicationHelper.handle(ApplicationHelper.java:75) [org.restlet.jar:na]
	at org.restlet.Application.handle(Application.java:385) [org.restlet.jar:na]
	at org.restlet.routing.Filter.doHandle(Filter.java:150) [org.restlet.jar:na]
	at org.restlet.routing.Filter.handle(Filter.java:197) [org.restlet.jar:na]
	at org.restlet.routing.Router.doHandle(Router.java:422) [org.restlet.jar:na]
	at org.restlet.routing.Router.handle(Router.java:639) [org.restlet.jar:na]
	at org.restlet.routing.Filter.doHandle(Filter.java:150) [org.restlet.jar:na]
	at org.restlet.routing.Filter.handle(Filter.java:197) [org.restlet.jar:na]
	at org.restlet.routing.Router.doHandle(Router.java:422) [org.restlet.jar:na]
	at org.restlet.routing.Router.handle(Router.java:639) [org.restlet.jar:na]
	at org.restlet.routing.Filter.doHandle(Filter.java:150) [org.restlet.jar:na]
	at org.restlet.engine.application.StatusFilter.doHandle(StatusFilter.java:140) [org.restlet.jar:na]
	at org.restlet.routing.Filter.handle(Filter.java:197) [org.restlet.jar:na]
	at org.restlet.routing.Filter.doHandle(Filter.java:150) [org.restlet.jar:na]
	at org.restlet.routing.Filter.handle(Filter.java:197) [org.restlet.jar:na]
	at org.restlet.engine.CompositeHelper.handle(CompositeHelper.java:202) [org.restlet.jar:na]
	at org.restlet.Component.handle(Component.java:408) [org.restlet.jar:na]
	at org.restlet.Server.handle(Server.java:507) [org.restlet.jar:na]
	at org.restlet.engine.connector.ServerHelper.handle(ServerHelper.java:63) [org.restlet.jar:na]
	at org.restlet.engine.adapter.HttpServerHelper.handle(HttpServerHelper.java:143) [org.restlet.jar:na]
	at org.restlet.engine.connector.HttpServerHelper$1.handle(HttpServerHelper.java:64) [org.restlet.jar:na]
	at com.sun.net.httpserver.Filter$Chain.doFilter(Filter.java:79) [na:1.8.0_20]
	at sun.net.httpserver.AuthFilter.doFilter(AuthFilter.java:83) [na:1.8.0_20]
	at com.sun.net.httpserver.Filter$Chain.doFilter(Filter.java:82) [na:1.8.0_20]
	at sun.net.httpserver.ServerImpl$Exchange$LinkHandler.handle(ServerImpl.java:675) [na:1.8.0_20]
	at com.sun.net.httpserver.Filter$Chain.doFilter(Filter.java:79) [na:1.8.0_20]
	at sun.net.httpserver.ServerImpl$Exchange.run(ServerImpl.java:647) [na:1.8.0_20]
	at java.util.concurrent.ThreadPoolExecutor.runWorker(ThreadPoolExecutor.java:1142) [na:1.8.0_20]
	at java.util.concurrent.ThreadPoolExecutor$Worker.run(ThreadPoolExecutor.java:617) [na:1.8.0_20]
	at java.lang.Thread.run(Thread.java:745) [na:1.8.0_20]
INFO  io.skysail.server.converter.HtmlConverter - converter 'HtmlConverter' matched '{text/html=0.95, treeform/*=1.0}' with threshold 0.95
INFO  de.twenty11.skysail.server.app.SourceWrapper - using converter 'NoopConverter' for ChangePasswordEntity-Source: ChangePasswordEntity(account=null, old=skysail, password=tester, pwdRepeated=tester)
INFO  io.skysail.server.converter.HtmlConverter - reading templates from resource path '/templates/text/html'
INFO  LogService - 2015-02-20	09:10:46	0:0:0:0:0:0:0:1	admin	-	8051	PUT	/_profile/password	-	500	8217	60	10914	http://localhost:8051	Mozilla/5.0 (Macintosh; Intel Mac OS X 10_10_2) AppleWebKit/537.36 (KHTML, like Gecko) Chrome/40.0.2214.111 Safari/537.36	http://localhost:8051/root/_profile/password/?method=PUT
WARN  d.t.skysail.server.core.osgi.internal.EventHelper - eventAdmin is null, cannot fire Event
INFO  i.s.s.um.simple.authentication.SimpleDelegatingVerifier - login event for user 'admin'
INFO  i.s.s.um.simple.authentication.SimpleDelegatingVerifier - login event for user 'admin' successful
INFO  d.t.skysail.server.core.restlet.PutEntityServerResource - Request entry point: PutPasswordResource @Put('x-www-form-urlencoded:html|json')
INFO  d.t.s.server.core.restlet.filter.AbstractResourceFilter - next filter in chain: AddRequestIdToResourceFilter
INFO  d.t.s.server.core.restlet.filter.AbstractResourceFilter - next filter in chain: CheckInvalidInputFilter
INFO  d.t.s.server.core.restlet.filter.AbstractResourceFilter - next filter in chain: FormDataExtractingFilter
INFO  d.t.s.server.core.restlet.filter.AbstractResourceFilter - next filter in chain: CheckBusinessViolationsFilter
INFO  d.t.s.server.core.restlet.filter.AbstractResourceFilter - next filter in chain: OptionalEncryptionFilter
INFO  d.t.s.server.core.restlet.filter.AbstractResourceFilter - next filter in chain: UpdateEntityFilter
