2015-10-30 10:48:32,644 WARN  [o.e.j.server.handler.RequestLogHandler       ] - !RequestLog
2015-10-30 10:48:37,633 WARN  [d.t.s.server.core.restlet.SkysailRouter      ] - please use a RouteBuilder to attach this resource: class de.twenty11.skysail.server.resources.DefaultResource
2015-10-30 10:48:37,634 WARN  [d.t.s.server.core.restlet.SkysailRouter      ] - please use a RouteBuilder to attach this resource: class de.twenty11.skysail.server.resources.LoginResource
2015-10-30 10:48:37,635 WARN  [d.t.s.server.core.restlet.SkysailRouter      ] - please use a RouteBuilder to attach this resource: class de.twenty11.skysail.server.resources.DemoLoginResource
2015-10-30 10:48:37,637 WARN  [d.t.s.server.core.restlet.SkysailRouter      ] - please use a RouteBuilder to attach this resource: class de.twenty11.skysail.server.resources.RemoteLoginResource
2015-10-30 10:48:37,662 WARN  [d.t.s.server.core.restlet.SkysailRouter      ] - please use a RouteBuilder to attach this resource: class io.skysail.server.um.simple.app.users.resources.CurrentUserResource
2015-10-30 10:48:38,380 ERROR [i.s.s.a.d.codegen.InMemoryJavaCompiler       ] - io.skysail.server.app.designer.codegen.SourceCode[string:///io/skysail/server/app/designer/money/MoneyApplication.java]
2015-10-30 10:48:38,384 ERROR [i.s.s.a.d.codegen.InMemoryJavaCompiler       ] - cannot access org.restlet.ext.raml.RamlApplication
  class file for org.restlet.ext.raml.RamlApplication not found
2015-10-30 10:48:38,384 ERROR [i.s.s.a.d.codegen.InMemoryJavaCompiler       ] - Non-compiling source: 
2015-10-30 10:48:38,384 ERROR [i.s.s.a.d.codegen.InMemoryJavaCompiler       ] - xxx
2015-10-30 10:48:38,847 WARN  [i.s.s.u.s.s.DefaultAuthorizationService      ] - User '#1' could not be found in the Repository
2015-10-30 10:48:52,314 WARN  [i.s.s.u.s.s.DefaultAuthorizationService      ] - User '#1' could not be found in the Repository
2015-10-30 10:48:52,771 WARN  [i.s.s.u.s.s.DefaultAuthorizationService      ] - User '#1' could not be found in the Repository
2015-10-30 10:48:55,786 WARN  [i.s.s.u.s.s.DefaultAuthorizationService      ] - User '#1' could not be found in the Repository
2015-10-30 10:58:06,750 WARN  [i.s.s.u.s.s.DefaultAuthorizationService      ] - User '#1' could not be found in the Repository
2015-10-30 10:58:34,524 WARN  [i.s.s.u.s.s.DefaultAuthorizationService      ] - User '#1' could not be found in the Repository
2015-10-30 10:58:34,769 WARN  [i.s.s.u.s.s.DefaultAuthorizationService      ] - User '#1' could not be found in the Repository
2015-10-30 10:58:59,030 WARN  [i.s.s.u.s.s.DefaultAuthorizationService      ] - User '#1' could not be found in the Repository
2015-10-30 10:59:00,527 WARN  [i.s.s.u.s.s.DefaultAuthorizationService      ] - User '#1' could not be found in the Repository
2015-10-30 10:59:00,597 WARN  [i.s.s.u.s.s.DefaultAuthorizationService      ] - User '#1' could not be found in the Repository
2015-10-30 10:59:01,513 WARN  [i.s.s.u.s.s.DefaultAuthorizationService      ] - User '#1' could not be found in the Repository
2015-10-30 10:59:29,221 ERROR [i.s.s.a.d.codegen.InMemoryJavaCompiler       ] - io.skysail.server.app.designer.codegen.SourceCode[string:///io/skysail/server/app/designer/money/MoneyApplication.java]
2015-10-30 10:59:29,221 ERROR [i.s.s.a.d.codegen.InMemoryJavaCompiler       ] - cannot access org.restlet.ext.raml.RamlApplication
  class file for org.restlet.ext.raml.RamlApplication not found
2015-10-30 10:59:29,222 ERROR [i.s.s.a.d.codegen.InMemoryJavaCompiler       ] - Non-compiling source: 
2015-10-30 10:59:29,222 ERROR [i.s.s.a.d.codegen.InMemoryJavaCompiler       ] - xxx
2015-10-30 10:59:29,268 ERROR [i.s.s.a.d.codegen.InMemoryJavaCompiler       ] - io.skysail.server.app.designer.codegen.SourceCode[string:///io/skysail/server/app/designer/matrix/MatrixApplication.java]
2015-10-30 10:59:29,268 ERROR [i.s.s.a.d.codegen.InMemoryJavaCompiler       ] - cannot access org.restlet.ext.raml.RamlApplication
  class file for org.restlet.ext.raml.RamlApplication not found
2015-10-30 10:59:29,268 ERROR [i.s.s.a.d.codegen.InMemoryJavaCompiler       ] - Non-compiling source: 
2015-10-30 10:59:29,268 ERROR [i.s.s.a.d.codegen.InMemoryJavaCompiler       ] - xxx
2015-10-30 10:59:29,271 WARN  [i.s.s.u.s.s.DefaultAuthorizationService      ] - User '#1' could not be found in the Repository
2015-10-30 10:59:30,538 WARN  [i.s.s.u.s.s.DefaultAuthorizationService      ] - User '#1' could not be found in the Repository
