INFO  io.skysail.server.app.ApplicationList - (+) Adding application 'root'
INFO  io.skysail.server.services.ServerLoad - activating ServerLoad task
INFO  io.skysail.server.services.ServerTime - activating ServerTime task
INFO  io.skysail.server.app.ApplicationList - (+) Adding application 'webapp'
INFO  io.skysail.server.db.DbConfigurations - activating DbConfigurations with config DbConfig(name=skysailgraph, driver=, url=remote:localhost/skysailcrm, username=admin)
INFO  io.skysail.server.db.OrientGraphDbService - about to start db
INFO  io.skysail.server.db.OrientGraphDbService - registering remote engine
INFO  io.skysail.server.db.OrientGraphDbService - setting lazy loading to false
INFO  io.skysail.server.db.versions.impl.VersionsRepository - activating VersionsRepository
INFO  io.skysail.server.app.Repositories - adding repository (#1) with name 'io.skysail.server.db.versions.impl.ComponentDbVersion'
INFO  io.skysail.server.http.HttpServer - Activating io.skysail.server.http.HttpServer
INFO  de.twenty11.skysail.server.SkysailComponent - Creating Restlet Component: de.twenty11.skysail.server.SkysailComponent
INFO  io.skysail.server.http.HttpServer -   awt.toolkit => 'sun.lwawt.macosx.LWCToolkit'
INFO  io.skysail.server.http.HttpServer -   felix.fileinstall.dir => 'config/common,config/local'
INFO  io.skysail.server.http.HttpServer -   felix.fileinstall.filter => '.*\.jar|.*\.cfg'
INFO  io.skysail.server.http.HttpServer -   felix.fileinstall.log.level => '4'
INFO  io.skysail.server.http.HttpServer -   felix.fileinstall.noInitialDelay => 'true'
INFO  io.skysail.server.http.HttpServer -   felix.fileinstall.poll => '1000'
INFO  io.skysail.server.http.HttpServer -   file.encoding => 'UTF-8'
INFO  io.skysail.server.http.HttpServer -   file.encoding.pkg => 'sun.io'
INFO  io.skysail.server.http.HttpServer -   file.separator => '/'
INFO  io.skysail.server.http.HttpServer -   ftp.nonProxyHosts => 'local|*.local|169.254/16|*.169.254/16'
INFO  io.skysail.server.http.HttpServer -   gopherProxySet => 'false'
INFO  io.skysail.server.http.HttpServer -   http.nonProxyHosts => 'local|*.local|169.254/16|*.169.254/16'
INFO  io.skysail.server.http.HttpServer -   java.awt.graphicsenv => 'sun.awt.CGraphicsEnvironment'
INFO  io.skysail.server.http.HttpServer -   java.awt.printerjob => 'sun.lwawt.macosx.CPrinterJob'
INFO  io.skysail.server.http.HttpServer -   java.class.path => '/Users/carsten/.bnd/cache/https%3A%2F%2Fgithub.com%2Fevandor%2Fskysail-repository%2Fraw%2Fmaster%2Frelease/org.apache.felix.framework-4.6.1.jar:/Users/carsten/git/skysail-framework/cnf/buildrepo/biz.aQute.launcher/biz.aQute.launcher-latest.jar'
INFO  io.skysail.server.http.HttpServer -   java.class.version => '52.0'
INFO  io.skysail.server.http.HttpServer -   java.endorsed.dirs => '/Library/Java/JavaVirtualMachines/jdk1.8.0_20.jdk/Contents/Home/jre/lib/endorsed'
INFO  io.skysail.server.http.HttpServer -   java.ext.dirs => '/Users/carsten/Library/Java/Extensions:/Library/Java/JavaVirtualMachines/jdk1.8.0_20.jdk/Contents/Home/jre/lib/ext:/Library/Java/Extensions:/Network/Library/Java/Extensions:/System/Library/Java/Extensions:/usr/lib/java'
INFO  io.skysail.server.http.HttpServer -   java.home => '/Library/Java/JavaVirtualMachines/jdk1.8.0_20.jdk/Contents/Home/jre'
INFO  io.skysail.server.http.HttpServer -   java.io.tmpdir => '/var/folders/6h/l_z7dfrn5ngbm0lf8__3zhvm0000gn/T/'
INFO  io.skysail.server.http.HttpServer -   java.library.path => '/Users/carsten/Library/Java/Extensions:/Library/Java/Extensions:/Network/Library/Java/Extensions:/System/Library/Java/Extensions:/usr/lib/java:.'
INFO  io.skysail.server.http.HttpServer -   java.runtime.name => 'Java(TM) SE Runtime Environment'
INFO  io.skysail.server.http.HttpServer -   java.runtime.version => '1.8.0_20-b26'
INFO  io.skysail.server.http.HttpServer -   java.specification.name => 'Java Platform API Specification'
INFO  io.skysail.server.http.HttpServer -   java.specification.vendor => 'Oracle Corporation'
INFO  io.skysail.server.http.HttpServer -   java.specification.version => '1.8'
INFO  io.skysail.server.http.HttpServer -   java.vendor => 'Oracle Corporation'
INFO  io.skysail.server.http.HttpServer -   java.vendor.url => 'http://java.oracle.com/'
INFO  io.skysail.server.http.HttpServer -   java.vendor.url.bug => 'http://bugreport.sun.com/bugreport/'
INFO  io.skysail.server.http.HttpServer -   java.version => '1.8.0_20'
INFO  io.skysail.server.http.HttpServer -   java.vm.info => 'mixed mode'
INFO  io.skysail.server.http.HttpServer -   java.vm.name => 'Java HotSpot(TM) 64-Bit Server VM'
INFO  io.skysail.server.http.HttpServer -   java.vm.specification.name => 'Java Virtual Machine Specification'
INFO  io.skysail.server.http.HttpServer -   java.vm.specification.vendor => 'Oracle Corporation'
INFO  io.skysail.server.http.HttpServer -   java.vm.specification.version => '1.8'
INFO  io.skysail.server.http.HttpServer -   java.vm.vendor => 'Oracle Corporation'
INFO  io.skysail.server.http.HttpServer -   java.vm.version => '25.20-b23'
INFO  io.skysail.server.http.HttpServer -   launch.activators => ''
INFO  io.skysail.server.http.HttpServer -   launch.bundles => '/Users/carsten/.bnd/cache/https%3A%2F%2Fraw.githubusercontent.com%2Fbndtools%2Fbundle-hub%2Fmaster%2Fosgi.core/osgi.core-5.0.0.jar,/Users/carsten/.bnd/cache/https%3A%2F%2Fraw.githubusercontent.com%2Fbndtools%2Fbundle-hub%2Fmaster%2Fosgi.cmpn/osgi.cmpn-5.0.0.jar,/Users/carsten/.bnd/cache/https%3A%2F%2Fraw.githubusercontent.com%2Fbndtools%2Fbundle-hub%2Fmaster%2Fosgi.enterprise/osgi.enterprise-5.0.0.jar,/Users/carsten/git/skysail-framework/cnf/localrepo/me.moocar.logback-gelf/me.moocar.logback-gelf-0.2.0.jar,/Users/carsten/git/skysail-framework/cnf/localrepo/com.google.gson/com.google.gson-2.4.0.jar,/Users/carsten/.bnd/cache/https%3A%2F%2Fraw.githubusercontent.com%2Fbndtools%2Fbundle-hub%2Fmaster%2Fbiz.aQute.bnd.annotation/biz.aQute.bnd.annotation-3.0.0.jar,/Users/carsten/.bnd/cache/https%3A%2F%2Fraw.githubusercontent.com%2Fbndtools%2Fbundle-hub%2Fmaster%2Fbiz.aQute.bndlib/biz.aQute.bndlib-3.0.0.jar,/Users/carsten/git/skysail-framework/cnf/localrepo/etm.core/etm.core-1.2.3.jar,/Users/carsten/git/skysail-framework/cnf/localrepo/etm.contrib/etm.contrib-1.2.3.jar,/Users/carsten/git/skysail-framework/cnf/localrepo/javax.el-api/javax.el-api-3.0.0.jar,/Users/carsten/.bnd/cache/https%3A%2F%2Fgithub.com%2Fevandor%2Fskysail-repository%2Fraw%2Fmaster%2Frelease/javax.persistence-2.1.0.jar,/Users/carsten/.bnd/cache/https%3A%2F%2Fraw.githubusercontent.com%2Fbndtools%2Fbundle-hub%2Fmaster%2Fjavax.servlet/javax.servlet-3.0.0.jar,/Users/carsten/.bnd/cache/https%3A%2F%2Fgithub.com%2Fevandor%2Fskysail-repository%2Fraw%2Fmaster%2Frelease/javax.validation.api-1.1.0.jar,/Users/carsten/.bnd/cache/https%3A%2F%2Fraw.githubusercontent.com%2Fbndtools%2Fbundle-hub%2Fmaster%2Fjavax.inject/javax.inject-1.0.0.jar,/Users/carsten/git/skysail-framework/cnf/localrepo/org.apache.commons.beanutils/org.apache.commons.beanutils-1.9.2.jar,/Users/carsten/.bnd/cache/https%3A%2F%2Fgithub.com%2Fevandor%2Fskysail-repository%2Fraw%2Fmaster%2Frelease/org.apache.commons.collections-3.2.1.jar,/Users/carsten/git/skysail-framework/cnf/localrepo/org.apache.commons.configuration/org.apache.commons.configuration-1.10.0.jar,/Users/carsten/.bnd/cache/https%3A%2F%2Fgithub.com%2Fevandor%2Fskysail-repository%2Fraw%2Fmaster%2Frelease/org.apache.commons.lang-2.6.0.jar,/Users/carsten/git/skysail-framework/cnf/localrepo/org.apache.commons.lang3/org.apache.commons.lang3-3.3.2.jar,/Users/carsten/.bnd/cache/https%3A%2F%2Fgithub.com%2Fevandor%2Fskysail-repository%2Fraw%2Fmaster%2Frelease/org.apache.commons.logging-1.1.3.jar,/Users/carsten/git/skysail-framework/cnf/localrepo/org.apache.felix.bundlerepository/org.apache.felix.bundlerepository-2.0.2.jar,/Users/carsten/.bnd/cache/https%3A%2F%2Fraw.githubusercontent.com%2Fbndtools%2Fbundle-hub%2Fmaster%2Forg.apache.felix.configadmin/org.apache.felix.configadmin-1.8.0.jar,/Users/carsten/.bnd/cache/https%3A%2F%2Fraw.githubusercontent.com%2Fbndtools%2Fbundle-hub%2Fmaster%2Forg.apache.felix.fileinstall/org.apache.felix.fileinstall-3.4.0.jar,/Users/carsten/.bnd/cache/https%3A%2F%2Fraw.githubusercontent.com%2Fbndtools%2Fbundle-hub%2Fmaster%2Forg.apache.felix.eventadmin/org.apache.felix.eventadmin-1.4.4.jar,/Users/carsten/.bnd/cache/https%3A%2F%2Fraw.githubusercontent.com%2Fbndtools%2Fbundle-hub%2Fmaster%2Forg.apache.felix.gogo.command/org.apache.felix.gogo.command-0.14.0.jar,/Users/carsten/.bnd/cache/https%3A%2F%2Fraw.githubusercontent.com%2Fbndtools%2Fbundle-hub%2Fmaster%2Forg.apache.felix.gogo.runtime/org.apache.felix.gogo.runtime-0.12.1.jar,/Users/carsten/.bnd/cache/https%3A%2F%2Fraw.githubusercontent.com%2Fbndtools%2Fbundle-hub%2Fmaster%2Forg.apache.felix.gogo.shell/org.apache.felix.gogo.shell-0.10.0.jar,/Users/carsten/.bnd/cache/https%3A%2F%2Fraw.githubusercontent.com%2Fbndtools%2Fbundle-hub%2Fmaster%2Forg.apache.felix.log/org.apache.felix.log-1.0.1.jar,/Users/carsten/.bnd/cache/https%3A%2F%2Fgithub.com%2Fevandor%2Fskysail-repository%2Fraw%2Fmaster%2Frelease/org.apache.felix.prefs-1.0.6.jar,/Users/carsten/.bnd/cache/https%3A%2F%2Fraw.githubusercontent.com%2Fbndtools%2Fbundle-hub%2Fmaster%2Forg.apache.felix.scr/org.apache.felix.scr-1.8.2.jar,/Users/carsten/.bnd/cache/https%3A%2F%2Fraw.githubusercontent.com%2Fbndtools%2Fbundle-hub%2Fmaster%2Forg.apache.felix.shell.remote/org.apache.felix.shell.remote-1.1.2.jar,/Users/carsten/.bnd/cache/https%3A%2F%2Fgithub.com%2Fevandor%2Fskysail-repository%2Fraw%2Fmaster%2Frelease/jackson-annotations-2.5.1.jar,/Users/carsten/.bnd/cache/https%3A%2F%2Fgithub.com%2Fevandor%2Fskysail-repository%2Fraw%2Fmaster%2Frelease/jackson-core-2.5.1.jar,/Users/carsten/.bnd/cache/https%3A%2F%2Fgithub.com%2Fevandor%2Fskysail-repository%2Fraw%2Fmaster%2Frelease/jackson-databind-2.5.1.jar,/Users/carsten/.bnd/cache/https%3A%2F%2Fgithub.com%2Fevandor%2Fskysail-repository%2Fraw%2Fmaster%2Frelease/jackson-dataformat-xml-2.5.1.jar,/Users/carsten/.bnd/cache/https%3A%2F%2Fgithub.com%2Fevandor%2Fskysail-repository%2Fraw%2Fmaster%2Frelease/jackson-dataformat-smile-2.5.1.jar,/Users/carsten/.bnd/cache/https%3A%2F%2Fgithub.com%2Fevandor%2Fskysail-repository%2Fraw%2Fmaster%2Frelease/jackson-dataformat-yaml-2.5.1.jar,/Users/carsten/.bnd/cache/https%3A%2F%2Fgithub.com%2Fevandor%2Fskysail-repository%2Fraw%2Fmaster%2Frelease/jackson-dataformat-csv-2.5.1.jar,/Users/carsten/.bnd/cache/https%3A%2F%2Fgithub.com%2Fevandor%2Fskysail-repository%2Fraw%2Fmaster%2Frelease/jackson-module-jaxb-annotations-2.5.1.jar,/Users/carsten/.bnd/cache/https%3A%2F%2Fgithub.com%2Fevandor%2Fskysail-repository%2Fraw%2Fmaster%2Frelease/jackson-module-jsonSchema-2.5.1.jar,/Users/carsten/.bnd/cache/https%3A%2F%2Fgithub.com%2Fevandor%2Fskysail-repository%2Fraw%2Fmaster%2Frelease/classmate-1.0.0.jar,/Users/carsten/.bnd/cache/https%3A%2F%2Fgithub.com%2Fevandor%2Fskysail-repository%2Fraw%2Fmaster%2Frelease/stax2-api-3.1.4.jar,/Users/carsten/git/skysail-framework/cnf/localrepo/javassist/javassist-3.18.1.jar,/Users/carsten/git/skysail-framework/cnf/localrepo/org.codehaus.jettison.jettison/org.codehaus.jettison.jettison-1.3.7.jar,/Users/carsten/.bnd/cache/https%3A%2F%2Fgithub.com%2Fevandor%2Fskysail-repository%2Fraw%2Fmaster%2Frelease/com.googlecode.concurrentlinkedhashmap.lru-1.4.0.jar,/Users/carsten/.bnd/cache/https%3A%2F%2Fgithub.com%2Fevandor%2Fskysail-repository%2Fraw%2Fmaster%2Frelease/orientdb-client-2.1.3.jar,/Users/carsten/.bnd/cache/https%3A%2F%2Fgithub.com%2Fevandor%2Fskysail-repository%2Fraw%2Fmaster%2Frelease/orientdb-core-2.1.3.jar,/Users/carsten/.bnd/cache/https%3A%2F%2Fgithub.com%2Fevandor%2Fskysail-repository%2Fraw%2Fmaster%2Frelease/orientdb-enterprise-2.1.3.jar,/Users/carsten/.bnd/cache/https%3A%2F%2Fgithub.com%2Fevandor%2Fskysail-repository%2Fraw%2Fmaster%2Frelease/orientdb-graphdb-2.1.3.jar,/Users/carsten/.bnd/cache/https%3A%2F%2Fgithub.com%2Fevandor%2Fskysail-repository%2Fraw%2Fmaster%2Frelease/orientdb-object-2.1.3.jar,/Users/carsten/.bnd/cache/https%3A%2F%2Fgithub.com%2Fevandor%2Fskysail-repository%2Fraw%2Fmaster%2Frelease/orientdb-server-2.1.3.jar,/Users/carsten/.bnd/cache/https%3A%2F%2Fgithub.com%2Fevandor%2Fskysail-repository%2Fraw%2Fmaster%2Frelease/orientdb-tools-2.1.3.jar,/Users/carsten/.bnd/cache/https%3A%2F%2Fgithub.com%2Fevandor%2Fskysail-repository%2Fraw%2Fmaster%2Frelease/org.xerial.snappy.snappy-java-1.1.1.jar,/Users/carsten/git/skysail-framework/cnf/localrepo/io.skysail.bundled.tinkerpop.blueprints-core/io.skysail.bundled.tinkerpop.blueprints-core-2.6.0.jar,/Users/carsten/git/skysail-framework/cnf/localrepo/io.skysail.bundled.tinkerpop.blueprints-orient-graph/io.skysail.bundled.tinkerpop.blueprints-orient-graph-2.4.0.jar,/Users/carsten/git/skysail-framework/cnf/localrepo/com.sun.jna/com.sun.jna-4.2.0.jar,/Users/carsten/git/skysail-framework/cnf/localrepo/com.sun.jna.platform/com.sun.jna.platform-4.2.0.jar,/Users/carsten/.bnd/cache/https%3A%2F%2Fgithub.com%2Fevandor%2Fskysail-repository%2Fraw%2Fmaster%2Frelease/jetty-util-9.2.11.v20150529.jar,/Users/carsten/.bnd/cache/https%3A%2F%2Fgithub.com%2Fevandor%2Fskysail-repository%2Fraw%2Fmaster%2Frelease/jetty-http-9.2.11.v20150529.jar,/Users/carsten/.bnd/cache/https%3A%2F%2Fgithub.com%2Fevandor%2Fskysail-repository%2Fraw%2Fmaster%2Frelease/jetty-io-9.2.11.v20150529.jar,/Users/carsten/.bnd/cache/https%3A%2F%2Fgithub.com%2Fevandor%2Fskysail-repository%2Fraw%2Fmaster%2Frelease/jetty-security-9.2.11.v20150529.jar,/Users/carsten/.bnd/cache/https%3A%2F%2Fgithub.com%2Fevandor%2Fskysail-repository%2Fraw%2Fmaster%2Frelease/jetty-server-9.2.11.v20150529.jar,/Users/carsten/.bnd/cache/https%3A%2F%2Fgithub.com%2Fevandor%2Fskysail-repository%2Fraw%2Fmaster%2Frelease/jetty-servlet-9.2.11.v20150529.jar,/Users/carsten/.bnd/cache/https%3A%2F%2Fgithub.com%2Fevandor%2Fskysail-repository%2Fraw%2Fmaster%2Frelease/jetty-webapp-9.2.11.v20150529.jar,/Users/carsten/.bnd/cache/https%3A%2F%2Fgithub.com%2Fevandor%2Fskysail-repository%2Fraw%2Fmaster%2Frelease/jetty-deploy-9.2.11.v20150529.jar,/Users/carsten/.bnd/cache/https%3A%2F%2Fgithub.com%2Fevandor%2Fskysail-repository%2Fraw%2Fmaster%2Frelease/jetty-xml-9.2.11.v20150529.jar,/Users/carsten/git/skysail-framework/cnf/localrepo/org.eclipse.jetty.osgi-servlet-api/org.eclipse.jetty.osgi-servlet-api-3.1.0.jar,/Users/carsten/.bnd/cache/https%3A%2F%2Fgithub.com%2Fevandor%2Fskysail-repository%2Fraw%2Fmaster%2Frelease/jetty-client-9.2.11.v20150529.jar,/Users/carsten/.bnd/cache/https%3A%2F%2Fgithub.com%2Fevandor%2Fskysail-repository%2Fraw%2Fmaster%2Frelease/org.apache.shiro.core-1.2.2.jar,/Users/carsten/.bnd/cache/https%3A%2F%2Fgithub.com%2Fevandor%2Fskysail-repository%2Fraw%2Fmaster%2Frelease/org.apache.shiro.web-1.2.2.jar,/Users/carsten/.bnd/cache/https%3A%2F%2Fgithub.com%2Fevandor%2Fskysail-repository%2Fraw%2Fmaster%2Frelease/snakeyaml-1.15.jar,/Users/carsten/git/skysail-framework/cnf/localrepo/de.twentyeleven.skysail.org.json-osgi/de.twentyeleven.skysail.org.json-osgi-20080701.0.0.jar,/Users/carsten/.bnd/cache/https%3A%2F%2Fgithub.com%2Fevandor%2Fskysail-repository%2Fraw%2Fmaster%2Frelease/org.restlet.jar,/Users/carsten/git/skysail-framework/cnf/localrepo/org.restlet.ext.apispark/org.restlet.ext.apispark-2.3.4.jar,/Users/carsten/.bnd/cache/https%3A%2F%2Fgithub.com%2Fevandor%2Fskysail-repository%2Fraw%2Fmaster%2Frelease/org.restlet.ext.crypto.jar,/Users/carsten/.bnd/cache/https%3A%2F%2Fgithub.com%2Fevandor%2Fskysail-repository%2Fraw%2Fmaster%2Frelease/org.restlet.ext.httpclient.jar,/Users/carsten/.bnd/cache/https%3A%2F%2Fgithub.com%2Fevandor%2Fskysail-repository%2Fraw%2Fmaster%2Frelease/org.restlet.ext.jackson.jar,/Users/carsten/.bnd/cache/https%3A%2F%2Fgithub.com%2Fevandor%2Fskysail-repository%2Fraw%2Fmaster%2Frelease/org.restlet.ext.jetty.jar,/Users/carsten/.bnd/cache/https%3A%2F%2Fgithub.com%2Fevandor%2Fskysail-repository%2Fraw%2Fmaster%2Frelease/org.restlet.ext.json.jar,/Users/carsten/.bnd/cache/https%3A%2F%2Fgithub.com%2Fevandor%2Fskysail-repository%2Fraw%2Fmaster%2Frelease/org.restlet.ext.oauth.jar,/Users/carsten/.bnd/cache/https%3A%2F%2Fgithub.com%2Fevandor%2Fskysail-repository%2Fraw%2Fmaster%2Frelease/org.restlet.ext.slf4j.jar,/Users/carsten/.bnd/cache/https%3A%2F%2Fgithub.com%2Fevandor%2Fskysail-repository%2Fraw%2Fmaster%2Frelease/org.restlet.ext.raml.jar,/Users/carsten/.bnd/cache/https%3A%2F%2Fgithub.com%2Fevandor%2Fskysail-repository%2Fraw%2Fmaster%2Frelease/org.restlet.ext.servlet.jar,/Users/carsten/git/skysail-framework/cnf/localrepo/io.skysail.bundled.raml-parser/io.skysail.bundled.raml-parser-0.8.12.jar,/Users/carsten/.bnd/cache/https%3A%2F%2Fgithub.com%2Fevandor%2Fskysail-repository%2Fraw%2Fmaster%2Frelease/guava-16.0.1.jar,/Users/carsten/git/skysail-framework/cnf/localrepo/org.jboss.logging.jboss-logging/org.jboss.logging.jboss-logging-3.1.4.jar,/Users/carsten/git/skysail-framework/cnf/localrepo/org.hibernate.validator/org.hibernate.validator-5.1.2.jar,/Users/carsten/.bnd/cache/https%3A%2F%2Fraw.githubusercontent.com%2Fbndtools%2Fbundle-hub%2Fmaster%2Fch.qos.logback.classic/ch.qos.logback.classic-1.1.2.jar,/Users/carsten/.bnd/cache/https%3A%2F%2Fraw.githubusercontent.com%2Fbndtools%2Fbundle-hub%2Fmaster%2Fch.qos.logback.core/ch.qos.logback.core-1.1.2.jar,/Users/carsten/git/skysail-framework/cnf/localrepo/slf4j.api/slf4j.api-1.7.7.jar,/Users/carsten/git/skysail-framework/skysail.api/generated/skysail.api.jar,/Users/carsten/git/skysail-framework/cnf/releaserepo/skysail.api.um/skysail.api.um-0.2.1.jar,/Users/carsten/git/skysail-framework/cnf/releaserepo/skysail.api.peers/skysail.api.peers-0.1.1.jar,/Users/carsten/git/skysail-framework/cnf/releaserepo/skysail.api.search/skysail.api.search-0.1.0.jar,/Users/carsten/git/skysail-framework/cnf/releaserepo/skysail.api.text/skysail.api.text-2.0.0.jar,/Users/carsten/git/skysail-framework/cnf/releaserepo/skysail.api.validation/skysail.api.validation-0.2.1.jar,/Users/carsten/git/skysail-framework/cnf/releaserepo/skysail.api.features/skysail.api.features-0.1.2.jar,/Users/carsten/.bnd/cache/https%3A%2F%2Fgithub.com%2Fevandor%2Fskysail-repository%2Fraw%2Fmaster%2Frelease/com.sun.el-2.2.0.jar,/Users/carsten/.bnd/cache/https%3A%2F%2Fgithub.com%2Fevandor%2Fskysail-repository%2Fraw%2Fmaster%2Frelease/de.twenty11.owasp-java-html-sanitizer-239.0.0.jar,/Users/carsten/git/skysail-framework/cnf/localrepo/de.twentyeleven.skysail.org.antlr.stringtemplate-osgi/de.twentyeleven.skysail.org.antlr.stringtemplate-osgi-4.0.8.jar,/Users/carsten/git/skysail-framework/skysail.server/generated/skysail.server.jar,/Users/carsten/git/skysail-framework/skysail.server.converter/generated/skysail.server.converter.jar,/Users/carsten/git/skysail-framework/skysail.server.db/generated/skysail.server.db.jar,/Users/carsten/git/skysail-framework/skysail.server.http/generated/skysail.server.http.jar,/Users/carsten/git/skysail-framework/skysail.server.osgi/generated/skysail.server.osgi.jar,/Users/carsten/git/skysail-framework/skysail.server.queryfilter/generated/skysail.server.queryfilter.jar,/Users/carsten/git/skysail-framework/skysail.server.performance.etm/generated/skysail.server.performance.etm.jar,/Users/carsten/git/skysail-framework/skysail.server.static/generated/skysail.server.static.jar,/Users/carsten/git/skysail-framework/cnf/releaserepo/skysail.server.text.markdown/skysail.server.text.markdown-0.1.1.jar,/Users/carsten/git/skysail-framework/skysail.server.text.store.bundleresource/generated/skysail.server.text.store.bundleresource.jar,/Users/carsten/git/skysail-framework/skysail.server.text.store.git/generated/skysail.server.text.store.git.jar,/Users/carsten/git/skysail-framework/skysail.server.um/generated/skysail.server.um.jar,/Users/carsten/git/skysail-framework/skysail.server.um.simple/generated/skysail.server.um.simple.jar,/Users/carsten/git/skysail-framework/skysail.server.ext.initconfig/generated/skysail.server.ext.initconfig.jar,/Users/carsten/git/skysail-framework/cnf/localrepo/com.google.inject/com.google.inject-4.0.0.jar,/Users/carsten/git/skysail-framework/cnf/localrepo/org.apache.servicemix.bundles.aopalliance/org.apache.servicemix.bundles.aopalliance-1.0.0.jar,/Users/carsten/git/skysail-framework/cnf/localrepo/com.sun.mail.javax.mail/com.sun.mail.javax.mail-1.5.1.jar,/Users/carsten/git/skysail-framework/cnf/localrepo/org.quartz-scheduler.quartz/org.quartz-scheduler.quartz-2.2.1.jar,/Users/carsten/git/skysail-framework/cnf/localrepo/org.apache.servicemix.bundles.c3p0/org.apache.servicemix.bundles.c3p0-0.9.1.jar,/Users/carsten/.bnd/cache/https%3A%2F%2Fgithub.com%2Fevandor%2Fskysail-repository%2Fraw%2Fmaster%2Frelease/org.apache.servicemix.bundles.jakarta-regexp-1.4_1.jar,/Users/carsten/git/skysail-framework/skysail.server.http.javamelody/generated/skysail.server.http.javamelody.jar,/Users/carsten/git/skysail-framework/skysail.server.app.um.db/generated/skysail.server.app.um.db.jar,/Users/carsten/git/skysail-framework/cnf/localrepo/org.jsoup/org.jsoup-1.8.1.jar,/Users/carsten/git/skysail-framework/skysail.server.codegen/generated/skysail.server.codegen.jar,/Users/carsten/git/skysail-framework/skysail.server.designer.restclient/generated/skysail.server.designer.restclient.jar,/Users/carsten/git/skysail-framework/cnf/localrepo/org.apache.httpcomponents.httpcore/org.apache.httpcomponents.httpcore-4.4.1.jar,/Users/carsten/git/skysail-framework/cnf/localrepo/org.apache.httpcomponents.httpclient/org.apache.httpcomponents.httpclient-4.5.1.jar'
INFO  io.skysail.server.http.HttpServer -   launch.embedded => 'false'
INFO  io.skysail.server.http.HttpServer -   launch.keep => 'false'
INFO  io.skysail.server.http.HttpServer -   launch.name => 'skysail.server.designer.restclient'
INFO  io.skysail.server.http.HttpServer -   launch.noreferences => 'false'
INFO  io.skysail.server.http.HttpServer -   launch.notificationPort => '56855'
INFO  io.skysail.server.http.HttpServer -   launch.services => 'true'
INFO  io.skysail.server.http.HttpServer -   launch.storage.dir => '/Users/carsten/git/skysail-framework/skysail.server.designer.restclient/generated/fw'
INFO  io.skysail.server.http.HttpServer -   launch.system.capabilities => 'osgi.native;osgi.native.osname:List<String>="MacOSX,Mac OS X";osgi.native.osversion:Version=10.11.1;osgi.native.processor:List<String>="x86-64,amd64,em64t,x86_64"'
INFO  io.skysail.server.http.HttpServer -   launch.system.packages => 'sun.reflect,sun.misc,com.sun.net.httpserver,javax.imageio.spi,javax.crypto,javax.crypto.spec,javax.script,javax.net,javax.net.ssl,javax.sql,javax.security.auth.x500,org.ietf.jgss,javax.naming,javax.naming.directory,javax.naming.ldap,javax.xml.bind,javax.xml.bind.annotation,javax.xml.bind.annotation.adapters,javax.activation,javax.security.auth.callback,javax.naming.spi,javax.management,javax.management.openmbean,javax.swing.tree,javax.transaction,javax.transaction.xa,javax.xml.transform.stax,javafx.application,javafx.scene,javafx.scene.control,javafx.scene.layout,javafx.stage,javafx.beans.property,javafx.collections,javafx.beans.value,javafx.concurrent,javafx.event,javafx.geometry,javafx.scene.image,javafx.scene.web,javafx.util,netscape.javascript,javafx.scene.paint,com.sun.image.codec.jpeg,com.sun.management,sun.nio.ch,org.osgi.framework;version="1.8",org.osgi.framework.dto;version="1.8";uses:="org.osgi.dto",org.osgi.framework.hooks.bundle;version="1.1";uses:="org.osgi.framework",org.osgi.framework.hooks.resolver;version="1.0";uses:="org.osgi.framework.wiring",org.osgi.framework.hooks.service;version="1.1";uses:="org.osgi.framework",org.osgi.framework.hooks.weaving;version="1.1";uses:="org.osgi.framework.wiring",org.osgi.framework.launch;version="1.2";uses:="org.osgi.framework",org.osgi.framework.namespace;version="1.1";uses:="org.osgi.resource",org.osgi.framework.startlevel;version="1.0";uses:="org.osgi.framework",org.osgi.framework.startlevel.dto;version="1.0";uses:="org.osgi.dto",org.osgi.framework.wiring;version="1.2";uses:="org.osgi.framework,org.osgi.resource",org.osgi.framework.wiring.dto;version="1.2";uses:="org.osgi.dto,org.osgi.resource.dto",org.osgi.resource;version="1.0",org.osgi.resource.dto;version="1.0";uses:="org.osgi.dto",org.osgi.service.packageadmin;version="1.2";uses:="org.osgi.framework",org.osgi.service.startlevel;version="1.1";uses:="org.osgi.framework",org.osgi.service.url;version="1.0",org.osgi.util.tracker;version="1.5.1";uses:="org.osgi.framework",org.osgi.dto;version="1.0"'
INFO  io.skysail.server.http.HttpServer -   launch.timeout => '0'
INFO  io.skysail.server.http.HttpServer -   launch.trace => 'false'
INFO  io.skysail.server.http.HttpServer -   launcher.properties => '/Users/carsten/git/skysail-framework/skysail.server.designer.restclient/generated/launch5342403107356956936.properties'
INFO  io.skysail.server.http.HttpServer -   line.separator => '
'
INFO  io.skysail.server.http.HttpServer -   logback.configurationFile => 'config/local/logback.xml'
INFO  io.skysail.server.http.HttpServer -   obr.repository.url => 'https://raw.githubusercontent.com/evandor/skysail-repository/master/index.xml https://raw.githubusercontent.com/evandor/skysail-framework/master/cnf/releaserepo/index.xml https://raw.githubusercontent.com/evandor/skysail-apps/master/cnf/releaserepo/index.xml http://felix.apache.org/obr/releases.xml'
INFO  io.skysail.server.http.HttpServer -   org.apache.felix.log.storeDebug => 'true'
INFO  io.skysail.server.http.HttpServer -   os.arch => 'x86_64'
INFO  io.skysail.server.http.HttpServer -   os.name => 'Mac OS X'
INFO  io.skysail.server.http.HttpServer -   os.version => '10.11.1'
INFO  io.skysail.server.http.HttpServer -   path.separator => ':'
INFO  io.skysail.server.http.HttpServer -   product.bundle => 'skysail.server.designer.restclient'
INFO  io.skysail.server.http.HttpServer -   socksNonProxyHosts => 'local|*.local|169.254/16|*.169.254/16'
INFO  io.skysail.server.http.HttpServer -   sun.arch.data.model => '64'
INFO  io.skysail.server.http.HttpServer -   sun.boot.class.path => '/Library/Java/JavaVirtualMachines/jdk1.8.0_20.jdk/Contents/Home/jre/lib/resources.jar:/Library/Java/JavaVirtualMachines/jdk1.8.0_20.jdk/Contents/Home/jre/lib/rt.jar:/Library/Java/JavaVirtualMachines/jdk1.8.0_20.jdk/Contents/Home/jre/lib/sunrsasign.jar:/Library/Java/JavaVirtualMachines/jdk1.8.0_20.jdk/Contents/Home/jre/lib/jsse.jar:/Library/Java/JavaVirtualMachines/jdk1.8.0_20.jdk/Contents/Home/jre/lib/jce.jar:/Library/Java/JavaVirtualMachines/jdk1.8.0_20.jdk/Contents/Home/jre/lib/charsets.jar:/Library/Java/JavaVirtualMachines/jdk1.8.0_20.jdk/Contents/Home/jre/lib/jfr.jar:/Library/Java/JavaVirtualMachines/jdk1.8.0_20.jdk/Contents/Home/jre/classes'
INFO  io.skysail.server.http.HttpServer -   sun.boot.library.path => '/Library/Java/JavaVirtualMachines/jdk1.8.0_20.jdk/Contents/Home/jre/lib'
INFO  io.skysail.server.http.HttpServer -   sun.cpu.endian => 'little'
INFO  io.skysail.server.http.HttpServer -   sun.cpu.isalist => ''
INFO  io.skysail.server.http.HttpServer -   sun.io.unicode.encoding => 'UnicodeBig'
INFO  io.skysail.server.http.HttpServer -   sun.java.command => 'aQute.launcher.Launcher'
INFO  io.skysail.server.http.HttpServer -   sun.java.launcher => 'SUN_STANDARD'
INFO  io.skysail.server.http.HttpServer -   sun.jnu.encoding => 'UTF-8'
INFO  io.skysail.server.http.HttpServer -   sun.management.compiler => 'HotSpot 64-Bit Tiered Compilers'
INFO  io.skysail.server.http.HttpServer -   sun.os.patch.level => 'unknown'
INFO  io.skysail.server.http.HttpServer -   user.country => 'US'
INFO  io.skysail.server.http.HttpServer -   user.country.format => 'DE'
INFO  io.skysail.server.http.HttpServer -   user.dir => '/Users/carsten/git/skysail-framework/skysail.server.designer.restclient'
INFO  io.skysail.server.http.HttpServer -   user.home => '/Users/carsten'
INFO  io.skysail.server.http.HttpServer -   user.language => 'en'
INFO  io.skysail.server.http.HttpServer -   user.name => 'carsten'
INFO  io.skysail.server.http.HttpServer -   user.timezone => 'Europe/Berlin'
INFO  io.skysail.server.http.HttpServer - configuration was provided
INFO  io.skysail.server.http.HttpServer - 
INFO  io.skysail.server.http.HttpServer - ====================================
INFO  io.skysail.server.http.HttpServer - Starting skysail server on port 2015
INFO  io.skysail.server.http.HttpServer - ====================================
INFO  io.skysail.server.http.HttpServer - 
INFO  io.skysail.server.app.ApplicationList - (+) Adding application 'OSGi'
INFO  org.eclipse.jetty.util.log - Logging initialized @12222ms
INFO  io.skysail.server.app.ApplicationList - (+) Adding application 'Performance'
INFO  io.skysail.server.app.ApplicationList - (+) Adding application 'static'
INFO  org.restlet - Starting the Jetty [HTTP/1.1] server on port 2015
INFO  org.eclipse.jetty.server.Server - jetty-9.2.11.v20150529
INFO  io.skysail.server.app.ApplicationList - (+) Adding application 'i18n'
INFO  org.eclipse.jetty.server.ServerConnector - Started ServerConnector@67616b2b{HTTP/1.1}{0.0.0.0:2015}
INFO  org.eclipse.jetty.server.Server - Started @12674ms
WARN  i.s.server.um.simple.FileBasedUserManagementProvider - creating default configuration for usermanagement as no configuration was provided (yet)!
INFO  io.skysail.server.app.ApplicationList -  >>> unsetting ServerConfiguration
INFO  io.skysail.server.app.ApplicationList -  >>> attaching skysailApplication '/root' to defaultHost
INFO  io.skysail.server.app.ApplicationList -  >>> unsetting ServerConfiguration
INFO  io.skysail.server.app.ApplicationList -  >>> attaching skysailApplication '/webapp' to defaultHost
INFO  io.skysail.server.app.ApplicationList -  >>> unsetting ServerConfiguration
INFO  io.skysail.server.app.ApplicationList -  >>> attaching skysailApplication '/OSGi' to defaultHost
INFO  io.skysail.server.app.ApplicationList -  >>> unsetting ServerConfiguration
INFO  io.skysail.server.app.ApplicationList -  >>> attaching skysailApplication '/Performance' to defaultHost
INFO  io.skysail.server.app.ApplicationList -  >>> unsetting ServerConfiguration
INFO  io.skysail.server.app.ApplicationList -  >>> attaching skysailApplication '/static' to defaultHost
INFO  io.skysail.server.app.ApplicationList -  >>> unsetting ServerConfiguration
INFO  io.skysail.server.app.ApplicationList -  >>> attaching skysailApplication '/i18n' to defaultHost
INFO  io.skysail.server.app.ApplicationList - (+) Adding application 'usermanagement'
INFO  skysail.server.ext.initconfig.ConfigMover - determined product bundle to be 'skysail.server.designer.restclient'
INFO  skysail.server.ext.initconfig.ConfigMover - checking directories 'config/common,config/local' in bundle skysail.server.designer.restclient for configurations
INFO  skysail.server.ext.initconfig.ConfigMover - no configuration found in bundle skysail.server.designer.restclient
INFO  io.skysail.server.app.Repositories - adding repository (#2) with name 'io.skysail.server.app.um.db.domain.Group'
INFO  io.skysail.server.app.Repositories - adding repository (#3) with name 'io.skysail.server.app.um.db.domain.Permission'
INFO  io.skysail.server.app.Repositories - adding repository (#4) with name 'io.skysail.server.app.um.db.domain.Role'
INFO  io.skysail.server.app.Repositories - adding repository (#5) with name 'io.skysail.server.app.um.db.domain.User'
INFO  io.skysail.server.app.ApplicationList - (+) Adding application 'um'
INFO  io.skysail.server.app.Repositories - adding repository (#6) with name 'io.skysail.server.app.designer.restclient.ClientApplication'
INFO  io.skysail.server.app.Repositories - adding repository (#7) with name 'io.skysail.server.app.designer.restclient.OAuth2'
INFO  io.skysail.server.app.ApplicationList - (+) Adding application 'Restclient'
INFO  org.restlet.SkysailComponent.SkysailRootApplication - Starting io.skysail.server.um.simple.app.SimpleUserManagementApplication application
INFO  io.skysail.server.app.SkysailApplication - creating new Router in io.skysail.server.um.simple.app.SimpleUserManagementApplication
INFO  io.skysail.server.app.SkysailApplication - adding extensions to metadata service
INFO  io.skysail.server.app.SkysailApplication - adding protocols
WARN  io.skysail.server.app.SkysailApplication - there are no entities defined for the applicationModel Application(id=usermanagement, entities=[], repositories=null)
INFO  de.twenty11.skysail.server.core.restlet.SkysailRouter - routing path '/v1/currentUser' -> 'io.skysail.server.um.simple.app.users.resources.CurrentUserResource'
WARN  de.twenty11.skysail.server.core.restlet.SkysailRouter - please use a RouteBuilder to attach this resource: class io.skysail.server.um.simple.app.users.resources.CurrentUserResource
INFO  org.restlet.SkysailComponent.SkysailRootApplication - Starting de.twenty11.skysail.server.app.SkysailRootApplication application
INFO  io.skysail.server.app.SkysailApplication - creating new Router in de.twenty11.skysail.server.app.SkysailRootApplication
INFO  io.skysail.server.app.SkysailApplication - adding extensions to metadata service
INFO  io.skysail.server.app.SkysailApplication - adding protocols
INFO  de.twenty11.skysail.server.core.restlet.SkysailRouter - routing path '/!meta' -> 'RolesPredicateAuthorizer' -> 'de.twenty11.skysail.server.resources.DefaultResource'
INFO  de.twenty11.skysail.server.core.restlet.SkysailRouter - routing path '/' -> 'de.twenty11.skysail.server.resources.DefaultResource'
WARN  de.twenty11.skysail.server.core.restlet.SkysailRouter - please use a RouteBuilder to attach this resource: class de.twenty11.skysail.server.resources.DefaultResource
INFO  de.twenty11.skysail.server.core.restlet.SkysailRouter - routing path '/_login' -> 'de.twenty11.skysail.server.resources.LoginResource'
WARN  de.twenty11.skysail.server.core.restlet.SkysailRouter - please use a RouteBuilder to attach this resource: class de.twenty11.skysail.server.resources.LoginResource
INFO  de.twenty11.skysail.server.core.restlet.SkysailRouter - routing path '/_demologin' -> 'de.twenty11.skysail.server.resources.DemoLoginResource'
WARN  de.twenty11.skysail.server.core.restlet.SkysailRouter - please use a RouteBuilder to attach this resource: class de.twenty11.skysail.server.resources.DemoLoginResource
INFO  de.twenty11.skysail.server.core.restlet.SkysailRouter - routing path '/_profile' -> 'RolesPredicateAuthorizer' -> 'de.twenty11.skysail.server.app.profile.ProfileResource'
INFO  de.twenty11.skysail.server.core.restlet.SkysailRouter - routing path '/_profile/password/' -> 'RolesPredicateAuthorizer' -> 'de.twenty11.skysail.server.app.profile.PutPasswordResource'
INFO  de.twenty11.skysail.server.core.restlet.SkysailRouter - routing path '/_remotelogin' -> 'de.twenty11.skysail.server.resources.RemoteLoginResource'
WARN  de.twenty11.skysail.server.core.restlet.SkysailRouter - please use a RouteBuilder to attach this resource: class de.twenty11.skysail.server.resources.RemoteLoginResource
INFO  org.restlet.SkysailComponent.SkysailRootApplication - Starting io.skysail.server.converter.WebappApplication application
INFO  org.restlet.SkysailComponent.SkysailRootApplication - Starting de.twenty11.skysail.server.osgi.OsgiMonitorViewerApplication application
INFO  io.skysail.server.app.SkysailApplication - creating new Router in de.twenty11.skysail.server.osgi.OsgiMonitorViewerApplication
INFO  io.skysail.server.app.SkysailApplication - adding extensions to metadata service
INFO  io.skysail.server.app.SkysailApplication - adding protocols
WARN  io.skysail.server.app.SkysailApplication - there are no entities defined for the applicationModel Application(id=OSGi, entities=[], repositories=null)
INFO  de.twenty11.skysail.server.core.restlet.SkysailRouter - routing path '/v1!meta' -> 'RolesPredicateAuthorizer' -> 'de.twenty11.skysail.server.osgi.osgimonitor.resources.OsgiMonitorRootResource'
INFO  de.twenty11.skysail.server.core.restlet.SkysailRouter - routing path '/v1' -> 'RolesPredicateAuthorizer' -> 'de.twenty11.skysail.server.osgi.osgimonitor.resources.OsgiMonitorRootResource'
INFO  de.twenty11.skysail.server.core.restlet.SkysailRouter - routing path '/v1/!meta' -> 'RolesPredicateAuthorizer' -> 'de.twenty11.skysail.server.osgi.osgimonitor.resources.OsgiMonitorRootResource'
INFO  de.twenty11.skysail.server.core.restlet.SkysailRouter - routing path '/v1/' -> 'RolesPredicateAuthorizer' -> 'de.twenty11.skysail.server.osgi.osgimonitor.resources.OsgiMonitorRootResource'
INFO  de.twenty11.skysail.server.core.restlet.SkysailRouter - routing path '/v1/bundles!meta' -> 'RolesPredicateAuthorizer' -> 'de.twenty11.skysail.server.osgi.osgimonitor.resources.BundlesResource'
INFO  de.twenty11.skysail.server.core.restlet.SkysailRouter - routing path '/v1/bundles' -> 'RolesPredicateAuthorizer' -> 'de.twenty11.skysail.server.osgi.osgimonitor.resources.BundlesResource'
INFO  de.twenty11.skysail.server.core.restlet.SkysailRouter - routing path '/v1/bundlesgraph!meta' -> 'RolesPredicateAuthorizer' -> 'de.twenty11.skysail.server.osgi.osgimonitor.resources.BundlesGraphResource'
INFO  de.twenty11.skysail.server.core.restlet.SkysailRouter - routing path '/v1/bundlesgraph' -> 'RolesPredicateAuthorizer' -> 'de.twenty11.skysail.server.osgi.osgimonitor.resources.BundlesGraphResource'
INFO  de.twenty11.skysail.server.core.restlet.SkysailRouter - routing path '/v1/bundles/details/{bundleId}' -> 'RolesPredicateAuthorizer' -> 'de.twenty11.skysail.server.osgi.osgimonitor.resources.BundleResource'
INFO  de.twenty11.skysail.server.core.restlet.SkysailRouter - routing path '/v1/bundles/details/{bundleId}/action' -> 'RolesPredicateAuthorizer' -> 'de.twenty11.skysail.server.osgi.osgimonitor.resources.BundleResource'
INFO  de.twenty11.skysail.server.core.restlet.SkysailRouter - routing path '/v1/services!meta' -> 'RolesPredicateAuthorizer' -> 'de.twenty11.skysail.server.osgi.osgimonitor.resources.ServicesResource'
INFO  de.twenty11.skysail.server.core.restlet.SkysailRouter - routing path '/v1/services' -> 'RolesPredicateAuthorizer' -> 'de.twenty11.skysail.server.osgi.osgimonitor.resources.ServicesResource'
INFO  de.twenty11.skysail.server.core.restlet.SkysailRouter - routing path '/v1/services/{serviceId}' -> 'RolesPredicateAuthorizer' -> 'de.twenty11.skysail.server.osgi.osgimonitor.resources.ServiceResource'
INFO  de.twenty11.skysail.server.core.restlet.SkysailRouter - routing path '/v1/requirements!meta' -> 'RolesPredicateAuthorizer' -> 'de.twenty11.skysail.server.osgi.osgimonitor.resources.RequirementsResource'
INFO  de.twenty11.skysail.server.core.restlet.SkysailRouter - routing path '/v1/requirements' -> 'RolesPredicateAuthorizer' -> 'de.twenty11.skysail.server.osgi.osgimonitor.resources.RequirementsResource'
INFO  org.restlet.SkysailComponent.SkysailRootApplication - Starting io.skysail.server.performance.etm.impl.PerformanceApplication application
INFO  io.skysail.server.app.SkysailApplication - creating new Router in io.skysail.server.performance.etm.impl.PerformanceApplication
INFO  io.skysail.server.app.SkysailApplication - adding extensions to metadata service
INFO  io.skysail.server.app.SkysailApplication - adding protocols
WARN  io.skysail.server.app.SkysailApplication - there are no entities defined for the applicationModel Application(id=Performance, entities=[], repositories=null)
INFO  de.twenty11.skysail.server.core.restlet.SkysailRouter - routing path '/v1' -> 'RolesPredicateAuthorizer' -> 'io.skysail.server.performance.etm.impl.PerformanceResource'
INFO  org.restlet.SkysailComponent.SkysailRootApplication - Starting de.twenty11.skysail.server.webapp.internal.WebappApplication application
INFO  org.restlet.SkysailComponent.SkysailRootApplication - Starting io.skysail.server.text.store.bundleresource.impl.I18nApplication application
INFO  io.skysail.server.app.SkysailApplication - creating new Router in io.skysail.server.text.store.bundleresource.impl.I18nApplication
INFO  io.skysail.server.app.SkysailApplication - adding extensions to metadata service
INFO  io.skysail.server.app.SkysailApplication - adding protocols
INFO  de.twenty11.skysail.server.core.restlet.SkysailRouter - routing path '/v1!meta' -> 'RolesPredicateAuthorizer' -> 'io.skysail.server.text.store.bundleresource.impl.I18nRootResource'
INFO  de.twenty11.skysail.server.core.restlet.SkysailRouter - routing path '/v1' -> 'RolesPredicateAuthorizer' -> 'io.skysail.server.text.store.bundleresource.impl.I18nRootResource'
INFO  de.twenty11.skysail.server.core.restlet.SkysailRouter - routing path '/v1/messages/!meta' -> 'RolesPredicateAuthorizer' -> 'io.skysail.server.text.store.bundleresource.impl.MessagesResource'
INFO  de.twenty11.skysail.server.core.restlet.SkysailRouter - routing path '/v1/messages/' -> 'RolesPredicateAuthorizer' -> 'io.skysail.server.text.store.bundleresource.impl.MessagesResource'
INFO  de.twenty11.skysail.server.core.restlet.SkysailRouter - routing path '/v1/messages/{key}' -> 'RolesPredicateAuthorizer' -> 'io.skysail.server.text.store.bundleresource.impl.MessageResource'
INFO  de.twenty11.skysail.server.core.restlet.SkysailRouter - routing path '/v1/messages/{key}/' -> 'RolesPredicateAuthorizer' -> 'io.skysail.server.text.store.bundleresource.impl.PutMessageResource'
INFO  org.restlet - Starting io.skysail.server.app.um.db.UmApplication application
INFO  io.skysail.server.app.SkysailApplication - creating new Router in io.skysail.server.app.um.db.UmApplication
INFO  io.skysail.server.app.SkysailApplication - adding extensions to metadata service
INFO  io.skysail.server.app.SkysailApplication - adding protocols
WARN  io.skysail.server.app.SkysailApplication - there are no entities defined for the applicationModel Application(id=um, entities=[], repositories=null)
INFO  de.twenty11.skysail.server.core.restlet.SkysailRouter - routing path '/v1!meta' -> 'RolesPredicateAuthorizer' -> 'io.skysail.server.app.um.db.users.resources.UsersResource'
INFO  de.twenty11.skysail.server.core.restlet.SkysailRouter - routing path '/v1' -> 'RolesPredicateAuthorizer' -> 'io.skysail.server.app.um.db.users.resources.UsersResource'
INFO  de.twenty11.skysail.server.core.restlet.SkysailRouter - routing path '/v1/users!meta' -> 'RolesPredicateAuthorizer' -> 'io.skysail.server.app.um.db.users.resources.UsersResource'
INFO  de.twenty11.skysail.server.core.restlet.SkysailRouter - routing path '/v1/users' -> 'RolesPredicateAuthorizer' -> 'io.skysail.server.app.um.db.users.resources.UsersResource'
INFO  de.twenty11.skysail.server.core.restlet.SkysailRouter - routing path '/v1/users/' -> 'RolesPredicateAuthorizer' -> 'io.skysail.server.app.um.db.users.resources.PostUserResource'
INFO  de.twenty11.skysail.server.core.restlet.SkysailRouter - routing path '/v1/users/{id}' -> 'RolesPredicateAuthorizer' -> 'io.skysail.server.app.um.db.users.resources.UserResource'
INFO  de.twenty11.skysail.server.core.restlet.SkysailRouter - routing path '/v1/users/{id}/' -> 'RolesPredicateAuthorizer' -> 'io.skysail.server.app.um.db.users.resources.PutUserResource'
INFO  de.twenty11.skysail.server.core.restlet.SkysailRouter - routing path '/v1/roles!meta' -> 'RolesPredicateAuthorizer' -> 'io.skysail.server.app.um.db.roles.resources.RolesResource'
INFO  de.twenty11.skysail.server.core.restlet.SkysailRouter - routing path '/v1/roles' -> 'RolesPredicateAuthorizer' -> 'io.skysail.server.app.um.db.roles.resources.RolesResource'
INFO  de.twenty11.skysail.server.core.restlet.SkysailRouter - routing path '/v1/roles/' -> 'RolesPredicateAuthorizer' -> 'io.skysail.server.app.um.db.roles.resources.PostRoleResource'
INFO  de.twenty11.skysail.server.core.restlet.SkysailRouter - routing path '/v1/roles/{id}' -> 'RolesPredicateAuthorizer' -> 'io.skysail.server.app.um.db.roles.resources.RoleResource'
INFO  de.twenty11.skysail.server.core.restlet.SkysailRouter - routing path '/v1/roles/{id}/' -> 'RolesPredicateAuthorizer' -> 'io.skysail.server.app.um.db.roles.resources.PutRoleResource'
INFO  de.twenty11.skysail.server.core.restlet.SkysailRouter - routing path '/v1/permissions!meta' -> 'RolesPredicateAuthorizer' -> 'io.skysail.server.app.um.db.permissions.resources.PermissionsResource'
INFO  de.twenty11.skysail.server.core.restlet.SkysailRouter - routing path '/v1/permissions' -> 'RolesPredicateAuthorizer' -> 'io.skysail.server.app.um.db.permissions.resources.PermissionsResource'
INFO  de.twenty11.skysail.server.core.restlet.SkysailRouter - routing path '/v1/permissions/' -> 'RolesPredicateAuthorizer' -> 'io.skysail.server.app.um.db.permissions.resources.PostPermissionResource'
INFO  de.twenty11.skysail.server.core.restlet.SkysailRouter - routing path '/v1/permissions/{id}' -> 'RolesPredicateAuthorizer' -> 'io.skysail.server.app.um.db.permissions.resources.PermissionResource'
INFO  de.twenty11.skysail.server.core.restlet.SkysailRouter - routing path '/v1/permissions/{id}/' -> 'RolesPredicateAuthorizer' -> 'io.skysail.server.app.um.db.permissions.resources.PutPermissionResource'
INFO  org.restlet - Starting io.skysail.server.app.designer.restclient.RestclientApplication application
INFO  io.skysail.server.app.SkysailApplication - creating new Router in io.skysail.server.app.designer.restclient.RestclientApplication
INFO  io.skysail.server.app.SkysailApplication - adding extensions to metadata service
INFO  io.skysail.server.app.SkysailApplication - adding protocols
INFO  de.twenty11.skysail.server.core.restlet.SkysailRouter - routing path '/v1!meta' -> 'RolesPredicateAuthorizer' -> 'io.skysail.server.app.designer.restclient.ClientApplicationsResource'
INFO  de.twenty11.skysail.server.core.restlet.SkysailRouter - routing path '/v1' -> 'RolesPredicateAuthorizer' -> 'io.skysail.server.app.designer.restclient.ClientApplicationsResource'
INFO  de.twenty11.skysail.server.core.restlet.SkysailRouter - routing path '/v1/!meta' -> 'RolesPredicateAuthorizer' -> 'io.skysail.server.app.designer.restclient.ClientApplicationsResource'
INFO  de.twenty11.skysail.server.core.restlet.SkysailRouter - routing path '/v1/' -> 'RolesPredicateAuthorizer' -> 'io.skysail.server.app.designer.restclient.ClientApplicationsResource'
INFO  de.twenty11.skysail.server.core.restlet.SkysailRouter - routing path '/v1/ClientApplication!meta' -> 'RolesPredicateAuthorizer' -> 'io.skysail.server.app.designer.restclient.ClientApplicationsResource'
INFO  de.twenty11.skysail.server.core.restlet.SkysailRouter - routing path '/v1/ClientApplication' -> 'RolesPredicateAuthorizer' -> 'io.skysail.server.app.designer.restclient.ClientApplicationsResource'
INFO  de.twenty11.skysail.server.core.restlet.SkysailRouter - routing path '/v1/ClientApplication/' -> 'RolesPredicateAuthorizer' -> 'io.skysail.server.app.designer.restclient.PostClientApplicationResource'
INFO  de.twenty11.skysail.server.core.restlet.SkysailRouter - routing path '/v1/ClientApplication/{id}' -> 'RolesPredicateAuthorizer' -> 'io.skysail.server.app.designer.restclient.ClientApplicationResource'
INFO  de.twenty11.skysail.server.core.restlet.SkysailRouter - routing path '/v1/ClientApplication/{id}/' -> 'RolesPredicateAuthorizer' -> 'io.skysail.server.app.designer.restclient.PutClientApplicationResource'
INFO  de.twenty11.skysail.server.core.restlet.SkysailRouter - routing path '/v1/OAuth2!meta' -> 'RolesPredicateAuthorizer' -> 'io.skysail.server.app.designer.restclient.OAuth2sResource'
INFO  de.twenty11.skysail.server.core.restlet.SkysailRouter - routing path '/v1/OAuth2' -> 'RolesPredicateAuthorizer' -> 'io.skysail.server.app.designer.restclient.OAuth2sResource'
INFO  de.twenty11.skysail.server.core.restlet.SkysailRouter - routing path '/v1/OAuth2/' -> 'RolesPredicateAuthorizer' -> 'io.skysail.server.app.designer.restclient.PostOAuth2Resource'
INFO  de.twenty11.skysail.server.core.restlet.SkysailRouter - routing path '/v1/OAuth2/{id}' -> 'RolesPredicateAuthorizer' -> 'io.skysail.server.app.designer.restclient.OAuth2Resource'
INFO  de.twenty11.skysail.server.core.restlet.SkysailRouter - routing path '/v1/OAuth2/{id}/' -> 'RolesPredicateAuthorizer' -> 'io.skysail.server.app.designer.restclient.PutOAuth2Resource'
INFO  de.twenty11.skysail.server.core.restlet.SkysailRouter - routing path '/v1/ClientApplication/{id}/execution!meta' -> 'RolesPredicateAuthorizer' -> 'io.skysail.server.app.designer.restclient.ExecutionResource'
INFO  de.twenty11.skysail.server.core.restlet.SkysailRouter - routing path '/v1/ClientApplication/{id}/execution' -> 'RolesPredicateAuthorizer' -> 'io.skysail.server.app.designer.restclient.ExecutionResource'
INFO  io.skysail.server.restlet.resources.ListServerResource - Request entry point: DefaultResource @Get('html|json|yaml|xml') with variant [text/html]
WARN  org.restlet.SkysailComponent.SkysailRootApplication - Exception or error caught in server resource
java.lang.NullPointerException: decl
	at io.skysail.server.converter.impl.StringTemplateRenderer.addSubstitutions(StringTemplateRenderer.java:148) ~[na:na]
	at io.skysail.server.converter.impl.StringTemplateRenderer.createRepresenation(StringTemplateRenderer.java:64) ~[na:na]
	at io.skysail.server.converter.HtmlConverter.toRepresentation(HtmlConverter.java:168) ~[na:na]
	at org.restlet.service.ConverterService.toRepresentation(ConverterService.java:342) ~[org.restlet.jar:na]
	at org.restlet.resource.Resource.toRepresentation(Resource.java:945) ~[org.restlet.jar:na]
	at org.restlet.resource.ServerResource.doHandle(ServerResource.java:527) ~[org.restlet.jar:na]
	at org.restlet.resource.ServerResource.get(ServerResource.java:742) ~[org.restlet.jar:na]
	at org.restlet.resource.ServerResource.doHandle(ServerResource.java:617) ~[org.restlet.jar:na]
	at org.restlet.resource.ServerResource.doNegotiatedHandle(ServerResource.java:678) ~[org.restlet.jar:na]
	at org.restlet.resource.ServerResource.doConditionalHandle(ServerResource.java:356) ~[org.restlet.jar:na]
	at org.restlet.resource.ServerResource.handle(ServerResource.java:1043) ~[org.restlet.jar:na]
	at org.restlet.resource.Finder.handle(Finder.java:236) [org.restlet.jar:na]
	at org.restlet.routing.Filter.doHandle(Filter.java:150) [org.restlet.jar:na]
	at org.restlet.routing.Filter.handle(Filter.java:197) [org.restlet.jar:na]
	at org.restlet.routing.Router.doHandle(Router.java:422) [org.restlet.jar:na]
	at org.restlet.routing.Router.handle(Router.java:639) [org.restlet.jar:na]
	at org.restlet.routing.Filter.doHandle(Filter.java:150) [org.restlet.jar:na]
	at org.restlet.routing.Filter.handle(Filter.java:197) [org.restlet.jar:na]
	at org.restlet.routing.Filter.doHandle(Filter.java:150) [org.restlet.jar:na]
	at org.restlet.routing.Filter.handle(Filter.java:197) [org.restlet.jar:na]
	at org.restlet.routing.Filter.doHandle(Filter.java:150) [org.restlet.jar:na]
	at org.restlet.routing.Filter.handle(Filter.java:197) [org.restlet.jar:na]
	at org.restlet.routing.Filter.doHandle(Filter.java:150) [org.restlet.jar:na]
	at org.restlet.routing.Filter.handle(Filter.java:197) [org.restlet.jar:na]
	at org.restlet.routing.Filter.doHandle(Filter.java:150) [org.restlet.jar:na]
	at org.restlet.routing.Filter.handle(Filter.java:197) [org.restlet.jar:na]
	at org.restlet.routing.Filter.doHandle(Filter.java:150) [org.restlet.jar:na]
	at org.restlet.routing.Filter.handle(Filter.java:197) [org.restlet.jar:na]
	at org.restlet.routing.Filter.doHandle(Filter.java:150) [org.restlet.jar:na]
	at org.restlet.engine.application.StatusFilter.doHandle(StatusFilter.java:140) [org.restlet.jar:na]
	at org.restlet.routing.Filter.handle(Filter.java:197) [org.restlet.jar:na]
	at org.restlet.routing.Filter.doHandle(Filter.java:150) [org.restlet.jar:na]
	at org.restlet.routing.Filter.handle(Filter.java:197) [org.restlet.jar:na]
	at org.restlet.engine.CompositeHelper.handle(CompositeHelper.java:202) [org.restlet.jar:na]
	at org.restlet.engine.application.ApplicationHelper.handle(ApplicationHelper.java:75) [org.restlet.jar:na]
	at org.restlet.Application.handle(Application.java:385) [org.restlet.jar:na]
	at org.restlet.routing.Filter.doHandle(Filter.java:150) [org.restlet.jar:na]
	at org.restlet.routing.Filter.handle(Filter.java:197) [org.restlet.jar:na]
	at org.restlet.routing.Router.doHandle(Router.java:422) [org.restlet.jar:na]
	at org.restlet.routing.Router.handle(Router.java:639) [org.restlet.jar:na]
	at org.restlet.routing.Filter.doHandle(Filter.java:150) [org.restlet.jar:na]
	at org.restlet.routing.Filter.handle(Filter.java:197) [org.restlet.jar:na]
	at org.restlet.routing.Router.doHandle(Router.java:422) [org.restlet.jar:na]
	at org.restlet.routing.Router.handle(Router.java:639) [org.restlet.jar:na]
	at org.restlet.routing.Filter.doHandle(Filter.java:150) [org.restlet.jar:na]
	at org.restlet.engine.application.StatusFilter.doHandle(StatusFilter.java:140) [org.restlet.jar:na]
	at org.restlet.routing.Filter.handle(Filter.java:197) [org.restlet.jar:na]
	at org.restlet.routing.Filter.doHandle(Filter.java:150) [org.restlet.jar:na]
	at org.restlet.routing.Filter.handle(Filter.java:197) [org.restlet.jar:na]
	at org.restlet.engine.CompositeHelper.handle(CompositeHelper.java:202) [org.restlet.jar:na]
	at org.restlet.Component.handle(Component.java:408) [org.restlet.jar:na]
	at org.restlet.Server.handle(Server.java:507) [org.restlet.jar:na]
	at org.restlet.engine.connector.ServerHelper.handle(ServerHelper.java:63) [org.restlet.jar:na]
	at org.restlet.engine.adapter.HttpServerHelper.handle(HttpServerHelper.java:143) [org.restlet.jar:na]
	at org.restlet.ext.jetty.JettyServerHelper$WrappedServer.handle(JettyServerHelper.java:273) [org.restlet.ext.jetty.jar:na]
	at org.eclipse.jetty.server.HttpChannel.handle(HttpChannel.java:310) [jetty-server-9.2.11.v20150529.jar:9.2.11.v20150529]
	at org.eclipse.jetty.server.HttpConnection.onFillable(HttpConnection.java:257) [jetty-server-9.2.11.v20150529.jar:9.2.11.v20150529]
	at org.eclipse.jetty.io.AbstractConnection$2.run(AbstractConnection.java:540) [jetty-io-9.2.11.v20150529.jar:9.2.11.v20150529]
	at org.eclipse.jetty.util.thread.QueuedThreadPool.runJob(QueuedThreadPool.java:635) [jetty-util-9.2.11.v20150529.jar:9.2.11.v20150529]
	at org.eclipse.jetty.util.thread.QueuedThreadPool$3.run(QueuedThreadPool.java:555) [jetty-util-9.2.11.v20150529.jar:9.2.11.v20150529]
	at java.lang.Thread.run(Thread.java:745) [na:1.8.0_20]
INFO  LogService - 2015-11-19	08:50:02	127.0.0.1	admin	127.0.0.1	2015	GET	/	-	500	323	0	1552	http://127.0.0.1:2015	Mozilla/5.0 (Macintosh; Intel Mac OS X 10_11_1) AppleWebKit/537.36 (KHTML, like Gecko) Chrome/46.0.2490.80 Safari/537.36	-
